<?xml version="1.0" encoding="UTF-8"?>
<testsuite errors="57" failures="57" name="libgomp.c" tests="300" time="543.820088">
  <testcase classname=":libgomp.c:affinity-1" name="hero-z-7045@config_file=/home0/alessandro/workspace_PULP/hero/hero-sdk/pulp-sdk/configs/json/hero-z-7045.json" time="0.034254">
    <failure>
Running: libgomp.c:affinity-1 / hero-z-7045@config_file=/home0/alessandro/workspace_PULP/hero/hero-sdk/pulp-sdk/configs/json/hero-z-7045.json
Using timeout: 30 seconds
Launching test with command: make clean CSRCS=affinity-1.c
rm -rf *.o *~ libgomp_testsuite affinity-1.o  offload.bin offload.so
Reached EOF with exit status 0
Using timeout: 30 seconds
Launching test with command: make all CSRCS=affinity-1.c
arm-linux-gnueabihf-gcc -O3 -g3 -fopenmp -Wall -I. -I../common -I/home0/alessandro/workspace_PULP/hero/hero-sdk/libhero-target/inc    -c -o affinity-1.o affinity-1.c
[01m[Kaffinity-1.c:25:10:[m[K [01;31m[Kfatal error: [m[Kconfig.h: No such file or directory
 #include [01;31m[K"config.h"[m[K
          [01;31m[K^~~~~~~~~~[m[K
compilation terminated.
&lt;builtin&gt;: recipe for target 'affinity-1.o' failed
make: *** [affinity-1.o] Error 1
Reached EOF with exit status 2
</failure>
  </testcase>
  <testcase classname=":libgomp.c:vla-1" name="hero-z-7045@config_file=/home0/alessandro/workspace_PULP/hero/hero-sdk/pulp-sdk/configs/json/hero-z-7045.json" time="1.398989">
    <success/>
  </testcase>
  <testcase classname=":libgomp.c:uns-outer-4" name="hero-z-7045@config_file=/home0/alessandro/workspace_PULP/hero/hero-sdk/pulp-sdk/configs/json/hero-z-7045.json" time="1.279796">
    <success/>
  </testcase>
  <testcase classname=":libgomp.c:udr-3" name="hero-z-7045@config_file=/home0/alessandro/workspace_PULP/hero/hero-sdk/pulp-sdk/configs/json/hero-z-7045.json" time="1.243413">
    <success/>
  </testcase>
  <testcase classname=":libgomp.c:udr-2" name="hero-z-7045@config_file=/home0/alessandro/workspace_PULP/hero/hero-sdk/pulp-sdk/configs/json/hero-z-7045.json" time="1.291724">
    <success/>
  </testcase>
  <testcase classname=":libgomp.c:udr-1" name="hero-z-7045@config_file=/home0/alessandro/workspace_PULP/hero/hero-sdk/pulp-sdk/configs/json/hero-z-7045.json" time="1.276113">
    <success/>
  </testcase>
  <testcase classname=":libgomp.c:thread-limit-3" name="hero-z-7045@config_file=/home0/alessandro/workspace_PULP/hero/hero-sdk/pulp-sdk/configs/json/hero-z-7045.json" time="0.177504">
    <failure>
Running: libgomp.c:thread-limit-3 / hero-z-7045@config_file=/home0/alessandro/workspace_PULP/hero/hero-sdk/pulp-sdk/configs/json/hero-z-7045.json
Using timeout: 30 seconds
Launching test with command: make clean CSRCS=thread-limit-3.c
rm -rf *.o *~ libgomp_testsuite thread-limit-3.o  offload.bin offload.so
Reached EOF with exit status 0
Using timeout: 30 seconds
Launching test with command: make all CSRCS=thread-limit-3.c
arm-linux-gnueabihf-gcc -O3 -g3 -fopenmp -Wall -I. -I../common -I/home0/alessandro/workspace_PULP/hero/hero-sdk/libhero-target/inc    -c -o thread-limit-3.o thread-limit-3.c
arm-linux-gnueabihf-gcc -O3 -g3 -fopenmp -Wall -I. -I../common -I/home0/alessandro/workspace_PULP/hero/hero-sdk/libhero-target/inc  thread-limit-3.o  -L/home0/alessandro/workspace_PULP/hero/hero-sdk/libhero-target/lib -lhero-target -o libgomp_testsuite
/tmp/ccCtsdGh_offload.o: In function `main._omp_fn.0':
&lt;artificial&gt;:(.text.main._omp_fn.0+0xa): undefined reference to `omp_get_thread_limit'
collect2: error: ld returned 1 exit status
lto-wrapper: fatal error: /home0/alessandro/workspace_PULP/hero/hero-sdk/hero-gcc-toolchain/pkg/hero-gcc-toolchain/libexec/gcc/arm-linux-gnueabihf/7.1.1//accel/riscv32-unknown-elf/mkoffload terminated with signal 11 [Segmentation fault], core dumped
compilation terminated.
/home0/alessandro/workspace_PULP/hero/hero-sdk/hero-gcc-toolchain/pkg/hero-gcc-toolchain/lib/gcc/arm-linux-gnueabihf/7.1.1/../../../../arm-linux-gnueabihf/bin/ld: error: lto-wrapper failed
collect2: error: ld returned 1 exit status
/home0/alessandro/workspace_PULP/hero/hero-sdk/hero-openmp-examples/common/default.mk:36: recipe for target 'libgomp_testsuite' failed
make: *** [libgomp_testsuite] Error 1
Reached EOF with exit status 2
</failure>
  </testcase>
  <testcase classname=":libgomp.c:thread-limit-2" name="hero-z-7045@config_file=/home0/alessandro/workspace_PULP/hero/hero-sdk/pulp-sdk/configs/json/hero-z-7045.json" time="0.228010">
    <failure>
Running: libgomp.c:thread-limit-2 / hero-z-7045@config_file=/home0/alessandro/workspace_PULP/hero/hero-sdk/pulp-sdk/configs/json/hero-z-7045.json
Using timeout: 30 seconds
Launching test with command: make clean CSRCS=thread-limit-2.c
rm -rf *.o *~ libgomp_testsuite thread-limit-2.o  offload.bin offload.so
Reached EOF with exit status 0
Using timeout: 30 seconds
Launching test with command: make all CSRCS=thread-limit-2.c
arm-linux-gnueabihf-gcc -O3 -g3 -fopenmp -Wall -I. -I../common -I/home0/alessandro/workspace_PULP/hero/hero-sdk/libhero-target/inc    -c -o thread-limit-2.o thread-limit-2.c
arm-linux-gnueabihf-gcc -O3 -g3 -fopenmp -Wall -I. -I../common -I/home0/alessandro/workspace_PULP/hero/hero-sdk/libhero-target/inc  thread-limit-2.o  -L/home0/alessandro/workspace_PULP/hero/hero-sdk/libhero-target/lib -lhero-target -o libgomp_testsuite
/tmp/ccmygnkz_offload.o: In function `main._omp_fn.9':
&lt;artificial&gt;:(.text.main._omp_fn.9+0x28): undefined reference to `usleep'
/tmp/ccmygnkz_offload.o: In function `main._omp_fn.2':
&lt;artificial&gt;:(.text.main._omp_fn.2+0xa): undefined reference to `omp_get_thread_limit'
&lt;artificial&gt;:(.text.main._omp_fn.2+0x18): undefined reference to `omp_get_thread_limit'
collect2: error: ld returned 1 exit status
lto-wrapper: fatal error: /home0/alessandro/workspace_PULP/hero/hero-sdk/hero-gcc-toolchain/pkg/hero-gcc-toolchain/libexec/gcc/arm-linux-gnueabihf/7.1.1//accel/riscv32-unknown-elf/mkoffload terminated with signal 11 [Segmentation fault], core dumped
compilation terminated.
/home0/alessandro/workspace_PULP/hero/hero-sdk/hero-gcc-toolchain/pkg/hero-gcc-toolchain/lib/gcc/arm-linux-gnueabihf/7.1.1/../../../../arm-linux-gnueabihf/bin/ld: error: lto-wrapper failed
collect2: error: ld returned 1 exit status
/home0/alessandro/workspace_PULP/hero/hero-sdk/hero-openmp-examples/common/default.mk:36: recipe for target 'libgomp_testsuite' failed
make: *** [libgomp_testsuite] Error 1
Reached EOF with exit status 2
</failure>
  </testcase>
  <testcase classname=":libgomp.c:thread-limit-1" name="hero-z-7045@config_file=/home0/alessandro/workspace_PULP/hero/hero-sdk/pulp-sdk/configs/json/hero-z-7045.json" time="1.317377">
    <success/>
  </testcase>
  <testcase classname=":libgomp.c:taskloop-4" name="hero-z-7045@config_file=/home0/alessandro/workspace_PULP/hero/hero-sdk/pulp-sdk/configs/json/hero-z-7045.json" time="1.300210">
    <success/>
  </testcase>
  <testcase classname=":libgomp.c:taskloop-3" name="hero-z-7045@config_file=/home0/alessandro/workspace_PULP/hero/hero-sdk/pulp-sdk/configs/json/hero-z-7045.json" time="1.283537">
    <success/>
  </testcase>
  <testcase classname=":libgomp.c:taskloop-2" name="hero-z-7045@config_file=/home0/alessandro/workspace_PULP/hero/hero-sdk/pulp-sdk/configs/json/hero-z-7045.json" time="1.364008">
    <success/>
  </testcase>
  <testcase classname=":libgomp.c:taskloop-1" name="hero-z-7045@config_file=/home0/alessandro/workspace_PULP/hero/hero-sdk/pulp-sdk/configs/json/hero-z-7045.json" time="1.271558">
    <success/>
  </testcase>
  <testcase classname=":libgomp.c:taskgroup-1" name="hero-z-7045@config_file=/home0/alessandro/workspace_PULP/hero/hero-sdk/pulp-sdk/configs/json/hero-z-7045.json" time="1.296631">
    <success/>
  </testcase>
  <testcase classname=":libgomp.c:task-5" name="hero-z-7045@config_file=/home0/alessandro/workspace_PULP/hero/hero-sdk/pulp-sdk/configs/json/hero-z-7045.json" time="1.278779">
    <success/>
  </testcase>
  <testcase classname=":libgomp.c:task-4" name="hero-z-7045@config_file=/home0/alessandro/workspace_PULP/hero/hero-sdk/pulp-sdk/configs/json/hero-z-7045.json" time="1.308202">
    <success/>
  </testcase>
  <testcase classname=":libgomp.c:task-3" name="hero-z-7045@config_file=/home0/alessandro/workspace_PULP/hero/hero-sdk/pulp-sdk/configs/json/hero-z-7045.json" time="1.264312">
    <success/>
  </testcase>
  <testcase classname=":libgomp.c:task-2" name="hero-z-7045@config_file=/home0/alessandro/workspace_PULP/hero/hero-sdk/pulp-sdk/configs/json/hero-z-7045.json" time="1.331540">
    <success/>
  </testcase>
  <testcase classname=":libgomp.c:task-1" name="hero-z-7045@config_file=/home0/alessandro/workspace_PULP/hero/hero-sdk/pulp-sdk/configs/json/hero-z-7045.json" time="1.251666">
    <success/>
  </testcase>
  <testcase classname=":libgomp.c:target-teams-1" name="hero-z-7045@config_file=/home0/alessandro/workspace_PULP/hero/hero-sdk/pulp-sdk/configs/json/hero-z-7045.json" time="0.324227">
    <failure>
Running: libgomp.c:target-teams-1 / hero-z-7045@config_file=/home0/alessandro/workspace_PULP/hero/hero-sdk/pulp-sdk/configs/json/hero-z-7045.json
Using timeout: 30 seconds
Launching test with command: make clean CSRCS=target-teams-1.c
rm -rf *.o *~ libgomp_testsuite target-teams-1.o  offload.bin offload.so
Reached EOF with exit status 0
Using timeout: 30 seconds
Launching test with command: make all CSRCS=target-teams-1.c
arm-linux-gnueabihf-gcc -O3 -g3 -fopenmp -Wall -I. -I../common -I/home0/alessandro/workspace_PULP/hero/hero-sdk/libhero-target/inc    -c -o target-teams-1.o target-teams-1.c
arm-linux-gnueabihf-gcc -O3 -g3 -fopenmp -Wall -I. -I../common -I/home0/alessandro/workspace_PULP/hero/hero-sdk/libhero-target/inc  target-teams-1.o  -L/home0/alessandro/workspace_PULP/hero/hero-sdk/libhero-target/lib -lhero-target -o libgomp_testsuite
/tmp/ccnxobRH_offload.o: In function `.L8':
&lt;artificial&gt;:(.text.foo._omp_fn.18+0x38): undefined reference to `omp_get_thread_limit'
/tmp/ccnxobRH_offload.o: In function `.L6':
&lt;artificial&gt;:(.text.foo._omp_fn.18+0x50): undefined reference to `omp_get_thread_limit'
/tmp/ccnxobRH_offload.o: In function `.L14':
&lt;artificial&gt;:(.text.foo._omp_fn.15+0x2e): undefined reference to `omp_get_thread_limit'
/tmp/ccnxobRH_offload.o: In function `.L12':
&lt;artificial&gt;:(.text.foo._omp_fn.15+0x48): undefined reference to `omp_get_thread_limit'
/tmp/ccnxobRH_offload.o: In function `.L20':
&lt;artificial&gt;:(.text.foo._omp_fn.13+0x26): undefined reference to `omp_get_thread_limit'
/tmp/ccnxobRH_offload.o:&lt;artificial&gt;:(.text.foo._omp_fn.13+0x40): more undefined references to `omp_get_thread_limit' follow
collect2: error: ld returned 1 exit status
lto-wrapper: fatal error: /home0/alessandro/workspace_PULP/hero/hero-sdk/hero-gcc-toolchain/pkg/hero-gcc-toolchain/libexec/gcc/arm-linux-gnueabihf/7.1.1//accel/riscv32-unknown-elf/mkoffload terminated with signal 11 [Segmentation fault], core dumped
compilation terminated.
/home0/alessandro/workspace_PULP/hero/hero-sdk/hero-gcc-toolchain/pkg/hero-gcc-toolchain/lib/gcc/arm-linux-gnueabihf/7.1.1/../../../../arm-linux-gnueabihf/bin/ld: error: lto-wrapper failed
collect2: error: ld returned 1 exit status
/home0/alessandro/workspace_PULP/hero/hero-sdk/hero-openmp-examples/common/default.mk:36: recipe for target 'libgomp_testsuite' failed
make: *** [libgomp_testsuite] Error 1
Reached EOF with exit status 2
</failure>
  </testcase>
  <testcase classname=":libgomp.c:target-link-1" name="hero-z-7045@config_file=/home0/alessandro/workspace_PULP/hero/hero-sdk/pulp-sdk/configs/json/hero-z-7045.json" time="1.611119">
    <failure>
Running: libgomp.c:target-link-1 / hero-z-7045@config_file=/home0/alessandro/workspace_PULP/hero/hero-sdk/pulp-sdk/configs/json/hero-z-7045.json
Using timeout: 30 seconds
Launching test with command: make clean CSRCS=target-link-1.c
rm -rf *.o *~ libgomp_testsuite target-link-1.o  offload.bin offload.so
Reached EOF with exit status 0
Using timeout: 30 seconds
Launching test with command: make all CSRCS=target-link-1.c
arm-linux-gnueabihf-gcc -O3 -g3 -fopenmp -Wall -I. -I../common -I/home0/alessandro/workspace_PULP/hero/hero-sdk/libhero-target/inc    -c -o target-link-1.o target-link-1.c
arm-linux-gnueabihf-gcc -O3 -g3 -fopenmp -Wall -I. -I../common -I/home0/alessandro/workspace_PULP/hero/hero-sdk/libhero-target/inc  target-link-1.o  -L/home0/alessandro/workspace_PULP/hero/hero-sdk/libhero-target/lib -lhero-target -o libgomp_testsuite
Reached EOF with exit status 0
Using timeout: 30 seconds
Launching test with command: make run CSRCS=target-link-1.c
ssh -t root@zc706.eees './sourceme.sh'
Connection to zc706.eees closed.
ssh -t root@zc706.eees 'rmmod -f pulp'
Connection to zc706.eees closed.
ssh -t root@zc706.eees 'insmod /mnt/storage/drivers/pulp.ko'
Connection to zc706.eees closed.
ssh root@zc706.eees "mkdir -p /mnt/storage/apps"
scp libgomp_testsuite root@zc706.eees:/mnt/storage/apps/.
libgomp_testsuite                               0%    0     0.0KB/s   --:-- ETAlibgomp_testsuite                             100%   57KB  57.0KB/s   00:00    
ssh -t root@zc706.eees 'export LD_LIBRARY_PATH='"'/mnt/storage/libs'"'; cd /mnt/storage/apps; ./libgomp_testsuite '
Starting program execution.

libgomp: Cannot map target functions or variables (expected 7, have 11)
Connection to zc706.eees closed.
/home0/alessandro/workspace_PULP/hero/hero-sdk/hero-openmp-examples/common/default.mk:59: recipe for target 'run' failed
make: *** [run] Error 1
Reached EOF with exit status 2
</failure>
  </testcase>
  <testcase classname=":libgomp.c:target-critical-1" name="hero-z-7045@config_file=/home0/alessandro/workspace_PULP/hero/hero-sdk/pulp-sdk/configs/json/hero-z-7045.json" time="0.239239">
    <failure>
Running: libgomp.c:target-critical-1 / hero-z-7045@config_file=/home0/alessandro/workspace_PULP/hero/hero-sdk/pulp-sdk/configs/json/hero-z-7045.json
Using timeout: 30 seconds
Launching test with command: make clean CSRCS=target-critical-1.c
rm -rf *.o *~ libgomp_testsuite target-critical-1.o  offload.bin offload.so
Reached EOF with exit status 0
Using timeout: 30 seconds
Launching test with command: make all CSRCS=target-critical-1.c
arm-linux-gnueabihf-gcc -O3 -g3 -fopenmp -Wall -I. -I../common -I/home0/alessandro/workspace_PULP/hero/hero-sdk/libhero-target/inc    -c -o target-critical-1.o target-critical-1.c
arm-linux-gnueabihf-gcc -O3 -g3 -fopenmp -Wall -I. -I../common -I/home0/alessandro/workspace_PULP/hero/hero-sdk/libhero-target/inc  target-critical-1.o  -L/home0/alessandro/workspace_PULP/hero/hero-sdk/libhero-target/lib -lhero-target -o libgomp_testsuite
/tmp/ccbL3QZb_offload.o: In function `.L7':
&lt;artificial&gt;:(.text.foo._omp_fn.0+0x56): undefined reference to `GOMP_critical_name_start'
/tmp/ccbL3QZb_offload.o: In function `.L13':
&lt;artificial&gt;:(.text.foo._omp_fn.0+0x7e): undefined reference to `GOMP_critical_name_end'
/tmp/ccbL3QZb_offload.o: In function `.L20':
&lt;artificial&gt;:(.text.main._omp_fn.2+0x54): undefined reference to `GOMP_critical_name_start'
/tmp/ccbL3QZb_offload.o: In function `.L25':
&lt;artificial&gt;:(.text.main._omp_fn.2+0x7c): undefined reference to `GOMP_critical_name_end'
collect2: error: ld returned 1 exit status
lto-wrapper: fatal error: /home0/alessandro/workspace_PULP/hero/hero-sdk/hero-gcc-toolchain/pkg/hero-gcc-toolchain/libexec/gcc/arm-linux-gnueabihf/7.1.1//accel/riscv32-unknown-elf/mkoffload terminated with signal 11 [Segmentation fault], core dumped
compilation terminated.
/home0/alessandro/workspace_PULP/hero/hero-sdk/hero-gcc-toolchain/pkg/hero-gcc-toolchain/lib/gcc/arm-linux-gnueabihf/7.1.1/../../../../arm-linux-gnueabihf/bin/ld: error: lto-wrapper failed
collect2: error: ld returned 1 exit status
/home0/alessandro/workspace_PULP/hero/hero-sdk/hero-openmp-examples/common/default.mk:36: recipe for target 'libgomp_testsuite' failed
make: *** [libgomp_testsuite] Error 1
Reached EOF with exit status 2
</failure>
  </testcase>
  <testcase classname=":libgomp.c:target-9" name="hero-z-7045@config_file=/home0/alessandro/workspace_PULP/hero/hero-sdk/pulp-sdk/configs/json/hero-z-7045.json" time="1.635955">
    <failure>
Running: libgomp.c:target-9 / hero-z-7045@config_file=/home0/alessandro/workspace_PULP/hero/hero-sdk/pulp-sdk/configs/json/hero-z-7045.json
Using timeout: 30 seconds
Launching test with command: make clean CSRCS=target-9.c
rm -rf *.o *~ libgomp_testsuite target-9.o  offload.bin offload.so
Reached EOF with exit status 0
Using timeout: 30 seconds
Launching test with command: make all CSRCS=target-9.c
arm-linux-gnueabihf-gcc -O3 -g3 -fopenmp -Wall -I. -I../common -I/home0/alessandro/workspace_PULP/hero/hero-sdk/libhero-target/inc    -c -o target-9.o target-9.c
arm-linux-gnueabihf-gcc -O3 -g3 -fopenmp -Wall -I. -I../common -I/home0/alessandro/workspace_PULP/hero/hero-sdk/libhero-target/inc  target-9.o  -L/home0/alessandro/workspace_PULP/hero/hero-sdk/libhero-target/lib -lhero-target -o libgomp_testsuite
Reached EOF with exit status 0
Using timeout: 30 seconds
Launching test with command: make run CSRCS=target-9.c
ssh -t root@zc706.eees './sourceme.sh'
Connection to zc706.eees closed.
ssh -t root@zc706.eees 'rmmod -f pulp'
Connection to zc706.eees closed.
ssh -t root@zc706.eees 'insmod /mnt/storage/drivers/pulp.ko'
Connection to zc706.eees closed.
ssh root@zc706.eees "mkdir -p /mnt/storage/apps"
scp libgomp_testsuite root@zc706.eees:/mnt/storage/apps/.
libgomp_testsuite                               0%    0     0.0KB/s   --:-- ETAlibgomp_testsuite                             100%   66KB  66.3KB/s   00:00    
ssh -t root@zc706.eees 'export LD_LIBRARY_PATH='"'/mnt/storage/libs'"'; cd /mnt/storage/apps; ./libgomp_testsuite '
Starting program execution.

libgomp: Cannot map target functions or variables (expected 4, have 6)
Connection to zc706.eees closed.
/home0/alessandro/workspace_PULP/hero/hero-sdk/hero-openmp-examples/common/default.mk:59: recipe for target 'run' failed
make: *** [run] Error 1
Reached EOF with exit status 2
</failure>
  </testcase>
  <testcase classname=":libgomp.c:target-8" name="hero-z-7045@config_file=/home0/alessandro/workspace_PULP/hero/hero-sdk/pulp-sdk/configs/json/hero-z-7045.json" time="30.004475">
    <failure>
Running: libgomp.c:target-8 / hero-z-7045@config_file=/home0/alessandro/workspace_PULP/hero/hero-sdk/pulp-sdk/configs/json/hero-z-7045.json
Using timeout: 30 seconds
Launching test with command: make clean CSRCS=target-8.c
rm -rf *.o *~ libgomp_testsuite target-8.o  offload.bin offload.so
Reached EOF with exit status 0
Using timeout: 30 seconds
Launching test with command: make all CSRCS=target-8.c
arm-linux-gnueabihf-gcc -O3 -g3 -fopenmp -Wall -I. -I../common -I/home0/alessandro/workspace_PULP/hero/hero-sdk/libhero-target/inc    -c -o target-8.o target-8.c
arm-linux-gnueabihf-gcc -O3 -g3 -fopenmp -Wall -I. -I../common -I/home0/alessandro/workspace_PULP/hero/hero-sdk/libhero-target/inc  target-8.o  -L/home0/alessandro/workspace_PULP/hero/hero-sdk/libhero-target/lib -lhero-target -o libgomp_testsuite
Reached EOF with exit status 0
Using timeout: 30 seconds
Launching test with command: make run CSRCS=target-8.c
ssh -t root@zc706.eees './sourceme.sh'
Connection to zc706.eees closed.
ssh -t root@zc706.eees 'rmmod -f pulp'
Connection to zc706.eees closed.
ssh -t root@zc706.eees 'insmod /mnt/storage/drivers/pulp.ko'
Connection to zc706.eees closed.
ssh root@zc706.eees "mkdir -p /mnt/storage/apps"
scp libgomp_testsuite root@zc706.eees:/mnt/storage/apps/.
libgomp_testsuite                               0%    0     0.0KB/s   --:-- ETAlibgomp_testsuite                             100%   54KB  54.0KB/s   00:00    
ssh -t root@zc706.eees 'export LD_LIBRARY_PATH='"'/mnt/storage/libs'"'; cd /mnt/storage/apps; ./libgomp_testsuite '
Starting program execution.
Reached timeout of 30 seconds
Process was killed
</failure>
  </testcase>
  <testcase classname=":libgomp.c:target-7" name="hero-z-7045@config_file=/home0/alessandro/workspace_PULP/hero/hero-sdk/pulp-sdk/configs/json/hero-z-7045.json" time="0.301174">
    <failure>
Running: libgomp.c:target-7 / hero-z-7045@config_file=/home0/alessandro/workspace_PULP/hero/hero-sdk/pulp-sdk/configs/json/hero-z-7045.json
Using timeout: 30 seconds
Launching test with command: make clean CSRCS=target-7.c
rm -rf *.o *~ libgomp_testsuite target-7.o  offload.bin offload.so
Reached EOF with exit status 0
Using timeout: 30 seconds
Launching test with command: make all CSRCS=target-7.c
arm-linux-gnueabihf-gcc -O3 -g3 -fopenmp -Wall -I. -I../common -I/home0/alessandro/workspace_PULP/hero/hero-sdk/libhero-target/inc    -c -o target-7.o target-7.c
arm-linux-gnueabihf-gcc -O3 -g3 -fopenmp -Wall -I. -I../common -I/home0/alessandro/workspace_PULP/hero/hero-sdk/libhero-target/inc  target-7.o  -L/home0/alessandro/workspace_PULP/hero/hero-sdk/libhero-target/lib -lhero-target -o libgomp_testsuite
/tmp/ccx6BcnV_offload.o: In function `foo._omp_fn.16':
&lt;artificial&gt;:(.text.foo._omp_fn.16+0x8): undefined reference to `omp_get_level'
/tmp/ccx6BcnV_offload.o: In function `foo._omp_fn.12':
&lt;artificial&gt;:(.text.foo._omp_fn.12+0x8): undefined reference to `omp_get_level'
/tmp/ccx6BcnV_offload.o: In function `foo._omp_fn.7':
&lt;artificial&gt;:(.text.foo._omp_fn.7+0x4): undefined reference to `omp_get_level'
/tmp/ccx6BcnV_offload.o: In function `foo._omp_fn.3':
&lt;artificial&gt;:(.text.foo._omp_fn.3+0x4): undefined reference to `omp_get_level'
/tmp/ccx6BcnV_offload.o: In function `foo._omp_fn.0':
&lt;artificial&gt;:(.text.foo._omp_fn.0+0x4): undefined reference to `omp_get_level'
/tmp/ccx6BcnV_offload.o:&lt;artificial&gt;:(.text.foo._omp_fn.17+0xc): more undefined references to `omp_get_level' follow
/tmp/ccx6BcnV_offload.o: In function `foo._omp_fn.17':
&lt;artificial&gt;:(.text.foo._omp_fn.17+0x18): undefined reference to `omp_is_initial_device'
/tmp/ccx6BcnV_offload.o: In function `foo._omp_fn.15':
&lt;artificial&gt;:(.text.foo._omp_fn.15+0x8): undefined reference to `omp_get_level'
&lt;artificial&gt;:(.text.foo._omp_fn.15+0x12): undefined reference to `omp_is_initial_device'
/tmp/ccx6BcnV_offload.o: In function `foo._omp_fn.14':
&lt;artificial&gt;:(.text.foo._omp_fn.14+0x8): undefined reference to `omp_get_level'
&lt;artificial&gt;:(.text.foo._omp_fn.14+0x12): undefined reference to `omp_is_initial_device'
/tmp/ccx6BcnV_offload.o: In function `foo._omp_fn.13':
&lt;artificial&gt;:(.text.foo._omp_fn.13+0xc): undefined reference to `omp_get_level'
&lt;artificial&gt;:(.text.foo._omp_fn.13+0x18): undefined reference to `omp_is_initial_device'
/tmp/ccx6BcnV_offload.o: In function `foo._omp_fn.11':
&lt;artificial&gt;:(.text.foo._omp_fn.11+0x8): undefined reference to `omp_get_level'
&lt;artificial&gt;:(.text.foo._omp_fn.11+0x12): undefined reference to `omp_is_initial_device'
/tmp/ccx6BcnV_offload.o: In function `foo._omp_fn.10':
&lt;artificial&gt;:(.text.foo._omp_fn.10+0x8): undefined reference to `omp_get_level'
&lt;artificial&gt;:(.text.foo._omp_fn.10+0x12): undefined reference to `omp_is_initial_device'
/tmp/ccx6BcnV_offload.o: In function `foo._omp_fn.9':
&lt;artificial&gt;:(.text.foo._omp_fn.9+0xc): undefined reference to `omp_get_level'
&lt;artificial&gt;:(.text.foo._omp_fn.9+0x18): undefined reference to `omp_is_initial_device'
/tmp/ccx6BcnV_offload.o: In function `foo._omp_fn.8':
&lt;artificial&gt;:(.text.foo._omp_fn.8+0x8): undefined reference to `omp_get_level'
&lt;artificial&gt;:(.text.foo._omp_fn.8+0x14): undefined reference to `omp_is_initial_device'
/tmp/ccx6BcnV_offload.o: In function `foo._omp_fn.6':
&lt;artificial&gt;:(.text.foo._omp_fn.6+0x4): undefined reference to `omp_get_level'
&lt;artificial&gt;:(.text.foo._omp_fn.6+0xe): undefined reference to `omp_is_initial_device'
/tmp/ccx6BcnV_offload.o: In function `foo._omp_fn.5':
&lt;artificial&gt;:(.text.foo._omp_fn.5+0x4): undefined reference to `omp_get_level'
&lt;artificial&gt;:(.text.foo._omp_fn.5+0xe): undefined reference to `omp_is_initial_device'
/tmp/ccx6BcnV_offload.o: In function `foo._omp_fn.4':
&lt;artificial&gt;:(.text.foo._omp_fn.4+0x8): undefined reference to `omp_get_level'
&lt;artificial&gt;:(.text.foo._omp_fn.4+0x14): undefined reference to `omp_is_initial_device'
/tmp/ccx6BcnV_offload.o: In function `foo._omp_fn.2':
&lt;artificial&gt;:(.text.foo._omp_fn.2+0x4): undefined reference to `omp_get_level'
&lt;artificial&gt;:(.text.foo._omp_fn.2+0xe): undefined reference to `omp_is_initial_device'
/tmp/ccx6BcnV_offload.o: In function `foo._omp_fn.1':
&lt;artificial&gt;:(.text.foo._omp_fn.1+0x4): undefined reference to `omp_get_level'
&lt;artificial&gt;:(.text.foo._omp_fn.1+0xe): undefined reference to `omp_is_initial_device'
collect2: error: ld returned 1 exit status
lto-wrapper: fatal error: /home0/alessandro/workspace_PULP/hero/hero-sdk/hero-gcc-toolchain/pkg/hero-gcc-toolchain/libexec/gcc/arm-linux-gnueabihf/7.1.1//accel/riscv32-unknown-elf/mkoffload terminated with signal 11 [Segmentation fault], core dumped
compilation terminated.
/home0/alessandro/workspace_PULP/hero/hero-sdk/hero-gcc-toolchain/pkg/hero-gcc-toolchain/lib/gcc/arm-linux-gnueabihf/7.1.1/../../../../arm-linux-gnueabihf/bin/ld: error: lto-wrapper failed
collect2: error: ld returned 1 exit status
/home0/alessandro/workspace_PULP/hero/hero-sdk/hero-openmp-examples/common/default.mk:36: recipe for target 'libgomp_testsuite' failed
make: *** [libgomp_testsuite] Error 1
Reached EOF with exit status 2
</failure>
  </testcase>
  <testcase classname=":libgomp.c:target-6" name="hero-z-7045@config_file=/home0/alessandro/workspace_PULP/hero/hero-sdk/pulp-sdk/configs/json/hero-z-7045.json" time="0.214675">
    <failure>
Running: libgomp.c:target-6 / hero-z-7045@config_file=/home0/alessandro/workspace_PULP/hero/hero-sdk/pulp-sdk/configs/json/hero-z-7045.json
Using timeout: 30 seconds
Launching test with command: make clean CSRCS=target-6.c
rm -rf *.o *~ libgomp_testsuite target-6.o  offload.bin offload.so
Reached EOF with exit status 0
Using timeout: 30 seconds
Launching test with command: make all CSRCS=target-6.c
arm-linux-gnueabihf-gcc -O3 -g3 -fopenmp -Wall -I. -I../common -I/home0/alessandro/workspace_PULP/hero/hero-sdk/libhero-target/inc    -c -o target-6.o target-6.c
arm-linux-gnueabihf-gcc -O3 -g3 -fopenmp -Wall -I. -I../common -I/home0/alessandro/workspace_PULP/hero/hero-sdk/libhero-target/inc  target-6.o  -L/home0/alessandro/workspace_PULP/hero/hero-sdk/libhero-target/lib -lhero-target -o libgomp_testsuite
/tmp/cchIbeYj_offload.o: In function `main._omp_fn.5':
&lt;artificial&gt;:(.text.main._omp_fn.5+0xc): undefined reference to `omp_get_level'
&lt;artificial&gt;:(.text.main._omp_fn.5+0x1a): undefined reference to `omp_get_ancestor_thread_num'
&lt;artificial&gt;:(.text.main._omp_fn.5+0x26): undefined reference to `omp_get_ancestor_thread_num'
&lt;artificial&gt;:(.text.main._omp_fn.5+0x3a): undefined reference to `omp_get_ancestor_thread_num'
/tmp/cchIbeYj_offload.o: In function `main._omp_fn.3':
&lt;artificial&gt;:(.text.main._omp_fn.3+0xc): undefined reference to `omp_get_level'
&lt;artificial&gt;:(.text.main._omp_fn.3+0x1a): undefined reference to `omp_get_ancestor_thread_num'
&lt;artificial&gt;:(.text.main._omp_fn.3+0x26): undefined reference to `omp_get_ancestor_thread_num'
&lt;artificial&gt;:(.text.main._omp_fn.3+0x3a): undefined reference to `omp_get_ancestor_thread_num'
/tmp/cchIbeYj_offload.o: In function `main._omp_fn.4':
&lt;artificial&gt;:(.text.main._omp_fn.4+0x10): undefined reference to `omp_get_level'
&lt;artificial&gt;:(.text.main._omp_fn.4+0x1a): undefined reference to `omp_get_ancestor_thread_num'
&lt;artificial&gt;:(.text.main._omp_fn.4+0x26): undefined reference to `omp_get_ancestor_thread_num'
/tmp/cchIbeYj_offload.o: In function `main._omp_fn.2':
&lt;artificial&gt;:(.text.main._omp_fn.2+0xa): undefined reference to `omp_get_level'
&lt;artificial&gt;:(.text.main._omp_fn.2+0x14): undefined reference to `omp_get_ancestor_thread_num'
&lt;artificial&gt;:(.text.main._omp_fn.2+0x20): undefined reference to `omp_get_ancestor_thread_num'
collect2: error: ld returned 1 exit status
lto-wrapper: fatal error: /home0/alessandro/workspace_PULP/hero/hero-sdk/hero-gcc-toolchain/pkg/hero-gcc-toolchain/libexec/gcc/arm-linux-gnueabihf/7.1.1//accel/riscv32-unknown-elf/mkoffload terminated with signal 11 [Segmentation fault], core dumped
compilation terminated.
/home0/alessandro/workspace_PULP/hero/hero-sdk/hero-gcc-toolchain/pkg/hero-gcc-toolchain/lib/gcc/arm-linux-gnueabihf/7.1.1/../../../../arm-linux-gnueabihf/bin/ld: error: lto-wrapper failed
collect2: error: ld returned 1 exit status
/home0/alessandro/workspace_PULP/hero/hero-sdk/hero-openmp-examples/common/default.mk:36: recipe for target 'libgomp_testsuite' failed
make: *** [libgomp_testsuite] Error 1
Reached EOF with exit status 2
</failure>
  </testcase>
  <testcase classname=":libgomp.c:target-5" name="hero-z-7045@config_file=/home0/alessandro/workspace_PULP/hero/hero-sdk/pulp-sdk/configs/json/hero-z-7045.json" time="0.214968">
    <failure>
Running: libgomp.c:target-5 / hero-z-7045@config_file=/home0/alessandro/workspace_PULP/hero/hero-sdk/pulp-sdk/configs/json/hero-z-7045.json
Using timeout: 30 seconds
Launching test with command: make clean CSRCS=target-5.c
rm -rf *.o *~ libgomp_testsuite target-5.o  offload.bin offload.so
Reached EOF with exit status 0
Using timeout: 30 seconds
Launching test with command: make all CSRCS=target-5.c
arm-linux-gnueabihf-gcc -O3 -g3 -fopenmp -Wall -I. -I../common -I/home0/alessandro/workspace_PULP/hero/hero-sdk/libhero-target/inc    -c -o target-5.o target-5.c
arm-linux-gnueabihf-gcc -O3 -g3 -fopenmp -Wall -I. -I../common -I/home0/alessandro/workspace_PULP/hero/hero-sdk/libhero-target/inc  target-5.o  -L/home0/alessandro/workspace_PULP/hero/hero-sdk/libhero-target/lib -lhero-target -o libgomp_testsuite
/tmp/cclgTMHt_offload.o: In function `main._omp_fn.1':
&lt;artificial&gt;:(.text.main._omp_fn.1+0x2a): undefined reference to `omp_get_schedule'
&lt;artificial&gt;:(.text.main._omp_fn.1+0x62): undefined reference to `omp_set_schedule'
&lt;artificial&gt;:(.text.main._omp_fn.1+0x6e): undefined reference to `omp_is_initial_device'
/tmp/cclgTMHt_offload.o: In function `main._omp_fn.0':
&lt;artificial&gt;:(.text.main._omp_fn.0+0x24): undefined reference to `omp_get_schedule'
&lt;artificial&gt;:(.text.main._omp_fn.0+0x56): undefined reference to `omp_set_schedule'
&lt;artificial&gt;:(.text.main._omp_fn.0+0x62): undefined reference to `omp_is_initial_device'
collect2: error: ld returned 1 exit status
lto-wrapper: fatal error: /home0/alessandro/workspace_PULP/hero/hero-sdk/hero-gcc-toolchain/pkg/hero-gcc-toolchain/libexec/gcc/arm-linux-gnueabihf/7.1.1//accel/riscv32-unknown-elf/mkoffload terminated with signal 11 [Segmentation fault], core dumped
compilation terminated.
/home0/alessandro/workspace_PULP/hero/hero-sdk/hero-gcc-toolchain/pkg/hero-gcc-toolchain/lib/gcc/arm-linux-gnueabihf/7.1.1/../../../../arm-linux-gnueabihf/bin/ld: error: lto-wrapper failed
collect2: error: ld returned 1 exit status
/home0/alessandro/workspace_PULP/hero/hero-sdk/hero-openmp-examples/common/default.mk:36: recipe for target 'libgomp_testsuite' failed
make: *** [libgomp_testsuite] Error 1
Reached EOF with exit status 2
</failure>
  </testcase>
  <testcase classname=":libgomp.c:target-4" name="hero-z-7045@config_file=/home0/alessandro/workspace_PULP/hero/hero-sdk/pulp-sdk/configs/json/hero-z-7045.json" time="1.320201">
    <success/>
  </testcase>
  <testcase classname=":libgomp.c:target-3" name="hero-z-7045@config_file=/home0/alessandro/workspace_PULP/hero/hero-sdk/pulp-sdk/configs/json/hero-z-7045.json" time="0.182592">
    <failure>
Running: libgomp.c:target-3 / hero-z-7045@config_file=/home0/alessandro/workspace_PULP/hero/hero-sdk/pulp-sdk/configs/json/hero-z-7045.json
Using timeout: 30 seconds
Launching test with command: make clean CSRCS=target-3.c
rm -rf *.o *~ libgomp_testsuite target-3.o  offload.bin offload.so
Reached EOF with exit status 0
Using timeout: 30 seconds
Launching test with command: make all CSRCS=target-3.c
arm-linux-gnueabihf-gcc -O3 -g3 -fopenmp -Wall -I. -I../common -I/home0/alessandro/workspace_PULP/hero/hero-sdk/libhero-target/inc    -c -o target-3.o target-3.c
arm-linux-gnueabihf-gcc -O3 -g3 -fopenmp -Wall -I. -I../common -I/home0/alessandro/workspace_PULP/hero/hero-sdk/libhero-target/inc  target-3.o  -L/home0/alessandro/workspace_PULP/hero/hero-sdk/libhero-target/lib -lhero-target -o libgomp_testsuite
/tmp/ccZoVhux_offload.o: In function `main._omp_fn.1':
&lt;artificial&gt;:(.text.main._omp_fn.1+0xa): undefined reference to `omp_get_level'
/tmp/ccZoVhux_offload.o: In function `main._omp_fn.0':
&lt;artificial&gt;:(.text.main._omp_fn.0+0x4): undefined reference to `omp_get_level'
collect2: error: ld returned 1 exit status
lto-wrapper: fatal error: /home0/alessandro/workspace_PULP/hero/hero-sdk/hero-gcc-toolchain/pkg/hero-gcc-toolchain/libexec/gcc/arm-linux-gnueabihf/7.1.1//accel/riscv32-unknown-elf/mkoffload terminated with signal 11 [Segmentation fault], core dumped
compilation terminated.
/home0/alessandro/workspace_PULP/hero/hero-sdk/hero-gcc-toolchain/pkg/hero-gcc-toolchain/lib/gcc/arm-linux-gnueabihf/7.1.1/../../../../arm-linux-gnueabihf/bin/ld: error: lto-wrapper failed
collect2: error: ld returned 1 exit status
/home0/alessandro/workspace_PULP/hero/hero-sdk/hero-openmp-examples/common/default.mk:36: recipe for target 'libgomp_testsuite' failed
make: *** [libgomp_testsuite] Error 1
Reached EOF with exit status 2
</failure>
  </testcase>
  <testcase classname=":libgomp.c:target-36" name="hero-z-7045@config_file=/home0/alessandro/workspace_PULP/hero/hero-sdk/pulp-sdk/configs/json/hero-z-7045.json" time="3.594135">
    <success/>
  </testcase>
  <testcase classname=":libgomp.c:target-35" name="hero-z-7045@config_file=/home0/alessandro/workspace_PULP/hero/hero-sdk/pulp-sdk/configs/json/hero-z-7045.json" time="30.005582">
    <failure>
Running: libgomp.c:target-35 / hero-z-7045@config_file=/home0/alessandro/workspace_PULP/hero/hero-sdk/pulp-sdk/configs/json/hero-z-7045.json
Using timeout: 30 seconds
Launching test with command: make clean CSRCS=target-35.c
rm -rf *.o *~ libgomp_testsuite target-35.o  offload.bin offload.so
Reached EOF with exit status 0
Using timeout: 30 seconds
Launching test with command: make all CSRCS=target-35.c
arm-linux-gnueabihf-gcc -O3 -g3 -fopenmp -Wall -I. -I../common -I/home0/alessandro/workspace_PULP/hero/hero-sdk/libhero-target/inc    -c -o target-35.o target-35.c
arm-linux-gnueabihf-gcc -O3 -g3 -fopenmp -Wall -I. -I../common -I/home0/alessandro/workspace_PULP/hero/hero-sdk/libhero-target/inc  target-35.o  -L/home0/alessandro/workspace_PULP/hero/hero-sdk/libhero-target/lib -lhero-target -o libgomp_testsuite
Reached EOF with exit status 0
Using timeout: 30 seconds
Launching test with command: make run CSRCS=target-35.c
ssh -t root@zc706.eees './sourceme.sh'
Connection to zc706.eees closed.
ssh -t root@zc706.eees 'rmmod -f pulp'
Connection to zc706.eees closed.
ssh -t root@zc706.eees 'insmod /mnt/storage/drivers/pulp.ko'
Connection to zc706.eees closed.
ssh root@zc706.eees "mkdir -p /mnt/storage/apps"
scp libgomp_testsuite root@zc706.eees:/mnt/storage/apps/.
libgomp_testsuite                               0%    0     0.0KB/s   --:-- ETAlibgomp_testsuite                             100%   97KB  97.0KB/s   00:00    
ssh -t root@zc706.eees 'export LD_LIBRARY_PATH='"'/mnt/storage/libs'"'; cd /mnt/storage/apps; ./libgomp_testsuite '
Starting program execution.
Reached timeout of 30 seconds
Process was killed
</failure>
  </testcase>
  <testcase classname=":libgomp.c:target-34" name="hero-z-7045@config_file=/home0/alessandro/workspace_PULP/hero/hero-sdk/pulp-sdk/configs/json/hero-z-7045.json" time="3.753459">
    <failure>
Running: libgomp.c:target-34 / hero-z-7045@config_file=/home0/alessandro/workspace_PULP/hero/hero-sdk/pulp-sdk/configs/json/hero-z-7045.json
Using timeout: 30 seconds
Launching test with command: make clean CSRCS=target-34.c
rm -rf *.o *~ libgomp_testsuite target-34.o  offload.bin offload.so
Reached EOF with exit status 0
Using timeout: 30 seconds
Launching test with command: make all CSRCS=target-34.c
arm-linux-gnueabihf-gcc -O3 -g3 -fopenmp -Wall -I. -I../common -I/home0/alessandro/workspace_PULP/hero/hero-sdk/libhero-target/inc    -c -o target-34.o target-34.c
[01m[Ktarget-34.c:[m[K In function '[01m[Kmain[m[K':
[01m[Ktarget-34.c:6:28:[m[K [01;35m[Kwarning: [m[Kunused variable '[01m[Kd[m[K' [[01;35m[K-Wunused-variable[m[K]
   int a = 1, b = 2, c = 4, [01;35m[Kd[m[K[7];
                            [01;35m[K^[m[K
arm-linux-gnueabihf-gcc -O3 -g3 -fopenmp -Wall -I. -I../common -I/home0/alessandro/workspace_PULP/hero/hero-sdk/libhero-target/inc  target-34.o  -L/home0/alessandro/workspace_PULP/hero/hero-sdk/libhero-target/lib -lhero-target -o libgomp_testsuite
Reached EOF with exit status 0
Using timeout: 30 seconds
Launching test with command: make run CSRCS=target-34.c
ssh -t root@zc706.eees './sourceme.sh'
Connection to zc706.eees closed.
ssh -t root@zc706.eees 'rmmod -f pulp'
Connection to zc706.eees closed.
ssh -t root@zc706.eees 'insmod /mnt/storage/drivers/pulp.ko'
Connection to zc706.eees closed.
ssh root@zc706.eees "mkdir -p /mnt/storage/apps"
scp libgomp_testsuite root@zc706.eees:/mnt/storage/apps/.
libgomp_testsuite                               0%    0     0.0KB/s   --:-- ETAlibgomp_testsuite                             100%   71KB  71.1KB/s   00:00    
ssh -t root@zc706.eees 'export LD_LIBRARY_PATH='"'/mnt/storage/libs'"'; cd /mnt/storage/apps; ./libgomp_testsuite '
Starting program execution.

libgomp: Not supported!
Stopping program execution.
Undo the memory mappings.
Close the file descriptor. 
Connection to zc706.eees closed.
/home0/alessandro/workspace_PULP/hero/hero-sdk/hero-openmp-examples/common/default.mk:59: recipe for target 'run' failed
make: *** [run] Error 1
Reached EOF with exit status 2
</failure>
  </testcase>
  <testcase classname=":libgomp.c:target-33" name="hero-z-7045@config_file=/home0/alessandro/workspace_PULP/hero/hero-sdk/pulp-sdk/configs/json/hero-z-7045.json" time="3.547401">
    <failure>
Running: libgomp.c:target-33 / hero-z-7045@config_file=/home0/alessandro/workspace_PULP/hero/hero-sdk/pulp-sdk/configs/json/hero-z-7045.json
Using timeout: 30 seconds
Launching test with command: make clean CSRCS=target-33.c
rm -rf *.o *~ libgomp_testsuite target-33.o  offload.bin offload.so
Reached EOF with exit status 0
Using timeout: 30 seconds
Launching test with command: make all CSRCS=target-33.c
arm-linux-gnueabihf-gcc -O3 -g3 -fopenmp -Wall -I. -I../common -I/home0/alessandro/workspace_PULP/hero/hero-sdk/libhero-target/inc    -c -o target-33.o target-33.c
[01m[Ktarget-33.c:[m[K In function '[01m[Kmain[m[K':
[01m[Ktarget-33.c:6:28:[m[K [01;35m[Kwarning: [m[Kunused variable '[01m[Kd[m[K' [[01;35m[K-Wunused-variable[m[K]
   int a = 1, b = 2, c = 4, [01;35m[Kd[m[K[7];
                            [01;35m[K^[m[K
arm-linux-gnueabihf-gcc -O3 -g3 -fopenmp -Wall -I. -I../common -I/home0/alessandro/workspace_PULP/hero/hero-sdk/libhero-target/inc  target-33.o  -L/home0/alessandro/workspace_PULP/hero/hero-sdk/libhero-target/lib -lhero-target -o libgomp_testsuite
Reached EOF with exit status 0
Using timeout: 30 seconds
Launching test with command: make run CSRCS=target-33.c
ssh -t root@zc706.eees './sourceme.sh'
Connection to zc706.eees closed.
ssh -t root@zc706.eees 'rmmod -f pulp'
Connection to zc706.eees closed.
ssh -t root@zc706.eees 'insmod /mnt/storage/drivers/pulp.ko'
Connection to zc706.eees closed.
ssh root@zc706.eees "mkdir -p /mnt/storage/apps"
scp libgomp_testsuite root@zc706.eees:/mnt/storage/apps/.
libgomp_testsuite                               0%    0     0.0KB/s   --:-- ETAlibgomp_testsuite                             100%   68KB  68.1KB/s   00:00    
ssh -t root@zc706.eees 'export LD_LIBRARY_PATH='"'/mnt/storage/libs'"'; cd /mnt/storage/apps; ./libgomp_testsuite '
Starting program execution.

libgomp: Not supported!
Stopping program execution.
Undo the memory mappings.
Close the file descriptor. 
Connection to zc706.eees closed.
/home0/alessandro/workspace_PULP/hero/hero-sdk/hero-openmp-examples/common/default.mk:59: recipe for target 'run' failed
make: *** [run] Error 1
Reached EOF with exit status 2
</failure>
  </testcase>
  <testcase classname=":libgomp.c:target-32" name="hero-z-7045@config_file=/home0/alessandro/workspace_PULP/hero/hero-sdk/pulp-sdk/configs/json/hero-z-7045.json" time="0.210134">
    <failure>
Running: libgomp.c:target-32 / hero-z-7045@config_file=/home0/alessandro/workspace_PULP/hero/hero-sdk/pulp-sdk/configs/json/hero-z-7045.json
Using timeout: 30 seconds
Launching test with command: make clean CSRCS=target-32.c
rm -rf *.o *~ libgomp_testsuite target-32.o  offload.bin offload.so
Reached EOF with exit status 0
Using timeout: 30 seconds
Launching test with command: make all CSRCS=target-32.c
arm-linux-gnueabihf-gcc -O3 -g3 -fopenmp -Wall -I. -I../common -I/home0/alessandro/workspace_PULP/hero/hero-sdk/libhero-target/inc    -c -o target-32.o target-32.c
[01m[Ktarget-32.c:[m[K In function '[01m[Kmain[m[K':
[01m[Ktarget-32.c:6:28:[m[K [01;35m[Kwarning: [m[Kunused variable '[01m[Kd[m[K' [[01;35m[K-Wunused-variable[m[K]
   int a = 0, b = 0, c = 0, [01;35m[Kd[m[K[7];
                            [01;35m[K^[m[K
arm-linux-gnueabihf-gcc -O3 -g3 -fopenmp -Wall -I. -I../common -I/home0/alessandro/workspace_PULP/hero/hero-sdk/libhero-target/inc  target-32.o  -L/home0/alessandro/workspace_PULP/hero/hero-sdk/libhero-target/lib -lhero-target -o libgomp_testsuite
/tmp/ccQdYDTl_offload.o: In function `main._omp_fn.6':
&lt;artificial&gt;:(.text.main._omp_fn.6+0xc): undefined reference to `usleep'
/tmp/ccQdYDTl_offload.o: In function `main._omp_fn.5':
&lt;artificial&gt;:(.text.main._omp_fn.5+0xe): undefined reference to `usleep'
/tmp/ccQdYDTl_offload.o: In function `main._omp_fn.4':
&lt;artificial&gt;:(.text.main._omp_fn.4+0xe): undefined reference to `usleep'
/tmp/ccQdYDTl_offload.o: In function `main._omp_fn.3':
&lt;artificial&gt;:(.text.main._omp_fn.3+0xc): undefined reference to `usleep'
collect2: error: ld returned 1 exit status
lto-wrapper: fatal error: /home0/alessandro/workspace_PULP/hero/hero-sdk/hero-gcc-toolchain/pkg/hero-gcc-toolchain/libexec/gcc/arm-linux-gnueabihf/7.1.1//accel/riscv32-unknown-elf/mkoffload terminated with signal 11 [Segmentation fault], core dumped
compilation terminated.
/home0/alessandro/workspace_PULP/hero/hero-sdk/hero-gcc-toolchain/pkg/hero-gcc-toolchain/lib/gcc/arm-linux-gnueabihf/7.1.1/../../../../arm-linux-gnueabihf/bin/ld: error: lto-wrapper failed
collect2: error: ld returned 1 exit status
/home0/alessandro/workspace_PULP/hero/hero-sdk/hero-openmp-examples/common/default.mk:36: recipe for target 'libgomp_testsuite' failed
make: *** [libgomp_testsuite] Error 1
Reached EOF with exit status 2
</failure>
  </testcase>
  <testcase classname=":libgomp.c:target-31" name="hero-z-7045@config_file=/home0/alessandro/workspace_PULP/hero/hero-sdk/pulp-sdk/configs/json/hero-z-7045.json" time="30.002928">
    <failure>
Running: libgomp.c:target-31 / hero-z-7045@config_file=/home0/alessandro/workspace_PULP/hero/hero-sdk/pulp-sdk/configs/json/hero-z-7045.json
Using timeout: 30 seconds
Launching test with command: make clean CSRCS=target-31.c
rm -rf *.o *~ libgomp_testsuite target-31.o  offload.bin offload.so
Reached EOF with exit status 0
Using timeout: 30 seconds
Launching test with command: make all CSRCS=target-31.c
arm-linux-gnueabihf-gcc -O3 -g3 -fopenmp -Wall -I. -I../common -I/home0/alessandro/workspace_PULP/hero/hero-sdk/libhero-target/inc    -c -o target-31.o target-31.c
arm-linux-gnueabihf-gcc -O3 -g3 -fopenmp -Wall -I. -I../common -I/home0/alessandro/workspace_PULP/hero/hero-sdk/libhero-target/inc  target-31.o  -L/home0/alessandro/workspace_PULP/hero/hero-sdk/libhero-target/lib -lhero-target -o libgomp_testsuite
Reached EOF with exit status 0
Using timeout: 30 seconds
Launching test with command: make run CSRCS=target-31.c
ssh -t root@zc706.eees './sourceme.sh'
Connection to zc706.eees closed.
ssh -t root@zc706.eees 'rmmod -f pulp'
Connection to zc706.eees closed.
ssh -t root@zc706.eees 'insmod /mnt/storage/drivers/pulp.ko'
Connection to zc706.eees closed.
ssh root@zc706.eees "mkdir -p /mnt/storage/apps"
scp libgomp_testsuite root@zc706.eees:/mnt/storage/apps/.
libgomp_testsuite                               0%    0     0.0KB/s   --:-- ETAlibgomp_testsuite                             100%   99KB  98.7KB/s   00:00    
ssh -t root@zc706.eees 'export LD_LIBRARY_PATH='"'/mnt/storage/libs'"'; cd /mnt/storage/apps; ./libgomp_testsuite '
Starting program execution.
Reached timeout of 30 seconds
Process was killed
</failure>
  </testcase>
  <testcase classname=":libgomp.c:target-30" name="hero-z-7045@config_file=/home0/alessandro/workspace_PULP/hero/hero-sdk/pulp-sdk/configs/json/hero-z-7045.json" time="1.603657">
    <failure>
Running: libgomp.c:target-30 / hero-z-7045@config_file=/home0/alessandro/workspace_PULP/hero/hero-sdk/pulp-sdk/configs/json/hero-z-7045.json
Using timeout: 30 seconds
Launching test with command: make clean CSRCS=target-30.c
rm -rf *.o *~ libgomp_testsuite target-30.o  offload.bin offload.so
Reached EOF with exit status 0
Using timeout: 30 seconds
Launching test with command: make all CSRCS=target-30.c
arm-linux-gnueabihf-gcc -O3 -g3 -fopenmp -Wall -I. -I../common -I/home0/alessandro/workspace_PULP/hero/hero-sdk/libhero-target/inc    -c -o target-30.o target-30.c
arm-linux-gnueabihf-gcc -O3 -g3 -fopenmp -Wall -I. -I../common -I/home0/alessandro/workspace_PULP/hero/hero-sdk/libhero-target/inc  target-30.o  -L/home0/alessandro/workspace_PULP/hero/hero-sdk/libhero-target/lib -lhero-target -o libgomp_testsuite
Reached EOF with exit status 0
Using timeout: 30 seconds
Launching test with command: make run CSRCS=target-30.c
ssh -t root@zc706.eees './sourceme.sh'
Connection to zc706.eees closed.
ssh -t root@zc706.eees 'rmmod -f pulp'
Connection to zc706.eees closed.
ssh -t root@zc706.eees 'insmod /mnt/storage/drivers/pulp.ko'
Connection to zc706.eees closed.
ssh root@zc706.eees "mkdir -p /mnt/storage/apps"
scp libgomp_testsuite root@zc706.eees:/mnt/storage/apps/.
libgomp_testsuite                               0%    0     0.0KB/s   --:-- ETAlibgomp_testsuite                             100%   49KB  48.7KB/s   00:00    
ssh -t root@zc706.eees 'export LD_LIBRARY_PATH='"'/mnt/storage/libs'"'; cd /mnt/storage/apps; ./libgomp_testsuite '
Starting program execution.

libgomp: Cannot map target functions or variables (expected 3, have 4)
Connection to zc706.eees closed.
/home0/alessandro/workspace_PULP/hero/hero-sdk/hero-openmp-examples/common/default.mk:59: recipe for target 'run' failed
make: *** [run] Error 1
Reached EOF with exit status 2
</failure>
  </testcase>
  <testcase classname=":libgomp.c:target-2" name="hero-z-7045@config_file=/home0/alessandro/workspace_PULP/hero/hero-sdk/pulp-sdk/configs/json/hero-z-7045.json" time="1.621968">
    <failure>
Running: libgomp.c:target-2 / hero-z-7045@config_file=/home0/alessandro/workspace_PULP/hero/hero-sdk/pulp-sdk/configs/json/hero-z-7045.json
Using timeout: 30 seconds
Launching test with command: make clean CSRCS=target-2.c
rm -rf *.o *~ libgomp_testsuite target-2.o  offload.bin offload.so
Reached EOF with exit status 0
Using timeout: 30 seconds
Launching test with command: make all CSRCS=target-2.c
arm-linux-gnueabihf-gcc -O3 -g3 -fopenmp -Wall -I. -I../common -I/home0/alessandro/workspace_PULP/hero/hero-sdk/libhero-target/inc    -c -o target-2.o target-2.c
arm-linux-gnueabihf-gcc -O3 -g3 -fopenmp -Wall -I. -I../common -I/home0/alessandro/workspace_PULP/hero/hero-sdk/libhero-target/inc  target-2.o  -L/home0/alessandro/workspace_PULP/hero/hero-sdk/libhero-target/lib -lhero-target -o libgomp_testsuite
Reached EOF with exit status 0
Using timeout: 30 seconds
Launching test with command: make run CSRCS=target-2.c
ssh -t root@zc706.eees './sourceme.sh'
Connection to zc706.eees closed.
ssh -t root@zc706.eees 'rmmod -f pulp'
Connection to zc706.eees closed.
ssh -t root@zc706.eees 'insmod /mnt/storage/drivers/pulp.ko'
Connection to zc706.eees closed.
ssh root@zc706.eees "mkdir -p /mnt/storage/apps"
scp libgomp_testsuite root@zc706.eees:/mnt/storage/apps/.
libgomp_testsuite                               0%    0     0.0KB/s   --:-- ETAlibgomp_testsuite                             100%   82KB  81.8KB/s   00:00    
ssh -t root@zc706.eees 'export LD_LIBRARY_PATH='"'/mnt/storage/libs'"'; cd /mnt/storage/apps; ./libgomp_testsuite '
Starting program execution.
Aborted
Connection to zc706.eees closed.
/home0/alessandro/workspace_PULP/hero/hero-sdk/hero-openmp-examples/common/default.mk:59: recipe for target 'run' failed
make: *** [run] Error 134
Reached EOF with exit status 2
</failure>
  </testcase>
  <testcase classname=":libgomp.c:target-29" name="hero-z-7045@config_file=/home0/alessandro/workspace_PULP/hero/hero-sdk/pulp-sdk/configs/json/hero-z-7045.json" time="3.618298">
    <success/>
  </testcase>
  <testcase classname=":libgomp.c:target-28" name="hero-z-7045@config_file=/home0/alessandro/workspace_PULP/hero/hero-sdk/pulp-sdk/configs/json/hero-z-7045.json" time="1.512745">
    <failure>
Running: libgomp.c:target-28 / hero-z-7045@config_file=/home0/alessandro/workspace_PULP/hero/hero-sdk/pulp-sdk/configs/json/hero-z-7045.json
Using timeout: 30 seconds
Launching test with command: make clean CSRCS=target-28.c
rm -rf *.o *~ libgomp_testsuite target-28.o  offload.bin offload.so
Reached EOF with exit status 0
Using timeout: 30 seconds
Launching test with command: make all CSRCS=target-28.c
arm-linux-gnueabihf-gcc -O3 -g3 -fopenmp -Wall -I. -I../common -I/home0/alessandro/workspace_PULP/hero/hero-sdk/libhero-target/inc    -c -o target-28.o target-28.c
arm-linux-gnueabihf-gcc -O3 -g3 -fopenmp -Wall -I. -I../common -I/home0/alessandro/workspace_PULP/hero/hero-sdk/libhero-target/inc  target-28.o  -L/home0/alessandro/workspace_PULP/hero/hero-sdk/libhero-target/lib -lhero-target -o libgomp_testsuite
Reached EOF with exit status 0
Using timeout: 30 seconds
Launching test with command: make run CSRCS=target-28.c
ssh -t root@zc706.eees './sourceme.sh'
Connection to zc706.eees closed.
ssh -t root@zc706.eees 'rmmod -f pulp'
Connection to zc706.eees closed.
ssh -t root@zc706.eees 'insmod /mnt/storage/drivers/pulp.ko'
Connection to zc706.eees closed.
ssh root@zc706.eees "mkdir -p /mnt/storage/apps"
scp libgomp_testsuite root@zc706.eees:/mnt/storage/apps/.
libgomp_testsuite                               0%    0     0.0KB/s   --:-- ETAlibgomp_testsuite                             100%   50KB  49.8KB/s   00:00    
ssh -t root@zc706.eees 'export LD_LIBRARY_PATH='"'/mnt/storage/libs'"'; cd /mnt/storage/apps; ./libgomp_testsuite '
Starting program execution.

libgomp: Cannot map target functions or variables (expected 4, have 7)
Connection to zc706.eees closed.
/home0/alessandro/workspace_PULP/hero/hero-sdk/hero-openmp-examples/common/default.mk:59: recipe for target 'run' failed
make: *** [run] Error 1
Reached EOF with exit status 2
</failure>
  </testcase>
  <testcase classname=":libgomp.c:target-27" name="hero-z-7045@config_file=/home0/alessandro/workspace_PULP/hero/hero-sdk/pulp-sdk/configs/json/hero-z-7045.json" time="3.614182">
    <success/>
  </testcase>
  <testcase classname=":libgomp.c:target-26" name="hero-z-7045@config_file=/home0/alessandro/workspace_PULP/hero/hero-sdk/pulp-sdk/configs/json/hero-z-7045.json" time="1.514142">
    <failure>
Running: libgomp.c:target-26 / hero-z-7045@config_file=/home0/alessandro/workspace_PULP/hero/hero-sdk/pulp-sdk/configs/json/hero-z-7045.json
Using timeout: 30 seconds
Launching test with command: make clean CSRCS=target-26.c
rm -rf *.o *~ libgomp_testsuite target-26.o  offload.bin offload.so
Reached EOF with exit status 0
Using timeout: 30 seconds
Launching test with command: make all CSRCS=target-26.c
arm-linux-gnueabihf-gcc -O3 -g3 -fopenmp -Wall -I. -I../common -I/home0/alessandro/workspace_PULP/hero/hero-sdk/libhero-target/inc    -c -o target-26.o target-26.c
arm-linux-gnueabihf-gcc -O3 -g3 -fopenmp -Wall -I. -I../common -I/home0/alessandro/workspace_PULP/hero/hero-sdk/libhero-target/inc  target-26.o  -L/home0/alessandro/workspace_PULP/hero/hero-sdk/libhero-target/lib -lhero-target -o libgomp_testsuite
Reached EOF with exit status 0
Using timeout: 30 seconds
Launching test with command: make run CSRCS=target-26.c
ssh -t root@zc706.eees './sourceme.sh'
Connection to zc706.eees closed.
ssh -t root@zc706.eees 'rmmod -f pulp'
Connection to zc706.eees closed.
ssh -t root@zc706.eees 'insmod /mnt/storage/drivers/pulp.ko'
Connection to zc706.eees closed.
ssh root@zc706.eees "mkdir -p /mnt/storage/apps"
scp libgomp_testsuite root@zc706.eees:/mnt/storage/apps/.
libgomp_testsuite                               0%    0     0.0KB/s   --:-- ETAlibgomp_testsuite                             100%   53KB  52.6KB/s   00:00    
ssh -t root@zc706.eees 'export LD_LIBRARY_PATH='"'/mnt/storage/libs'"'; cd /mnt/storage/apps; ./libgomp_testsuite '
Starting program execution.

libgomp: Cannot map target functions or variables (expected 5, have 7)
Connection to zc706.eees closed.
/home0/alessandro/workspace_PULP/hero/hero-sdk/hero-openmp-examples/common/default.mk:59: recipe for target 'run' failed
make: *** [run] Error 1
Reached EOF with exit status 2
</failure>
  </testcase>
  <testcase classname=":libgomp.c:target-25" name="hero-z-7045@config_file=/home0/alessandro/workspace_PULP/hero/hero-sdk/pulp-sdk/configs/json/hero-z-7045.json" time="3.602689">
    <success/>
  </testcase>
  <testcase classname=":libgomp.c:target-24" name="hero-z-7045@config_file=/home0/alessandro/workspace_PULP/hero/hero-sdk/pulp-sdk/configs/json/hero-z-7045.json" time="3.497349">
    <success/>
  </testcase>
  <testcase classname=":libgomp.c:target-23" name="hero-z-7045@config_file=/home0/alessandro/workspace_PULP/hero/hero-sdk/pulp-sdk/configs/json/hero-z-7045.json" time="3.524471">
    <success/>
  </testcase>
  <testcase classname=":libgomp.c:target-22" name="hero-z-7045@config_file=/home0/alessandro/workspace_PULP/hero/hero-sdk/pulp-sdk/configs/json/hero-z-7045.json" time="3.518606">
    <success/>
  </testcase>
  <testcase classname=":libgomp.c:target-21" name="hero-z-7045@config_file=/home0/alessandro/workspace_PULP/hero/hero-sdk/pulp-sdk/configs/json/hero-z-7045.json" time="3.561627">
    <success/>
  </testcase>
  <testcase classname=":libgomp.c:target-20" name="hero-z-7045@config_file=/home0/alessandro/workspace_PULP/hero/hero-sdk/pulp-sdk/configs/json/hero-z-7045.json" time="1.552367">
    <failure>
Running: libgomp.c:target-20 / hero-z-7045@config_file=/home0/alessandro/workspace_PULP/hero/hero-sdk/pulp-sdk/configs/json/hero-z-7045.json
Using timeout: 30 seconds
Launching test with command: make clean CSRCS=target-20.c
rm -rf *.o *~ libgomp_testsuite target-20.o  offload.bin offload.so
Reached EOF with exit status 0
Using timeout: 30 seconds
Launching test with command: make all CSRCS=target-20.c
arm-linux-gnueabihf-gcc -O3 -g3 -fopenmp -Wall -I. -I../common -I/home0/alessandro/workspace_PULP/hero/hero-sdk/libhero-target/inc    -c -o target-20.o target-20.c
arm-linux-gnueabihf-gcc -O3 -g3 -fopenmp -Wall -I. -I../common -I/home0/alessandro/workspace_PULP/hero/hero-sdk/libhero-target/inc  target-20.o  -L/home0/alessandro/workspace_PULP/hero/hero-sdk/libhero-target/lib -lhero-target -o libgomp_testsuite
Reached EOF with exit status 0
Using timeout: 30 seconds
Launching test with command: make run CSRCS=target-20.c
ssh -t root@zc706.eees './sourceme.sh'
Connection to zc706.eees closed.
ssh -t root@zc706.eees 'rmmod -f pulp'
Connection to zc706.eees closed.
ssh -t root@zc706.eees 'insmod /mnt/storage/drivers/pulp.ko'
Connection to zc706.eees closed.
ssh root@zc706.eees "mkdir -p /mnt/storage/apps"
scp libgomp_testsuite root@zc706.eees:/mnt/storage/apps/.
libgomp_testsuite                               0%    0     0.0KB/s   --:-- ETAlibgomp_testsuite                             100%   78KB  78.3KB/s   00:00    
ssh -t root@zc706.eees 'export LD_LIBRARY_PATH='"'/mnt/storage/libs'"'; cd /mnt/storage/apps; ./libgomp_testsuite '
Starting program execution.

libgomp: Cannot map target functions or variables (expected 4, have 5)
Connection to zc706.eees closed.
/home0/alessandro/workspace_PULP/hero/hero-sdk/hero-openmp-examples/common/default.mk:59: recipe for target 'run' failed
make: *** [run] Error 1
Reached EOF with exit status 2
</failure>
  </testcase>
  <testcase classname=":libgomp.c:target-1" name="hero-z-7045@config_file=/home0/alessandro/workspace_PULP/hero/hero-sdk/pulp-sdk/configs/json/hero-z-7045.json" time="1.707890">
    <failure>
Running: libgomp.c:target-1 / hero-z-7045@config_file=/home0/alessandro/workspace_PULP/hero/hero-sdk/pulp-sdk/configs/json/hero-z-7045.json
Using timeout: 30 seconds
Launching test with command: make clean CSRCS=target-1.c
rm -rf *.o *~ libgomp_testsuite target-1.o  offload.bin offload.so
Reached EOF with exit status 0
Using timeout: 30 seconds
Launching test with command: make all CSRCS=target-1.c
arm-linux-gnueabihf-gcc -O3 -g3 -fopenmp -Wall -I. -I../common -I/home0/alessandro/workspace_PULP/hero/hero-sdk/libhero-target/inc    -c -o target-1.o target-1.c
arm-linux-gnueabihf-gcc -O3 -g3 -fopenmp -Wall -I. -I../common -I/home0/alessandro/workspace_PULP/hero/hero-sdk/libhero-target/inc  target-1.o  -L/home0/alessandro/workspace_PULP/hero/hero-sdk/libhero-target/lib -lhero-target -o libgomp_testsuite
Reached EOF with exit status 0
Using timeout: 30 seconds
Launching test with command: make run CSRCS=target-1.c
ssh -t root@zc706.eees './sourceme.sh'
Connection to zc706.eees closed.
ssh -t root@zc706.eees 'rmmod -f pulp'
Connection to zc706.eees closed.
ssh -t root@zc706.eees 'insmod /mnt/storage/drivers/pulp.ko'
Connection to zc706.eees closed.
ssh root@zc706.eees "mkdir -p /mnt/storage/apps"
scp libgomp_testsuite root@zc706.eees:/mnt/storage/apps/.
libgomp_testsuite                               0%    0     0.0KB/s   --:-- ETAlibgomp_testsuite                             100%   77KB  76.5KB/s   00:00    
ssh -t root@zc706.eees 'export LD_LIBRARY_PATH='"'/mnt/storage/libs'"'; cd /mnt/storage/apps; ./libgomp_testsuite '
Starting program execution.

libgomp: Cannot map target functions or variables (expected 4, have 5)
Connection to zc706.eees closed.
/home0/alessandro/workspace_PULP/hero/hero-sdk/hero-openmp-examples/common/default.mk:59: recipe for target 'run' failed
make: *** [run] Error 1
Reached EOF with exit status 2
</failure>
  </testcase>
  <testcase classname=":libgomp.c:target-19" name="hero-z-7045@config_file=/home0/alessandro/workspace_PULP/hero/hero-sdk/pulp-sdk/configs/json/hero-z-7045.json" time="3.751272">
    <success/>
  </testcase>
  <testcase classname=":libgomp.c:target-18" name="hero-z-7045@config_file=/home0/alessandro/workspace_PULP/hero/hero-sdk/pulp-sdk/configs/json/hero-z-7045.json" time="3.507971">
    <success/>
  </testcase>
  <testcase classname=":libgomp.c:target-17" name="hero-z-7045@config_file=/home0/alessandro/workspace_PULP/hero/hero-sdk/pulp-sdk/configs/json/hero-z-7045.json" time="3.522995">
    <success/>
  </testcase>
  <testcase classname=":libgomp.c:target-16" name="hero-z-7045@config_file=/home0/alessandro/workspace_PULP/hero/hero-sdk/pulp-sdk/configs/json/hero-z-7045.json" time="3.539272">
    <success/>
  </testcase>
  <testcase classname=":libgomp.c:target-15" name="hero-z-7045@config_file=/home0/alessandro/workspace_PULP/hero/hero-sdk/pulp-sdk/configs/json/hero-z-7045.json" time="3.560761">
    <success/>
  </testcase>
  <testcase classname=":libgomp.c:target-14" name="hero-z-7045@config_file=/home0/alessandro/workspace_PULP/hero/hero-sdk/pulp-sdk/configs/json/hero-z-7045.json" time="1.422534">
    <failure>
Running: libgomp.c:target-14 / hero-z-7045@config_file=/home0/alessandro/workspace_PULP/hero/hero-sdk/pulp-sdk/configs/json/hero-z-7045.json
Using timeout: 30 seconds
Launching test with command: make clean CSRCS=target-14.c
rm -rf *.o *~ libgomp_testsuite target-14.o  offload.bin offload.so
Reached EOF with exit status 0
Using timeout: 30 seconds
Launching test with command: make all CSRCS=target-14.c
arm-linux-gnueabihf-gcc -O3 -g3 -fopenmp -Wall -I. -I../common -I/home0/alessandro/workspace_PULP/hero/hero-sdk/libhero-target/inc    -c -o target-14.o target-14.c
arm-linux-gnueabihf-gcc -O3 -g3 -fopenmp -Wall -I. -I../common -I/home0/alessandro/workspace_PULP/hero/hero-sdk/libhero-target/inc  target-14.o  -L/home0/alessandro/workspace_PULP/hero/hero-sdk/libhero-target/lib -lhero-target -o libgomp_testsuite
Reached EOF with exit status 0
Using timeout: 30 seconds
Launching test with command: make run CSRCS=target-14.c
ssh -t root@zc706.eees './sourceme.sh'
Connection to zc706.eees closed.
ssh -t root@zc706.eees 'rmmod -f pulp'
Connection to zc706.eees closed.
ssh -t root@zc706.eees 'insmod /mnt/storage/drivers/pulp.ko'
Connection to zc706.eees closed.
ssh root@zc706.eees "mkdir -p /mnt/storage/apps"
scp libgomp_testsuite root@zc706.eees:/mnt/storage/apps/.
libgomp_testsuite                               0%    0     0.0KB/s   --:-- ETAlibgomp_testsuite                             100%   68KB  68.0KB/s   00:00    
ssh -t root@zc706.eees 'export LD_LIBRARY_PATH='"'/mnt/storage/libs'"'; cd /mnt/storage/apps; ./libgomp_testsuite '
Starting program execution.
Aborted
Connection to zc706.eees closed.
/home0/alessandro/workspace_PULP/hero/hero-sdk/hero-openmp-examples/common/default.mk:59: recipe for target 'run' failed
make: *** [run] Error 134
Reached EOF with exit status 2
</failure>
  </testcase>
  <testcase classname=":libgomp.c:target-13" name="hero-z-7045@config_file=/home0/alessandro/workspace_PULP/hero/hero-sdk/pulp-sdk/configs/json/hero-z-7045.json" time="3.539120">
    <success/>
  </testcase>
  <testcase classname=":libgomp.c:target-12" name="hero-z-7045@config_file=/home0/alessandro/workspace_PULP/hero/hero-sdk/pulp-sdk/configs/json/hero-z-7045.json" time="3.612023">
    <success/>
  </testcase>
  <testcase classname=":libgomp.c:target-11" name="hero-z-7045@config_file=/home0/alessandro/workspace_PULP/hero/hero-sdk/pulp-sdk/configs/json/hero-z-7045.json" time="1.421531">
    <failure>
Running: libgomp.c:target-11 / hero-z-7045@config_file=/home0/alessandro/workspace_PULP/hero/hero-sdk/pulp-sdk/configs/json/hero-z-7045.json
Using timeout: 30 seconds
Launching test with command: make clean CSRCS=target-11.c
rm -rf *.o *~ libgomp_testsuite target-11.o  offload.bin offload.so
Reached EOF with exit status 0
Using timeout: 30 seconds
Launching test with command: make all CSRCS=target-11.c
arm-linux-gnueabihf-gcc -O3 -g3 -fopenmp -Wall -I. -I../common -I/home0/alessandro/workspace_PULP/hero/hero-sdk/libhero-target/inc    -c -o target-11.o target-11.c
arm-linux-gnueabihf-gcc -O3 -g3 -fopenmp -Wall -I. -I../common -I/home0/alessandro/workspace_PULP/hero/hero-sdk/libhero-target/inc  target-11.o  -L/home0/alessandro/workspace_PULP/hero/hero-sdk/libhero-target/lib -lhero-target -o libgomp_testsuite
Reached EOF with exit status 0
Using timeout: 30 seconds
Launching test with command: make run CSRCS=target-11.c
ssh -t root@zc706.eees './sourceme.sh'
Connection to zc706.eees closed.
ssh -t root@zc706.eees 'rmmod -f pulp'
Connection to zc706.eees closed.
ssh -t root@zc706.eees 'insmod /mnt/storage/drivers/pulp.ko'
Connection to zc706.eees closed.
ssh root@zc706.eees "mkdir -p /mnt/storage/apps"
scp libgomp_testsuite root@zc706.eees:/mnt/storage/apps/.
libgomp_testsuite                               0%    0     0.0KB/s   --:-- ETAlibgomp_testsuite                             100%   79KB  79.1KB/s   00:00    
ssh -t root@zc706.eees 'export LD_LIBRARY_PATH='"'/mnt/storage/libs'"'; cd /mnt/storage/apps; ./libgomp_testsuite '
Starting program execution.
libgomp_testsuite: target-11.c:51: main: Assertion `ok' failed.
Aborted
Connection to zc706.eees closed.
/home0/alessandro/workspace_PULP/hero/hero-sdk/hero-openmp-examples/common/default.mk:59: recipe for target 'run' failed
make: *** [run] Error 134
Reached EOF with exit status 2
</failure>
  </testcase>
  <testcase classname=":libgomp.c:target-10" name="hero-z-7045@config_file=/home0/alessandro/workspace_PULP/hero/hero-sdk/pulp-sdk/configs/json/hero-z-7045.json" time="1.490245">
    <failure>
Running: libgomp.c:target-10 / hero-z-7045@config_file=/home0/alessandro/workspace_PULP/hero/hero-sdk/pulp-sdk/configs/json/hero-z-7045.json
Using timeout: 30 seconds
Launching test with command: make clean CSRCS=target-10.c
rm -rf *.o *~ libgomp_testsuite target-10.o  offload.bin offload.so
Reached EOF with exit status 0
Using timeout: 30 seconds
Launching test with command: make all CSRCS=target-10.c
arm-linux-gnueabihf-gcc -O3 -g3 -fopenmp -Wall -I. -I../common -I/home0/alessandro/workspace_PULP/hero/hero-sdk/libhero-target/inc    -c -o target-10.o target-10.c
arm-linux-gnueabihf-gcc -O3 -g3 -fopenmp -Wall -I. -I../common -I/home0/alessandro/workspace_PULP/hero/hero-sdk/libhero-target/inc  target-10.o  -L/home0/alessandro/workspace_PULP/hero/hero-sdk/libhero-target/lib -lhero-target -o libgomp_testsuite
Reached EOF with exit status 0
Using timeout: 30 seconds
Launching test with command: make run CSRCS=target-10.c
ssh -t root@zc706.eees './sourceme.sh'
Connection to zc706.eees closed.
ssh -t root@zc706.eees 'rmmod -f pulp'
Connection to zc706.eees closed.
ssh -t root@zc706.eees 'insmod /mnt/storage/drivers/pulp.ko'
Connection to zc706.eees closed.
ssh root@zc706.eees "mkdir -p /mnt/storage/apps"
scp libgomp_testsuite root@zc706.eees:/mnt/storage/apps/.
libgomp_testsuite                               0%    0     0.0KB/s   --:-- ETAlibgomp_testsuite                             100%   46KB  45.7KB/s   00:00    
ssh -t root@zc706.eees 'export LD_LIBRARY_PATH='"'/mnt/storage/libs'"'; cd /mnt/storage/apps; ./libgomp_testsuite '
Starting program execution.

libgomp: Cannot map target functions or variables (expected 1, have 2)
Connection to zc706.eees closed.
/home0/alessandro/workspace_PULP/hero/hero-sdk/hero-openmp-examples/common/default.mk:59: recipe for target 'run' failed
make: *** [run] Error 1
Reached EOF with exit status 2
</failure>
  </testcase>
  <testcase classname=":libgomp.c:static-chunk-size-one" name="hero-z-7045@config_file=/home0/alessandro/workspace_PULP/hero/hero-sdk/pulp-sdk/configs/json/hero-z-7045.json" time="1.242557">
    <success/>
  </testcase>
  <testcase classname=":libgomp.c:sort-1" name="hero-z-7045@config_file=/home0/alessandro/workspace_PULP/hero/hero-sdk/pulp-sdk/configs/json/hero-z-7045.json" time="2.440436">
    <success/>
  </testcase>
  <testcase classname=":libgomp.c:single-2" name="hero-z-7045@config_file=/home0/alessandro/workspace_PULP/hero/hero-sdk/pulp-sdk/configs/json/hero-z-7045.json" time="1.278315">
    <success/>
  </testcase>
  <testcase classname=":libgomp.c:single-1" name="hero-z-7045@config_file=/home0/alessandro/workspace_PULP/hero/hero-sdk/pulp-sdk/configs/json/hero-z-7045.json" time="0.045479">
    <failure>
Running: libgomp.c:single-1 / hero-z-7045@config_file=/home0/alessandro/workspace_PULP/hero/hero-sdk/pulp-sdk/configs/json/hero-z-7045.json
Using timeout: 30 seconds
Launching test with command: make clean CSRCS=single-1.c
rm -rf *.o *~ libgomp_testsuite single-1.o  offload.bin offload.so
Reached EOF with exit status 0
Using timeout: 30 seconds
Launching test with command: make all CSRCS=single-1.c
arm-linux-gnueabihf-gcc -O3 -g3 -fopenmp -Wall -I. -I../common -I/home0/alessandro/workspace_PULP/hero/hero-sdk/libhero-target/inc    -c -o single-1.o single-1.c
[01m[Ksingle-1.c:9:10:[m[K [01;31m[Kfatal error: [m[Klibgomp_g.h: No such file or directory
 #include [01;31m[K"libgomp_g.h"[m[K
          [01;31m[K^~~~~~~~~~~~~[m[K
compilation terminated.
&lt;builtin&gt;: recipe for target 'single-1.o' failed
make: *** [single-1.o] Error 1
Reached EOF with exit status 2
</failure>
  </testcase>
  <testcase classname=":libgomp.c:simd-9" name="hero-z-7045@config_file=/home0/alessandro/workspace_PULP/hero/hero-sdk/pulp-sdk/configs/json/hero-z-7045.json" time="1.278612">
    <success/>
  </testcase>
  <testcase classname=":libgomp.c:simd-8" name="hero-z-7045@config_file=/home0/alessandro/workspace_PULP/hero/hero-sdk/pulp-sdk/configs/json/hero-z-7045.json" time="1.251464">
    <success/>
  </testcase>
  <testcase classname=":libgomp.c:simd-7" name="hero-z-7045@config_file=/home0/alessandro/workspace_PULP/hero/hero-sdk/pulp-sdk/configs/json/hero-z-7045.json" time="1.375796">
    <success/>
  </testcase>
  <testcase classname=":libgomp.c:simd-6" name="hero-z-7045@config_file=/home0/alessandro/workspace_PULP/hero/hero-sdk/pulp-sdk/configs/json/hero-z-7045.json" time="1.308142">
    <success/>
  </testcase>
  <testcase classname=":libgomp.c:simd-5" name="hero-z-7045@config_file=/home0/alessandro/workspace_PULP/hero/hero-sdk/pulp-sdk/configs/json/hero-z-7045.json" time="1.267274">
    <success/>
  </testcase>
  <testcase classname=":libgomp.c:simd-4" name="hero-z-7045@config_file=/home0/alessandro/workspace_PULP/hero/hero-sdk/pulp-sdk/configs/json/hero-z-7045.json" time="1.271909">
    <success/>
  </testcase>
  <testcase classname=":libgomp.c:simd-3" name="hero-z-7045@config_file=/home0/alessandro/workspace_PULP/hero/hero-sdk/pulp-sdk/configs/json/hero-z-7045.json" time="1.420072">
    <success/>
  </testcase>
  <testcase classname=":libgomp.c:simd-2" name="hero-z-7045@config_file=/home0/alessandro/workspace_PULP/hero/hero-sdk/pulp-sdk/configs/json/hero-z-7045.json" time="1.287684">
    <success/>
  </testcase>
  <testcase classname=":libgomp.c:simd-1" name="hero-z-7045@config_file=/home0/alessandro/workspace_PULP/hero/hero-sdk/pulp-sdk/configs/json/hero-z-7045.json" time="1.283684">
    <success/>
  </testcase>
  <testcase classname=":libgomp.c:simd-17" name="hero-z-7045@config_file=/home0/alessandro/workspace_PULP/hero/hero-sdk/pulp-sdk/configs/json/hero-z-7045.json" time="1.312298">
    <success/>
  </testcase>
  <testcase classname=":libgomp.c:simd-16" name="hero-z-7045@config_file=/home0/alessandro/workspace_PULP/hero/hero-sdk/pulp-sdk/configs/json/hero-z-7045.json" time="1.375399">
    <success/>
  </testcase>
  <testcase classname=":libgomp.c:simd-15" name="hero-z-7045@config_file=/home0/alessandro/workspace_PULP/hero/hero-sdk/pulp-sdk/configs/json/hero-z-7045.json" time="1.443995">
    <success/>
  </testcase>
  <testcase classname=":libgomp.c:simd-14" name="hero-z-7045@config_file=/home0/alessandro/workspace_PULP/hero/hero-sdk/pulp-sdk/configs/json/hero-z-7045.json" time="1.443631">
    <success/>
  </testcase>
  <testcase classname=":libgomp.c:simd-13" name="hero-z-7045@config_file=/home0/alessandro/workspace_PULP/hero/hero-sdk/pulp-sdk/configs/json/hero-z-7045.json" time="1.263654">
    <success/>
  </testcase>
  <testcase classname=":libgomp.c:simd-12" name="hero-z-7045@config_file=/home0/alessandro/workspace_PULP/hero/hero-sdk/pulp-sdk/configs/json/hero-z-7045.json" time="1.259985">
    <success/>
  </testcase>
  <testcase classname=":libgomp.c:simd-11" name="hero-z-7045@config_file=/home0/alessandro/workspace_PULP/hero/hero-sdk/pulp-sdk/configs/json/hero-z-7045.json" time="1.283483">
    <success/>
  </testcase>
  <testcase classname=":libgomp.c:simd-10" name="hero-z-7045@config_file=/home0/alessandro/workspace_PULP/hero/hero-sdk/pulp-sdk/configs/json/hero-z-7045.json" time="1.323759">
    <success/>
  </testcase>
  <testcase classname=":libgomp.c:shared-3" name="hero-z-7045@config_file=/home0/alessandro/workspace_PULP/hero/hero-sdk/pulp-sdk/configs/json/hero-z-7045.json" time="1.267824">
    <success/>
  </testcase>
  <testcase classname=":libgomp.c:shared-2" name="hero-z-7045@config_file=/home0/alessandro/workspace_PULP/hero/hero-sdk/pulp-sdk/configs/json/hero-z-7045.json" time="1.260315">
    <success/>
  </testcase>
  <testcase classname=":libgomp.c:shared-1" name="hero-z-7045@config_file=/home0/alessandro/workspace_PULP/hero/hero-sdk/pulp-sdk/configs/json/hero-z-7045.json" time="1.283791">
    <success/>
  </testcase>
  <testcase classname=":libgomp.c:sections-2" name="hero-z-7045@config_file=/home0/alessandro/workspace_PULP/hero/hero-sdk/pulp-sdk/configs/json/hero-z-7045.json" time="5.259920">
    <success/>
  </testcase>
  <testcase classname=":libgomp.c:sections-1" name="hero-z-7045@config_file=/home0/alessandro/workspace_PULP/hero/hero-sdk/pulp-sdk/configs/json/hero-z-7045.json" time="0.035507">
    <failure>
Running: libgomp.c:sections-1 / hero-z-7045@config_file=/home0/alessandro/workspace_PULP/hero/hero-sdk/pulp-sdk/configs/json/hero-z-7045.json
Using timeout: 30 seconds
Launching test with command: make clean CSRCS=sections-1.c
rm -rf *.o *~ libgomp_testsuite sections-1.o  offload.bin offload.so
Reached EOF with exit status 0
Using timeout: 30 seconds
Launching test with command: make all CSRCS=sections-1.c
arm-linux-gnueabihf-gcc -O3 -g3 -fopenmp -Wall -I. -I../common -I/home0/alessandro/workspace_PULP/hero/hero-sdk/libhero-target/inc    -c -o sections-1.o sections-1.c
[01m[Ksections-1.c:8:10:[m[K [01;31m[Kfatal error: [m[Klibgomp_g.h: No such file or directory
 #include [01;31m[K"libgomp_g.h"[m[K
          [01;31m[K^~~~~~~~~~~~~[m[K
compilation terminated.
&lt;builtin&gt;: recipe for target 'sections-1.o' failed
make: *** [sections-1.o] Error 1
Reached EOF with exit status 2
</failure>
  </testcase>
  <testcase classname=":libgomp.c:reduction-9" name="hero-z-7045@config_file=/home0/alessandro/workspace_PULP/hero/hero-sdk/pulp-sdk/configs/json/hero-z-7045.json" time="1.407732">
    <success/>
  </testcase>
  <testcase classname=":libgomp.c:reduction-8" name="hero-z-7045@config_file=/home0/alessandro/workspace_PULP/hero/hero-sdk/pulp-sdk/configs/json/hero-z-7045.json" time="1.339753">
    <success/>
  </testcase>
  <testcase classname=":libgomp.c:reduction-7" name="hero-z-7045@config_file=/home0/alessandro/workspace_PULP/hero/hero-sdk/pulp-sdk/configs/json/hero-z-7045.json" time="1.303745">
    <success/>
  </testcase>
  <testcase classname=":libgomp.c:reduction-6" name="hero-z-7045@config_file=/home0/alessandro/workspace_PULP/hero/hero-sdk/pulp-sdk/configs/json/hero-z-7045.json" time="1.311679">
    <success/>
  </testcase>
  <testcase classname=":libgomp.c:reduction-5" name="hero-z-7045@config_file=/home0/alessandro/workspace_PULP/hero/hero-sdk/pulp-sdk/configs/json/hero-z-7045.json" time="1.251939">
    <success/>
  </testcase>
  <testcase classname=":libgomp.c:reduction-4" name="hero-z-7045@config_file=/home0/alessandro/workspace_PULP/hero/hero-sdk/pulp-sdk/configs/json/hero-z-7045.json" time="1.271905">
    <success/>
  </testcase>
  <testcase classname=":libgomp.c:reduction-3" name="hero-z-7045@config_file=/home0/alessandro/workspace_PULP/hero/hero-sdk/pulp-sdk/configs/json/hero-z-7045.json" time="1.299839">
    <success/>
  </testcase>
  <testcase classname=":libgomp.c:reduction-2" name="hero-z-7045@config_file=/home0/alessandro/workspace_PULP/hero/hero-sdk/pulp-sdk/configs/json/hero-z-7045.json" time="1.279532">
    <success/>
  </testcase>
  <testcase classname=":libgomp.c:reduction-1" name="hero-z-7045@config_file=/home0/alessandro/workspace_PULP/hero/hero-sdk/pulp-sdk/configs/json/hero-z-7045.json" time="1.283797">
    <success/>
  </testcase>
  <testcase classname=":libgomp.c:reduction-15" name="hero-z-7045@config_file=/home0/alessandro/workspace_PULP/hero/hero-sdk/pulp-sdk/configs/json/hero-z-7045.json" time="1.307753">
    <success/>
  </testcase>
  <testcase classname=":libgomp.c:reduction-14" name="hero-z-7045@config_file=/home0/alessandro/workspace_PULP/hero/hero-sdk/pulp-sdk/configs/json/hero-z-7045.json" time="1.471574">
    <success/>
  </testcase>
  <testcase classname=":libgomp.c:reduction-13" name="hero-z-7045@config_file=/home0/alessandro/workspace_PULP/hero/hero-sdk/pulp-sdk/configs/json/hero-z-7045.json" time="1.464043">
    <success/>
  </testcase>
  <testcase classname=":libgomp.c:reduction-12" name="hero-z-7045@config_file=/home0/alessandro/workspace_PULP/hero/hero-sdk/pulp-sdk/configs/json/hero-z-7045.json" time="1.347610">
    <success/>
  </testcase>
  <testcase classname=":libgomp.c:reduction-11" name="hero-z-7045@config_file=/home0/alessandro/workspace_PULP/hero/hero-sdk/pulp-sdk/configs/json/hero-z-7045.json" time="1.331922">
    <success/>
  </testcase>
  <testcase classname=":libgomp.c:reduction-10" name="hero-z-7045@config_file=/home0/alessandro/workspace_PULP/hero/hero-sdk/pulp-sdk/configs/json/hero-z-7045.json" time="1.447776">
    <success/>
  </testcase>
  <testcase classname=":libgomp.c:private-1" name="hero-z-7045@config_file=/home0/alessandro/workspace_PULP/hero/hero-sdk/pulp-sdk/configs/json/hero-z-7045.json" time="1.287742">
    <success/>
  </testcase>
  <testcase classname=":libgomp.c:priority" name="hero-z-7045@config_file=/home0/alessandro/workspace_PULP/hero/hero-sdk/pulp-sdk/configs/json/hero-z-7045.json" time="1.279692">
    <success/>
  </testcase>
  <testcase classname=":libgomp.c:pr80394" name="hero-z-7045@config_file=/home0/alessandro/workspace_PULP/hero/hero-sdk/pulp-sdk/configs/json/hero-z-7045.json" time="1.296031">
    <success/>
  </testcase>
  <testcase classname=":libgomp.c:pr79940" name="hero-z-7045@config_file=/home0/alessandro/workspace_PULP/hero/hero-sdk/pulp-sdk/configs/json/hero-z-7045.json" time="1.320666">
    <success/>
  </testcase>
  <testcase classname=":libgomp.c:pr70680-2" name="hero-z-7045@config_file=/home0/alessandro/workspace_PULP/hero/hero-sdk/pulp-sdk/configs/json/hero-z-7045.json" time="1.318669">
    <success/>
  </testcase>
  <testcase classname=":libgomp.c:pr70680-1" name="hero-z-7045@config_file=/home0/alessandro/workspace_PULP/hero/hero-sdk/pulp-sdk/configs/json/hero-z-7045.json" time="1.267623">
    <success/>
  </testcase>
  <testcase classname=":libgomp.c:pr69805" name="hero-z-7045@config_file=/home0/alessandro/workspace_PULP/hero/hero-sdk/pulp-sdk/configs/json/hero-z-7045.json" time="1.255825">
    <success/>
  </testcase>
  <testcase classname=":libgomp.c:pr69110" name="hero-z-7045@config_file=/home0/alessandro/workspace_PULP/hero/hero-sdk/pulp-sdk/configs/json/hero-z-7045.json" time="1.251696">
    <success/>
  </testcase>
  <testcase classname=":libgomp.c:pr68960" name="hero-z-7045@config_file=/home0/alessandro/workspace_PULP/hero/hero-sdk/pulp-sdk/configs/json/hero-z-7045.json" time="1.268031">
    <success/>
  </testcase>
  <testcase classname=":libgomp.c:pr66714" name="hero-z-7045@config_file=/home0/alessandro/workspace_PULP/hero/hero-sdk/pulp-sdk/configs/json/hero-z-7045.json" time="0.135203">
    <failure>
Running: libgomp.c:pr66714 / hero-z-7045@config_file=/home0/alessandro/workspace_PULP/hero/hero-sdk/pulp-sdk/configs/json/hero-z-7045.json
Using timeout: 30 seconds
Launching test with command: make clean CSRCS=pr66714.c
rm -rf *.o *~ libgomp_testsuite pr66714.o  offload.bin offload.so
Reached EOF with exit status 0
Using timeout: 30 seconds
Launching test with command: make all CSRCS=pr66714.c
arm-linux-gnueabihf-gcc -O3 -g3 -fopenmp -Wall -I. -I../common -I/home0/alessandro/workspace_PULP/hero/hero-sdk/libhero-target/inc    -c -o pr66714.o pr66714.c
arm-linux-gnueabihf-gcc -O3 -g3 -fopenmp -Wall -I. -I../common -I/home0/alessandro/workspace_PULP/hero/hero-sdk/libhero-target/inc  pr66714.o  -L/home0/alessandro/workspace_PULP/hero/hero-sdk/libhero-target/lib -lhero-target -o libgomp_testsuite
/home0/alessandro/workspace_PULP/hero/hero-sdk/hero-gcc-toolchain/pkg/hero-gcc-toolchain/arm-linux-gnueabihf/libc/usr/lib/crt1.o: In function `_start':
/home0/alessandro/workspace_PULP/hero/hero-sdk/hero-gcc-toolchain/src/glibc-2.26/csu/../sysdeps/arm/start.S:119: undefined reference to `main'
collect2: error: ld returned 1 exit status
/home0/alessandro/workspace_PULP/hero/hero-sdk/hero-openmp-examples/common/default.mk:36: recipe for target 'libgomp_testsuite' failed
make: *** [libgomp_testsuite] Error 1
Reached EOF with exit status 2
</failure>
  </testcase>
  <testcase classname=":libgomp.c:pr66199-9" name="hero-z-7045@config_file=/home0/alessandro/workspace_PULP/hero/hero-sdk/pulp-sdk/configs/json/hero-z-7045.json" time="1.605948">
    <failure>
Running: libgomp.c:pr66199-9 / hero-z-7045@config_file=/home0/alessandro/workspace_PULP/hero/hero-sdk/pulp-sdk/configs/json/hero-z-7045.json
Using timeout: 30 seconds
Launching test with command: make clean CSRCS=pr66199-9.c
rm -rf *.o *~ libgomp_testsuite pr66199-9.o  offload.bin offload.so
Reached EOF with exit status 0
Using timeout: 30 seconds
Launching test with command: make all CSRCS=pr66199-9.c
arm-linux-gnueabihf-gcc -O3 -g3 -fopenmp -Wall -I. -I../common -I/home0/alessandro/workspace_PULP/hero/hero-sdk/libhero-target/inc    -c -o pr66199-9.o pr66199-9.c
[01m[Kpr66199-9.c:[m[K In function '[01m[Kf3._omp_fn.1[m[K':
[01m[Kpr66199-9.c:29:11:[m[K [01;35m[Kwarning: [m[K'[01m[K.count.34[m[K' may be used uninitialized in this function [[01;35m[K-Wmaybe-uninitialized[m[K]
   #pragma [01;35m[Komp[m[K distribute firstprivate (a1, b1, a2, b2) lastprivate(d1, d2) collapse(2)
           [01;35m[K^~~[m[K
arm-linux-gnueabihf-gcc -O3 -g3 -fopenmp -Wall -I. -I../common -I/home0/alessandro/workspace_PULP/hero/hero-sdk/libhero-target/inc  pr66199-9.o  -L/home0/alessandro/workspace_PULP/hero/hero-sdk/libhero-target/lib -lhero-target -o libgomp_testsuite
pr66199-9.c: In function 'f3._omp_fn.1':
pr66199-9.c:29:11: warning: '.count.34' may be used uninitialized in this function [-Wmaybe-uninitialized]
   #pragma omp distribute firstprivate (a1, b1, a2, b2) lastprivate(d1, d2) collapse(2)
           ^
Reached EOF with exit status 0
Using timeout: 30 seconds
Launching test with command: make run CSRCS=pr66199-9.c
ssh -t root@zc706.eees './sourceme.sh'
Connection to zc706.eees closed.
ssh -t root@zc706.eees 'rmmod -f pulp'
Connection to zc706.eees closed.
ssh -t root@zc706.eees 'insmod /mnt/storage/drivers/pulp.ko'
Connection to zc706.eees closed.
ssh root@zc706.eees "mkdir -p /mnt/storage/apps"
scp libgomp_testsuite root@zc706.eees:/mnt/storage/apps/.
libgomp_testsuite                               0%    0     0.0KB/s   --:-- ETAlibgomp_testsuite                             100%   73KB  73.3KB/s   00:00    
ssh -t root@zc706.eees 'export LD_LIBRARY_PATH='"'/mnt/storage/libs'"'; cd /mnt/storage/apps; ./libgomp_testsuite '
Starting program execution.

libgomp: Cannot map target functions or variables (expected 5, have 8)
Connection to zc706.eees closed.
/home0/alessandro/workspace_PULP/hero/hero-sdk/hero-openmp-examples/common/default.mk:59: recipe for target 'run' failed
make: *** [run] Error 1
Reached EOF with exit status 2
</failure>
  </testcase>
  <testcase classname=":libgomp.c:pr66199-8" name="hero-z-7045@config_file=/home0/alessandro/workspace_PULP/hero/hero-sdk/pulp-sdk/configs/json/hero-z-7045.json" time="1.692477">
    <failure>
Running: libgomp.c:pr66199-8 / hero-z-7045@config_file=/home0/alessandro/workspace_PULP/hero/hero-sdk/pulp-sdk/configs/json/hero-z-7045.json
Using timeout: 30 seconds
Launching test with command: make clean CSRCS=pr66199-8.c
rm -rf *.o *~ libgomp_testsuite pr66199-8.o  offload.bin offload.so
Reached EOF with exit status 0
Using timeout: 30 seconds
Launching test with command: make all CSRCS=pr66199-8.c
arm-linux-gnueabihf-gcc -O3 -g3 -fopenmp -Wall -I. -I../common -I/home0/alessandro/workspace_PULP/hero/hero-sdk/libhero-target/inc    -c -o pr66199-8.o pr66199-8.c
[01m[Kpr66199-8.c:[m[K In function '[01m[Kf3._omp_fn.2[m[K':
[01m[Kpr66199-8.c:41:11:[m[K [01;35m[Kwarning: [m[K'[01m[K.count.65[m[K' may be used uninitialized in this function [[01;35m[K-Wmaybe-uninitialized[m[K]
   #pragma [01;35m[Komp[m[K distribute simd firstprivate (a1, b1, a2, b2) lastprivate(d1, d2) collapse(2)
           [01;35m[K^~~[m[K
[01m[Kpr66199-8.c:[m[K In function '[01m[Kf4._omp_fn.3[m[K':
[01m[Kpr66199-8.c:54:11:[m[K [01;35m[Kwarning: [m[K'[01m[K.count.107[m[K' may be used uninitialized in this function [[01;35m[K-Wmaybe-uninitialized[m[K]
   #pragma [01;35m[Komp[m[K distribute simd collapse(2)
           [01;35m[K^~~[m[K
arm-linux-gnueabihf-gcc -O3 -g3 -fopenmp -Wall -I. -I../common -I/home0/alessandro/workspace_PULP/hero/hero-sdk/libhero-target/inc  pr66199-8.o  -L/home0/alessandro/workspace_PULP/hero/hero-sdk/libhero-target/lib -lhero-target -o libgomp_testsuite
pr66199-8.c: In function 'f3._omp_fn.2':
pr66199-8.c:41:11: warning: '.count.65' may be used uninitialized in this function [-Wmaybe-uninitialized]
   #pragma omp distribute simd firstprivate (a1, b1, a2, b2) lastprivate(d1, d2) collapse(2)
           ^
pr66199-8.c: In function 'f4._omp_fn.3':
pr66199-8.c:54:11: warning: '.count.107' may be used uninitialized in this function [-Wmaybe-uninitialized]
   #pragma omp distribute simd collapse(2)
           ^
Reached EOF with exit status 0
Using timeout: 30 seconds
Launching test with command: make run CSRCS=pr66199-8.c
ssh -t root@zc706.eees './sourceme.sh'
Connection to zc706.eees closed.
ssh -t root@zc706.eees 'rmmod -f pulp'
Connection to zc706.eees closed.
ssh -t root@zc706.eees 'insmod /mnt/storage/drivers/pulp.ko'
Connection to zc706.eees closed.
ssh root@zc706.eees "mkdir -p /mnt/storage/apps"
scp libgomp_testsuite root@zc706.eees:/mnt/storage/apps/.
libgomp_testsuite                               0%    0     0.0KB/s   --:-- ETAlibgomp_testsuite                             100%   81KB  81.4KB/s   00:00    
ssh -t root@zc706.eees 'export LD_LIBRARY_PATH='"'/mnt/storage/libs'"'; cd /mnt/storage/apps; ./libgomp_testsuite '
Starting program execution.

libgomp: Cannot map target functions or variables (expected 7, have 10)
Connection to zc706.eees closed.
/home0/alessandro/workspace_PULP/hero/hero-sdk/hero-openmp-examples/common/default.mk:59: recipe for target 'run' failed
make: *** [run] Error 1
Reached EOF with exit status 2
</failure>
  </testcase>
  <testcase classname=":libgomp.c:pr66199-7" name="hero-z-7045@config_file=/home0/alessandro/workspace_PULP/hero/hero-sdk/pulp-sdk/configs/json/hero-z-7045.json" time="1.679843">
    <failure>
Running: libgomp.c:pr66199-7 / hero-z-7045@config_file=/home0/alessandro/workspace_PULP/hero/hero-sdk/pulp-sdk/configs/json/hero-z-7045.json
Using timeout: 30 seconds
Launching test with command: make clean CSRCS=pr66199-7.c
rm -rf *.o *~ libgomp_testsuite pr66199-7.o  offload.bin offload.so
Reached EOF with exit status 0
Using timeout: 30 seconds
Launching test with command: make all CSRCS=pr66199-7.c
arm-linux-gnueabihf-gcc -O3 -g3 -fopenmp -Wall -I. -I../common -I/home0/alessandro/workspace_PULP/hero/hero-sdk/libhero-target/inc    -c -o pr66199-7.o pr66199-7.c
[01m[Kpr66199-7.c:[m[K In function '[01m[Kf3._omp_fn.2[m[K':
[01m[Kpr66199-7.c:38:11:[m[K [01;35m[Kwarning: [m[K'[01m[K.count.65[m[K' may be used uninitialized in this function [[01;35m[K-Wmaybe-uninitialized[m[K]
   #pragma [01;35m[Komp[m[K teams distribute simd default(none) firstprivate (a1, b1, a2, b2) shared(u, v, w) lastprivate(d1, d2) collapse(2)
           [01;35m[K^~~[m[K
[01m[Kpr66199-7.c:[m[K In function '[01m[Kf4._omp_fn.3[m[K':
[01m[Kpr66199-7.c:50:11:[m[K [01;35m[Kwarning: [m[K'[01m[K.count.107[m[K' may be used uninitialized in this function [[01;35m[K-Wmaybe-uninitialized[m[K]
   #pragma [01;35m[Komp[m[K teams distribute simd default(none) firstprivate (a1, b1, a2, b2) shared(u, v, w) collapse(2)
           [01;35m[K^~~[m[K
arm-linux-gnueabihf-gcc -O3 -g3 -fopenmp -Wall -I. -I../common -I/home0/alessandro/workspace_PULP/hero/hero-sdk/libhero-target/inc  pr66199-7.o  -L/home0/alessandro/workspace_PULP/hero/hero-sdk/libhero-target/lib -lhero-target -o libgomp_testsuite
pr66199-7.c: In function 'f3._omp_fn.2':
pr66199-7.c:38:11: warning: '.count.65' may be used uninitialized in this function [-Wmaybe-uninitialized]
   #pragma omp teams distribute simd default(none) firstprivate (a1, b1, a2, b2) shared(u, v, w) lastprivate(d1, d2) collapse(2)
           ^
pr66199-7.c: In function 'f4._omp_fn.3':
pr66199-7.c:50:11: warning: '.count.107' may be used uninitialized in this function [-Wmaybe-uninitialized]
   #pragma omp teams distribute simd default(none) firstprivate (a1, b1, a2, b2) shared(u, v, w) collapse(2)
           ^
Reached EOF with exit status 0
Using timeout: 30 seconds
Launching test with command: make run CSRCS=pr66199-7.c
ssh -t root@zc706.eees './sourceme.sh'
Connection to zc706.eees closed.
ssh -t root@zc706.eees 'rmmod -f pulp'
Connection to zc706.eees closed.
ssh -t root@zc706.eees 'insmod /mnt/storage/drivers/pulp.ko'
Connection to zc706.eees closed.
ssh root@zc706.eees "mkdir -p /mnt/storage/apps"
scp libgomp_testsuite root@zc706.eees:/mnt/storage/apps/.
libgomp_testsuite                               0%    0     0.0KB/s   --:-- ETAlibgomp_testsuite                             100%   81KB  81.4KB/s   00:00    
ssh -t root@zc706.eees 'export LD_LIBRARY_PATH='"'/mnt/storage/libs'"'; cd /mnt/storage/apps; ./libgomp_testsuite '
Starting program execution.

libgomp: Cannot map target functions or variables (expected 7, have 10)
Connection to zc706.eees closed.
/home0/alessandro/workspace_PULP/hero/hero-sdk/hero-openmp-examples/common/default.mk:59: recipe for target 'run' failed
make: *** [run] Error 1
Reached EOF with exit status 2
</failure>
  </testcase>
  <testcase classname=":libgomp.c:pr66199-6" name="hero-z-7045@config_file=/home0/alessandro/workspace_PULP/hero/hero-sdk/pulp-sdk/configs/json/hero-z-7045.json" time="1.655915">
    <failure>
Running: libgomp.c:pr66199-6 / hero-z-7045@config_file=/home0/alessandro/workspace_PULP/hero/hero-sdk/pulp-sdk/configs/json/hero-z-7045.json
Using timeout: 30 seconds
Launching test with command: make clean CSRCS=pr66199-6.c
rm -rf *.o *~ libgomp_testsuite pr66199-6.o  offload.bin offload.so
Reached EOF with exit status 0
Using timeout: 30 seconds
Launching test with command: make all CSRCS=pr66199-6.c
arm-linux-gnueabihf-gcc -O3 -g3 -fopenmp -Wall -I. -I../common -I/home0/alessandro/workspace_PULP/hero/hero-sdk/libhero-target/inc    -c -o pr66199-6.o pr66199-6.c
[01m[Kpr66199-6.c:[m[K In function '[01m[Kf3._omp_fn.2[m[K':
[01m[Kpr66199-6.c:28:11:[m[K [01;35m[Kwarning: [m[K'[01m[K.count.56[m[K' may be used uninitialized in this function [[01;35m[K-Wmaybe-uninitialized[m[K]
   #pragma [01;35m[Komp[m[K teams distribute parallel for default(none) firstprivate (a1, b1, a2, b2) shared(u, v, w) lastprivate(d1, d2) collapse(2)
           [01;35m[K^~~[m[K
arm-linux-gnueabihf-gcc -O3 -g3 -fopenmp -Wall -I. -I../common -I/home0/alessandro/workspace_PULP/hero/hero-sdk/libhero-target/inc  pr66199-6.o  -L/home0/alessandro/workspace_PULP/hero/hero-sdk/libhero-target/lib -lhero-target -o libgomp_testsuite
pr66199-6.c: In function 'f3._omp_fn.2':
pr66199-6.c:28:11: warning: '.count.56' may be used uninitialized in this function [-Wmaybe-uninitialized]
   #pragma omp teams distribute parallel for default(none) firstprivate (a1, b1, a2, b2) shared(u, v, w) lastprivate(d1, d2) collapse(2)
           ^
Reached EOF with exit status 0
Using timeout: 30 seconds
Launching test with command: make run CSRCS=pr66199-6.c
ssh -t root@zc706.eees './sourceme.sh'
Connection to zc706.eees closed.
ssh -t root@zc706.eees 'rmmod -f pulp'
Connection to zc706.eees closed.
ssh -t root@zc706.eees 'insmod /mnt/storage/drivers/pulp.ko'
Connection to zc706.eees closed.
ssh root@zc706.eees "mkdir -p /mnt/storage/apps"
scp libgomp_testsuite root@zc706.eees:/mnt/storage/apps/.
libgomp_testsuite                               0%    0     0.0KB/s   --:-- ETAlibgomp_testsuite                             100%   80KB  80.1KB/s   00:00    
ssh -t root@zc706.eees 'export LD_LIBRARY_PATH='"'/mnt/storage/libs'"'; cd /mnt/storage/apps; ./libgomp_testsuite '
Starting program execution.

libgomp: Cannot map target functions or variables (expected 5, have 8)
Connection to zc706.eees closed.
/home0/alessandro/workspace_PULP/hero/hero-sdk/hero-openmp-examples/common/default.mk:59: recipe for target 'run' failed
make: *** [run] Error 1
Reached EOF with exit status 2
</failure>
  </testcase>
  <testcase classname=":libgomp.c:pr66199-5" name="hero-z-7045@config_file=/home0/alessandro/workspace_PULP/hero/hero-sdk/pulp-sdk/configs/json/hero-z-7045.json" time="1.732695">
    <failure>
Running: libgomp.c:pr66199-5 / hero-z-7045@config_file=/home0/alessandro/workspace_PULP/hero/hero-sdk/pulp-sdk/configs/json/hero-z-7045.json
Using timeout: 30 seconds
Launching test with command: make clean CSRCS=pr66199-5.c
rm -rf *.o *~ libgomp_testsuite pr66199-5.o  offload.bin offload.so
Reached EOF with exit status 0
Using timeout: 30 seconds
Launching test with command: make all CSRCS=pr66199-5.c
arm-linux-gnueabihf-gcc -O3 -g3 -fopenmp -Wall -I. -I../common -I/home0/alessandro/workspace_PULP/hero/hero-sdk/libhero-target/inc    -c -o pr66199-5.o pr66199-5.c
[01m[Kpr66199-5.c:[m[K In function '[01m[Kf3._omp_fn.4[m[K':
[01m[Kpr66199-5.c:38:11:[m[K [01;35m[Kwarning: [m[K'[01m[K.count.103[m[K' may be used uninitialized in this function [[01;35m[K-Wmaybe-uninitialized[m[K]
   #pragma [01;35m[Komp[m[K teams distribute parallel for simd default(none) firstprivate (a1, b1, a2, b2) shared(u, v, w) lastprivate(d1, d2) collapse(2)
           [01;35m[K^~~[m[K
[01m[Kpr66199-5.c:[m[K In function '[01m[Kf4._omp_fn.6[m[K':
[01m[Kpr66199-5.c:50:11:[m[K [01;35m[Kwarning: [m[K'[01m[K.count.161[m[K' may be used uninitialized in this function [[01;35m[K-Wmaybe-uninitialized[m[K]
   #pragma [01;35m[Komp[m[K teams distribute parallel for simd default(none) firstprivate (a1, b1, a2, b2) shared(u, v, w) collapse(2)
           [01;35m[K^~~[m[K
arm-linux-gnueabihf-gcc -O3 -g3 -fopenmp -Wall -I. -I../common -I/home0/alessandro/workspace_PULP/hero/hero-sdk/libhero-target/inc  pr66199-5.o  -L/home0/alessandro/workspace_PULP/hero/hero-sdk/libhero-target/lib -lhero-target -o libgomp_testsuite
pr66199-5.c: In function 'f3._omp_fn.4':
pr66199-5.c:38:11: warning: '.count.103' may be used uninitialized in this function [-Wmaybe-uninitialized]
   #pragma omp teams distribute parallel for simd default(none) firstprivate (a1, b1, a2, b2) shared(u, v, w) lastprivate(d1, d2) collapse(2)
           ^
pr66199-5.c: In function 'f4._omp_fn.6':
pr66199-5.c:50:11: warning: '.count.161' may be used uninitialized in this function [-Wmaybe-uninitialized]
   #pragma omp teams distribute parallel for simd default(none) firstprivate (a1, b1, a2, b2) shared(u, v, w) collapse(2)
           ^
Reached EOF with exit status 0
Using timeout: 30 seconds
Launching test with command: make run CSRCS=pr66199-5.c
ssh -t root@zc706.eees './sourceme.sh'
Connection to zc706.eees closed.
ssh -t root@zc706.eees 'rmmod -f pulp'
Connection to zc706.eees closed.
ssh -t root@zc706.eees 'insmod /mnt/storage/drivers/pulp.ko'
Connection to zc706.eees closed.
ssh root@zc706.eees "mkdir -p /mnt/storage/apps"
scp libgomp_testsuite root@zc706.eees:/mnt/storage/apps/.
libgomp_testsuite                               0%    0     0.0KB/s   --:-- ETAlibgomp_testsuite                             100%   93KB  92.7KB/s   00:00    
ssh -t root@zc706.eees 'export LD_LIBRARY_PATH='"'/mnt/storage/libs'"'; cd /mnt/storage/apps; ./libgomp_testsuite '
Starting program execution.

libgomp: Cannot map target functions or variables (expected 7, have 10)
Connection to zc706.eees closed.
/home0/alessandro/workspace_PULP/hero/hero-sdk/hero-openmp-examples/common/default.mk:59: recipe for target 'run' failed
make: *** [run] Error 1
Reached EOF with exit status 2
</failure>
  </testcase>
  <testcase classname=":libgomp.c:pr66199-4" name="hero-z-7045@config_file=/home0/alessandro/workspace_PULP/hero/hero-sdk/pulp-sdk/configs/json/hero-z-7045.json" time="1.703666">
    <failure>
Running: libgomp.c:pr66199-4 / hero-z-7045@config_file=/home0/alessandro/workspace_PULP/hero/hero-sdk/pulp-sdk/configs/json/hero-z-7045.json
Using timeout: 30 seconds
Launching test with command: make clean CSRCS=pr66199-4.c
rm -rf *.o *~ libgomp_testsuite pr66199-4.o  offload.bin offload.so
Reached EOF with exit status 0
Using timeout: 30 seconds
Launching test with command: make all CSRCS=pr66199-4.c
arm-linux-gnueabihf-gcc -O3 -g3 -fopenmp -Wall -I. -I../common -I/home0/alessandro/workspace_PULP/hero/hero-sdk/libhero-target/inc    -c -o pr66199-4.o pr66199-4.c
[01m[Kpr66199-4.c:[m[K In function '[01m[Kf2[m[K':
[01m[Kpr66199-4.c:21:11:[m[K [01;35m[Kwarning: [m[Kvariable '[01m[Ke[m[K' set but not used [[01;35m[K-Wunused-but-set-variable[m[K]
   long d, [01;35m[Ke[m[K;
           [01;35m[K^[m[K
arm-linux-gnueabihf-gcc -O3 -g3 -fopenmp -Wall -I. -I../common -I/home0/alessandro/workspace_PULP/hero/hero-sdk/libhero-target/inc  pr66199-4.o  -L/home0/alessandro/workspace_PULP/hero/hero-sdk/libhero-target/lib -lhero-target -o libgomp_testsuite
Reached EOF with exit status 0
Using timeout: 30 seconds
Launching test with command: make run CSRCS=pr66199-4.c
ssh -t root@zc706.eees './sourceme.sh'
Connection to zc706.eees closed.
ssh -t root@zc706.eees 'rmmod -f pulp'
Connection to zc706.eees closed.
ssh -t root@zc706.eees 'insmod /mnt/storage/drivers/pulp.ko'
Connection to zc706.eees closed.
ssh root@zc706.eees "mkdir -p /mnt/storage/apps"
scp libgomp_testsuite root@zc706.eees:/mnt/storage/apps/.
libgomp_testsuite                               0%    0     0.0KB/s   --:-- ETAlibgomp_testsuite                             100%   88KB  88.5KB/s   00:00    
ssh -t root@zc706.eees 'export LD_LIBRARY_PATH='"'/mnt/storage/libs'"'; cd /mnt/storage/apps; ./libgomp_testsuite '
Starting program execution.

libgomp: Cannot map target functions or variables (expected 7, have 10)
Connection to zc706.eees closed.
/home0/alessandro/workspace_PULP/hero/hero-sdk/hero-openmp-examples/common/default.mk:59: recipe for target 'run' failed
make: *** [run] Error 1
Reached EOF with exit status 2
</failure>
  </testcase>
  <testcase classname=":libgomp.c:pr66199-3" name="hero-z-7045@config_file=/home0/alessandro/workspace_PULP/hero/hero-sdk/pulp-sdk/configs/json/hero-z-7045.json" time="1.352446">
    <success/>
  </testcase>
  <testcase classname=":libgomp.c:pr66199-2" name="hero-z-7045@config_file=/home0/alessandro/workspace_PULP/hero/hero-sdk/pulp-sdk/configs/json/hero-z-7045.json" time="1.723359">
    <failure>
Running: libgomp.c:pr66199-2 / hero-z-7045@config_file=/home0/alessandro/workspace_PULP/hero/hero-sdk/pulp-sdk/configs/json/hero-z-7045.json
Using timeout: 30 seconds
Launching test with command: make clean CSRCS=pr66199-2.c
rm -rf *.o *~ libgomp_testsuite pr66199-2.o  offload.bin offload.so
Reached EOF with exit status 0
Using timeout: 30 seconds
Launching test with command: make all CSRCS=pr66199-2.c
arm-linux-gnueabihf-gcc -O3 -g3 -fopenmp -Wall -I. -I../common -I/home0/alessandro/workspace_PULP/hero/hero-sdk/libhero-target/inc    -c -o pr66199-2.o pr66199-2.c
[01m[Kpr66199-2.c:[m[K In function '[01m[Kf2[m[K':
[01m[Kpr66199-2.c:20:11:[m[K [01;35m[Kwarning: [m[Kvariable '[01m[Ke[m[K' set but not used [[01;35m[K-Wunused-but-set-variable[m[K]
   long d, [01;35m[Ke[m[K;
           [01;35m[K^[m[K
arm-linux-gnueabihf-gcc -O3 -g3 -fopenmp -Wall -I. -I../common -I/home0/alessandro/workspace_PULP/hero/hero-sdk/libhero-target/inc  pr66199-2.o  -L/home0/alessandro/workspace_PULP/hero/hero-sdk/libhero-target/lib -lhero-target -o libgomp_testsuite
Reached EOF with exit status 0
Using timeout: 30 seconds
Launching test with command: make run CSRCS=pr66199-2.c
ssh -t root@zc706.eees './sourceme.sh'
Connection to zc706.eees closed.
ssh -t root@zc706.eees 'rmmod -f pulp'
Connection to zc706.eees closed.
ssh -t root@zc706.eees 'insmod /mnt/storage/drivers/pulp.ko'
Connection to zc706.eees closed.
ssh root@zc706.eees "mkdir -p /mnt/storage/apps"
scp libgomp_testsuite root@zc706.eees:/mnt/storage/apps/.
libgomp_testsuite                               0%    0     0.0KB/s   --:-- ETAlibgomp_testsuite                             100%   91KB  91.0KB/s   00:00    
ssh -t root@zc706.eees 'export LD_LIBRARY_PATH='"'/mnt/storage/libs'"'; cd /mnt/storage/apps; ./libgomp_testsuite '
Starting program execution.

libgomp: Cannot map target functions or variables (expected 7, have 10)
Connection to zc706.eees closed.
/home0/alessandro/workspace_PULP/hero/hero-sdk/hero-openmp-examples/common/default.mk:59: recipe for target 'run' failed
make: *** [run] Error 1
Reached EOF with exit status 2
</failure>
  </testcase>
  <testcase classname=":libgomp.c:pr66199-1" name="hero-z-7045@config_file=/home0/alessandro/workspace_PULP/hero/hero-sdk/pulp-sdk/configs/json/hero-z-7045.json" time="1.355967">
    <success/>
  </testcase>
  <testcase classname=":libgomp.c:pr66133" name="hero-z-7045@config_file=/home0/alessandro/workspace_PULP/hero/hero-sdk/pulp-sdk/configs/json/hero-z-7045.json" time="1.261779">
    <success/>
  </testcase>
  <testcase classname=":libgomp.c:pr64868" name="hero-z-7045@config_file=/home0/alessandro/workspace_PULP/hero/hero-sdk/pulp-sdk/configs/json/hero-z-7045.json" time="1.281618">
    <success/>
  </testcase>
  <testcase classname=":libgomp.c:pr64824" name="hero-z-7045@config_file=/home0/alessandro/workspace_PULP/hero/hero-sdk/pulp-sdk/configs/json/hero-z-7045.json" time="1.255917">
    <success/>
  </testcase>
  <testcase classname=":libgomp.c:pr64734" name="hero-z-7045@config_file=/home0/alessandro/workspace_PULP/hero/hero-sdk/pulp-sdk/configs/json/hero-z-7045.json" time="3.597653">
    <success/>
  </testcase>
  <testcase classname=":libgomp.c:pr61200" name="hero-z-7045@config_file=/home0/alessandro/workspace_PULP/hero/hero-sdk/pulp-sdk/configs/json/hero-z-7045.json" time="5.242364">
    <success/>
  </testcase>
  <testcase classname=":libgomp.c:pr58756" name="hero-z-7045@config_file=/home0/alessandro/workspace_PULP/hero/hero-sdk/pulp-sdk/configs/json/hero-z-7045.json" time="1.243513">
    <success/>
  </testcase>
  <testcase classname=":libgomp.c:pr58392" name="hero-z-7045@config_file=/home0/alessandro/workspace_PULP/hero/hero-sdk/pulp-sdk/configs/json/hero-z-7045.json" time="1.291816">
    <success/>
  </testcase>
  <testcase classname=":libgomp.c:pr52547" name="hero-z-7045@config_file=/home0/alessandro/workspace_PULP/hero/hero-sdk/pulp-sdk/configs/json/hero-z-7045.json" time="1.235863">
    <success/>
  </testcase>
  <testcase classname=":libgomp.c:pr49898-2" name="hero-z-7045@config_file=/home0/alessandro/workspace_PULP/hero/hero-sdk/pulp-sdk/configs/json/hero-z-7045.json" time="1.255513">
    <success/>
  </testcase>
  <testcase classname=":libgomp.c:pr49898-1" name="hero-z-7045@config_file=/home0/alessandro/workspace_PULP/hero/hero-sdk/pulp-sdk/configs/json/hero-z-7045.json" time="1.259872">
    <success/>
  </testcase>
  <testcase classname=":libgomp.c:pr49897-2" name="hero-z-7045@config_file=/home0/alessandro/workspace_PULP/hero/hero-sdk/pulp-sdk/configs/json/hero-z-7045.json" time="1.283610">
    <success/>
  </testcase>
  <testcase classname=":libgomp.c:pr49897-1" name="hero-z-7045@config_file=/home0/alessandro/workspace_PULP/hero/hero-sdk/pulp-sdk/configs/json/hero-z-7045.json" time="1.284193">
    <success/>
  </testcase>
  <testcase classname=":libgomp.c:pr48591" name="hero-z-7045@config_file=/home0/alessandro/workspace_PULP/hero/hero-sdk/pulp-sdk/configs/json/hero-z-7045.json" time="0.031844">
    <failure>
Running: libgomp.c:pr48591 / hero-z-7045@config_file=/home0/alessandro/workspace_PULP/hero/hero-sdk/pulp-sdk/configs/json/hero-z-7045.json
Using timeout: 30 seconds
Launching test with command: make clean CSRCS=pr48591.c
rm -rf *.o *~ libgomp_testsuite pr48591.o  offload.bin offload.so
Reached EOF with exit status 0
Using timeout: 30 seconds
Launching test with command: make all CSRCS=pr48591.c
arm-linux-gnueabihf-gcc -O3 -g3 -fopenmp -Wall -I. -I../common -I/home0/alessandro/workspace_PULP/hero/hero-sdk/libhero-target/inc    -c -o pr48591.o pr48591.c
[01m[Kpr48591.c:[m[K In function '[01m[Kmain[m[K':
[01m[Kpr48591.c:11:3:[m[K [01;31m[Kerror: [m[Kunknown type name '[01m[K__float128[m[K'; did you mean '[01m[K_Float128[m[K'?
   [01;31m[K__float128[m[K f = 0.0;
   [01;31m[K^~~~~~~~~~[m[K
   [32m[K_Float128[m[K
[01m[Kpr48591.c:15:7:[m[K [01;31m[Kerror: [m[Kunsupported non-standard suffix on floating constant
       [01;31m[Kf[m[K += 0.5Q;
       [01;31m[K^[m[K
[01m[Kpr48591.c:16:3:[m[K [01;31m[Kerror: [m[Kunsupported non-standard suffix on floating constant
   [01;31m[Kif[m[K (f != 64.0Q)
   [01;31m[K^~[m[K
[01m[Kpr48591.c:19:5:[m[K [01;31m[Kerror: [m[Kunsupported non-standard suffix on floating constant
     [01;31m[Kf[m[K += 8.5Q;
     [01;31m[K^[m[K
[01m[Kpr48591.c:20:3:[m[K [01;31m[Kerror: [m[Kunsupported non-standard suffix on floating constant
   [01;31m[Kif[m[K (f != 72.5Q)
   [01;31m[K^~[m[K
&lt;builtin&gt;: recipe for target 'pr48591.o' failed
make: *** [pr48591.o] Error 1
Reached EOF with exit status 2
</failure>
  </testcase>
  <testcase classname=":libgomp.c:pr46886" name="hero-z-7045@config_file=/home0/alessandro/workspace_PULP/hero/hero-sdk/pulp-sdk/configs/json/hero-z-7045.json" time="1.259229">
    <success/>
  </testcase>
  <testcase classname=":libgomp.c:pr46193" name="hero-z-7045@config_file=/home0/alessandro/workspace_PULP/hero/hero-sdk/pulp-sdk/configs/json/hero-z-7045.json" time="1.239625">
    <success/>
  </testcase>
  <testcase classname=":libgomp.c:pr46032" name="hero-z-7045@config_file=/home0/alessandro/workspace_PULP/hero/hero-sdk/pulp-sdk/configs/json/hero-z-7045.json" time="1.336278">
    <success/>
  </testcase>
  <testcase classname=":libgomp.c:pr46032-2" name="hero-z-7045@config_file=/home0/alessandro/workspace_PULP/hero/hero-sdk/pulp-sdk/configs/json/hero-z-7045.json" time="1.315535">
    <success/>
  </testcase>
  <testcase classname=":libgomp.c:pr43893" name="hero-z-7045@config_file=/home0/alessandro/workspace_PULP/hero/hero-sdk/pulp-sdk/configs/json/hero-z-7045.json" time="1.367949">
    <success/>
  </testcase>
  <testcase classname=":libgomp.c:pr42942" name="hero-z-7045@config_file=/home0/alessandro/workspace_PULP/hero/hero-sdk/pulp-sdk/configs/json/hero-z-7045.json" time="1.290387">
    <success/>
  </testcase>
  <testcase classname=":libgomp.c:pr42029" name="hero-z-7045@config_file=/home0/alessandro/workspace_PULP/hero/hero-sdk/pulp-sdk/configs/json/hero-z-7045.json" time="1.269095">
    <success/>
  </testcase>
  <testcase classname=":libgomp.c:pr39591-3" name="hero-z-7045@config_file=/home0/alessandro/workspace_PULP/hero/hero-sdk/pulp-sdk/configs/json/hero-z-7045.json" time="1.315718">
    <success/>
  </testcase>
  <testcase classname=":libgomp.c:pr39591-2" name="hero-z-7045@config_file=/home0/alessandro/workspace_PULP/hero/hero-sdk/pulp-sdk/configs/json/hero-z-7045.json" time="1.280122">
    <success/>
  </testcase>
  <testcase classname=":libgomp.c:pr39591-1" name="hero-z-7045@config_file=/home0/alessandro/workspace_PULP/hero/hero-sdk/pulp-sdk/configs/json/hero-z-7045.json" time="1.307801">
    <success/>
  </testcase>
  <testcase classname=":libgomp.c:pr39154" name="hero-z-7045@config_file=/home0/alessandro/workspace_PULP/hero/hero-sdk/pulp-sdk/configs/json/hero-z-7045.json" time="1.391941">
    <success/>
  </testcase>
  <testcase classname=":libgomp.c:pr38650" name="hero-z-7045@config_file=/home0/alessandro/workspace_PULP/hero/hero-sdk/pulp-sdk/configs/json/hero-z-7045.json" time="1.283400">
    <success/>
  </testcase>
  <testcase classname=":libgomp.c:pr36802-3" name="hero-z-7045@config_file=/home0/alessandro/workspace_PULP/hero/hero-sdk/pulp-sdk/configs/json/hero-z-7045.json" time="1.225379">
    <success/>
  </testcase>
  <testcase classname=":libgomp.c:pr36802-2" name="hero-z-7045@config_file=/home0/alessandro/workspace_PULP/hero/hero-sdk/pulp-sdk/configs/json/hero-z-7045.json" time="1.267566">
    <success/>
  </testcase>
  <testcase classname=":libgomp.c:pr36802-1" name="hero-z-7045@config_file=/home0/alessandro/workspace_PULP/hero/hero-sdk/pulp-sdk/configs/json/hero-z-7045.json" time="1.298272">
    <success/>
  </testcase>
  <testcase classname=":libgomp.c:pr35625" name="hero-z-7045@config_file=/home0/alessandro/workspace_PULP/hero/hero-sdk/pulp-sdk/configs/json/hero-z-7045.json" time="1.283572">
    <success/>
  </testcase>
  <testcase classname=":libgomp.c:pr35549" name="hero-z-7045@config_file=/home0/alessandro/workspace_PULP/hero/hero-sdk/pulp-sdk/configs/json/hero-z-7045.json" time="1.273627">
    <success/>
  </testcase>
  <testcase classname=":libgomp.c:pr35196" name="hero-z-7045@config_file=/home0/alessandro/workspace_PULP/hero/hero-sdk/pulp-sdk/configs/json/hero-z-7045.json" time="1.363337">
    <success/>
  </testcase>
  <testcase classname=":libgomp.c:pr35130" name="hero-z-7045@config_file=/home0/alessandro/workspace_PULP/hero/hero-sdk/pulp-sdk/configs/json/hero-z-7045.json" time="1.302663">
    <success/>
  </testcase>
  <testcase classname=":libgomp.c:pr34513" name="hero-z-7045@config_file=/home0/alessandro/workspace_PULP/hero/hero-sdk/pulp-sdk/configs/json/hero-z-7045.json" time="1.251867">
    <success/>
  </testcase>
  <testcase classname=":libgomp.c:pr33880" name="hero-z-7045@config_file=/home0/alessandro/workspace_PULP/hero/hero-sdk/pulp-sdk/configs/json/hero-z-7045.json" time="1.356839">
    <success/>
  </testcase>
  <testcase classname=":libgomp.c:pr32468" name="hero-z-7045@config_file=/home0/alessandro/workspace_PULP/hero/hero-sdk/pulp-sdk/configs/json/hero-z-7045.json" time="1.258959">
    <success/>
  </testcase>
  <testcase classname=":libgomp.c:pr32362-3" name="hero-z-7045@config_file=/home0/alessandro/workspace_PULP/hero/hero-sdk/pulp-sdk/configs/json/hero-z-7045.json" time="1.273437">
    <success/>
  </testcase>
  <testcase classname=":libgomp.c:pr32362-2" name="hero-z-7045@config_file=/home0/alessandro/workspace_PULP/hero/hero-sdk/pulp-sdk/configs/json/hero-z-7045.json" time="1.287822">
    <success/>
  </testcase>
  <testcase classname=":libgomp.c:pr32362-1" name="hero-z-7045@config_file=/home0/alessandro/workspace_PULP/hero/hero-sdk/pulp-sdk/configs/json/hero-z-7045.json" time="1.255907">
    <success/>
  </testcase>
  <testcase classname=":libgomp.c:pr30494" name="hero-z-7045@config_file=/home0/alessandro/workspace_PULP/hero/hero-sdk/pulp-sdk/configs/json/hero-z-7045.json" time="1.366161">
    <success/>
  </testcase>
  <testcase classname=":libgomp.c:pr29947-2" name="hero-z-7045@config_file=/home0/alessandro/workspace_PULP/hero/hero-sdk/pulp-sdk/configs/json/hero-z-7045.json" time="1.471411">
    <success/>
  </testcase>
  <testcase classname=":libgomp.c:pr29947-1" name="hero-z-7045@config_file=/home0/alessandro/workspace_PULP/hero/hero-sdk/pulp-sdk/configs/json/hero-z-7045.json" time="1.539720">
    <success/>
  </testcase>
  <testcase classname=":libgomp.c:pr26943-4" name="hero-z-7045@config_file=/home0/alessandro/workspace_PULP/hero/hero-sdk/pulp-sdk/configs/json/hero-z-7045.json" time="1.282046">
    <success/>
  </testcase>
  <testcase classname=":libgomp.c:pr26943-3" name="hero-z-7045@config_file=/home0/alessandro/workspace_PULP/hero/hero-sdk/pulp-sdk/configs/json/hero-z-7045.json" time="1.353441">
    <success/>
  </testcase>
  <testcase classname=":libgomp.c:pr26943-2" name="hero-z-7045@config_file=/home0/alessandro/workspace_PULP/hero/hero-sdk/pulp-sdk/configs/json/hero-z-7045.json" time="1.255888">
    <success/>
  </testcase>
  <testcase classname=":libgomp.c:pr26943-1" name="hero-z-7045@config_file=/home0/alessandro/workspace_PULP/hero/hero-sdk/pulp-sdk/configs/json/hero-z-7045.json" time="1.264962">
    <success/>
  </testcase>
  <testcase classname=":libgomp.c:pr26171" name="hero-z-7045@config_file=/home0/alessandro/workspace_PULP/hero/hero-sdk/pulp-sdk/configs/json/hero-z-7045.json" time="1.294003">
    <success/>
  </testcase>
  <testcase classname=":libgomp.c:pr24455" name="hero-z-7045@config_file=/home0/alessandro/workspace_PULP/hero/hero-sdk/pulp-sdk/configs/json/hero-z-7045.json" time="0.060603">
    <failure>
Running: libgomp.c:pr24455 / hero-z-7045@config_file=/home0/alessandro/workspace_PULP/hero/hero-sdk/pulp-sdk/configs/json/hero-z-7045.json
Using timeout: 30 seconds
Launching test with command: make clean CSRCS=pr24455.c
rm -rf *.o *~ libgomp_testsuite pr24455.o  offload.bin offload.so
Reached EOF with exit status 0
Using timeout: 30 seconds
Launching test with command: make all CSRCS=pr24455.c
arm-linux-gnueabihf-gcc -O3 -g3 -fopenmp -Wall -I. -I../common -I/home0/alessandro/workspace_PULP/hero/hero-sdk/libhero-target/inc    -c -o pr24455.o pr24455.c
arm-linux-gnueabihf-gcc -O3 -g3 -fopenmp -Wall -I. -I../common -I/home0/alessandro/workspace_PULP/hero/hero-sdk/libhero-target/inc  pr24455.o  -L/home0/alessandro/workspace_PULP/hero/hero-sdk/libhero-target/lib -lhero-target -o libgomp_testsuite
pr24455.o: In function `main._omp_fn.0':
/home0/alessandro/workspace_PULP/hero/hero-sdk/libgomp_testsuite/libgomp.c/pr24455.c:19: undefined reference to `i'
/home0/alessandro/workspace_PULP/hero/hero-sdk/libgomp_testsuite/libgomp.c/pr24455.c:19: undefined reference to `i'
/home0/alessandro/workspace_PULP/hero/hero-sdk/libgomp_testsuite/libgomp.c/pr24455.c:19: undefined reference to `i'
pr24455.o: In function `main':
/home0/alessandro/workspace_PULP/hero/hero-sdk/libgomp_testsuite/libgomp.c/pr24455.c:23: undefined reference to `i'
collect2: error: ld returned 1 exit status
/home0/alessandro/workspace_PULP/hero/hero-sdk/hero-openmp-examples/common/default.mk:36: recipe for target 'libgomp_testsuite' failed
make: *** [libgomp_testsuite] Error 1
Reached EOF with exit status 2
</failure>
  </testcase>
  <testcase classname=":libgomp.c:pr24455-1" name="hero-z-7045@config_file=/home0/alessandro/workspace_PULP/hero/hero-sdk/pulp-sdk/configs/json/hero-z-7045.json" time="0.053440">
    <failure>
Running: libgomp.c:pr24455-1 / hero-z-7045@config_file=/home0/alessandro/workspace_PULP/hero/hero-sdk/pulp-sdk/configs/json/hero-z-7045.json
Using timeout: 30 seconds
Launching test with command: make clean CSRCS=pr24455-1.c
rm -rf *.o *~ libgomp_testsuite pr24455-1.o  offload.bin offload.so
Reached EOF with exit status 0
Using timeout: 30 seconds
Launching test with command: make all CSRCS=pr24455-1.c
arm-linux-gnueabihf-gcc -O3 -g3 -fopenmp -Wall -I. -I../common -I/home0/alessandro/workspace_PULP/hero/hero-sdk/libhero-target/inc    -c -o pr24455-1.o pr24455-1.c
arm-linux-gnueabihf-gcc -O3 -g3 -fopenmp -Wall -I. -I../common -I/home0/alessandro/workspace_PULP/hero/hero-sdk/libhero-target/inc  pr24455-1.o  -L/home0/alessandro/workspace_PULP/hero/hero-sdk/libhero-target/lib -lhero-target -o libgomp_testsuite
/home0/alessandro/workspace_PULP/hero/hero-sdk/hero-gcc-toolchain/pkg/hero-gcc-toolchain/arm-linux-gnueabihf/libc/usr/lib/crt1.o: In function `_start':
/home0/alessandro/workspace_PULP/hero/hero-sdk/hero-gcc-toolchain/src/glibc-2.26/csu/../sysdeps/arm/start.S:119: undefined reference to `main'
collect2: error: ld returned 1 exit status
/home0/alessandro/workspace_PULP/hero/hero-sdk/hero-openmp-examples/common/default.mk:36: recipe for target 'libgomp_testsuite' failed
make: *** [libgomp_testsuite] Error 1
Reached EOF with exit status 2
</failure>
  </testcase>
  <testcase classname=":libgomp.c:parloops-exit-first-loop-alt" name="hero-z-7045@config_file=/home0/alessandro/workspace_PULP/hero/hero-sdk/pulp-sdk/configs/json/hero-z-7045.json" time="1.349349">
    <success/>
  </testcase>
  <testcase classname=":libgomp.c:parloops-exit-first-loop-alt-7" name="hero-z-7045@config_file=/home0/alessandro/workspace_PULP/hero/hero-sdk/pulp-sdk/configs/json/hero-z-7045.json" time="1.292143">
    <success/>
  </testcase>
  <testcase classname=":libgomp.c:parloops-exit-first-loop-alt-6" name="hero-z-7045@config_file=/home0/alessandro/workspace_PULP/hero/hero-sdk/pulp-sdk/configs/json/hero-z-7045.json" time="1.315501">
    <success/>
  </testcase>
  <testcase classname=":libgomp.c:parloops-exit-first-loop-alt-5" name="hero-z-7045@config_file=/home0/alessandro/workspace_PULP/hero/hero-sdk/pulp-sdk/configs/json/hero-z-7045.json" time="1.303929">
    <success/>
  </testcase>
  <testcase classname=":libgomp.c:parloops-exit-first-loop-alt-4" name="hero-z-7045@config_file=/home0/alessandro/workspace_PULP/hero/hero-sdk/pulp-sdk/configs/json/hero-z-7045.json" time="1.311927">
    <success/>
  </testcase>
  <testcase classname=":libgomp.c:parloops-exit-first-loop-alt-3" name="hero-z-7045@config_file=/home0/alessandro/workspace_PULP/hero/hero-sdk/pulp-sdk/configs/json/hero-z-7045.json" time="1.319684">
    <success/>
  </testcase>
  <testcase classname=":libgomp.c:parloops-exit-first-loop-alt-2" name="hero-z-7045@config_file=/home0/alessandro/workspace_PULP/hero/hero-sdk/pulp-sdk/configs/json/hero-z-7045.json" time="1.291698">
    <success/>
  </testcase>
  <testcase classname=":libgomp.c:parallel-1" name="hero-z-7045@config_file=/home0/alessandro/workspace_PULP/hero/hero-sdk/pulp-sdk/configs/json/hero-z-7045.json" time="0.043771">
    <failure>
Running: libgomp.c:parallel-1 / hero-z-7045@config_file=/home0/alessandro/workspace_PULP/hero/hero-sdk/pulp-sdk/configs/json/hero-z-7045.json
Using timeout: 30 seconds
Launching test with command: make clean CSRCS=parallel-1.c
rm -rf *.o *~ libgomp_testsuite parallel-1.o  offload.bin offload.so
Reached EOF with exit status 0
Using timeout: 30 seconds
Launching test with command: make all CSRCS=parallel-1.c
arm-linux-gnueabihf-gcc -O3 -g3 -fopenmp -Wall -I. -I../common -I/home0/alessandro/workspace_PULP/hero/hero-sdk/libhero-target/inc    -c -o parallel-1.o parallel-1.c
[01m[Kparallel-1.c:6:10:[m[K [01;31m[Kfatal error: [m[Klibgomp_g.h: No such file or directory
 #include [01;31m[K"libgomp_g.h"[m[K
          [01;31m[K^~~~~~~~~~~~~[m[K
compilation terminated.
&lt;builtin&gt;: recipe for target 'parallel-1.o' failed
make: *** [parallel-1.o] Error 1
Reached EOF with exit status 2
</failure>
  </testcase>
  <testcase classname=":libgomp.c:ordered-5" name="hero-z-7045@config_file=/home0/alessandro/workspace_PULP/hero/hero-sdk/pulp-sdk/configs/json/hero-z-7045.json" time="1.303963">
    <success/>
  </testcase>
  <testcase classname=":libgomp.c:ordered-4" name="hero-z-7045@config_file=/home0/alessandro/workspace_PULP/hero/hero-sdk/pulp-sdk/configs/json/hero-z-7045.json" time="1.272030">
    <success/>
  </testcase>
  <testcase classname=":libgomp.c:ordered-3" name="hero-z-7045@config_file=/home0/alessandro/workspace_PULP/hero/hero-sdk/pulp-sdk/configs/json/hero-z-7045.json" time="1.303995">
    <success/>
  </testcase>
  <testcase classname=":libgomp.c:ordered-2" name="hero-z-7045@config_file=/home0/alessandro/workspace_PULP/hero/hero-sdk/pulp-sdk/configs/json/hero-z-7045.json" time="0.033000">
    <failure>
Running: libgomp.c:ordered-2 / hero-z-7045@config_file=/home0/alessandro/workspace_PULP/hero/hero-sdk/pulp-sdk/configs/json/hero-z-7045.json
Using timeout: 30 seconds
Launching test with command: make clean CSRCS=ordered-2.c
rm -rf *.o *~ libgomp_testsuite ordered-2.o  offload.bin offload.so
Reached EOF with exit status 0
Using timeout: 30 seconds
Launching test with command: make all CSRCS=ordered-2.c
arm-linux-gnueabihf-gcc -O3 -g3 -fopenmp -Wall -I. -I../common -I/home0/alessandro/workspace_PULP/hero/hero-sdk/libhero-target/inc    -c -o ordered-2.o ordered-2.c
[01m[Kordered-2.c:8:10:[m[K [01;31m[Kfatal error: [m[Klibgomp_g.h: No such file or directory
 #include [01;31m[K"libgomp_g.h"[m[K
          [01;31m[K^~~~~~~~~~~~~[m[K
compilation terminated.
&lt;builtin&gt;: recipe for target 'ordered-2.o' failed
make: *** [ordered-2.o] Error 1
Reached EOF with exit status 2
</failure>
  </testcase>
  <testcase classname=":libgomp.c:ordered-1" name="hero-z-7045@config_file=/home0/alessandro/workspace_PULP/hero/hero-sdk/pulp-sdk/configs/json/hero-z-7045.json" time="0.032860">
    <failure>
Running: libgomp.c:ordered-1 / hero-z-7045@config_file=/home0/alessandro/workspace_PULP/hero/hero-sdk/pulp-sdk/configs/json/hero-z-7045.json
Using timeout: 30 seconds
Launching test with command: make clean CSRCS=ordered-1.c
rm -rf *.o *~ libgomp_testsuite ordered-1.o  offload.bin offload.so
Reached EOF with exit status 0
Using timeout: 30 seconds
Launching test with command: make all CSRCS=ordered-1.c
arm-linux-gnueabihf-gcc -O3 -g3 -fopenmp -Wall -I. -I../common -I/home0/alessandro/workspace_PULP/hero/hero-sdk/libhero-target/inc    -c -o ordered-1.o ordered-1.c
[01m[Kordered-1.c:11:10:[m[K [01;31m[Kfatal error: [m[Klibgomp_g.h: No such file or directory
 #include [01;31m[K"libgomp_g.h"[m[K
          [01;31m[K^~~~~~~~~~~~~[m[K
compilation terminated.
&lt;builtin&gt;: recipe for target 'ordered-1.o' failed
make: *** [ordered-1.o] Error 1
Reached EOF with exit status 2
</failure>
  </testcase>
  <testcase classname=":libgomp.c:omp_workshare4" name="hero-z-7045@config_file=/home0/alessandro/workspace_PULP/hero/hero-sdk/pulp-sdk/configs/json/hero-z-7045.json" time="1.324536">
    <success/>
  </testcase>
  <testcase classname=":libgomp.c:omp_workshare3" name="hero-z-7045@config_file=/home0/alessandro/workspace_PULP/hero/hero-sdk/pulp-sdk/configs/json/hero-z-7045.json" time="0.036066">
    <failure>
Running: libgomp.c:omp_workshare3 / hero-z-7045@config_file=/home0/alessandro/workspace_PULP/hero/hero-sdk/pulp-sdk/configs/json/hero-z-7045.json
Using timeout: 30 seconds
Launching test with command: make clean CSRCS=omp_workshare3.c
rm -rf *.o *~ libgomp_testsuite omp_workshare3.o  offload.bin offload.so
Reached EOF with exit status 0
Using timeout: 30 seconds
Launching test with command: make all CSRCS=omp_workshare3.c
arm-linux-gnueabihf-gcc -O3 -g3 -fopenmp -Wall -I. -I../common -I/home0/alessandro/workspace_PULP/hero/hero-sdk/libhero-target/inc    -c -o omp_workshare3.o omp_workshare3.c
[01m[Komp_workshare3.c:[m[K In function '[01m[Kmain[m[K':
[01m[Komp_workshare3.c:34:3:[m[K [01;31m[Kerror: [m[Kfor statement expected before '[01m[K{[m[K' token
   [01;31m[K{[m[K    /* { dg-error "expected" } */
   [01;31m[K^[m[K
&lt;builtin&gt;: recipe for target 'omp_workshare3.o' failed
make: *** [omp_workshare3.o] Error 1
Reached EOF with exit status 2
</failure>
  </testcase>
  <testcase classname=":libgomp.c:omp_workshare2" name="hero-z-7045@config_file=/home0/alessandro/workspace_PULP/hero/hero-sdk/pulp-sdk/configs/json/hero-z-7045.json" time="1.309693">
    <success/>
  </testcase>
  <testcase classname=":libgomp.c:omp_workshare1" name="hero-z-7045@config_file=/home0/alessandro/workspace_PULP/hero/hero-sdk/pulp-sdk/configs/json/hero-z-7045.json" time="1.264238">
    <success/>
  </testcase>
  <testcase classname=":libgomp.c:omp-single-3" name="hero-z-7045@config_file=/home0/alessandro/workspace_PULP/hero/hero-sdk/pulp-sdk/configs/json/hero-z-7045.json" time="1.257323">
    <success/>
  </testcase>
  <testcase classname=":libgomp.c:omp-single-2" name="hero-z-7045@config_file=/home0/alessandro/workspace_PULP/hero/hero-sdk/pulp-sdk/configs/json/hero-z-7045.json" time="1.303660">
    <success/>
  </testcase>
  <testcase classname=":libgomp.c:omp-single-1" name="hero-z-7045@config_file=/home0/alessandro/workspace_PULP/hero/hero-sdk/pulp-sdk/configs/json/hero-z-7045.json" time="1.248253">
    <success/>
  </testcase>
  <testcase classname=":libgomp.c:omp_reduction" name="hero-z-7045@config_file=/home0/alessandro/workspace_PULP/hero/hero-sdk/pulp-sdk/configs/json/hero-z-7045.json" time="1.264021">
    <success/>
  </testcase>
  <testcase classname=":libgomp.c:omp-parallel-if" name="hero-z-7045@config_file=/home0/alessandro/workspace_PULP/hero/hero-sdk/pulp-sdk/configs/json/hero-z-7045.json" time="1.272357">
    <success/>
  </testcase>
  <testcase classname=":libgomp.c:omp-parallel-for" name="hero-z-7045@config_file=/home0/alessandro/workspace_PULP/hero/hero-sdk/pulp-sdk/configs/json/hero-z-7045.json" time="1.278572">
    <success/>
  </testcase>
  <testcase classname=":libgomp.c:omp_orphan" name="hero-z-7045@config_file=/home0/alessandro/workspace_PULP/hero/hero-sdk/pulp-sdk/configs/json/hero-z-7045.json" time="1.332348">
    <success/>
  </testcase>
  <testcase classname=":libgomp.c:omp-nested-3" name="hero-z-7045@config_file=/home0/alessandro/workspace_PULP/hero/hero-sdk/pulp-sdk/configs/json/hero-z-7045.json" time="1.252664">
    <success/>
  </testcase>
  <testcase classname=":libgomp.c:omp-nested-2" name="hero-z-7045@config_file=/home0/alessandro/workspace_PULP/hero/hero-sdk/pulp-sdk/configs/json/hero-z-7045.json" time="1.363692">
    <success/>
  </testcase>
  <testcase classname=":libgomp.c:omp-nested-1" name="hero-z-7045@config_file=/home0/alessandro/workspace_PULP/hero/hero-sdk/pulp-sdk/configs/json/hero-z-7045.json" time="1.264077">
    <success/>
  </testcase>
  <testcase classname=":libgomp.c:omp_matvec" name="hero-z-7045@config_file=/home0/alessandro/workspace_PULP/hero/hero-sdk/pulp-sdk/configs/json/hero-z-7045.json" time="1.284510">
    <success/>
  </testcase>
  <testcase classname=":libgomp.c:omp-loop03" name="hero-z-7045@config_file=/home0/alessandro/workspace_PULP/hero/hero-sdk/pulp-sdk/configs/json/hero-z-7045.json" time="1.273279">
    <success/>
  </testcase>
  <testcase classname=":libgomp.c:omp-loop02" name="hero-z-7045@config_file=/home0/alessandro/workspace_PULP/hero/hero-sdk/pulp-sdk/configs/json/hero-z-7045.json" time="1.359870">
    <success/>
  </testcase>
  <testcase classname=":libgomp.c:omp-loop01" name="hero-z-7045@config_file=/home0/alessandro/workspace_PULP/hero/hero-sdk/pulp-sdk/configs/json/hero-z-7045.json" time="1.303282">
    <success/>
  </testcase>
  <testcase classname=":libgomp.c:omp_hello" name="hero-z-7045@config_file=/home0/alessandro/workspace_PULP/hero/hero-sdk/pulp-sdk/configs/json/hero-z-7045.json" time="1.269088">
    <success/>
  </testcase>
  <testcase classname=":libgomp.c:nqueens-1" name="hero-z-7045@config_file=/home0/alessandro/workspace_PULP/hero/hero-sdk/pulp-sdk/configs/json/hero-z-7045.json" time="1.298544">
    <success/>
  </testcase>
  <testcase classname=":libgomp.c:nonmonotonic-2" name="hero-z-7045@config_file=/home0/alessandro/workspace_PULP/hero/hero-sdk/pulp-sdk/configs/json/hero-z-7045.json" time="1.356328">
    <success/>
  </testcase>
  <testcase classname=":libgomp.c:nonmonotonic-1" name="hero-z-7045@config_file=/home0/alessandro/workspace_PULP/hero/hero-sdk/pulp-sdk/configs/json/hero-z-7045.json" time="1.323878">
    <success/>
  </testcase>
  <testcase classname=":libgomp.c:nestedfn-6" name="hero-z-7045@config_file=/home0/alessandro/workspace_PULP/hero/hero-sdk/pulp-sdk/configs/json/hero-z-7045.json" time="1.259818">
    <success/>
  </testcase>
  <testcase classname=":libgomp.c:nestedfn-5" name="hero-z-7045@config_file=/home0/alessandro/workspace_PULP/hero/hero-sdk/pulp-sdk/configs/json/hero-z-7045.json" time="1.239639">
    <success/>
  </testcase>
  <testcase classname=":libgomp.c:nestedfn-4" name="hero-z-7045@config_file=/home0/alessandro/workspace_PULP/hero/hero-sdk/pulp-sdk/configs/json/hero-z-7045.json" time="1.256082">
    <success/>
  </testcase>
  <testcase classname=":libgomp.c:nestedfn-3" name="hero-z-7045@config_file=/home0/alessandro/workspace_PULP/hero/hero-sdk/pulp-sdk/configs/json/hero-z-7045.json" time="1.251564">
    <success/>
  </testcase>
  <testcase classname=":libgomp.c:nestedfn-2" name="hero-z-7045@config_file=/home0/alessandro/workspace_PULP/hero/hero-sdk/pulp-sdk/configs/json/hero-z-7045.json" time="1.251248">
    <success/>
  </testcase>
  <testcase classname=":libgomp.c:nestedfn-1" name="hero-z-7045@config_file=/home0/alessandro/workspace_PULP/hero/hero-sdk/pulp-sdk/configs/json/hero-z-7045.json" time="1.316256">
    <success/>
  </testcase>
  <testcase classname=":libgomp.c:nested-3" name="hero-z-7045@config_file=/home0/alessandro/workspace_PULP/hero/hero-sdk/pulp-sdk/configs/json/hero-z-7045.json" time="1.284687">
    <success/>
  </testcase>
  <testcase classname=":libgomp.c:nested-2" name="hero-z-7045@config_file=/home0/alessandro/workspace_PULP/hero/hero-sdk/pulp-sdk/configs/json/hero-z-7045.json" time="1.375208">
    <success/>
  </testcase>
  <testcase classname=":libgomp.c:nested-1" name="hero-z-7045@config_file=/home0/alessandro/workspace_PULP/hero/hero-sdk/pulp-sdk/configs/json/hero-z-7045.json" time="1.247800">
    <success/>
  </testcase>
  <testcase classname=":libgomp.c:monotonic-2" name="hero-z-7045@config_file=/home0/alessandro/workspace_PULP/hero/hero-sdk/pulp-sdk/configs/json/hero-z-7045.json" time="1.367508">
    <success/>
  </testcase>
  <testcase classname=":libgomp.c:monotonic-1" name="hero-z-7045@config_file=/home0/alessandro/workspace_PULP/hero/hero-sdk/pulp-sdk/configs/json/hero-z-7045.json" time="1.383754">
    <success/>
  </testcase>
  <testcase classname=":libgomp.c:loop-9" name="hero-z-7045@config_file=/home0/alessandro/workspace_PULP/hero/hero-sdk/pulp-sdk/configs/json/hero-z-7045.json" time="1.247618">
    <success/>
  </testcase>
  <testcase classname=":libgomp.c:loop-8" name="hero-z-7045@config_file=/home0/alessandro/workspace_PULP/hero/hero-sdk/pulp-sdk/configs/json/hero-z-7045.json" time="1.272243">
    <success/>
  </testcase>
  <testcase classname=":libgomp.c:loop-7" name="hero-z-7045@config_file=/home0/alessandro/workspace_PULP/hero/hero-sdk/pulp-sdk/configs/json/hero-z-7045.json" time="1.279427">
    <success/>
  </testcase>
  <testcase classname=":libgomp.c:loop-6" name="hero-z-7045@config_file=/home0/alessandro/workspace_PULP/hero/hero-sdk/pulp-sdk/configs/json/hero-z-7045.json" time="1.508271">
    <success/>
  </testcase>
  <testcase classname=":libgomp.c:loop-5" name="hero-z-7045@config_file=/home0/alessandro/workspace_PULP/hero/hero-sdk/pulp-sdk/configs/json/hero-z-7045.json" time="1.536717">
    <success/>
  </testcase>
  <testcase classname=":libgomp.c:loop-4" name="hero-z-7045@config_file=/home0/alessandro/workspace_PULP/hero/hero-sdk/pulp-sdk/configs/json/hero-z-7045.json" time="1.263517">
    <success/>
  </testcase>
  <testcase classname=":libgomp.c:loop-3" name="hero-z-7045@config_file=/home0/alessandro/workspace_PULP/hero/hero-sdk/pulp-sdk/configs/json/hero-z-7045.json" time="1.255292">
    <success/>
  </testcase>
  <testcase classname=":libgomp.c:loop-2" name="hero-z-7045@config_file=/home0/alessandro/workspace_PULP/hero/hero-sdk/pulp-sdk/configs/json/hero-z-7045.json" time="0.033960">
    <failure>
Running: libgomp.c:loop-2 / hero-z-7045@config_file=/home0/alessandro/workspace_PULP/hero/hero-sdk/pulp-sdk/configs/json/hero-z-7045.json
Using timeout: 30 seconds
Launching test with command: make clean CSRCS=loop-2.c
rm -rf *.o *~ libgomp_testsuite loop-2.o  offload.bin offload.so
Reached EOF with exit status 0
Using timeout: 30 seconds
Launching test with command: make all CSRCS=loop-2.c
arm-linux-gnueabihf-gcc -O3 -g3 -fopenmp -Wall -I. -I../common -I/home0/alessandro/workspace_PULP/hero/hero-sdk/libhero-target/inc    -c -o loop-2.o loop-2.c
[01m[Kloop-2.c:10:10:[m[K [01;31m[Kfatal error: [m[Klibgomp_g.h: No such file or directory
 #include [01;31m[K"libgomp_g.h"[m[K
          [01;31m[K^~~~~~~~~~~~~[m[K
compilation terminated.
&lt;builtin&gt;: recipe for target 'loop-2.o' failed
make: *** [loop-2.o] Error 1
Reached EOF with exit status 2
</failure>
  </testcase>
  <testcase classname=":libgomp.c:loop-1" name="hero-z-7045@config_file=/home0/alessandro/workspace_PULP/hero/hero-sdk/pulp-sdk/configs/json/hero-z-7045.json" time="0.031931">
    <failure>
Running: libgomp.c:loop-1 / hero-z-7045@config_file=/home0/alessandro/workspace_PULP/hero/hero-sdk/pulp-sdk/configs/json/hero-z-7045.json
Using timeout: 30 seconds
Launching test with command: make clean CSRCS=loop-1.c
rm -rf *.o *~ libgomp_testsuite loop-1.o  offload.bin offload.so
Reached EOF with exit status 0
Using timeout: 30 seconds
Launching test with command: make all CSRCS=loop-1.c
arm-linux-gnueabihf-gcc -O3 -g3 -fopenmp -Wall -I. -I../common -I/home0/alessandro/workspace_PULP/hero/hero-sdk/libhero-target/inc    -c -o loop-1.o loop-1.c
[01m[Kloop-1.c:9:10:[m[K [01;31m[Kfatal error: [m[Klibgomp_g.h: No such file or directory
 #include [01;31m[K"libgomp_g.h"[m[K
          [01;31m[K^~~~~~~~~~~~~[m[K
compilation terminated.
&lt;builtin&gt;: recipe for target 'loop-1.o' failed
make: *** [loop-1.o] Error 1
Reached EOF with exit status 2
</failure>
  </testcase>
  <testcase classname=":libgomp.c:loop-16" name="hero-z-7045@config_file=/home0/alessandro/workspace_PULP/hero/hero-sdk/pulp-sdk/configs/json/hero-z-7045.json" time="1.245552">
    <success/>
  </testcase>
  <testcase classname=":libgomp.c:loop-15" name="hero-z-7045@config_file=/home0/alessandro/workspace_PULP/hero/hero-sdk/pulp-sdk/configs/json/hero-z-7045.json" time="1.444055">
    <success/>
  </testcase>
  <testcase classname=":libgomp.c:loop-14" name="hero-z-7045@config_file=/home0/alessandro/workspace_PULP/hero/hero-sdk/pulp-sdk/configs/json/hero-z-7045.json" time="1.451749">
    <success/>
  </testcase>
  <testcase classname=":libgomp.c:loop-13" name="hero-z-7045@config_file=/home0/alessandro/workspace_PULP/hero/hero-sdk/pulp-sdk/configs/json/hero-z-7045.json" time="1.415698">
    <success/>
  </testcase>
  <testcase classname=":libgomp.c:loop-12" name="hero-z-7045@config_file=/home0/alessandro/workspace_PULP/hero/hero-sdk/pulp-sdk/configs/json/hero-z-7045.json" time="1.508247">
    <success/>
  </testcase>
  <testcase classname=":libgomp.c:loop-11" name="hero-z-7045@config_file=/home0/alessandro/workspace_PULP/hero/hero-sdk/pulp-sdk/configs/json/hero-z-7045.json" time="1.561323">
    <success/>
  </testcase>
  <testcase classname=":libgomp.c:loop-10" name="hero-z-7045@config_file=/home0/alessandro/workspace_PULP/hero/hero-sdk/pulp-sdk/configs/json/hero-z-7045.json" time="1.259516">
    <success/>
  </testcase>
  <testcase classname=":libgomp.c:lock-3" name="hero-z-7045@config_file=/home0/alessandro/workspace_PULP/hero/hero-sdk/pulp-sdk/configs/json/hero-z-7045.json" time="0.082907">
    <failure>
Running: libgomp.c:lock-3 / hero-z-7045@config_file=/home0/alessandro/workspace_PULP/hero/hero-sdk/pulp-sdk/configs/json/hero-z-7045.json
Using timeout: 30 seconds
Launching test with command: make clean CSRCS=lock-3.c
rm -rf *.o *~ libgomp_testsuite lock-3.o  offload.bin offload.so
Reached EOF with exit status 0
Using timeout: 30 seconds
Launching test with command: make all CSRCS=lock-3.c
arm-linux-gnueabihf-gcc -O3 -g3 -fopenmp -Wall -I. -I../common -I/home0/alessandro/workspace_PULP/hero/hero-sdk/libhero-target/inc    -c -o lock-3.o lock-3.c
[01m[Klock-3.c:[m[K In function '[01m[Ktf[m[K':
[01m[Klock-3.c:16:7:[m[K [01;35m[Kwarning: [m[Kunused variable '[01m[Kl[m[K' [[01;35m[K-Wunused-variable[m[K]
   int [01;35m[Kl[m[K;
       [01;35m[K^[m[K
arm-linux-gnueabihf-gcc -O3 -g3 -fopenmp -Wall -I. -I../common -I/home0/alessandro/workspace_PULP/hero/hero-sdk/libhero-target/inc  lock-3.o  -L/home0/alessandro/workspace_PULP/hero/hero-sdk/libhero-target/lib -lhero-target -o libgomp_testsuite
/home0/alessandro/workspace_PULP/hero/hero-sdk/hero-gcc-toolchain/pkg/hero-gcc-toolchain/lib/gcc/arm-linux-gnueabihf/7.1.1/../../../../arm-linux-gnueabihf/bin/ld: lock-3.o: undefined reference to symbol 'pthread_join@@GLIBC_2.4'
/home0/alessandro/workspace_PULP/hero/hero-sdk/hero-gcc-toolchain/pkg/hero-gcc-toolchain/arm-linux-gnueabihf/libc/lib/libpthread.so.0: error adding symbols: DSO missing from command line
collect2: error: ld returned 1 exit status
/home0/alessandro/workspace_PULP/hero/hero-sdk/hero-openmp-examples/common/default.mk:36: recipe for target 'libgomp_testsuite' failed
make: *** [libgomp_testsuite] Error 1
Reached EOF with exit status 2
</failure>
  </testcase>
  <testcase classname=":libgomp.c:lock-2" name="hero-z-7045@config_file=/home0/alessandro/workspace_PULP/hero/hero-sdk/pulp-sdk/configs/json/hero-z-7045.json" time="1.256478">
    <success/>
  </testcase>
  <testcase classname=":libgomp.c:lock-1" name="hero-z-7045@config_file=/home0/alessandro/workspace_PULP/hero/hero-sdk/pulp-sdk/configs/json/hero-z-7045.json" time="1.299898">
    <success/>
  </testcase>
  <testcase classname=":libgomp.c:linear-1" name="hero-z-7045@config_file=/home0/alessandro/workspace_PULP/hero/hero-sdk/pulp-sdk/configs/json/hero-z-7045.json" time="1.524068">
    <success/>
  </testcase>
  <testcase classname=":libgomp.c:lib-2" name="hero-z-7045@config_file=/home0/alessandro/workspace_PULP/hero/hero-sdk/pulp-sdk/configs/json/hero-z-7045.json" time="1.291474">
    <success/>
  </testcase>
  <testcase classname=":libgomp.c:lib-1" name="hero-z-7045@config_file=/home0/alessandro/workspace_PULP/hero/hero-sdk/pulp-sdk/configs/json/hero-z-7045.json" time="1.320234">
    <success/>
  </testcase>
  <testcase classname=":libgomp.c:icv-2" name="hero-z-7045@config_file=/home0/alessandro/workspace_PULP/hero/hero-sdk/pulp-sdk/configs/json/hero-z-7045.json" time="0.072490">
    <failure>
Running: libgomp.c:icv-2 / hero-z-7045@config_file=/home0/alessandro/workspace_PULP/hero/hero-sdk/pulp-sdk/configs/json/hero-z-7045.json
Using timeout: 30 seconds
Launching test with command: make clean CSRCS=icv-2.c
rm -rf *.o *~ libgomp_testsuite icv-2.o  offload.bin offload.so
Reached EOF with exit status 0
Using timeout: 30 seconds
Launching test with command: make all CSRCS=icv-2.c
arm-linux-gnueabihf-gcc -O3 -g3 -fopenmp -Wall -I. -I../common -I/home0/alessandro/workspace_PULP/hero/hero-sdk/libhero-target/inc    -c -o icv-2.o icv-2.c
arm-linux-gnueabihf-gcc -O3 -g3 -fopenmp -Wall -I. -I../common -I/home0/alessandro/workspace_PULP/hero/hero-sdk/libhero-target/inc  icv-2.o  -L/home0/alessandro/workspace_PULP/hero/hero-sdk/libhero-target/lib -lhero-target -o libgomp_testsuite
/home0/alessandro/workspace_PULP/hero/hero-sdk/hero-gcc-toolchain/pkg/hero-gcc-toolchain/lib/gcc/arm-linux-gnueabihf/7.1.1/../../../../arm-linux-gnueabihf/bin/ld: icv-2.o: undefined reference to symbol 'pthread_join@@GLIBC_2.4'
/home0/alessandro/workspace_PULP/hero/hero-sdk/hero-gcc-toolchain/pkg/hero-gcc-toolchain/arm-linux-gnueabihf/libc/lib/libpthread.so.0: error adding symbols: DSO missing from command line
collect2: error: ld returned 1 exit status
/home0/alessandro/workspace_PULP/hero/hero-sdk/hero-openmp-examples/common/default.mk:36: recipe for target 'libgomp_testsuite' failed
make: *** [libgomp_testsuite] Error 1
Reached EOF with exit status 2
</failure>
  </testcase>
  <testcase classname=":libgomp.c:icv-1" name="hero-z-7045@config_file=/home0/alessandro/workspace_PULP/hero/hero-sdk/pulp-sdk/configs/json/hero-z-7045.json" time="1.278556">
    <success/>
  </testcase>
  <testcase classname=":libgomp.c:for-6" name="hero-z-7045@config_file=/home0/alessandro/workspace_PULP/hero/hero-sdk/pulp-sdk/configs/json/hero-z-7045.json" time="12.332518">
    <failure>
Running: libgomp.c:for-6 / hero-z-7045@config_file=/home0/alessandro/workspace_PULP/hero/hero-sdk/pulp-sdk/configs/json/hero-z-7045.json
Using timeout: 30 seconds
Launching test with command: make clean CSRCS=for-6.c
rm -rf *.o *~ libgomp_testsuite for-6.o  offload.bin offload.so
Reached EOF with exit status 0
Using timeout: 30 seconds
Launching test with command: make all CSRCS=for-6.c
arm-linux-gnueabihf-gcc -O3 -g3 -fopenmp -Wall -I. -I../common -I/home0/alessandro/workspace_PULP/hero/hero-sdk/libhero-target/inc    -c -o for-6.o for-6.c
In file included from [01m[Kfor-6.c:54:0[m[K:
[01m[Kfor-6.c:[m[K In function '[01m[Kf13_tds_normal[m[K':
[01m[Kfor-2.h:190:1:[m[K [01;35m[Kwarning: [m[K'[01m[Ki[m[K' is used uninitialized in this function [[01;35m[K-Wuninitialized[m[K]
 [01;35m[K  O[m[KMPTGT
 [01;35m[K^[m[K [01;35m[K~[m[K
[01m[Kfor-6.c:[m[K In function '[01m[Kf14_tds_normal[m[K':
[01m[Kfor-2.h:200:1:[m[K [01;35m[Kwarning: [m[K'[01m[Ki[m[K' is used uninitialized in this function [[01;35m[K-Wuninitialized[m[K]
 [01;35m[K  O[m[KMPTGT
 [01;35m[K^[m[K [01;35m[K~[m[K
In file included from [01m[Kfor-6.c:64:0[m[K:
[01m[Kfor-6.c:[m[K In function '[01m[Kf13_tds_ds128_normal[m[K':
[01m[Kfor-2.h:190:1:[m[K [01;35m[Kwarning: [m[K'[01m[Ki[m[K' is used uninitialized in this function [[01;35m[K-Wuninitialized[m[K]
 [01;35m[K  O[m[KMPTGT
 [01;35m[K^[m[K [01;35m[K~[m[K
[01m[Kfor-6.c:[m[K In function '[01m[Kf14_tds_ds128_normal[m[K':
[01m[Kfor-2.h:200:1:[m[K [01;35m[Kwarning: [m[K'[01m[Ki[m[K' is used uninitialized in this function [[01;35m[K-Wuninitialized[m[K]
 [01;35m[K  O[m[KMPTGT
 [01;35m[K^[m[K [01;35m[K~[m[K
In file included from [01m[Kfor-1.h:3:0[m[K,
                 from [01m[Kfor-6.c:84[m[K:
[01m[Kfor-6.c:[m[K In function '[01m[Kf13_tdpfs_static[m[K':
[01m[Kfor-2.h:190:1:[m[K [01;35m[Kwarning: [m[K'[01m[Ki[m[K' is used uninitialized in this function [[01;35m[K-Wuninitialized[m[K]
 [01;35m[K  O[m[KMPTGT
 [01;35m[K^[m[K [01;35m[K~[m[K
[01m[Kfor-6.c:[m[K In function '[01m[Kf14_tdpfs_static[m[K':
[01m[Kfor-2.h:200:1:[m[K [01;35m[Kwarning: [m[K'[01m[Ki[m[K' is used uninitialized in this function [[01;35m[K-Wuninitialized[m[K]
 [01;35m[K  O[m[KMPTGT
 [01;35m[K^[m[K [01;35m[K~[m[K
In file included from [01m[Kfor-1.h:8:0[m[K,
                 from [01m[Kfor-6.c:84[m[K:
[01m[Kfor-6.c:[m[K In function '[01m[Kf13_tdpfs_static32[m[K':
[01m[Kfor-2.h:190:1:[m[K [01;35m[Kwarning: [m[K'[01m[Ki[m[K' is used uninitialized in this function [[01;35m[K-Wuninitialized[m[K]
 [01;35m[K  O[m[KMPTGT
 [01;35m[K^[m[K [01;35m[K~[m[K
[01m[Kfor-6.c:[m[K In function '[01m[Kf14_tdpfs_static32[m[K':
[01m[Kfor-2.h:200:1:[m[K [01;35m[Kwarning: [m[K'[01m[Ki[m[K' is used uninitialized in this function [[01;35m[K-Wuninitialized[m[K]
 [01;35m[K  O[m[KMPTGT
 [01;35m[K^[m[K [01;35m[K~[m[K
In file included from [01m[Kfor-1.h:13:0[m[K,
                 from [01m[Kfor-6.c:84[m[K:
[01m[Kfor-6.c:[m[K In function '[01m[Kf13_tdpfs_auto[m[K':
[01m[Kfor-2.h:190:1:[m[K [01;35m[Kwarning: [m[K'[01m[Ki[m[K' is used uninitialized in this function [[01;35m[K-Wuninitialized[m[K]
 [01;35m[K  O[m[KMPTGT
 [01;35m[K^[m[K [01;35m[K~[m[K
[01m[Kfor-6.c:[m[K In function '[01m[Kf14_tdpfs_auto[m[K':
[01m[Kfor-2.h:200:1:[m[K [01;35m[Kwarning: [m[K'[01m[Ki[m[K' is used uninitialized in this function [[01;35m[K-Wuninitialized[m[K]
 [01;35m[K  O[m[KMPTGT
 [01;35m[K^[m[K [01;35m[K~[m[K
In file included from [01m[Kfor-1.h:18:0[m[K,
                 from [01m[Kfor-6.c:84[m[K:
[01m[Kfor-6.c:[m[K In function '[01m[Kf13_tdpfs_guided32[m[K':
[01m[Kfor-2.h:190:1:[m[K [01;35m[Kwarning: [m[K'[01m[Ki[m[K' is used uninitialized in this function [[01;35m[K-Wuninitialized[m[K]
 [01;35m[K  O[m[KMPTGT
 [01;35m[K^[m[K [01;35m[K~[m[K
[01m[Kfor-6.c:[m[K In function '[01m[Kf14_tdpfs_guided32[m[K':
[01m[Kfor-2.h:200:1:[m[K [01;35m[Kwarning: [m[K'[01m[Ki[m[K' is used uninitialized in this function [[01;35m[K-Wuninitialized[m[K]
 [01;35m[K  O[m[KMPTGT
 [01;35m[K^[m[K [01;35m[K~[m[K
In file included from [01m[Kfor-1.h:23:0[m[K,
                 from [01m[Kfor-6.c:84[m[K:
[01m[Kfor-6.c:[m[K In function '[01m[Kf13_tdpfs_runtime[m[K':
[01m[Kfor-2.h:190:1:[m[K [01;35m[Kwarning: [m[K'[01m[Ki[m[K' is used uninitialized in this function [[01;35m[K-Wuninitialized[m[K]
 [01;35m[K  O[m[KMPTGT
 [01;35m[K^[m[K [01;35m[K~[m[K
[01m[Kfor-6.c:[m[K In function '[01m[Kf14_tdpfs_runtime[m[K':
[01m[Kfor-2.h:200:1:[m[K [01;35m[Kwarning: [m[K'[01m[Ki[m[K' is used uninitialized in this function [[01;35m[K-Wuninitialized[m[K]
 [01;35m[K  O[m[KMPTGT
 [01;35m[K^[m[K [01;35m[K~[m[K
In file included from [01m[Kfor-1.h:3:0[m[K,
                 from [01m[Kfor-6.c:90[m[K:
[01m[Kfor-6.c:[m[K In function '[01m[Kf13_tdpfs_ds128_static[m[K':
[01m[Kfor-2.h:190:1:[m[K [01;35m[Kwarning: [m[K'[01m[Ki[m[K' is used uninitialized in this function [[01;35m[K-Wuninitialized[m[K]
 [01;35m[K  O[m[KMPTGT
 [01;35m[K^[m[K [01;35m[K~[m[K
[01m[Kfor-6.c:[m[K In function '[01m[Kf14_tdpfs_ds128_static[m[K':
[01m[Kfor-2.h:200:1:[m[K [01;35m[Kwarning: [m[K'[01m[Ki[m[K' is used uninitialized in this function [[01;35m[K-Wuninitialized[m[K]
 [01;35m[K  O[m[KMPTGT
 [01;35m[K^[m[K [01;35m[K~[m[K
In file included from [01m[Kfor-1.h:8:0[m[K,
                 from [01m[Kfor-6.c:90[m[K:
[01m[Kfor-6.c:[m[K In function '[01m[Kf13_tdpfs_ds128_static32[m[K':
[01m[Kfor-2.h:190:1:[m[K [01;35m[Kwarning: [m[K'[01m[Ki[m[K' is used uninitialized in this function [[01;35m[K-Wuninitialized[m[K]
 [01;35m[K  O[m[KMPTGT
 [01;35m[K^[m[K [01;35m[K~[m[K
[01m[Kfor-6.c:[m[K In function '[01m[Kf14_tdpfs_ds128_static32[m[K':
[01m[Kfor-2.h:200:1:[m[K [01;35m[Kwarning: [m[K'[01m[Ki[m[K' is used uninitialized in this function [[01;35m[K-Wuninitialized[m[K]
 [01;35m[K  O[m[KMPTGT
 [01;35m[K^[m[K [01;35m[K~[m[K
In file included from [01m[Kfor-1.h:13:0[m[K,
                 from [01m[Kfor-6.c:90[m[K:
[01m[Kfor-6.c:[m[K In function '[01m[Kf13_tdpfs_ds128_auto[m[K':
[01m[Kfor-2.h:190:1:[m[K [01;35m[Kwarning: [m[K'[01m[Ki[m[K' is used uninitialized in this function [[01;35m[K-Wuninitialized[m[K]
 [01;35m[K  O[m[KMPTGT
 [01;35m[K^[m[K [01;35m[K~[m[K
[01m[Kfor-6.c:[m[K In function '[01m[Kf14_tdpfs_ds128_auto[m[K':
[01m[Kfor-2.h:200:1:[m[K [01;35m[Kwarning: [m[K'[01m[Ki[m[K' is used uninitialized in this function [[01;35m[K-Wuninitialized[m[K]
 [01;35m[K  O[m[KMPTGT
 [01;35m[K^[m[K [01;35m[K~[m[K
In file included from [01m[Kfor-1.h:18:0[m[K,
                 from [01m[Kfor-6.c:90[m[K:
[01m[Kfor-6.c:[m[K In function '[01m[Kf13_tdpfs_ds128_guided32[m[K':
[01m[Kfor-2.h:190:1:[m[K [01;35m[Kwarning: [m[K'[01m[Ki[m[K' is used uninitialized in this function [[01;35m[K-Wuninitialized[m[K]
 [01;35m[K  O[m[KMPTGT
 [01;35m[K^[m[K [01;35m[K~[m[K
[01m[Kfor-6.c:[m[K In function '[01m[Kf14_tdpfs_ds128_guided32[m[K':
[01m[Kfor-2.h:200:1:[m[K [01;35m[Kwarning: [m[K'[01m[Ki[m[K' is used uninitialized in this function [[01;35m[K-Wuninitialized[m[K]
 [01;35m[K  O[m[KMPTGT
 [01;35m[K^[m[K [01;35m[K~[m[K
In file included from [01m[Kfor-1.h:23:0[m[K,
                 from [01m[Kfor-6.c:90[m[K:
[01m[Kfor-6.c:[m[K In function '[01m[Kf13_tdpfs_ds128_runtime[m[K':
[01m[Kfor-2.h:190:1:[m[K [01;35m[Kwarning: [m[K'[01m[Ki[m[K' is used uninitialized in this function [[01;35m[K-Wuninitialized[m[K]
 [01;35m[K  O[m[KMPTGT
 [01;35m[K^[m[K [01;35m[K~[m[K
[01m[Kfor-6.c:[m[K In function '[01m[Kf14_tdpfs_ds128_runtime[m[K':
[01m[Kfor-2.h:200:1:[m[K [01;35m[Kwarning: [m[K'[01m[Ki[m[K' is used uninitialized in this function [[01;35m[K-Wuninitialized[m[K]
 [01;35m[K  O[m[KMPTGT
 [01;35m[K^[m[K [01;35m[K~[m[K
D.39522[0][m[K'In file included from [01m[Kfor-1.h:3:0[m[K,
                 from [01m[Kfor-6.c:84[m[K:
[01m[Kfor-2.h:[m[K In function '[01m[Kf12_tdpfs_static._omp_fn.385[m[K':
[01m[Kfor-2.h:175:9:[m[K [01;35m[Kwarning: [m[K may be used uninitialized in this function [[01;35m[K-Wmaybe-uninitialized[m[K]
 #pragma [01;35m[Komp[m[K F S collapse(3)
         [01;35m[K^~~[m[K
D.45592[0][m[K'In file included from [01m[Kfor-1.h:13:0[m[K,
                 from [01m[Kfor-6.c:84[m[K:
[01m[Kfor-2.h:[m[K In function '[01m[Kf12_tdpfs_auto._omp_fn.445[m[K':
[01m[Kfor-2.h:175:9:[m[K [01;35m[Kwarning: [m[K may be used uninitialized in this function [[01;35m[K-Wmaybe-uninitialized[m[K]
 #pragma [01;35m[Komp[m[K F S collapse(3)
         [01;35m[K^~~[m[K
D.54358[0][m[K'In file included from [01m[Kfor-1.h:3:0[m[K,
                 from [01m[Kfor-6.c:90[m[K:
[01m[Kfor-2.h:[m[K In function '[01m[Kf12_tdpfs_ds128_static._omp_fn.535[m[K':
[01m[Kfor-2.h:175:9:[m[K [01;35m[Kwarning: [m[K may be used uninitialized in this function [[01;35m[K-Wmaybe-uninitialized[m[K]
 #pragma [01;35m[Komp[m[K F S collapse(3)
         [01;35m[K^~~[m[K
D.60568[0][m[K'In file included from [01m[Kfor-1.h:13:0[m[K,
                 from [01m[Kfor-6.c:90[m[K:
[01m[Kfor-2.h:[m[K In function '[01m[Kf12_tdpfs_ds128_auto._omp_fn.595[m[K':
[01m[Kfor-2.h:175:9:[m[K [01;35m[Kwarning: [m[K may be used uninitialized in this function [[01;35m[K-Wmaybe-uninitialized[m[K]
 #pragma [01;35m[Komp[m[K F S collapse(3)
         [01;35m[K^~~[m[K
arm-linux-gnueabihf-gcc -O3 -g3 -fopenmp -Wall -I. -I../common -I/home0/alessandro/workspace_PULP/hero/hero-sdk/libhero-target/inc  for-6.o  -L/home0/alessandro/workspace_PULP/hero/hero-sdk/libhero-target/lib -lhero-target -o libgomp_testsuite
D.6166[0]'for-2.h: In function 'f12_tdpfs_static._omp_fn.385':
for-2.h:175:9: warning:  may be used uninitialized in this function [-Wmaybe-uninitialized]
 #pragma omp F S collapse(3)
         ^
D.6732[0]'for-2.h: In function 'f12_tdpfs_auto._omp_fn.445':
for-2.h:175:9: warning:  may be used uninitialized in this function [-Wmaybe-uninitialized]
 #pragma omp F S collapse(3)
         ^
D.6973[0]'for-2.h: In function 'f12_tdpfs_ds128_static._omp_fn.535':
for-2.h:175:9: warning:  may be used uninitialized in this function [-Wmaybe-uninitialized]
 #pragma omp F S collapse(3)
         ^
D.7539[0]'for-2.h: In function 'f12_tdpfs_ds128_auto._omp_fn.595':
for-2.h:175:9: warning:  may be used uninitialized in this function [-Wmaybe-uninitialized]
 #pragma omp F S collapse(3)
         ^
/tmp/cc4kx62S_offload.o: In function `f0_tdpf_guided32._omp_fn.151':
&lt;artificial&gt;:(.text.f0_tdpf_guided32._omp_fn.151+0xa): undefined reference to `GOMP_loop_guided_next'
&lt;artificial&gt;:(.text.f0_tdpf_guided32._omp_fn.151+0x4a): undefined reference to `GOMP_loop_guided_next'
/tmp/cc4kx62S_offload.o: In function `f7_tdpf_guided32._omp_fn.165':
&lt;artificial&gt;:(.text.f7_tdpf_guided32._omp_fn.165+0x20): undefined reference to `GOMP_loop_guided_next'
&lt;artificial&gt;:(.text.f7_tdpf_guided32._omp_fn.165+0x12e): undefined reference to `GOMP_loop_guided_next'
/tmp/cc4kx62S_offload.o: In function `f0_tdpf_ds128_guided32._omp_fn.301':
&lt;artificial&gt;:(.text.f0_tdpf_ds128_guided32._omp_fn.301+0xa): undefined reference to `GOMP_loop_guided_next'
/tmp/cc4kx62S_offload.o:&lt;artificial&gt;:(.text.f0_tdpf_ds128_guided32._omp_fn.301+0x4a): more undefined references to `GOMP_loop_guided_next' follow
/tmp/cc4kx62S_offload.o: In function `f1_tdpf_guided32._omp_fn.153':
&lt;artificial&gt;:(.text.f1_tdpf_guided32._omp_fn.153+0x2c): undefined reference to `GOMP_loop_ull_guided_start'
&lt;artificial&gt;:(.text.f1_tdpf_guided32._omp_fn.153+0x78): undefined reference to `GOMP_loop_ull_guided_next'
/tmp/cc4kx62S_offload.o: In function `f2_tdpf_guided32._omp_fn.155':
&lt;artificial&gt;:(.text.f2_tdpf_guided32._omp_fn.155+0x34): undefined reference to `GOMP_loop_ull_guided_start'
&lt;artificial&gt;:(.text.f2_tdpf_guided32._omp_fn.155+0x8e): undefined reference to `GOMP_loop_ull_guided_next'
/tmp/cc4kx62S_offload.o: In function `f3_tdpf_guided32._omp_fn.157':
&lt;artificial&gt;:(.text.f3_tdpf_guided32._omp_fn.157+0x4e): undefined reference to `GOMP_loop_ull_guided_start'
&lt;artificial&gt;:(.text.f3_tdpf_guided32._omp_fn.157+0xa2): undefined reference to `GOMP_loop_ull_guided_next'
/tmp/cc4kx62S_offload.o: In function `f6_tdpf_guided32._omp_fn.163':
&lt;artificial&gt;:(.text.f6_tdpf_guided32._omp_fn.163+0x76): undefined reference to `GOMP_loop_ull_guided_start'
&lt;artificial&gt;:(.text.f6_tdpf_guided32._omp_fn.163+0x192): undefined reference to `GOMP_loop_ull_guided_next'
/tmp/cc4kx62S_offload.o: In function `f13_tdpf_guided32._omp_fn.177':
&lt;artificial&gt;:(.text.f13_tdpf_guided32._omp_fn.177+0x24): undefined reference to `GOMP_loop_ull_guided_start'
&lt;artificial&gt;:(.text.f13_tdpf_guided32._omp_fn.177+0x5a): undefined reference to `GOMP_loop_ull_guided_next'
/tmp/cc4kx62S_offload.o: In function `f14_tdpf_guided32._omp_fn.179':
&lt;artificial&gt;:(.text.f14_tdpf_guided32._omp_fn.179+0x54): undefined reference to `GOMP_loop_ull_guided_start'
&lt;artificial&gt;:(.text.f14_tdpf_guided32._omp_fn.179+0x166): undefined reference to `GOMP_loop_ull_guided_next'
/tmp/cc4kx62S_offload.o: In function `f1_tdpf_ds128_guided32._omp_fn.303':
&lt;artificial&gt;:(.text.f1_tdpf_ds128_guided32._omp_fn.303+0x2c): undefined reference to `GOMP_loop_ull_guided_start'
&lt;artificial&gt;:(.text.f1_tdpf_ds128_guided32._omp_fn.303+0x78): undefined reference to `GOMP_loop_ull_guided_next'
/tmp/cc4kx62S_offload.o: In function `f2_tdpf_ds128_guided32._omp_fn.305':
&lt;artificial&gt;:(.text.f2_tdpf_ds128_guided32._omp_fn.305+0x34): undefined reference to `GOMP_loop_ull_guided_start'
&lt;artificial&gt;:(.text.f2_tdpf_ds128_guided32._omp_fn.305+0x8e): undefined reference to `GOMP_loop_ull_guided_next'
/tmp/cc4kx62S_offload.o: In function `f3_tdpf_ds128_guided32._omp_fn.307':
&lt;artificial&gt;:(.text.f3_tdpf_ds128_guided32._omp_fn.307+0x4e): undefined reference to `GOMP_loop_ull_guided_start'
&lt;artificial&gt;:(.text.f3_tdpf_ds128_guided32._omp_fn.307+0xa2): undefined reference to `GOMP_loop_ull_guided_next'
/tmp/cc4kx62S_offload.o: In function `f6_tdpf_ds128_guided32._omp_fn.313':
&lt;artificial&gt;:(.text.f6_tdpf_ds128_guided32._omp_fn.313+0x76): undefined reference to `GOMP_loop_ull_guided_start'
&lt;artificial&gt;:(.text.f6_tdpf_ds128_guided32._omp_fn.313+0x192): undefined reference to `GOMP_loop_ull_guided_next'
/tmp/cc4kx62S_offload.o: In function `f13_tdpf_ds128_guided32._omp_fn.327':
&lt;artificial&gt;:(.text.f13_tdpf_ds128_guided32._omp_fn.327+0x24): undefined reference to `GOMP_loop_ull_guided_start'
&lt;artificial&gt;:(.text.f13_tdpf_ds128_guided32._omp_fn.327+0x5a): undefined reference to `GOMP_loop_ull_guided_next'
/tmp/cc4kx62S_offload.o: In function `f14_tdpf_ds128_guided32._omp_fn.329':
&lt;artificial&gt;:(.text.f14_tdpf_ds128_guided32._omp_fn.329+0x54): undefined reference to `GOMP_loop_ull_guided_start'
&lt;artificial&gt;:(.text.f14_tdpf_ds128_guided32._omp_fn.329+0x166): undefined reference to `GOMP_loop_ull_guided_next'
/tmp/cc4kx62S_offload.o: In function `f1_tdpfs_guided32._omp_fn.453':
&lt;artificial&gt;:(.text.f1_tdpfs_guided32._omp_fn.453+0x2c): undefined reference to `GOMP_loop_ull_guided_start'
&lt;artificial&gt;:(.text.f1_tdpfs_guided32._omp_fn.453+0x78): undefined reference to `GOMP_loop_ull_guided_next'
/tmp/cc4kx62S_offload.o: In function `f2_tdpfs_guided32._omp_fn.455':
&lt;artificial&gt;:(.text.f2_tdpfs_guided32._omp_fn.455+0x3e): undefined reference to `GOMP_loop_ull_guided_start'
&lt;artificial&gt;:(.text.f2_tdpfs_guided32._omp_fn.455+0xb0): undefined reference to `GOMP_loop_ull_guided_next'
&lt;artificial&gt;:(.text.f2_tdpfs_guided32._omp_fn.455+0xf0): undefined reference to `GOMP_loop_ull_guided_next'
/tmp/cc4kx62S_offload.o: In function `f3_tdpfs_guided32._omp_fn.457':
&lt;artificial&gt;:(.text.f3_tdpfs_guided32._omp_fn.457+0x4e): undefined reference to `GOMP_loop_ull_guided_start'
&lt;artificial&gt;:(.text.f3_tdpfs_guided32._omp_fn.457+0xa8): undefined reference to `GOMP_loop_ull_guided_next'
/tmp/cc4kx62S_offload.o: In function `f6_tdpfs_guided32._omp_fn.463':
&lt;artificial&gt;:(.text.f6_tdpfs_guided32._omp_fn.463+0x88): undefined reference to `GOMP_loop_ull_guided_start'
&lt;artificial&gt;:(.text.f6_tdpfs_guided32._omp_fn.463+0xe8): undefined reference to `GOMP_loop_ull_guided_next'
&lt;artificial&gt;:(.text.f6_tdpfs_guided32._omp_fn.463+0x25a): undefined reference to `GOMP_loop_ull_guided_next'
/tmp/cc4kx62S_offload.o: In function `f13_tdpfs_guided32._omp_fn.477':
&lt;artificial&gt;:(.text.f13_tdpfs_guided32._omp_fn.477+0x32): undefined reference to `GOMP_loop_ull_guided_start'
&lt;artificial&gt;:(.text.f13_tdpfs_guided32._omp_fn.477+0x78): undefined reference to `GOMP_loop_ull_guided_next'
/tmp/cc4kx62S_offload.o: In function `f14_tdpfs_guided32._omp_fn.479':
&lt;artificial&gt;:(.text.f14_tdpfs_guided32._omp_fn.479+0x5c): undefined reference to `GOMP_loop_ull_guided_start'
&lt;artificial&gt;:(.text.f14_tdpfs_guided32._omp_fn.479+0x150): undefined reference to `GOMP_loop_ull_guided_next'
&lt;artificial&gt;:(.text.f14_tdpfs_guided32._omp_fn.479+0x192): undefined reference to `GOMP_loop_ull_guided_next'
/tmp/cc4kx62S_offload.o: In function `f1_tdpfs_ds128_guided32._omp_fn.603':
&lt;artificial&gt;:(.text.f1_tdpfs_ds128_guided32._omp_fn.603+0x2c): undefined reference to `GOMP_loop_ull_guided_start'
&lt;artificial&gt;:(.text.f1_tdpfs_ds128_guided32._omp_fn.603+0x78): undefined reference to `GOMP_loop_ull_guided_next'
/tmp/cc4kx62S_offload.o: In function `f2_tdpfs_ds128_guided32._omp_fn.605':
&lt;artificial&gt;:(.text.f2_tdpfs_ds128_guided32._omp_fn.605+0x3e): undefined reference to `GOMP_loop_ull_guided_start'
&lt;artificial&gt;:(.text.f2_tdpfs_ds128_guided32._omp_fn.605+0xb0): undefined reference to `GOMP_loop_ull_guided_next'
&lt;artificial&gt;:(.text.f2_tdpfs_ds128_guided32._omp_fn.605+0xf0): undefined reference to `GOMP_loop_ull_guided_next'
/tmp/cc4kx62S_offload.o: In function `f3_tdpfs_ds128_guided32._omp_fn.607':
&lt;artificial&gt;:(.text.f3_tdpfs_ds128_guided32._omp_fn.607+0x4e): undefined reference to `GOMP_loop_ull_guided_start'
&lt;artificial&gt;:(.text.f3_tdpfs_ds128_guided32._omp_fn.607+0xa8): undefined reference to `GOMP_loop_ull_guided_next'
/tmp/cc4kx62S_offload.o: In function `f6_tdpfs_ds128_guided32._omp_fn.613':
&lt;artificial&gt;:(.text.f6_tdpfs_ds128_guided32._omp_fn.613+0x88): undefined reference to `GOMP_loop_ull_guided_start'
&lt;artificial&gt;:(.text.f6_tdpfs_ds128_guided32._omp_fn.613+0xe8): undefined reference to `GOMP_loop_ull_guided_next'
&lt;artificial&gt;:(.text.f6_tdpfs_ds128_guided32._omp_fn.613+0x25a): undefined reference to `GOMP_loop_ull_guided_next'
/tmp/cc4kx62S_offload.o: In function `f13_tdpfs_ds128_guided32._omp_fn.627':
&lt;artificial&gt;:(.text.f13_tdpfs_ds128_guided32._omp_fn.627+0x32): undefined reference to `GOMP_loop_ull_guided_start'
&lt;artificial&gt;:(.text.f13_tdpfs_ds128_guided32._omp_fn.627+0x78): undefined reference to `GOMP_loop_ull_guided_next'
/tmp/cc4kx62S_offload.o: In function `f14_tdpfs_ds128_guided32._omp_fn.629':
&lt;artificial&gt;:(.text.f14_tdpfs_ds128_guided32._omp_fn.629+0x5c): undefined reference to `GOMP_loop_ull_guided_start'
&lt;artificial&gt;:(.text.f14_tdpfs_ds128_guided32._omp_fn.629+0x150): undefined reference to `GOMP_loop_ull_guided_next'
&lt;artificial&gt;:(.text.f14_tdpfs_ds128_guided32._omp_fn.629+0x192): undefined reference to `GOMP_loop_ull_guided_next'
/tmp/cc4kx62S_offload.o: In function `f5_tdpf_guided32._omp_fn.161':
&lt;artificial&gt;:(.text.f5_tdpf_guided32._omp_fn.161+0x64): undefined reference to `GOMP_loop_guided_start'
&lt;artificial&gt;:(.text.f5_tdpf_guided32._omp_fn.161+0x108): undefined reference to `GOMP_loop_guided_next'
/tmp/cc4kx62S_offload.o: In function `f9_tdpf_guided32._omp_fn.169':
&lt;artificial&gt;:(.text.f9_tdpf_guided32._omp_fn.169+0x12): undefined reference to `GOMP_loop_guided_start'
/tmp/cc4kx62S_offload.o: In function `f11_tdpf_guided32._omp_fn.173':
&lt;artificial&gt;:(.text.f11_tdpf_guided32._omp_fn.173+0x12): undefined reference to `GOMP_loop_guided_start'
/tmp/cc4kx62S_offload.o: In function `f12_tdpf_guided32._omp_fn.175':
&lt;artificial&gt;:(.text.f12_tdpf_guided32._omp_fn.175+0x26): undefined reference to `GOMP_loop_guided_start'
/tmp/cc4kx62S_offload.o: In function `f5_tdpf_ds128_guided32._omp_fn.311':
&lt;artificial&gt;:(.text.f5_tdpf_ds128_guided32._omp_fn.311+0x64): undefined reference to `GOMP_loop_guided_start'
&lt;artificial&gt;:(.text.f5_tdpf_ds128_guided32._omp_fn.311+0x108): undefined reference to `GOMP_loop_guided_next'
/tmp/cc4kx62S_offload.o: In function `f9_tdpf_ds128_guided32._omp_fn.319':
&lt;artificial&gt;:(.text.f9_tdpf_ds128_guided32._omp_fn.319+0x12): undefined reference to `GOMP_loop_guided_start'
/tmp/cc4kx62S_offload.o: In function `f11_tdpf_ds128_guided32._omp_fn.323':
&lt;artificial&gt;:(.text.f11_tdpf_ds128_guided32._omp_fn.323+0x12): undefined reference to `GOMP_loop_guided_start'
/tmp/cc4kx62S_offload.o: In function `f12_tdpf_ds128_guided32._omp_fn.325':
&lt;artificial&gt;:(.text.f12_tdpf_ds128_guided32._omp_fn.325+0x26): undefined reference to `GOMP_loop_guided_start'
/tmp/cc4kx62S_offload.o: In function `f5_tdpfs_guided32._omp_fn.461':
&lt;artificial&gt;:(.text.f5_tdpfs_guided32._omp_fn.461+0x78): undefined reference to `GOMP_loop_guided_start'
&lt;artificial&gt;:(.text.f5_tdpfs_guided32._omp_fn.461+0x152): undefined reference to `GOMP_loop_guided_next'
/tmp/cc4kx62S_offload.o: In function `f11_tdpfs_guided32._omp_fn.473':
&lt;artificial&gt;:(.text.f11_tdpfs_guided32._omp_fn.473+0x1e): undefined reference to `GOMP_loop_guided_start'
&lt;artificial&gt;:(.text.f11_tdpfs_guided32._omp_fn.473+0x3a): undefined reference to `GOMP_loop_guided_next'
&lt;artificial&gt;:(.text.f11_tdpfs_guided32._omp_fn.473+0x62): undefined reference to `GOMP_loop_guided_next'
/tmp/cc4kx62S_offload.o: In function `f12_tdpfs_guided32._omp_fn.475':
&lt;artificial&gt;:(.text.f12_tdpfs_guided32._omp_fn.475+0x34): undefined reference to `GOMP_loop_guided_start'
&lt;artificial&gt;:(.text.f12_tdpfs_guided32._omp_fn.475+0x6e): undefined reference to `GOMP_loop_guided_next'
/tmp/cc4kx62S_offload.o: In function `f5_tdpfs_ds128_guided32._omp_fn.611':
&lt;artificial&gt;:(.text.f5_tdpfs_ds128_guided32._omp_fn.611+0x78): undefined reference to `GOMP_loop_guided_start'
&lt;artificial&gt;:(.text.f5_tdpfs_ds128_guided32._omp_fn.611+0x152): undefined reference to `GOMP_loop_guided_next'
/tmp/cc4kx62S_offload.o: In function `f11_tdpfs_ds128_guided32._omp_fn.623':
&lt;artificial&gt;:(.text.f11_tdpfs_ds128_guided32._omp_fn.623+0x1e): undefined reference to `GOMP_loop_guided_start'
&lt;artificial&gt;:(.text.f11_tdpfs_ds128_guided32._omp_fn.623+0x3a): undefined reference to `GOMP_loop_guided_next'
&lt;artificial&gt;:(.text.f11_tdpfs_ds128_guided32._omp_fn.623+0x62): undefined reference to `GOMP_loop_guided_next'
/tmp/cc4kx62S_offload.o: In function `f12_tdpfs_ds128_guided32._omp_fn.625':
&lt;artificial&gt;:(.text.f12_tdpfs_ds128_guided32._omp_fn.625+0x34): undefined reference to `GOMP_loop_guided_start'
&lt;artificial&gt;:(.text.f12_tdpfs_ds128_guided32._omp_fn.625+0x6e): undefined reference to `GOMP_loop_guided_next'
/tmp/cc4kx62S_offload.o: In function `f0_tdpf_runtime._omp_fn.181':
&lt;artificial&gt;:(.text.f0_tdpf_runtime._omp_fn.181+0xa): undefined reference to `GOMP_loop_runtime_next'
&lt;artificial&gt;:(.text.f0_tdpf_runtime._omp_fn.181+0x4a): undefined reference to `GOMP_loop_runtime_next'
/tmp/cc4kx62S_offload.o: In function `f7_tdpf_runtime._omp_fn.195':
&lt;artificial&gt;:(.text.f7_tdpf_runtime._omp_fn.195+0x20): undefined reference to `GOMP_loop_runtime_next'
&lt;artificial&gt;:(.text.f7_tdpf_runtime._omp_fn.195+0x12e): undefined reference to `GOMP_loop_runtime_next'
/tmp/cc4kx62S_offload.o: In function `f0_tdpf_ds128_runtime._omp_fn.331':
&lt;artificial&gt;:(.text.f0_tdpf_ds128_runtime._omp_fn.331+0xa): undefined reference to `GOMP_loop_runtime_next'
/tmp/cc4kx62S_offload.o:&lt;artificial&gt;:(.text.f0_tdpf_ds128_runtime._omp_fn.331+0x4a): more undefined references to `GOMP_loop_runtime_next' follow
/tmp/cc4kx62S_offload.o: In function `f1_tdpf_runtime._omp_fn.183':
&lt;artificial&gt;:(.text.f1_tdpf_runtime._omp_fn.183+0x22): undefined reference to `GOMP_loop_ull_runtime_start'
&lt;artificial&gt;:(.text.f1_tdpf_runtime._omp_fn.183+0x6e): undefined reference to `GOMP_loop_ull_runtime_next'
/tmp/cc4kx62S_offload.o: In function `f2_tdpf_runtime._omp_fn.185':
&lt;artificial&gt;:(.text.f2_tdpf_runtime._omp_fn.185+0x2a): undefined reference to `GOMP_loop_ull_runtime_start'
&lt;artificial&gt;:(.text.f2_tdpf_runtime._omp_fn.185+0x84): undefined reference to `GOMP_loop_ull_runtime_next'
/tmp/cc4kx62S_offload.o: In function `f3_tdpf_runtime._omp_fn.187':
&lt;artificial&gt;:(.text.f3_tdpf_runtime._omp_fn.187+0x44): undefined reference to `GOMP_loop_ull_runtime_start'
&lt;artificial&gt;:(.text.f3_tdpf_runtime._omp_fn.187+0x98): undefined reference to `GOMP_loop_ull_runtime_next'
/tmp/cc4kx62S_offload.o: In function `f6_tdpf_runtime._omp_fn.193':
&lt;artificial&gt;:(.text.f6_tdpf_runtime._omp_fn.193+0x70): undefined reference to `GOMP_loop_ull_runtime_start'
&lt;artificial&gt;:(.text.f6_tdpf_runtime._omp_fn.193+0x18c): undefined reference to `GOMP_loop_ull_runtime_next'
/tmp/cc4kx62S_offload.o: In function `f13_tdpf_runtime._omp_fn.207':
&lt;artificial&gt;:(.text.f13_tdpf_runtime._omp_fn.207+0x1c): undefined reference to `GOMP_loop_ull_runtime_start'
&lt;artificial&gt;:(.text.f13_tdpf_runtime._omp_fn.207+0x52): undefined reference to `GOMP_loop_ull_runtime_next'
/tmp/cc4kx62S_offload.o: In function `f14_tdpf_runtime._omp_fn.209':
&lt;artificial&gt;:(.text.f14_tdpf_runtime._omp_fn.209+0x4c): undefined reference to `GOMP_loop_ull_runtime_start'
&lt;artificial&gt;:(.text.f14_tdpf_runtime._omp_fn.209+0x15e): undefined reference to `GOMP_loop_ull_runtime_next'
/tmp/cc4kx62S_offload.o: In function `f1_tdpf_ds128_runtime._omp_fn.333':
&lt;artificial&gt;:(.text.f1_tdpf_ds128_runtime._omp_fn.333+0x22): undefined reference to `GOMP_loop_ull_runtime_start'
&lt;artificial&gt;:(.text.f1_tdpf_ds128_runtime._omp_fn.333+0x6e): undefined reference to `GOMP_loop_ull_runtime_next'
/tmp/cc4kx62S_offload.o: In function `f2_tdpf_ds128_runtime._omp_fn.335':
&lt;artificial&gt;:(.text.f2_tdpf_ds128_runtime._omp_fn.335+0x2a): undefined reference to `GOMP_loop_ull_runtime_start'
&lt;artificial&gt;:(.text.f2_tdpf_ds128_runtime._omp_fn.335+0x84): undefined reference to `GOMP_loop_ull_runtime_next'
/tmp/cc4kx62S_offload.o: In function `f3_tdpf_ds128_runtime._omp_fn.337':
&lt;artificial&gt;:(.text.f3_tdpf_ds128_runtime._omp_fn.337+0x44): undefined reference to `GOMP_loop_ull_runtime_start'
&lt;artificial&gt;:(.text.f3_tdpf_ds128_runtime._omp_fn.337+0x98): undefined reference to `GOMP_loop_ull_runtime_next'
/tmp/cc4kx62S_offload.o: In function `f6_tdpf_ds128_runtime._omp_fn.343':
&lt;artificial&gt;:(.text.f6_tdpf_ds128_runtime._omp_fn.343+0x70): undefined reference to `GOMP_loop_ull_runtime_start'
&lt;artificial&gt;:(.text.f6_tdpf_ds128_runtime._omp_fn.343+0x18c): undefined reference to `GOMP_loop_ull_runtime_next'
/tmp/cc4kx62S_offload.o: In function `f13_tdpf_ds128_runtime._omp_fn.357':
&lt;artificial&gt;:(.text.f13_tdpf_ds128_runtime._omp_fn.357+0x1c): undefined reference to `GOMP_loop_ull_runtime_start'
&lt;artificial&gt;:(.text.f13_tdpf_ds128_runtime._omp_fn.357+0x52): undefined reference to `GOMP_loop_ull_runtime_next'
/tmp/cc4kx62S_offload.o: In function `f14_tdpf_ds128_runtime._omp_fn.359':
&lt;artificial&gt;:(.text.f14_tdpf_ds128_runtime._omp_fn.359+0x4c): undefined reference to `GOMP_loop_ull_runtime_start'
&lt;artificial&gt;:(.text.f14_tdpf_ds128_runtime._omp_fn.359+0x15e): undefined reference to `GOMP_loop_ull_runtime_next'
/tmp/cc4kx62S_offload.o: In function `f1_tdpfs_runtime._omp_fn.483':
&lt;artificial&gt;:(.text.f1_tdpfs_runtime._omp_fn.483+0x22): undefined reference to `GOMP_loop_ull_runtime_start'
&lt;artificial&gt;:(.text.f1_tdpfs_runtime._omp_fn.483+0x6e): undefined reference to `GOMP_loop_ull_runtime_next'
/tmp/cc4kx62S_offload.o: In function `f2_tdpfs_runtime._omp_fn.485':
&lt;artificial&gt;:(.text.f2_tdpfs_runtime._omp_fn.485+0x36): undefined reference to `GOMP_loop_ull_runtime_start'
&lt;artificial&gt;:(.text.f2_tdpfs_runtime._omp_fn.485+0xa8): undefined reference to `GOMP_loop_ull_runtime_next'
&lt;artificial&gt;:(.text.f2_tdpfs_runtime._omp_fn.485+0xe8): undefined reference to `GOMP_loop_ull_runtime_next'
/tmp/cc4kx62S_offload.o: In function `f3_tdpfs_runtime._omp_fn.487':
&lt;artificial&gt;:(.text.f3_tdpfs_runtime._omp_fn.487+0x44): undefined reference to `GOMP_loop_ull_runtime_start'
&lt;artificial&gt;:(.text.f3_tdpfs_runtime._omp_fn.487+0x9e): undefined reference to `GOMP_loop_ull_runtime_next'
/tmp/cc4kx62S_offload.o: In function `f6_tdpfs_runtime._omp_fn.493':
&lt;artificial&gt;:(.text.f6_tdpfs_runtime._omp_fn.493+0x84): undefined reference to `GOMP_loop_ull_runtime_start'
&lt;artificial&gt;:(.text.f6_tdpfs_runtime._omp_fn.493+0xe4): undefined reference to `GOMP_loop_ull_runtime_next'
&lt;artificial&gt;:(.text.f6_tdpfs_runtime._omp_fn.493+0x258): undefined reference to `GOMP_loop_ull_runtime_next'
/tmp/cc4kx62S_offload.o: In function `f13_tdpfs_runtime._omp_fn.507':
&lt;artificial&gt;:(.text.f13_tdpfs_runtime._omp_fn.507+0x28): undefined reference to `GOMP_loop_ull_runtime_start'
&lt;artificial&gt;:(.text.f13_tdpfs_runtime._omp_fn.507+0x6e): undefined reference to `GOMP_loop_ull_runtime_next'
/tmp/cc4kx62S_offload.o: In function `f14_tdpfs_runtime._omp_fn.509':
&lt;artificial&gt;:(.text.f14_tdpfs_runtime._omp_fn.509+0x56): undefined reference to `GOMP_loop_ull_runtime_start'
&lt;artificial&gt;:(.text.f14_tdpfs_runtime._omp_fn.509+0x14a): undefined reference to `GOMP_loop_ull_runtime_next'
&lt;artificial&gt;:(.text.f14_tdpfs_runtime._omp_fn.509+0x18c): undefined reference to `GOMP_loop_ull_runtime_next'
/tmp/cc4kx62S_offload.o: In function `f1_tdpfs_ds128_runtime._omp_fn.633':
&lt;artificial&gt;:(.text.f1_tdpfs_ds128_runtime._omp_fn.633+0x22): undefined reference to `GOMP_loop_ull_runtime_start'
&lt;artificial&gt;:(.text.f1_tdpfs_ds128_runtime._omp_fn.633+0x6e): undefined reference to `GOMP_loop_ull_runtime_next'
/tmp/cc4kx62S_offload.o: In function `f2_tdpfs_ds128_runtime._omp_fn.635':
&lt;artificial&gt;:(.text.f2_tdpfs_ds128_runtime._omp_fn.635+0x36): undefined reference to `GOMP_loop_ull_runtime_start'
&lt;artificial&gt;:(.text.f2_tdpfs_ds128_runtime._omp_fn.635+0xa8): undefined reference to `GOMP_loop_ull_runtime_next'
&lt;artificial&gt;:(.text.f2_tdpfs_ds128_runtime._omp_fn.635+0xe8): undefined reference to `GOMP_loop_ull_runtime_next'
/tmp/cc4kx62S_offload.o: In function `f3_tdpfs_ds128_runtime._omp_fn.637':
&lt;artificial&gt;:(.text.f3_tdpfs_ds128_runtime._omp_fn.637+0x44): undefined reference to `GOMP_loop_ull_runtime_start'
&lt;artificial&gt;:(.text.f3_tdpfs_ds128_runtime._omp_fn.637+0x9e): undefined reference to `GOMP_loop_ull_runtime_next'
/tmp/cc4kx62S_offload.o: In function `f6_tdpfs_ds128_runtime._omp_fn.643':
&lt;artificial&gt;:(.text.f6_tdpfs_ds128_runtime._omp_fn.643+0x84): undefined reference to `GOMP_loop_ull_runtime_start'
&lt;artificial&gt;:(.text.f6_tdpfs_ds128_runtime._omp_fn.643+0xe4): undefined reference to `GOMP_loop_ull_runtime_next'
&lt;artificial&gt;:(.text.f6_tdpfs_ds128_runtime._omp_fn.643+0x258): undefined reference to `GOMP_loop_ull_runtime_next'
/tmp/cc4kx62S_offload.o: In function `f13_tdpfs_ds128_runtime._omp_fn.657':
&lt;artificial&gt;:(.text.f13_tdpfs_ds128_runtime._omp_fn.657+0x28): undefined reference to `GOMP_loop_ull_runtime_start'
&lt;artificial&gt;:(.text.f13_tdpfs_ds128_runtime._omp_fn.657+0x6e): undefined reference to `GOMP_loop_ull_runtime_next'
/tmp/cc4kx62S_offload.o: In function `f14_tdpfs_ds128_runtime._omp_fn.659':
&lt;artificial&gt;:(.text.f14_tdpfs_ds128_runtime._omp_fn.659+0x56): undefined reference to `GOMP_loop_ull_runtime_start'
&lt;artificial&gt;:(.text.f14_tdpfs_ds128_runtime._omp_fn.659+0x14a): undefined reference to `GOMP_loop_ull_runtime_next'
&lt;artificial&gt;:(.text.f14_tdpfs_ds128_runtime._omp_fn.659+0x18c): undefined reference to `GOMP_loop_ull_runtime_next'
/tmp/cc4kx62S_offload.o: In function `f5_tdpf_runtime._omp_fn.191':
&lt;artificial&gt;:(.text.f5_tdpf_runtime._omp_fn.191+0x5e): undefined reference to `GOMP_loop_runtime_start'
&lt;artificial&gt;:(.text.f5_tdpf_runtime._omp_fn.191+0x102): undefined reference to `GOMP_loop_runtime_next'
/tmp/cc4kx62S_offload.o: In function `f9_tdpf_runtime._omp_fn.199':
&lt;artificial&gt;:(.text.f9_tdpf_runtime._omp_fn.199+0xe): undefined reference to `GOMP_loop_runtime_start'
/tmp/cc4kx62S_offload.o: In function `f11_tdpf_runtime._omp_fn.203':
&lt;artificial&gt;:(.text.f11_tdpf_runtime._omp_fn.203+0xe): undefined reference to `GOMP_loop_runtime_start'
/tmp/cc4kx62S_offload.o: In function `f12_tdpf_runtime._omp_fn.205':
&lt;artificial&gt;:(.text.f12_tdpf_runtime._omp_fn.205+0x1e): undefined reference to `GOMP_loop_runtime_start'
/tmp/cc4kx62S_offload.o: In function `f5_tdpf_ds128_runtime._omp_fn.341':
&lt;artificial&gt;:(.text.f5_tdpf_ds128_runtime._omp_fn.341+0x5e): undefined reference to `GOMP_loop_runtime_start'
&lt;artificial&gt;:(.text.f5_tdpf_ds128_runtime._omp_fn.341+0x102): undefined reference to `GOMP_loop_runtime_next'
/tmp/cc4kx62S_offload.o: In function `f9_tdpf_ds128_runtime._omp_fn.349':
&lt;artificial&gt;:(.text.f9_tdpf_ds128_runtime._omp_fn.349+0xe): undefined reference to `GOMP_loop_runtime_start'
/tmp/cc4kx62S_offload.o: In function `f11_tdpf_ds128_runtime._omp_fn.353':
&lt;artificial&gt;:(.text.f11_tdpf_ds128_runtime._omp_fn.353+0xe): undefined reference to `GOMP_loop_runtime_start'
/tmp/cc4kx62S_offload.o: In function `f12_tdpf_ds128_runtime._omp_fn.355':
&lt;artificial&gt;:(.text.f12_tdpf_ds128_runtime._omp_fn.355+0x1e): undefined reference to `GOMP_loop_runtime_start'
/tmp/cc4kx62S_offload.o: In function `f5_tdpfs_runtime._omp_fn.491':
&lt;artificial&gt;:(.text.f5_tdpfs_runtime._omp_fn.491+0x60): undefined reference to `GOMP_loop_runtime_start'
&lt;artificial&gt;:(.text.f5_tdpfs_runtime._omp_fn.491+0x13a): undefined reference to `GOMP_loop_runtime_next'
/tmp/cc4kx62S_offload.o: In function `f11_tdpfs_runtime._omp_fn.503':
&lt;artificial&gt;:(.text.f11_tdpfs_runtime._omp_fn.503+0x1a): undefined reference to `GOMP_loop_runtime_start'
&lt;artificial&gt;:(.text.f11_tdpfs_runtime._omp_fn.503+0x36): undefined reference to `GOMP_loop_runtime_next'
&lt;artificial&gt;:(.text.f11_tdpfs_runtime._omp_fn.503+0x5e): undefined reference to `GOMP_loop_runtime_next'
/tmp/cc4kx62S_offload.o: In function `f12_tdpfs_runtime._omp_fn.505':
&lt;artificial&gt;:(.text.f12_tdpfs_runtime._omp_fn.505+0x30): undefined reference to `GOMP_loop_runtime_start'
&lt;artificial&gt;:(.text.f12_tdpfs_runtime._omp_fn.505+0x6a): undefined reference to `GOMP_loop_runtime_next'
/tmp/cc4kx62S_offload.o: In function `f5_tdpfs_ds128_runtime._omp_fn.641':
&lt;artificial&gt;:(.text.f5_tdpfs_ds128_runtime._omp_fn.641+0x60): undefined reference to `GOMP_loop_runtime_start'
&lt;artificial&gt;:(.text.f5_tdpfs_ds128_runtime._omp_fn.641+0x13a): undefined reference to `GOMP_loop_runtime_next'
/tmp/cc4kx62S_offload.o: In function `f11_tdpfs_ds128_runtime._omp_fn.653':
&lt;artificial&gt;:(.text.f11_tdpfs_ds128_runtime._omp_fn.653+0x1a): undefined reference to `GOMP_loop_runtime_start'
&lt;artificial&gt;:(.text.f11_tdpfs_ds128_runtime._omp_fn.653+0x36): undefined reference to `GOMP_loop_runtime_next'
&lt;artificial&gt;:(.text.f11_tdpfs_ds128_runtime._omp_fn.653+0x5e): undefined reference to `GOMP_loop_runtime_next'
/tmp/cc4kx62S_offload.o: In function `f12_tdpfs_ds128_runtime._omp_fn.655':
&lt;artificial&gt;:(.text.f12_tdpfs_ds128_runtime._omp_fn.655+0x30): undefined reference to `GOMP_loop_runtime_start'
&lt;artificial&gt;:(.text.f12_tdpfs_ds128_runtime._omp_fn.655+0x6a): undefined reference to `GOMP_loop_runtime_next'
/tmp/cc4kx62S_offload.o: In function `.L4900':
&lt;artificial&gt;:(.text.f0_tdpf_guided32._omp_fn.150+0x54): undefined reference to `GOMP_parallel_loop_guided'
/tmp/cc4kx62S_offload.o: In function `.L4955':
&lt;artificial&gt;:(.text.f7_tdpf_guided32._omp_fn.164+0xcc): undefined reference to `GOMP_parallel_loop_guided'
/tmp/cc4kx62S_offload.o: In function `.L4991':
&lt;artificial&gt;:(.text.f0_tdpf_runtime._omp_fn.180+0x50): undefined reference to `GOMP_parallel_loop_runtime'
/tmp/cc4kx62S_offload.o: In function `.L5046':
&lt;artificial&gt;:(.text.f7_tdpf_runtime._omp_fn.194+0xc8): undefined reference to `GOMP_parallel_loop_runtime'
/tmp/cc4kx62S_offload.o: In function `.L5399':
&lt;artificial&gt;:(.text.f0_tdpf_ds128_guided32._omp_fn.300+0x64): undefined reference to `GOMP_parallel_loop_guided'
/tmp/cc4kx62S_offload.o: In function `.L5471':
&lt;artificial&gt;:(.text.f7_tdpf_ds128_guided32._omp_fn.314+0x98): undefined reference to `GOMP_parallel_loop_guided'
/tmp/cc4kx62S_offload.o: In function `.L5505':
&lt;artificial&gt;:(.text.f0_tdpf_ds128_runtime._omp_fn.330+0x60): undefined reference to `GOMP_parallel_loop_runtime'
/tmp/cc4kx62S_offload.o: In function `.L5577':
&lt;artificial&gt;:(.text.f7_tdpf_ds128_runtime._omp_fn.344+0x94): undefined reference to `GOMP_parallel_loop_runtime'
/tmp/cc4kx62S_offload.o: In function `.L5885':
&lt;artificial&gt;:(.text.f0_tdpfs_guided32._omp_fn.450+0x54): undefined reference to `GOMP_parallel_loop_guided'
/tmp/cc4kx62S_offload.o: In function `.L5940':
&lt;artificial&gt;:(.text.f7_tdpfs_guided32._omp_fn.464+0xcc): undefined reference to `GOMP_parallel_loop_guided'
/tmp/cc4kx62S_offload.o: In function `.L5948':
&lt;artificial&gt;:(.text.f9_tdpfs_guided32._omp_fn.468+0x58): undefined reference to `GOMP_parallel_loop_guided'
/tmp/cc4kx62S_offload.o: In function `.L5976':
&lt;artificial&gt;:(.text.f0_tdpfs_runtime._omp_fn.480+0x50): undefined reference to `GOMP_parallel_loop_runtime'
/tmp/cc4kx62S_offload.o: In function `.L6031':
&lt;artificial&gt;:(.text.f7_tdpfs_runtime._omp_fn.494+0xc8): undefined reference to `GOMP_parallel_loop_runtime'
/tmp/cc4kx62S_offload.o: In function `.L6039':
&lt;artificial&gt;:(.text.f9_tdpfs_runtime._omp_fn.498+0x54): undefined reference to `GOMP_parallel_loop_runtime'
/tmp/cc4kx62S_offload.o: In function `.L6384':
&lt;artificial&gt;:(.text.f0_tdpfs_ds128_guided32._omp_fn.600+0x64): undefined reference to `GOMP_parallel_loop_guided'
/tmp/cc4kx62S_offload.o: In function `.L6456':
&lt;artificial&gt;:(.text.f7_tdpfs_ds128_guided32._omp_fn.614+0x98): undefined reference to `GOMP_parallel_loop_guided'
/tmp/cc4kx62S_offload.o: In function `.L6463':
&lt;artificial&gt;:(.text.f9_tdpfs_ds128_guided32._omp_fn.618+0x6a): undefined reference to `GOMP_parallel_loop_guided'
/tmp/cc4kx62S_offload.o: In function `.L6490':
&lt;artificial&gt;:(.text.f0_tdpfs_ds128_runtime._omp_fn.630+0x60): undefined reference to `GOMP_parallel_loop_runtime'
/tmp/cc4kx62S_offload.o: In function `.L6562':
&lt;artificial&gt;:(.text.f7_tdpfs_ds128_runtime._omp_fn.644+0x94): undefined reference to `GOMP_parallel_loop_runtime'
/tmp/cc4kx62S_offload.o: In function `.L6569':
&lt;artificial&gt;:(.text.f9_tdpfs_ds128_runtime._omp_fn.648+0x66): undefined reference to `GOMP_parallel_loop_runtime'
collect2: error: ld returned 1 exit status
lto-wrapper: fatal error: /home0/alessandro/workspace_PULP/hero/hero-sdk/hero-gcc-toolchain/pkg/hero-gcc-toolchain/libexec/gcc/arm-linux-gnueabihf/7.1.1//accel/riscv32-unknown-elf/mkoffload terminated with signal 11 [Segmentation fault], core dumped
compilation terminated.
/home0/alessandro/workspace_PULP/hero/hero-sdk/hero-gcc-toolchain/pkg/hero-gcc-toolchain/lib/gcc/arm-linux-gnueabihf/7.1.1/../../../../arm-linux-gnueabihf/bin/ld: error: lto-wrapper failed
collect2: error: ld returned 1 exit status
/home0/alessandro/workspace_PULP/hero/hero-sdk/hero-openmp-examples/common/default.mk:36: recipe for target 'libgomp_testsuite' failed
make: *** [libgomp_testsuite] Error 1
Reached EOF with exit status 2
</failure>
  </testcase>
  <testcase classname=":libgomp.c:for-5" name="hero-z-7045@config_file=/home0/alessandro/workspace_PULP/hero/hero-sdk/pulp-sdk/configs/json/hero-z-7045.json" time="16.985952">
    <failure>
Running: libgomp.c:for-5 / hero-z-7045@config_file=/home0/alessandro/workspace_PULP/hero/hero-sdk/pulp-sdk/configs/json/hero-z-7045.json
Using timeout: 30 seconds
Launching test with command: make clean CSRCS=for-5.c
rm -rf *.o *~ libgomp_testsuite for-5.o  offload.bin offload.so
Reached EOF with exit status 0
Using timeout: 30 seconds
Launching test with command: make all CSRCS=for-5.c
arm-linux-gnueabihf-gcc -O3 -g3 -fopenmp -Wall -I. -I../common -I/home0/alessandro/workspace_PULP/hero/hero-sdk/libhero-target/inc    -c -o for-5.o for-5.c
In file included from [01m[Kfor-5.c:38:0[m[K:
[01m[Kfor-5.c:[m[K In function '[01m[Kf13_t_simd_normal[m[K':
[01m[Kfor-2.h:193:5:[m[K [01;35m[Kwarning: [m[K'[01m[Ki[m[K' is used uninitialized in this function [[01;35m[K-Wuninitialized[m[K]
     [01;35m[Ki[m[K[0] += 2;
     [01;35m[K^[m[K
[01m[Kfor-5.c:[m[K In function '[01m[Kf14_t_simd_normal[m[K':
[01m[Kfor-2.h:206:4:[m[K [01;35m[Kwarning: [m[K'[01m[Ki[m[K' is used uninitialized in this function [[01;35m[K-Wuninitialized[m[K]
    [01;35m[K-=[m[K 3.5;
    [01;35m[K^~[m[K
In file included from [01m[Kfor-1.h:3:0[m[K,
                 from [01m[Kfor-5.c:46[m[K:
[01m[Kfor-5.c:[m[K In function '[01m[Kf13_tpf_simd_static[m[K':
[01m[Kfor-2.h:193:5:[m[K [01;35m[Kwarning: [m[K'[01m[Ki[m[K' is used uninitialized in this function [[01;35m[K-Wuninitialized[m[K]
     [01;35m[Ki[m[K[0] += 2;
     [01;35m[K^[m[K
[01m[Kfor-5.c:[m[K In function '[01m[Kf14_tpf_simd_static[m[K':
[01m[Kfor-2.h:206:4:[m[K [01;35m[Kwarning: [m[K'[01m[Ki[m[K' is used uninitialized in this function [[01;35m[K-Wuninitialized[m[K]
    [01;35m[K-=[m[K 3.5;
    [01;35m[K^~[m[K
In file included from [01m[Kfor-1.h:8:0[m[K,
                 from [01m[Kfor-5.c:46[m[K:
[01m[Kfor-5.c:[m[K In function '[01m[Kf13_tpf_simd_static32[m[K':
[01m[Kfor-2.h:193:5:[m[K [01;35m[Kwarning: [m[K'[01m[Ki[m[K' is used uninitialized in this function [[01;35m[K-Wuninitialized[m[K]
     [01;35m[Ki[m[K[0] += 2;
     [01;35m[K^[m[K
[01m[Kfor-5.c:[m[K In function '[01m[Kf14_tpf_simd_static32[m[K':
[01m[Kfor-2.h:206:4:[m[K [01;35m[Kwarning: [m[K'[01m[Ki[m[K' is used uninitialized in this function [[01;35m[K-Wuninitialized[m[K]
    [01;35m[K-=[m[K 3.5;
    [01;35m[K^~[m[K
In file included from [01m[Kfor-1.h:13:0[m[K,
                 from [01m[Kfor-5.c:46[m[K:
[01m[Kfor-5.c:[m[K In function '[01m[Kf13_tpf_simd_auto[m[K':
[01m[Kfor-2.h:193:5:[m[K [01;35m[Kwarning: [m[K'[01m[Ki[m[K' is used uninitialized in this function [[01;35m[K-Wuninitialized[m[K]
     [01;35m[Ki[m[K[0] += 2;
     [01;35m[K^[m[K
[01m[Kfor-5.c:[m[K In function '[01m[Kf14_tpf_simd_auto[m[K':
[01m[Kfor-2.h:206:4:[m[K [01;35m[Kwarning: [m[K'[01m[Ki[m[K' is used uninitialized in this function [[01;35m[K-Wuninitialized[m[K]
    [01;35m[K-=[m[K 3.5;
    [01;35m[K^~[m[K
In file included from [01m[Kfor-1.h:18:0[m[K,
                 from [01m[Kfor-5.c:46[m[K:
[01m[Kfor-5.c:[m[K In function '[01m[Kf13_tpf_simd_guided32[m[K':
[01m[Kfor-2.h:193:5:[m[K [01;35m[Kwarning: [m[K'[01m[Ki[m[K' is used uninitialized in this function [[01;35m[K-Wuninitialized[m[K]
     [01;35m[Ki[m[K[0] += 2;
     [01;35m[K^[m[K
[01m[Kfor-5.c:[m[K In function '[01m[Kf14_tpf_simd_guided32[m[K':
[01m[Kfor-2.h:206:4:[m[K [01;35m[Kwarning: [m[K'[01m[Ki[m[K' is used uninitialized in this function [[01;35m[K-Wuninitialized[m[K]
    [01;35m[K-=[m[K 3.5;
    [01;35m[K^~[m[K
In file included from [01m[Kfor-1.h:23:0[m[K,
                 from [01m[Kfor-5.c:46[m[K:
[01m[Kfor-5.c:[m[K In function '[01m[Kf13_tpf_simd_runtime[m[K':
[01m[Kfor-2.h:193:5:[m[K [01;35m[Kwarning: [m[K'[01m[Ki[m[K' is used uninitialized in this function [[01;35m[K-Wuninitialized[m[K]
     [01;35m[Ki[m[K[0] += 2;
     [01;35m[K^[m[K
[01m[Kfor-5.c:[m[K In function '[01m[Kf14_tpf_simd_runtime[m[K':
[01m[Kfor-2.h:206:4:[m[K [01;35m[Kwarning: [m[K'[01m[Ki[m[K' is used uninitialized in this function [[01;35m[K-Wuninitialized[m[K]
    [01;35m[K-=[m[K 3.5;
    [01;35m[K^~[m[K
In file included from [01m[Kfor-5.c:74:0[m[K:
[01m[Kfor-5.c:[m[K In function '[01m[Kf13_ttds_normal[m[K':
[01m[Kfor-2.h:193:5:[m[K [01;35m[Kwarning: [m[K'[01m[Ki[m[K' is used uninitialized in this function [[01;35m[K-Wuninitialized[m[K]
     [01;35m[Ki[m[K[0] += 2;
     [01;35m[K^[m[K
[01m[Kfor-5.c:[m[K In function '[01m[Kf14_ttds_normal[m[K':
[01m[Kfor-2.h:206:4:[m[K [01;35m[Kwarning: [m[K'[01m[Ki[m[K' is used uninitialized in this function [[01;35m[K-Wuninitialized[m[K]
    [01;35m[K-=[m[K 3.5;
    [01;35m[K^~[m[K
In file included from [01m[Kfor-5.c:84:0[m[K:
[01m[Kfor-5.c:[m[K In function '[01m[Kf13_ttds_ds128_normal[m[K':
[01m[Kfor-2.h:193:5:[m[K [01;35m[Kwarning: [m[K'[01m[Ki[m[K' is used uninitialized in this function [[01;35m[K-Wuninitialized[m[K]
     [01;35m[Ki[m[K[0] += 2;
     [01;35m[K^[m[K
[01m[Kfor-5.c:[m[K In function '[01m[Kf14_ttds_ds128_normal[m[K':
[01m[Kfor-2.h:206:4:[m[K [01;35m[Kwarning: [m[K'[01m[Ki[m[K' is used uninitialized in this function [[01;35m[K-Wuninitialized[m[K]
    [01;35m[K-=[m[K 3.5;
    [01;35m[K^~[m[K
In file included from [01m[Kfor-1.h:3:0[m[K,
                 from [01m[Kfor-5.c:104[m[K:
[01m[Kfor-5.c:[m[K In function '[01m[Kf13_ttdpfs_static[m[K':
[01m[Kfor-2.h:193:5:[m[K [01;35m[Kwarning: [m[K'[01m[Ki[m[K' is used uninitialized in this function [[01;35m[K-Wuninitialized[m[K]
     [01;35m[Ki[m[K[0] += 2;
     [01;35m[K^[m[K
[01m[Kfor-5.c:[m[K In function '[01m[Kf14_ttdpfs_static[m[K':
[01m[Kfor-2.h:206:4:[m[K [01;35m[Kwarning: [m[K'[01m[Ki[m[K' is used uninitialized in this function [[01;35m[K-Wuninitialized[m[K]
    [01;35m[K-=[m[K 3.5;
    [01;35m[K^~[m[K
In file included from [01m[Kfor-1.h:8:0[m[K,
                 from [01m[Kfor-5.c:104[m[K:
[01m[Kfor-5.c:[m[K In function '[01m[Kf13_ttdpfs_static32[m[K':
[01m[Kfor-2.h:193:5:[m[K [01;35m[Kwarning: [m[K'[01m[Ki[m[K' is used uninitialized in this function [[01;35m[K-Wuninitialized[m[K]
     [01;35m[Ki[m[K[0] += 2;
     [01;35m[K^[m[K
[01m[Kfor-5.c:[m[K In function '[01m[Kf14_ttdpfs_static32[m[K':
[01m[Kfor-2.h:206:4:[m[K [01;35m[Kwarning: [m[K'[01m[Ki[m[K' is used uninitialized in this function [[01;35m[K-Wuninitialized[m[K]
    [01;35m[K-=[m[K 3.5;
    [01;35m[K^~[m[K
In file included from [01m[Kfor-1.h:13:0[m[K,
                 from [01m[Kfor-5.c:104[m[K:
[01m[Kfor-5.c:[m[K In function '[01m[Kf13_ttdpfs_auto[m[K':
[01m[Kfor-2.h:193:5:[m[K [01;35m[Kwarning: [m[K'[01m[Ki[m[K' is used uninitialized in this function [[01;35m[K-Wuninitialized[m[K]
     [01;35m[Ki[m[K[0] += 2;
     [01;35m[K^[m[K
[01m[Kfor-5.c:[m[K In function '[01m[Kf14_ttdpfs_auto[m[K':
[01m[Kfor-2.h:206:4:[m[K [01;35m[Kwarning: [m[K'[01m[Ki[m[K' is used uninitialized in this function [[01;35m[K-Wuninitialized[m[K]
    [01;35m[K-=[m[K 3.5;
    [01;35m[K^~[m[K
In file included from [01m[Kfor-1.h:18:0[m[K,
                 from [01m[Kfor-5.c:104[m[K:
[01m[Kfor-5.c:[m[K In function '[01m[Kf13_ttdpfs_guided32[m[K':
[01m[Kfor-2.h:193:5:[m[K [01;35m[Kwarning: [m[K'[01m[Ki[m[K' is used uninitialized in this function [[01;35m[K-Wuninitialized[m[K]
     [01;35m[Ki[m[K[0] += 2;
     [01;35m[K^[m[K
[01m[Kfor-5.c:[m[K In function '[01m[Kf14_ttdpfs_guided32[m[K':
[01m[Kfor-2.h:206:4:[m[K [01;35m[Kwarning: [m[K'[01m[Ki[m[K' is used uninitialized in this function [[01;35m[K-Wuninitialized[m[K]
    [01;35m[K-=[m[K 3.5;
    [01;35m[K^~[m[K
In file included from [01m[Kfor-1.h:23:0[m[K,
                 from [01m[Kfor-5.c:104[m[K:
[01m[Kfor-5.c:[m[K In function '[01m[Kf13_ttdpfs_runtime[m[K':
[01m[Kfor-2.h:193:5:[m[K [01;35m[Kwarning: [m[K'[01m[Ki[m[K' is used uninitialized in this function [[01;35m[K-Wuninitialized[m[K]
     [01;35m[Ki[m[K[0] += 2;
     [01;35m[K^[m[K
[01m[Kfor-5.c:[m[K In function '[01m[Kf14_ttdpfs_runtime[m[K':
[01m[Kfor-2.h:206:4:[m[K [01;35m[Kwarning: [m[K'[01m[Ki[m[K' is used uninitialized in this function [[01;35m[K-Wuninitialized[m[K]
    [01;35m[K-=[m[K 3.5;
    [01;35m[K^~[m[K
In file included from [01m[Kfor-1.h:3:0[m[K,
                 from [01m[Kfor-5.c:110[m[K:
[01m[Kfor-5.c:[m[K In function '[01m[Kf13_ttdpfs_ds128_static[m[K':
[01m[Kfor-2.h:193:5:[m[K [01;35m[Kwarning: [m[K'[01m[Ki[m[K' is used uninitialized in this function [[01;35m[K-Wuninitialized[m[K]
     [01;35m[Ki[m[K[0] += 2;
     [01;35m[K^[m[K
[01m[Kfor-5.c:[m[K In function '[01m[Kf14_ttdpfs_ds128_static[m[K':
[01m[Kfor-2.h:206:4:[m[K [01;35m[Kwarning: [m[K'[01m[Ki[m[K' is used uninitialized in this function [[01;35m[K-Wuninitialized[m[K]
    [01;35m[K-=[m[K 3.5;
    [01;35m[K^~[m[K
In file included from [01m[Kfor-1.h:8:0[m[K,
                 from [01m[Kfor-5.c:110[m[K:
[01m[Kfor-5.c:[m[K In function '[01m[Kf13_ttdpfs_ds128_static32[m[K':
[01m[Kfor-2.h:193:5:[m[K [01;35m[Kwarning: [m[K'[01m[Ki[m[K' is used uninitialized in this function [[01;35m[K-Wuninitialized[m[K]
     [01;35m[Ki[m[K[0] += 2;
     [01;35m[K^[m[K
[01m[Kfor-5.c:[m[K In function '[01m[Kf14_ttdpfs_ds128_static32[m[K':
[01m[Kfor-2.h:206:4:[m[K [01;35m[Kwarning: [m[K'[01m[Ki[m[K' is used uninitialized in this function [[01;35m[K-Wuninitialized[m[K]
    [01;35m[K-=[m[K 3.5;
    [01;35m[K^~[m[K
In file included from [01m[Kfor-1.h:13:0[m[K,
                 from [01m[Kfor-5.c:110[m[K:
[01m[Kfor-5.c:[m[K In function '[01m[Kf13_ttdpfs_ds128_auto[m[K':
[01m[Kfor-2.h:193:5:[m[K [01;35m[Kwarning: [m[K'[01m[Ki[m[K' is used uninitialized in this function [[01;35m[K-Wuninitialized[m[K]
     [01;35m[Ki[m[K[0] += 2;
     [01;35m[K^[m[K
[01m[Kfor-5.c:[m[K In function '[01m[Kf14_ttdpfs_ds128_auto[m[K':
[01m[Kfor-2.h:206:4:[m[K [01;35m[Kwarning: [m[K'[01m[Ki[m[K' is used uninitialized in this function [[01;35m[K-Wuninitialized[m[K]
    [01;35m[K-=[m[K 3.5;
    [01;35m[K^~[m[K
In file included from [01m[Kfor-1.h:18:0[m[K,
                 from [01m[Kfor-5.c:110[m[K:
[01m[Kfor-5.c:[m[K In function '[01m[Kf13_ttdpfs_ds128_guided32[m[K':
[01m[Kfor-2.h:193:5:[m[K [01;35m[Kwarning: [m[K'[01m[Ki[m[K' is used uninitialized in this function [[01;35m[K-Wuninitialized[m[K]
     [01;35m[Ki[m[K[0] += 2;
     [01;35m[K^[m[K
[01m[Kfor-5.c:[m[K In function '[01m[Kf14_ttdpfs_ds128_guided32[m[K':
[01m[Kfor-2.h:206:4:[m[K [01;35m[Kwarning: [m[K'[01m[Ki[m[K' is used uninitialized in this function [[01;35m[K-Wuninitialized[m[K]
    [01;35m[K-=[m[K 3.5;
    [01;35m[K^~[m[K
In file included from [01m[Kfor-1.h:23:0[m[K,
                 from [01m[Kfor-5.c:110[m[K:
[01m[Kfor-5.c:[m[K In function '[01m[Kf13_ttdpfs_ds128_runtime[m[K':
[01m[Kfor-2.h:193:5:[m[K [01;35m[Kwarning: [m[K'[01m[Ki[m[K' is used uninitialized in this function [[01;35m[K-Wuninitialized[m[K]
     [01;35m[Ki[m[K[0] += 2;
     [01;35m[K^[m[K
[01m[Kfor-5.c:[m[K In function '[01m[Kf14_ttdpfs_ds128_runtime[m[K':
[01m[Kfor-2.h:206:4:[m[K [01;35m[Kwarning: [m[K'[01m[Ki[m[K' is used uninitialized in this function [[01;35m[K-Wuninitialized[m[K]
    [01;35m[K-=[m[K 3.5;
    [01;35m[K^~[m[K
In file included from [01m[Kfor-1.h:18:0[m[K,
                 from [01m[Kfor-5.c:30[m[K:
[01m[Kfor-2.h:[m[K In function '[01m[Kf8_tpf_guided32._omp_fn.107[m[K':
[01m[Kfor-2.h:123:16:[m[K [01;35m[Kwarning: [m[Karray subscript is above array bounds [[01;35m[K-Warray-bounds[m[K]
  [01;35m[Kb[v1][v2][v3] += 5.5[m[K;
  [01;35m[K~~~~~~~~~~~~~~^~~~~~[m[K
[01m[Kfor-2.h:123:16:[m[K [01;35m[Kwarning: [m[Karray subscript is above array bounds [[01;35m[K-Warray-bounds[m[K]
In file included from [01m[Kfor-1.h:23:0[m[K,
                 from [01m[Kfor-5.c:30[m[K:
[01m[Kfor-2.h:[m[K In function '[01m[Kf8_tpf_runtime._omp_fn.137[m[K':
[01m[Kfor-2.h:123:16:[m[K [01;35m[Kwarning: [m[Karray subscript is above array bounds [[01;35m[K-Warray-bounds[m[K]
  [01;35m[Kb[v1][v2][v3] += 5.5[m[K;
  [01;35m[K~~~~~~~~~~~~~~^~~~~~[m[K
[01m[Kfor-2.h:123:16:[m[K [01;35m[Kwarning: [m[Karray subscript is above array bounds [[01;35m[K-Warray-bounds[m[K]
In file included from [01m[Kfor-5.c:38:0[m[K:
[01m[Kfor-2.h:[m[K In function '[01m[Kf12_t_simd_normal._omp_fn.162[m[K':
[01m[Kfor-2.h:180:15:[m[K [01;35m[Kwarning: [m[Karray subscript is below array bounds [[01;35m[K-Warray-bounds[m[K]
    b[i][j][k] [01;35m[K+=[m[K 16;
               [01;35m[K^~[m[K
[01m[Kfor-2.h:180:15:[m[K [01;35m[Kwarning: [m[Karray subscript is below array bounds [[01;35m[K-Warray-bounds[m[K]
    [01;35m[Kb[i][j][k] += 16[m[K;
    [01;35m[K~~~~~~~~~~~^~~~~[m[K
In file included from [01m[Kfor-1.h:3:0[m[K,
                 from [01m[Kfor-5.c:46[m[K:
[01m[Kfor-2.h:[m[K In function '[01m[Kf5_tpf_simd_static._omp_fn.176[m[K':
[01m[Kfor-2.h:79:9:[m[K [01;35m[Kwarning: [m[K'[01m[K.count.1582[m[K' may be used uninitialized in this function [[01;35m[K-Wmaybe-uninitialized[m[K]
 #pragma [01;35m[Komp[m[K F S collapse(3)
         [01;35m[K^~~[m[K
[01m[Kfor-2.h:[m[K In function '[01m[Kf6_tpf_simd_static._omp_fn.178[m[K':
[01m[Kfor-2.h:93:9:[m[K [01;35m[Kwarning: [m[K'[01m[K.count.1637[m[K' may be used uninitialized in this function [[01;35m[K-Wmaybe-uninitialized[m[K]
 #pragma [01;35m[Komp[m[K F S collapse(3)
         [01;35m[K^~~[m[K
In file included from [01m[Kfor-1.h:8:0[m[K,
                 from [01m[Kfor-5.c:46[m[K:
[01m[Kfor-2.h:[m[K In function '[01m[Kf5_tpf_simd_static32._omp_fn.206[m[K':
[01m[Kfor-2.h:79:9:[m[K [01;35m[Kwarning: [m[K'[01m[K.count.1948[m[K' may be used uninitialized in this function [[01;35m[K-Wmaybe-uninitialized[m[K]
 #pragma [01;35m[Komp[m[K F S collapse(3)
         [01;35m[K^~~[m[K
[01m[Kfor-2.h:[m[K In function '[01m[Kf6_tpf_simd_static32._omp_fn.208[m[K':
[01m[Kfor-2.h:93:9:[m[K [01;35m[Kwarning: [m[K'[01m[K.count.2002[m[K' may be used uninitialized in this function [[01;35m[K-Wmaybe-uninitialized[m[K]
 #pragma [01;35m[Komp[m[K F S collapse(3)
         [01;35m[K^~~[m[K
In file included from [01m[Kfor-1.h:13:0[m[K,
                 from [01m[Kfor-5.c:46[m[K:
[01m[Kfor-2.h:[m[K In function '[01m[Kf5_tpf_simd_auto._omp_fn.236[m[K':
[01m[Kfor-2.h:79:9:[m[K [01;35m[Kwarning: [m[K'[01m[K.count.2309[m[K' may be used uninitialized in this function [[01;35m[K-Wmaybe-uninitialized[m[K]
 #pragma [01;35m[Komp[m[K F S collapse(3)
         [01;35m[K^~~[m[K
[01m[Kfor-2.h:[m[K In function '[01m[Kf6_tpf_simd_auto._omp_fn.238[m[K':
[01m[Kfor-2.h:93:9:[m[K [01;35m[Kwarning: [m[K'[01m[K.count.2364[m[K' may be used uninitialized in this function [[01;35m[K-Wmaybe-uninitialized[m[K]
 #pragma [01;35m[Komp[m[K F S collapse(3)
         [01;35m[K^~~[m[K
In file included from [01m[Kfor-1.h:18:0[m[K,
                 from [01m[Kfor-5.c:46[m[K:
[01m[Kfor-2.h:[m[K In function '[01m[Kf8_tpf_simd_guided32._omp_fn.272[m[K':
[01m[Kfor-2.h:123:16:[m[K [01;35m[Kwarning: [m[Karray subscript is above array bounds [[01;35m[K-Warray-bounds[m[K]
  [01;35m[Kb[v1][v2][v3] += 5.5[m[K;
  [01;35m[K~~~~~~~~~~~~~~^~~~~~[m[K
[01m[Kfor-2.h:123:16:[m[K [01;35m[Kwarning: [m[Karray subscript is above array bounds [[01;35m[K-Warray-bounds[m[K]
In file included from [01m[Kfor-1.h:23:0[m[K,
                 from [01m[Kfor-5.c:46[m[K:
[01m[Kfor-2.h:[m[K In function '[01m[Kf8_tpf_simd_runtime._omp_fn.302[m[K':
[01m[Kfor-2.h:123:16:[m[K [01;35m[Kwarning: [m[Karray subscript is above array bounds [[01;35m[K-Warray-bounds[m[K]
  [01;35m[Kb[v1][v2][v3] += 5.5[m[K;
  [01;35m[K~~~~~~~~~~~~~~^~~~~~[m[K
[01m[Kfor-2.h:123:16:[m[K [01;35m[Kwarning: [m[Karray subscript is above array bounds [[01;35m[K-Warray-bounds[m[K]
D.59637[0][m[K'In file included from [01m[Kfor-1.h:3:0[m[K,
                 from [01m[Kfor-5.c:104[m[K:
[01m[Kfor-2.h:[m[K In function '[01m[Kf12_ttdpfs_static._omp_fn.700[m[K':
[01m[Kfor-2.h:175:9:[m[K [01;35m[Kwarning: [m[K may be used uninitialized in this function [[01;35m[K-Wmaybe-uninitialized[m[K]
 #pragma [01;35m[Komp[m[K F S collapse(3)
         [01;35m[K^~~[m[K
D.65707[0][m[K'In file included from [01m[Kfor-1.h:13:0[m[K,
                 from [01m[Kfor-5.c:104[m[K:
[01m[Kfor-2.h:[m[K In function '[01m[Kf12_ttdpfs_auto._omp_fn.760[m[K':
[01m[Kfor-2.h:175:9:[m[K [01;35m[Kwarning: [m[K may be used uninitialized in this function [[01;35m[K-Wmaybe-uninitialized[m[K]
 #pragma [01;35m[Komp[m[K F S collapse(3)
         [01;35m[K^~~[m[K
D.74473[0][m[K'In file included from [01m[Kfor-1.h:3:0[m[K,
                 from [01m[Kfor-5.c:110[m[K:
[01m[Kfor-2.h:[m[K In function '[01m[Kf12_ttdpfs_ds128_static._omp_fn.850[m[K':
[01m[Kfor-2.h:175:9:[m[K [01;35m[Kwarning: [m[K may be used uninitialized in this function [[01;35m[K-Wmaybe-uninitialized[m[K]
 #pragma [01;35m[Komp[m[K F S collapse(3)
         [01;35m[K^~~[m[K
D.80683[0][m[K'In file included from [01m[Kfor-1.h:13:0[m[K,
                 from [01m[Kfor-5.c:110[m[K:
[01m[Kfor-2.h:[m[K In function '[01m[Kf12_ttdpfs_ds128_auto._omp_fn.910[m[K':
[01m[Kfor-2.h:175:9:[m[K [01;35m[Kwarning: [m[K may be used uninitialized in this function [[01;35m[K-Wmaybe-uninitialized[m[K]
 #pragma [01;35m[Komp[m[K F S collapse(3)
         [01;35m[K^~~[m[K
arm-linux-gnueabihf-gcc -O3 -g3 -fopenmp -Wall -I. -I../common -I/home0/alessandro/workspace_PULP/hero/hero-sdk/libhero-target/inc  for-5.o  -L/home0/alessandro/workspace_PULP/hero/hero-sdk/libhero-target/lib -lhero-target -o libgomp_testsuite
for-2.h: In function 'f5_tpf_simd_static._omp_fn.176':
for-2.h:79:9: warning: '.count.1582' may be used uninitialized in this function [-Wmaybe-uninitialized]
 #pragma omp F S collapse(3)
         ^
for-2.h: In function 'f6_tpf_simd_static._omp_fn.178':
for-2.h:93:9: warning: '.count.1637' may be used uninitialized in this function [-Wmaybe-uninitialized]
 #pragma omp F S collapse(3)
         ^
for-2.h: In function 'f5_tpf_simd_static32._omp_fn.206':
for-2.h:79:9: warning: '.count.1948' may be used uninitialized in this function [-Wmaybe-uninitialized]
 #pragma omp F S collapse(3)
         ^
for-2.h: In function 'f6_tpf_simd_static32._omp_fn.208':
for-2.h:93:9: warning: '.count.2002' may be used uninitialized in this function [-Wmaybe-uninitialized]
 #pragma omp F S collapse(3)
         ^
for-2.h: In function 'f5_tpf_simd_auto._omp_fn.236':
for-2.h:79:9: warning: '.count.2309' may be used uninitialized in this function [-Wmaybe-uninitialized]
 #pragma omp F S collapse(3)
         ^
for-2.h: In function 'f6_tpf_simd_auto._omp_fn.238':
for-2.h:93:9: warning: '.count.2364' may be used uninitialized in this function [-Wmaybe-uninitialized]
 #pragma omp F S collapse(3)
         ^
D.8865[0]'for-2.h: In function 'f12_ttdpfs_static._omp_fn.700':
for-2.h:175:9: warning:  may be used uninitialized in this function [-Wmaybe-uninitialized]
 #pragma omp F S collapse(3)
         ^
D.9431[0]'for-2.h: In function 'f12_ttdpfs_auto._omp_fn.760':
for-2.h:175:9: warning:  may be used uninitialized in this function [-Wmaybe-uninitialized]
 #pragma omp F S collapse(3)
         ^
D.9672[0]'for-2.h: In function 'f12_ttdpfs_ds128_static._omp_fn.850':
for-2.h:175:9: warning:  may be used uninitialized in this function [-Wmaybe-uninitialized]
 #pragma omp F S collapse(3)
         ^
D.10238[0]'for-2.h: In function 'f12_ttdpfs_ds128_auto._omp_fn.910':
for-2.h:175:9: warning:  may be used uninitialized in this function [-Wmaybe-uninitialized]
 #pragma omp F S collapse(3)
         ^
/tmp/ccoDhhhz_offload.o: In function `f0_tpf_guided32._omp_fn.91':
&lt;artificial&gt;:(.text.f0_tpf_guided32._omp_fn.91+0xa): undefined reference to `GOMP_loop_guided_next'
&lt;artificial&gt;:(.text.f0_tpf_guided32._omp_fn.91+0x4a): undefined reference to `GOMP_loop_guided_next'
/tmp/ccoDhhhz_offload.o: In function `f4_tpf_guided32._omp_fn.99':
&lt;artificial&gt;:(.text.f4_tpf_guided32._omp_fn.99+0xa): undefined reference to `GOMP_loop_guided_next'
&lt;artificial&gt;:(.text.f4_tpf_guided32._omp_fn.99+0x4c): undefined reference to `GOMP_loop_guided_next'
/tmp/ccoDhhhz_offload.o: In function `f7_tpf_guided32._omp_fn.105':
&lt;artificial&gt;:(.text.f7_tpf_guided32._omp_fn.105+0x20): undefined reference to `GOMP_loop_guided_next'
/tmp/ccoDhhhz_offload.o:&lt;artificial&gt;:(.text.f7_tpf_guided32._omp_fn.105+0x12e): more undefined references to `GOMP_loop_guided_next' follow
/tmp/ccoDhhhz_offload.o: In function `f1_tpf_guided32._omp_fn.93':
&lt;artificial&gt;:(.text.f1_tpf_guided32._omp_fn.93+0x3a): undefined reference to `GOMP_loop_ull_guided_start'
&lt;artificial&gt;:(.text.f1_tpf_guided32._omp_fn.93+0x86): undefined reference to `GOMP_loop_ull_guided_next'
/tmp/ccoDhhhz_offload.o: In function `f2_tpf_guided32._omp_fn.95':
&lt;artificial&gt;:(.text.f2_tpf_guided32._omp_fn.95+0x42): undefined reference to `GOMP_loop_ull_guided_start'
&lt;artificial&gt;:(.text.f2_tpf_guided32._omp_fn.95+0x9c): undefined reference to `GOMP_loop_ull_guided_next'
/tmp/ccoDhhhz_offload.o: In function `f3_tpf_guided32._omp_fn.97':
&lt;artificial&gt;:(.text.f3_tpf_guided32._omp_fn.97+0x6e): undefined reference to `GOMP_loop_ull_guided_start'
&lt;artificial&gt;:(.text.f3_tpf_guided32._omp_fn.97+0xc2): undefined reference to `GOMP_loop_ull_guided_next'
/tmp/ccoDhhhz_offload.o: In function `.L3953':
&lt;artificial&gt;:(.text.f6_tpf_guided32._omp_fn.103+0x72): undefined reference to `GOMP_loop_ull_guided_start'
/tmp/ccoDhhhz_offload.o: In function `.L3955':
&lt;artificial&gt;:(.text.f6_tpf_guided32._omp_fn.103+0x18e): undefined reference to `GOMP_loop_ull_guided_next'
/tmp/ccoDhhhz_offload.o: In function `f13_tpf_guided32._omp_fn.117':
&lt;artificial&gt;:(.text.f13_tpf_guided32._omp_fn.117+0x38): undefined reference to `GOMP_loop_ull_guided_start'
&lt;artificial&gt;:(.text.f13_tpf_guided32._omp_fn.117+0x6e): undefined reference to `GOMP_loop_ull_guided_next'
/tmp/ccoDhhhz_offload.o: In function `f14_tpf_guided32._omp_fn.119':
&lt;artificial&gt;:(.text.f14_tpf_guided32._omp_fn.119+0x3a): undefined reference to `GOMP_loop_ull_guided_start'
&lt;artificial&gt;:(.text.f14_tpf_guided32._omp_fn.119+0x14a): undefined reference to `GOMP_loop_ull_guided_next'
/tmp/ccoDhhhz_offload.o: In function `f1_tpf_simd_guided32._omp_fn.258':
&lt;artificial&gt;:(.text.f1_tpf_simd_guided32._omp_fn.258+0x3a): undefined reference to `GOMP_loop_ull_guided_start'
&lt;artificial&gt;:(.text.f1_tpf_simd_guided32._omp_fn.258+0x86): undefined reference to `GOMP_loop_ull_guided_next'
/tmp/ccoDhhhz_offload.o: In function `f2_tpf_simd_guided32._omp_fn.260':
&lt;artificial&gt;:(.text.f2_tpf_simd_guided32._omp_fn.260+0x4c): undefined reference to `GOMP_loop_ull_guided_start'
&lt;artificial&gt;:(.text.f2_tpf_simd_guided32._omp_fn.260+0xbe): undefined reference to `GOMP_loop_ull_guided_next'
&lt;artificial&gt;:(.text.f2_tpf_simd_guided32._omp_fn.260+0xfe): undefined reference to `GOMP_loop_ull_guided_next'
/tmp/ccoDhhhz_offload.o: In function `f3_tpf_simd_guided32._omp_fn.262':
&lt;artificial&gt;:(.text.f3_tpf_simd_guided32._omp_fn.262+0x6e): undefined reference to `GOMP_loop_ull_guided_start'
&lt;artificial&gt;:(.text.f3_tpf_simd_guided32._omp_fn.262+0xc8): undefined reference to `GOMP_loop_ull_guided_next'
/tmp/ccoDhhhz_offload.o: In function `.L4082':
&lt;artificial&gt;:(.text.f6_tpf_simd_guided32._omp_fn.268+0x74): undefined reference to `GOMP_loop_ull_guided_start'
/tmp/ccoDhhhz_offload.o: In function `.L4078':
&lt;artificial&gt;:(.text.f6_tpf_simd_guided32._omp_fn.268+0xd4): undefined reference to `GOMP_loop_ull_guided_next'
/tmp/ccoDhhhz_offload.o: In function `.L4100':
&lt;artificial&gt;:(.text.f6_tpf_simd_guided32._omp_fn.268+0x246): undefined reference to `GOMP_loop_ull_guided_next'
/tmp/ccoDhhhz_offload.o: In function `f13_tpf_simd_guided32._omp_fn.282':
&lt;artificial&gt;:(.text.f13_tpf_simd_guided32._omp_fn.282+0x48): undefined reference to `GOMP_loop_ull_guided_start'
&lt;artificial&gt;:(.text.f13_tpf_simd_guided32._omp_fn.282+0x72): undefined reference to `GOMP_loop_ull_guided_next'
/tmp/ccoDhhhz_offload.o: In function `f14_tpf_simd_guided32._omp_fn.284':
&lt;artificial&gt;:(.text.f14_tpf_simd_guided32._omp_fn.284+0x3c): undefined reference to `GOMP_loop_ull_guided_start'
&lt;artificial&gt;:(.text.f14_tpf_simd_guided32._omp_fn.284+0x134): undefined reference to `GOMP_loop_ull_guided_next'
&lt;artificial&gt;:(.text.f14_tpf_simd_guided32._omp_fn.284+0x172): undefined reference to `GOMP_loop_ull_guided_next'
/tmp/ccoDhhhz_offload.o: In function `f1_ttdpf_guided32._omp_fn.468':
&lt;artificial&gt;:(.text.f1_ttdpf_guided32._omp_fn.468+0x2c): undefined reference to `GOMP_loop_ull_guided_start'
&lt;artificial&gt;:(.text.f1_ttdpf_guided32._omp_fn.468+0x78): undefined reference to `GOMP_loop_ull_guided_next'
/tmp/ccoDhhhz_offload.o: In function `f2_ttdpf_guided32._omp_fn.470':
&lt;artificial&gt;:(.text.f2_ttdpf_guided32._omp_fn.470+0x34): undefined reference to `GOMP_loop_ull_guided_start'
&lt;artificial&gt;:(.text.f2_ttdpf_guided32._omp_fn.470+0x8e): undefined reference to `GOMP_loop_ull_guided_next'
/tmp/ccoDhhhz_offload.o: In function `f3_ttdpf_guided32._omp_fn.472':
&lt;artificial&gt;:(.text.f3_ttdpf_guided32._omp_fn.472+0x4e): undefined reference to `GOMP_loop_ull_guided_start'
&lt;artificial&gt;:(.text.f3_ttdpf_guided32._omp_fn.472+0xa2): undefined reference to `GOMP_loop_ull_guided_next'
/tmp/ccoDhhhz_offload.o: In function `f6_ttdpf_guided32._omp_fn.478':
&lt;artificial&gt;:(.text.f6_ttdpf_guided32._omp_fn.478+0x76): undefined reference to `GOMP_loop_ull_guided_start'
&lt;artificial&gt;:(.text.f6_ttdpf_guided32._omp_fn.478+0x192): undefined reference to `GOMP_loop_ull_guided_next'
/tmp/ccoDhhhz_offload.o: In function `f13_ttdpf_guided32._omp_fn.492':
&lt;artificial&gt;:(.text.f13_ttdpf_guided32._omp_fn.492+0x24): undefined reference to `GOMP_loop_ull_guided_start'
&lt;artificial&gt;:(.text.f13_ttdpf_guided32._omp_fn.492+0x5a): undefined reference to `GOMP_loop_ull_guided_next'
/tmp/ccoDhhhz_offload.o: In function `f14_ttdpf_guided32._omp_fn.494':
&lt;artificial&gt;:(.text.f14_ttdpf_guided32._omp_fn.494+0x54): undefined reference to `GOMP_loop_ull_guided_start'
&lt;artificial&gt;:(.text.f14_ttdpf_guided32._omp_fn.494+0x166): undefined reference to `GOMP_loop_ull_guided_next'
/tmp/ccoDhhhz_offload.o: In function `f1_ttdpf_ds128_guided32._omp_fn.618':
&lt;artificial&gt;:(.text.f1_ttdpf_ds128_guided32._omp_fn.618+0x2c): undefined reference to `GOMP_loop_ull_guided_start'
&lt;artificial&gt;:(.text.f1_ttdpf_ds128_guided32._omp_fn.618+0x78): undefined reference to `GOMP_loop_ull_guided_next'
/tmp/ccoDhhhz_offload.o: In function `f2_ttdpf_ds128_guided32._omp_fn.620':
&lt;artificial&gt;:(.text.f2_ttdpf_ds128_guided32._omp_fn.620+0x34): undefined reference to `GOMP_loop_ull_guided_start'
&lt;artificial&gt;:(.text.f2_ttdpf_ds128_guided32._omp_fn.620+0x8e): undefined reference to `GOMP_loop_ull_guided_next'
/tmp/ccoDhhhz_offload.o: In function `f3_ttdpf_ds128_guided32._omp_fn.622':
&lt;artificial&gt;:(.text.f3_ttdpf_ds128_guided32._omp_fn.622+0x4e): undefined reference to `GOMP_loop_ull_guided_start'
&lt;artificial&gt;:(.text.f3_ttdpf_ds128_guided32._omp_fn.622+0xa2): undefined reference to `GOMP_loop_ull_guided_next'
/tmp/ccoDhhhz_offload.o: In function `f6_ttdpf_ds128_guided32._omp_fn.628':
&lt;artificial&gt;:(.text.f6_ttdpf_ds128_guided32._omp_fn.628+0x76): undefined reference to `GOMP_loop_ull_guided_start'
&lt;artificial&gt;:(.text.f6_ttdpf_ds128_guided32._omp_fn.628+0x192): undefined reference to `GOMP_loop_ull_guided_next'
/tmp/ccoDhhhz_offload.o: In function `f13_ttdpf_ds128_guided32._omp_fn.642':
&lt;artificial&gt;:(.text.f13_ttdpf_ds128_guided32._omp_fn.642+0x24): undefined reference to `GOMP_loop_ull_guided_start'
&lt;artificial&gt;:(.text.f13_ttdpf_ds128_guided32._omp_fn.642+0x5a): undefined reference to `GOMP_loop_ull_guided_next'
/tmp/ccoDhhhz_offload.o: In function `f14_ttdpf_ds128_guided32._omp_fn.644':
&lt;artificial&gt;:(.text.f14_ttdpf_ds128_guided32._omp_fn.644+0x54): undefined reference to `GOMP_loop_ull_guided_start'
&lt;artificial&gt;:(.text.f14_ttdpf_ds128_guided32._omp_fn.644+0x166): undefined reference to `GOMP_loop_ull_guided_next'
/tmp/ccoDhhhz_offload.o: In function `f1_ttdpfs_guided32._omp_fn.768':
&lt;artificial&gt;:(.text.f1_ttdpfs_guided32._omp_fn.768+0x2c): undefined reference to `GOMP_loop_ull_guided_start'
&lt;artificial&gt;:(.text.f1_ttdpfs_guided32._omp_fn.768+0x78): undefined reference to `GOMP_loop_ull_guided_next'
/tmp/ccoDhhhz_offload.o: In function `f2_ttdpfs_guided32._omp_fn.770':
&lt;artificial&gt;:(.text.f2_ttdpfs_guided32._omp_fn.770+0x3e): undefined reference to `GOMP_loop_ull_guided_start'
&lt;artificial&gt;:(.text.f2_ttdpfs_guided32._omp_fn.770+0xb0): undefined reference to `GOMP_loop_ull_guided_next'
&lt;artificial&gt;:(.text.f2_ttdpfs_guided32._omp_fn.770+0xf0): undefined reference to `GOMP_loop_ull_guided_next'
/tmp/ccoDhhhz_offload.o: In function `f3_ttdpfs_guided32._omp_fn.772':
&lt;artificial&gt;:(.text.f3_ttdpfs_guided32._omp_fn.772+0x4e): undefined reference to `GOMP_loop_ull_guided_start'
&lt;artificial&gt;:(.text.f3_ttdpfs_guided32._omp_fn.772+0xa8): undefined reference to `GOMP_loop_ull_guided_next'
/tmp/ccoDhhhz_offload.o: In function `f6_ttdpfs_guided32._omp_fn.778':
&lt;artificial&gt;:(.text.f6_ttdpfs_guided32._omp_fn.778+0x88): undefined reference to `GOMP_loop_ull_guided_start'
&lt;artificial&gt;:(.text.f6_ttdpfs_guided32._omp_fn.778+0xe8): undefined reference to `GOMP_loop_ull_guided_next'
&lt;artificial&gt;:(.text.f6_ttdpfs_guided32._omp_fn.778+0x25a): undefined reference to `GOMP_loop_ull_guided_next'
/tmp/ccoDhhhz_offload.o: In function `f13_ttdpfs_guided32._omp_fn.792':
&lt;artificial&gt;:(.text.f13_ttdpfs_guided32._omp_fn.792+0x32): undefined reference to `GOMP_loop_ull_guided_start'
&lt;artificial&gt;:(.text.f13_ttdpfs_guided32._omp_fn.792+0x78): undefined reference to `GOMP_loop_ull_guided_next'
/tmp/ccoDhhhz_offload.o: In function `f14_ttdpfs_guided32._omp_fn.794':
&lt;artificial&gt;:(.text.f14_ttdpfs_guided32._omp_fn.794+0x5c): undefined reference to `GOMP_loop_ull_guided_start'
&lt;artificial&gt;:(.text.f14_ttdpfs_guided32._omp_fn.794+0x150): undefined reference to `GOMP_loop_ull_guided_next'
&lt;artificial&gt;:(.text.f14_ttdpfs_guided32._omp_fn.794+0x192): undefined reference to `GOMP_loop_ull_guided_next'
/tmp/ccoDhhhz_offload.o: In function `f1_ttdpfs_ds128_guided32._omp_fn.918':
&lt;artificial&gt;:(.text.f1_ttdpfs_ds128_guided32._omp_fn.918+0x2c): undefined reference to `GOMP_loop_ull_guided_start'
&lt;artificial&gt;:(.text.f1_ttdpfs_ds128_guided32._omp_fn.918+0x78): undefined reference to `GOMP_loop_ull_guided_next'
/tmp/ccoDhhhz_offload.o: In function `f2_ttdpfs_ds128_guided32._omp_fn.920':
&lt;artificial&gt;:(.text.f2_ttdpfs_ds128_guided32._omp_fn.920+0x3e): undefined reference to `GOMP_loop_ull_guided_start'
&lt;artificial&gt;:(.text.f2_ttdpfs_ds128_guided32._omp_fn.920+0xb0): undefined reference to `GOMP_loop_ull_guided_next'
&lt;artificial&gt;:(.text.f2_ttdpfs_ds128_guided32._omp_fn.920+0xf0): undefined reference to `GOMP_loop_ull_guided_next'
/tmp/ccoDhhhz_offload.o: In function `f3_ttdpfs_ds128_guided32._omp_fn.922':
&lt;artificial&gt;:(.text.f3_ttdpfs_ds128_guided32._omp_fn.922+0x4e): undefined reference to `GOMP_loop_ull_guided_start'
&lt;artificial&gt;:(.text.f3_ttdpfs_ds128_guided32._omp_fn.922+0xa8): undefined reference to `GOMP_loop_ull_guided_next'
/tmp/ccoDhhhz_offload.o: In function `f6_ttdpfs_ds128_guided32._omp_fn.928':
&lt;artificial&gt;:(.text.f6_ttdpfs_ds128_guided32._omp_fn.928+0x88): undefined reference to `GOMP_loop_ull_guided_start'
&lt;artificial&gt;:(.text.f6_ttdpfs_ds128_guided32._omp_fn.928+0xe8): undefined reference to `GOMP_loop_ull_guided_next'
&lt;artificial&gt;:(.text.f6_ttdpfs_ds128_guided32._omp_fn.928+0x25a): undefined reference to `GOMP_loop_ull_guided_next'
/tmp/ccoDhhhz_offload.o: In function `f13_ttdpfs_ds128_guided32._omp_fn.942':
&lt;artificial&gt;:(.text.f13_ttdpfs_ds128_guided32._omp_fn.942+0x32): undefined reference to `GOMP_loop_ull_guided_start'
&lt;artificial&gt;:(.text.f13_ttdpfs_ds128_guided32._omp_fn.942+0x78): undefined reference to `GOMP_loop_ull_guided_next'
/tmp/ccoDhhhz_offload.o: In function `f14_ttdpfs_ds128_guided32._omp_fn.944':
&lt;artificial&gt;:(.text.f14_ttdpfs_ds128_guided32._omp_fn.944+0x5c): undefined reference to `GOMP_loop_ull_guided_start'
&lt;artificial&gt;:(.text.f14_ttdpfs_ds128_guided32._omp_fn.944+0x150): undefined reference to `GOMP_loop_ull_guided_next'
&lt;artificial&gt;:(.text.f14_ttdpfs_ds128_guided32._omp_fn.944+0x192): undefined reference to `GOMP_loop_ull_guided_next'
/tmp/ccoDhhhz_offload.o: In function `.L4618':
&lt;artificial&gt;:(.text.f5_tpf_guided32._omp_fn.101+0x52): undefined reference to `GOMP_loop_guided_start'
/tmp/ccoDhhhz_offload.o: In function `.L4619':
&lt;artificial&gt;:(.text.f5_tpf_guided32._omp_fn.101+0xf6): undefined reference to `GOMP_loop_guided_next'
/tmp/ccoDhhhz_offload.o: In function `f9_tpf_guided32._omp_fn.109':
&lt;artificial&gt;:(.text.f9_tpf_guided32._omp_fn.109+0x12): undefined reference to `GOMP_loop_guided_start'
/tmp/ccoDhhhz_offload.o: In function `f10_tpf_guided32._omp_fn.111':
&lt;artificial&gt;:(.text.f10_tpf_guided32._omp_fn.111+0x14): undefined reference to `GOMP_loop_guided_start'
/tmp/ccoDhhhz_offload.o: In function `f11_tpf_guided32._omp_fn.113':
&lt;artificial&gt;:(.text.f11_tpf_guided32._omp_fn.113+0x12): undefined reference to `GOMP_loop_guided_start'
/tmp/ccoDhhhz_offload.o: In function `f12_tpf_guided32._omp_fn.115':
&lt;artificial&gt;:(.text.f12_tpf_guided32._omp_fn.115+0x1e): undefined reference to `GOMP_loop_guided_start'
&lt;artificial&gt;:(.text.f12_tpf_guided32._omp_fn.115+0x92): undefined reference to `GOMP_loop_guided_start'
/tmp/ccoDhhhz_offload.o:&lt;artificial&gt;:(.text.f5_tpf_simd_guided32._omp_fn.266+0x6c): more undefined references to `GOMP_loop_guided_start' follow
/tmp/ccoDhhhz_offload.o: In function `.L4667':
&lt;artificial&gt;:(.text.f5_tpf_simd_guided32._omp_fn.266+0x154): undefined reference to `GOMP_loop_guided_next'
/tmp/ccoDhhhz_offload.o: In function `.L4677':
&lt;artificial&gt;:(.text.f5_tpf_simd_guided32._omp_fn.266+0x210): undefined reference to `GOMP_loop_guided_start'
/tmp/ccoDhhhz_offload.o: In function `f11_tpf_simd_guided32._omp_fn.278':
&lt;artificial&gt;:(.text.f11_tpf_simd_guided32._omp_fn.278+0x1e): undefined reference to `GOMP_loop_guided_start'
&lt;artificial&gt;:(.text.f11_tpf_simd_guided32._omp_fn.278+0x3a): undefined reference to `GOMP_loop_guided_next'
&lt;artificial&gt;:(.text.f11_tpf_simd_guided32._omp_fn.278+0x62): undefined reference to `GOMP_loop_guided_next'
/tmp/ccoDhhhz_offload.o: In function `f12_tpf_simd_guided32._omp_fn.280':
&lt;artificial&gt;:(.text.f12_tpf_simd_guided32._omp_fn.280+0x50): undefined reference to `GOMP_loop_guided_start'
&lt;artificial&gt;:(.text.f12_tpf_simd_guided32._omp_fn.280+0x7a): undefined reference to `GOMP_loop_guided_next'
&lt;artificial&gt;:(.text.f12_tpf_simd_guided32._omp_fn.280+0x94): undefined reference to `GOMP_loop_guided_next'
&lt;artificial&gt;:(.text.f12_tpf_simd_guided32._omp_fn.280+0xbe): undefined reference to `GOMP_loop_guided_start'
/tmp/ccoDhhhz_offload.o: In function `f5_ttdpf_guided32._omp_fn.476':
&lt;artificial&gt;:(.text.f5_ttdpf_guided32._omp_fn.476+0x64): undefined reference to `GOMP_loop_guided_start'
&lt;artificial&gt;:(.text.f5_ttdpf_guided32._omp_fn.476+0x108): undefined reference to `GOMP_loop_guided_next'
/tmp/ccoDhhhz_offload.o: In function `f9_ttdpf_guided32._omp_fn.484':
&lt;artificial&gt;:(.text.f9_ttdpf_guided32._omp_fn.484+0x12): undefined reference to `GOMP_loop_guided_start'
/tmp/ccoDhhhz_offload.o: In function `f11_ttdpf_guided32._omp_fn.488':
&lt;artificial&gt;:(.text.f11_ttdpf_guided32._omp_fn.488+0x12): undefined reference to `GOMP_loop_guided_start'
/tmp/ccoDhhhz_offload.o: In function `f12_ttdpf_guided32._omp_fn.490':
&lt;artificial&gt;:(.text.f12_ttdpf_guided32._omp_fn.490+0x26): undefined reference to `GOMP_loop_guided_start'
/tmp/ccoDhhhz_offload.o: In function `f5_ttdpf_ds128_guided32._omp_fn.626':
&lt;artificial&gt;:(.text.f5_ttdpf_ds128_guided32._omp_fn.626+0x64): undefined reference to `GOMP_loop_guided_start'
&lt;artificial&gt;:(.text.f5_ttdpf_ds128_guided32._omp_fn.626+0x108): undefined reference to `GOMP_loop_guided_next'
/tmp/ccoDhhhz_offload.o: In function `f9_ttdpf_ds128_guided32._omp_fn.634':
&lt;artificial&gt;:(.text.f9_ttdpf_ds128_guided32._omp_fn.634+0x12): undefined reference to `GOMP_loop_guided_start'
/tmp/ccoDhhhz_offload.o: In function `f11_ttdpf_ds128_guided32._omp_fn.638':
&lt;artificial&gt;:(.text.f11_ttdpf_ds128_guided32._omp_fn.638+0x12): undefined reference to `GOMP_loop_guided_start'
/tmp/ccoDhhhz_offload.o: In function `f12_ttdpf_ds128_guided32._omp_fn.640':
&lt;artificial&gt;:(.text.f12_ttdpf_ds128_guided32._omp_fn.640+0x26): undefined reference to `GOMP_loop_guided_start'
/tmp/ccoDhhhz_offload.o: In function `f5_ttdpfs_guided32._omp_fn.776':
&lt;artificial&gt;:(.text.f5_ttdpfs_guided32._omp_fn.776+0x78): undefined reference to `GOMP_loop_guided_start'
&lt;artificial&gt;:(.text.f5_ttdpfs_guided32._omp_fn.776+0x152): undefined reference to `GOMP_loop_guided_next'
/tmp/ccoDhhhz_offload.o: In function `f11_ttdpfs_guided32._omp_fn.788':
&lt;artificial&gt;:(.text.f11_ttdpfs_guided32._omp_fn.788+0x1e): undefined reference to `GOMP_loop_guided_start'
&lt;artificial&gt;:(.text.f11_ttdpfs_guided32._omp_fn.788+0x3a): undefined reference to `GOMP_loop_guided_next'
&lt;artificial&gt;:(.text.f11_ttdpfs_guided32._omp_fn.788+0x62): undefined reference to `GOMP_loop_guided_next'
/tmp/ccoDhhhz_offload.o: In function `f12_ttdpfs_guided32._omp_fn.790':
&lt;artificial&gt;:(.text.f12_ttdpfs_guided32._omp_fn.790+0x34): undefined reference to `GOMP_loop_guided_start'
&lt;artificial&gt;:(.text.f12_ttdpfs_guided32._omp_fn.790+0x6e): undefined reference to `GOMP_loop_guided_next'
/tmp/ccoDhhhz_offload.o: In function `f5_ttdpfs_ds128_guided32._omp_fn.926':
&lt;artificial&gt;:(.text.f5_ttdpfs_ds128_guided32._omp_fn.926+0x78): undefined reference to `GOMP_loop_guided_start'
&lt;artificial&gt;:(.text.f5_ttdpfs_ds128_guided32._omp_fn.926+0x152): undefined reference to `GOMP_loop_guided_next'
/tmp/ccoDhhhz_offload.o: In function `f11_ttdpfs_ds128_guided32._omp_fn.938':
&lt;artificial&gt;:(.text.f11_ttdpfs_ds128_guided32._omp_fn.938+0x1e): undefined reference to `GOMP_loop_guided_start'
&lt;artificial&gt;:(.text.f11_ttdpfs_ds128_guided32._omp_fn.938+0x3a): undefined reference to `GOMP_loop_guided_next'
&lt;artificial&gt;:(.text.f11_ttdpfs_ds128_guided32._omp_fn.938+0x62): undefined reference to `GOMP_loop_guided_next'
/tmp/ccoDhhhz_offload.o: In function `f12_ttdpfs_ds128_guided32._omp_fn.940':
&lt;artificial&gt;:(.text.f12_ttdpfs_ds128_guided32._omp_fn.940+0x34): undefined reference to `GOMP_loop_guided_start'
&lt;artificial&gt;:(.text.f12_ttdpfs_ds128_guided32._omp_fn.940+0x6e): undefined reference to `GOMP_loop_guided_next'
/tmp/ccoDhhhz_offload.o: In function `f0_tpf_runtime._omp_fn.121':
&lt;artificial&gt;:(.text.f0_tpf_runtime._omp_fn.121+0xa): undefined reference to `GOMP_loop_runtime_next'
&lt;artificial&gt;:(.text.f0_tpf_runtime._omp_fn.121+0x4a): undefined reference to `GOMP_loop_runtime_next'
/tmp/ccoDhhhz_offload.o: In function `f4_tpf_runtime._omp_fn.129':
&lt;artificial&gt;:(.text.f4_tpf_runtime._omp_fn.129+0xa): undefined reference to `GOMP_loop_runtime_next'
&lt;artificial&gt;:(.text.f4_tpf_runtime._omp_fn.129+0x4c): undefined reference to `GOMP_loop_runtime_next'
/tmp/ccoDhhhz_offload.o: In function `f7_tpf_runtime._omp_fn.135':
&lt;artificial&gt;:(.text.f7_tpf_runtime._omp_fn.135+0x20): undefined reference to `GOMP_loop_runtime_next'
/tmp/ccoDhhhz_offload.o:&lt;artificial&gt;:(.text.f7_tpf_runtime._omp_fn.135+0x12e): more undefined references to `GOMP_loop_runtime_next' follow
/tmp/ccoDhhhz_offload.o: In function `f1_tpf_runtime._omp_fn.123':
&lt;artificial&gt;:(.text.f1_tpf_runtime._omp_fn.123+0x30): undefined reference to `GOMP_loop_ull_runtime_start'
&lt;artificial&gt;:(.text.f1_tpf_runtime._omp_fn.123+0x7c): undefined reference to `GOMP_loop_ull_runtime_next'
/tmp/ccoDhhhz_offload.o: In function `f2_tpf_runtime._omp_fn.125':
&lt;artificial&gt;:(.text.f2_tpf_runtime._omp_fn.125+0x38): undefined reference to `GOMP_loop_ull_runtime_start'
&lt;artificial&gt;:(.text.f2_tpf_runtime._omp_fn.125+0x92): undefined reference to `GOMP_loop_ull_runtime_next'
/tmp/ccoDhhhz_offload.o: In function `f3_tpf_runtime._omp_fn.127':
&lt;artificial&gt;:(.text.f3_tpf_runtime._omp_fn.127+0x64): undefined reference to `GOMP_loop_ull_runtime_start'
&lt;artificial&gt;:(.text.f3_tpf_runtime._omp_fn.127+0xb8): undefined reference to `GOMP_loop_ull_runtime_next'
/tmp/ccoDhhhz_offload.o: In function `.L5315':
&lt;artificial&gt;:(.text.f6_tpf_runtime._omp_fn.133+0x6c): undefined reference to `GOMP_loop_ull_runtime_start'
/tmp/ccoDhhhz_offload.o: In function `.L5317':
&lt;artificial&gt;:(.text.f6_tpf_runtime._omp_fn.133+0x188): undefined reference to `GOMP_loop_ull_runtime_next'
/tmp/ccoDhhhz_offload.o: In function `f13_tpf_runtime._omp_fn.147':
&lt;artificial&gt;:(.text.f13_tpf_runtime._omp_fn.147+0x30): undefined reference to `GOMP_loop_ull_runtime_start'
&lt;artificial&gt;:(.text.f13_tpf_runtime._omp_fn.147+0x66): undefined reference to `GOMP_loop_ull_runtime_next'
/tmp/ccoDhhhz_offload.o: In function `f14_tpf_runtime._omp_fn.149':
&lt;artificial&gt;:(.text.f14_tpf_runtime._omp_fn.149+0x34): undefined reference to `GOMP_loop_ull_runtime_start'
&lt;artificial&gt;:(.text.f14_tpf_runtime._omp_fn.149+0x144): undefined reference to `GOMP_loop_ull_runtime_next'
/tmp/ccoDhhhz_offload.o: In function `f1_tpf_simd_runtime._omp_fn.288':
&lt;artificial&gt;:(.text.f1_tpf_simd_runtime._omp_fn.288+0x30): undefined reference to `GOMP_loop_ull_runtime_start'
&lt;artificial&gt;:(.text.f1_tpf_simd_runtime._omp_fn.288+0x7c): undefined reference to `GOMP_loop_ull_runtime_next'
/tmp/ccoDhhhz_offload.o: In function `f2_tpf_simd_runtime._omp_fn.290':
&lt;artificial&gt;:(.text.f2_tpf_simd_runtime._omp_fn.290+0x44): undefined reference to `GOMP_loop_ull_runtime_start'
&lt;artificial&gt;:(.text.f2_tpf_simd_runtime._omp_fn.290+0xb6): undefined reference to `GOMP_loop_ull_runtime_next'
&lt;artificial&gt;:(.text.f2_tpf_simd_runtime._omp_fn.290+0xf6): undefined reference to `GOMP_loop_ull_runtime_next'
/tmp/ccoDhhhz_offload.o: In function `f3_tpf_simd_runtime._omp_fn.292':
&lt;artificial&gt;:(.text.f3_tpf_simd_runtime._omp_fn.292+0x64): undefined reference to `GOMP_loop_ull_runtime_start'
&lt;artificial&gt;:(.text.f3_tpf_simd_runtime._omp_fn.292+0xbe): undefined reference to `GOMP_loop_ull_runtime_next'
/tmp/ccoDhhhz_offload.o: In function `.L5444':
&lt;artificial&gt;:(.text.f6_tpf_simd_runtime._omp_fn.298+0x6e): undefined reference to `GOMP_loop_ull_runtime_start'
/tmp/ccoDhhhz_offload.o: In function `.L5440':
&lt;artificial&gt;:(.text.f6_tpf_simd_runtime._omp_fn.298+0xce): undefined reference to `GOMP_loop_ull_runtime_next'
/tmp/ccoDhhhz_offload.o: In function `.L5462':
&lt;artificial&gt;:(.text.f6_tpf_simd_runtime._omp_fn.298+0x240): undefined reference to `GOMP_loop_ull_runtime_next'
/tmp/ccoDhhhz_offload.o: In function `f13_tpf_simd_runtime._omp_fn.312':
&lt;artificial&gt;:(.text.f13_tpf_simd_runtime._omp_fn.312+0x3e): undefined reference to `GOMP_loop_ull_runtime_start'
&lt;artificial&gt;:(.text.f13_tpf_simd_runtime._omp_fn.312+0x66): undefined reference to `GOMP_loop_ull_runtime_next'
/tmp/ccoDhhhz_offload.o: In function `f14_tpf_simd_runtime._omp_fn.314':
&lt;artificial&gt;:(.text.f14_tpf_simd_runtime._omp_fn.314+0x36): undefined reference to `GOMP_loop_ull_runtime_start'
&lt;artificial&gt;:(.text.f14_tpf_simd_runtime._omp_fn.314+0x12e): undefined reference to `GOMP_loop_ull_runtime_next'
&lt;artificial&gt;:(.text.f14_tpf_simd_runtime._omp_fn.314+0x16c): undefined reference to `GOMP_loop_ull_runtime_next'
/tmp/ccoDhhhz_offload.o: In function `f1_ttdpf_runtime._omp_fn.498':
&lt;artificial&gt;:(.text.f1_ttdpf_runtime._omp_fn.498+0x22): undefined reference to `GOMP_loop_ull_runtime_start'
&lt;artificial&gt;:(.text.f1_ttdpf_runtime._omp_fn.498+0x6e): undefined reference to `GOMP_loop_ull_runtime_next'
/tmp/ccoDhhhz_offload.o: In function `f2_ttdpf_runtime._omp_fn.500':
&lt;artificial&gt;:(.text.f2_ttdpf_runtime._omp_fn.500+0x2a): undefined reference to `GOMP_loop_ull_runtime_start'
&lt;artificial&gt;:(.text.f2_ttdpf_runtime._omp_fn.500+0x84): undefined reference to `GOMP_loop_ull_runtime_next'
/tmp/ccoDhhhz_offload.o: In function `f3_ttdpf_runtime._omp_fn.502':
&lt;artificial&gt;:(.text.f3_ttdpf_runtime._omp_fn.502+0x44): undefined reference to `GOMP_loop_ull_runtime_start'
&lt;artificial&gt;:(.text.f3_ttdpf_runtime._omp_fn.502+0x98): undefined reference to `GOMP_loop_ull_runtime_next'
/tmp/ccoDhhhz_offload.o: In function `f6_ttdpf_runtime._omp_fn.508':
&lt;artificial&gt;:(.text.f6_ttdpf_runtime._omp_fn.508+0x70): undefined reference to `GOMP_loop_ull_runtime_start'
&lt;artificial&gt;:(.text.f6_ttdpf_runtime._omp_fn.508+0x18c): undefined reference to `GOMP_loop_ull_runtime_next'
/tmp/ccoDhhhz_offload.o: In function `f13_ttdpf_runtime._omp_fn.522':
&lt;artificial&gt;:(.text.f13_ttdpf_runtime._omp_fn.522+0x1c): undefined reference to `GOMP_loop_ull_runtime_start'
&lt;artificial&gt;:(.text.f13_ttdpf_runtime._omp_fn.522+0x52): undefined reference to `GOMP_loop_ull_runtime_next'
/tmp/ccoDhhhz_offload.o: In function `f14_ttdpf_runtime._omp_fn.524':
&lt;artificial&gt;:(.text.f14_ttdpf_runtime._omp_fn.524+0x4c): undefined reference to `GOMP_loop_ull_runtime_start'
&lt;artificial&gt;:(.text.f14_ttdpf_runtime._omp_fn.524+0x15e): undefined reference to `GOMP_loop_ull_runtime_next'
/tmp/ccoDhhhz_offload.o: In function `f1_ttdpf_ds128_runtime._omp_fn.648':
&lt;artificial&gt;:(.text.f1_ttdpf_ds128_runtime._omp_fn.648+0x22): undefined reference to `GOMP_loop_ull_runtime_start'
&lt;artificial&gt;:(.text.f1_ttdpf_ds128_runtime._omp_fn.648+0x6e): undefined reference to `GOMP_loop_ull_runtime_next'
/tmp/ccoDhhhz_offload.o: In function `f2_ttdpf_ds128_runtime._omp_fn.650':
&lt;artificial&gt;:(.text.f2_ttdpf_ds128_runtime._omp_fn.650+0x2a): undefined reference to `GOMP_loop_ull_runtime_start'
&lt;artificial&gt;:(.text.f2_ttdpf_ds128_runtime._omp_fn.650+0x84): undefined reference to `GOMP_loop_ull_runtime_next'
/tmp/ccoDhhhz_offload.o: In function `f3_ttdpf_ds128_runtime._omp_fn.652':
&lt;artificial&gt;:(.text.f3_ttdpf_ds128_runtime._omp_fn.652+0x44): undefined reference to `GOMP_loop_ull_runtime_start'
&lt;artificial&gt;:(.text.f3_ttdpf_ds128_runtime._omp_fn.652+0x98): undefined reference to `GOMP_loop_ull_runtime_next'
/tmp/ccoDhhhz_offload.o: In function `f6_ttdpf_ds128_runtime._omp_fn.658':
&lt;artificial&gt;:(.text.f6_ttdpf_ds128_runtime._omp_fn.658+0x70): undefined reference to `GOMP_loop_ull_runtime_start'
&lt;artificial&gt;:(.text.f6_ttdpf_ds128_runtime._omp_fn.658+0x18c): undefined reference to `GOMP_loop_ull_runtime_next'
/tmp/ccoDhhhz_offload.o: In function `f13_ttdpf_ds128_runtime._omp_fn.672':
&lt;artificial&gt;:(.text.f13_ttdpf_ds128_runtime._omp_fn.672+0x1c): undefined reference to `GOMP_loop_ull_runtime_start'
&lt;artificial&gt;:(.text.f13_ttdpf_ds128_runtime._omp_fn.672+0x52): undefined reference to `GOMP_loop_ull_runtime_next'
/tmp/ccoDhhhz_offload.o: In function `f14_ttdpf_ds128_runtime._omp_fn.674':
&lt;artificial&gt;:(.text.f14_ttdpf_ds128_runtime._omp_fn.674+0x4c): undefined reference to `GOMP_loop_ull_runtime_start'
&lt;artificial&gt;:(.text.f14_ttdpf_ds128_runtime._omp_fn.674+0x15e): undefined reference to `GOMP_loop_ull_runtime_next'
/tmp/ccoDhhhz_offload.o: In function `f1_ttdpfs_runtime._omp_fn.798':
&lt;artificial&gt;:(.text.f1_ttdpfs_runtime._omp_fn.798+0x22): undefined reference to `GOMP_loop_ull_runtime_start'
&lt;artificial&gt;:(.text.f1_ttdpfs_runtime._omp_fn.798+0x6e): undefined reference to `GOMP_loop_ull_runtime_next'
/tmp/ccoDhhhz_offload.o: In function `f2_ttdpfs_runtime._omp_fn.800':
&lt;artificial&gt;:(.text.f2_ttdpfs_runtime._omp_fn.800+0x36): undefined reference to `GOMP_loop_ull_runtime_start'
&lt;artificial&gt;:(.text.f2_ttdpfs_runtime._omp_fn.800+0xa8): undefined reference to `GOMP_loop_ull_runtime_next'
&lt;artificial&gt;:(.text.f2_ttdpfs_runtime._omp_fn.800+0xe8): undefined reference to `GOMP_loop_ull_runtime_next'
/tmp/ccoDhhhz_offload.o: In function `f3_ttdpfs_runtime._omp_fn.802':
&lt;artificial&gt;:(.text.f3_ttdpfs_runtime._omp_fn.802+0x44): undefined reference to `GOMP_loop_ull_runtime_start'
&lt;artificial&gt;:(.text.f3_ttdpfs_runtime._omp_fn.802+0x9e): undefined reference to `GOMP_loop_ull_runtime_next'
/tmp/ccoDhhhz_offload.o: In function `f6_ttdpfs_runtime._omp_fn.808':
&lt;artificial&gt;:(.text.f6_ttdpfs_runtime._omp_fn.808+0x84): undefined reference to `GOMP_loop_ull_runtime_start'
&lt;artificial&gt;:(.text.f6_ttdpfs_runtime._omp_fn.808+0xe4): undefined reference to `GOMP_loop_ull_runtime_next'
&lt;artificial&gt;:(.text.f6_ttdpfs_runtime._omp_fn.808+0x258): undefined reference to `GOMP_loop_ull_runtime_next'
/tmp/ccoDhhhz_offload.o: In function `f13_ttdpfs_runtime._omp_fn.822':
&lt;artificial&gt;:(.text.f13_ttdpfs_runtime._omp_fn.822+0x28): undefined reference to `GOMP_loop_ull_runtime_start'
&lt;artificial&gt;:(.text.f13_ttdpfs_runtime._omp_fn.822+0x6e): undefined reference to `GOMP_loop_ull_runtime_next'
/tmp/ccoDhhhz_offload.o: In function `f14_ttdpfs_runtime._omp_fn.824':
&lt;artificial&gt;:(.text.f14_ttdpfs_runtime._omp_fn.824+0x56): undefined reference to `GOMP_loop_ull_runtime_start'
&lt;artificial&gt;:(.text.f14_ttdpfs_runtime._omp_fn.824+0x14a): undefined reference to `GOMP_loop_ull_runtime_next'
&lt;artificial&gt;:(.text.f14_ttdpfs_runtime._omp_fn.824+0x18c): undefined reference to `GOMP_loop_ull_runtime_next'
/tmp/ccoDhhhz_offload.o: In function `f1_ttdpfs_ds128_runtime._omp_fn.948':
&lt;artificial&gt;:(.text.f1_ttdpfs_ds128_runtime._omp_fn.948+0x22): undefined reference to `GOMP_loop_ull_runtime_start'
&lt;artificial&gt;:(.text.f1_ttdpfs_ds128_runtime._omp_fn.948+0x6e): undefined reference to `GOMP_loop_ull_runtime_next'
/tmp/ccoDhhhz_offload.o: In function `f2_ttdpfs_ds128_runtime._omp_fn.950':
&lt;artificial&gt;:(.text.f2_ttdpfs_ds128_runtime._omp_fn.950+0x36): undefined reference to `GOMP_loop_ull_runtime_start'
&lt;artificial&gt;:(.text.f2_ttdpfs_ds128_runtime._omp_fn.950+0xa8): undefined reference to `GOMP_loop_ull_runtime_next'
&lt;artificial&gt;:(.text.f2_ttdpfs_ds128_runtime._omp_fn.950+0xe8): undefined reference to `GOMP_loop_ull_runtime_next'
/tmp/ccoDhhhz_offload.o: In function `f3_ttdpfs_ds128_runtime._omp_fn.952':
&lt;artificial&gt;:(.text.f3_ttdpfs_ds128_runtime._omp_fn.952+0x44): undefined reference to `GOMP_loop_ull_runtime_start'
&lt;artificial&gt;:(.text.f3_ttdpfs_ds128_runtime._omp_fn.952+0x9e): undefined reference to `GOMP_loop_ull_runtime_next'
/tmp/ccoDhhhz_offload.o: In function `f6_ttdpfs_ds128_runtime._omp_fn.958':
&lt;artificial&gt;:(.text.f6_ttdpfs_ds128_runtime._omp_fn.958+0x84): undefined reference to `GOMP_loop_ull_runtime_start'
&lt;artificial&gt;:(.text.f6_ttdpfs_ds128_runtime._omp_fn.958+0xe4): undefined reference to `GOMP_loop_ull_runtime_next'
&lt;artificial&gt;:(.text.f6_ttdpfs_ds128_runtime._omp_fn.958+0x258): undefined reference to `GOMP_loop_ull_runtime_next'
/tmp/ccoDhhhz_offload.o: In function `f13_ttdpfs_ds128_runtime._omp_fn.972':
&lt;artificial&gt;:(.text.f13_ttdpfs_ds128_runtime._omp_fn.972+0x28): undefined reference to `GOMP_loop_ull_runtime_start'
&lt;artificial&gt;:(.text.f13_ttdpfs_ds128_runtime._omp_fn.972+0x6e): undefined reference to `GOMP_loop_ull_runtime_next'
/tmp/ccoDhhhz_offload.o: In function `f14_ttdpfs_ds128_runtime._omp_fn.974':
&lt;artificial&gt;:(.text.f14_ttdpfs_ds128_runtime._omp_fn.974+0x56): undefined reference to `GOMP_loop_ull_runtime_start'
&lt;artificial&gt;:(.text.f14_ttdpfs_ds128_runtime._omp_fn.974+0x14a): undefined reference to `GOMP_loop_ull_runtime_next'
&lt;artificial&gt;:(.text.f14_ttdpfs_ds128_runtime._omp_fn.974+0x18c): undefined reference to `GOMP_loop_ull_runtime_next'
/tmp/ccoDhhhz_offload.o: In function `.L5980':
&lt;artificial&gt;:(.text.f5_tpf_runtime._omp_fn.131+0x4e): undefined reference to `GOMP_loop_runtime_start'
/tmp/ccoDhhhz_offload.o: In function `.L5981':
&lt;artificial&gt;:(.text.f5_tpf_runtime._omp_fn.131+0xf2): undefined reference to `GOMP_loop_runtime_next'
/tmp/ccoDhhhz_offload.o: In function `f9_tpf_runtime._omp_fn.139':
&lt;artificial&gt;:(.text.f9_tpf_runtime._omp_fn.139+0xe): undefined reference to `GOMP_loop_runtime_start'
/tmp/ccoDhhhz_offload.o: In function `f10_tpf_runtime._omp_fn.141':
&lt;artificial&gt;:(.text.f10_tpf_runtime._omp_fn.141+0x10): undefined reference to `GOMP_loop_runtime_start'
/tmp/ccoDhhhz_offload.o: In function `f11_tpf_runtime._omp_fn.143':
&lt;artificial&gt;:(.text.f11_tpf_runtime._omp_fn.143+0xe): undefined reference to `GOMP_loop_runtime_start'
/tmp/ccoDhhhz_offload.o: In function `f12_tpf_runtime._omp_fn.145':
&lt;artificial&gt;:(.text.f12_tpf_runtime._omp_fn.145+0x1a): undefined reference to `GOMP_loop_runtime_start'
&lt;artificial&gt;:(.text.f12_tpf_runtime._omp_fn.145+0x8a): undefined reference to `GOMP_loop_runtime_start'
/tmp/ccoDhhhz_offload.o:&lt;artificial&gt;:(.text.f5_tpf_simd_runtime._omp_fn.296+0x5a): more undefined references to `GOMP_loop_runtime_start' follow
/tmp/ccoDhhhz_offload.o: In function `.L6029':
&lt;artificial&gt;:(.text.f5_tpf_simd_runtime._omp_fn.296+0x144): undefined reference to `GOMP_loop_runtime_next'
/tmp/ccoDhhhz_offload.o: In function `.L6039':
&lt;artificial&gt;:(.text.f5_tpf_simd_runtime._omp_fn.296+0x1ee): undefined reference to `GOMP_loop_runtime_start'
/tmp/ccoDhhhz_offload.o: In function `f11_tpf_simd_runtime._omp_fn.308':
&lt;artificial&gt;:(.text.f11_tpf_simd_runtime._omp_fn.308+0x1a): undefined reference to `GOMP_loop_runtime_start'
&lt;artificial&gt;:(.text.f11_tpf_simd_runtime._omp_fn.308+0x36): undefined reference to `GOMP_loop_runtime_next'
&lt;artificial&gt;:(.text.f11_tpf_simd_runtime._omp_fn.308+0x5e): undefined reference to `GOMP_loop_runtime_next'
/tmp/ccoDhhhz_offload.o: In function `f12_tpf_simd_runtime._omp_fn.310':
&lt;artificial&gt;:(.text.f12_tpf_simd_runtime._omp_fn.310+0x4c): undefined reference to `GOMP_loop_runtime_start'
&lt;artificial&gt;:(.text.f12_tpf_simd_runtime._omp_fn.310+0x76): undefined reference to `GOMP_loop_runtime_next'
&lt;artificial&gt;:(.text.f12_tpf_simd_runtime._omp_fn.310+0x90): undefined reference to `GOMP_loop_runtime_next'
&lt;artificial&gt;:(.text.f12_tpf_simd_runtime._omp_fn.310+0xb6): undefined reference to `GOMP_loop_runtime_start'
/tmp/ccoDhhhz_offload.o: In function `f5_ttdpf_runtime._omp_fn.506':
&lt;artificial&gt;:(.text.f5_ttdpf_runtime._omp_fn.506+0x5e): undefined reference to `GOMP_loop_runtime_start'
&lt;artificial&gt;:(.text.f5_ttdpf_runtime._omp_fn.506+0x102): undefined reference to `GOMP_loop_runtime_next'
/tmp/ccoDhhhz_offload.o: In function `f9_ttdpf_runtime._omp_fn.514':
&lt;artificial&gt;:(.text.f9_ttdpf_runtime._omp_fn.514+0xe): undefined reference to `GOMP_loop_runtime_start'
/tmp/ccoDhhhz_offload.o: In function `f11_ttdpf_runtime._omp_fn.518':
&lt;artificial&gt;:(.text.f11_ttdpf_runtime._omp_fn.518+0xe): undefined reference to `GOMP_loop_runtime_start'
/tmp/ccoDhhhz_offload.o: In function `f12_ttdpf_runtime._omp_fn.520':
&lt;artificial&gt;:(.text.f12_ttdpf_runtime._omp_fn.520+0x1e): undefined reference to `GOMP_loop_runtime_start'
/tmp/ccoDhhhz_offload.o: In function `f5_ttdpf_ds128_runtime._omp_fn.656':
&lt;artificial&gt;:(.text.f5_ttdpf_ds128_runtime._omp_fn.656+0x5e): undefined reference to `GOMP_loop_runtime_start'
&lt;artificial&gt;:(.text.f5_ttdpf_ds128_runtime._omp_fn.656+0x102): undefined reference to `GOMP_loop_runtime_next'
/tmp/ccoDhhhz_offload.o: In function `f9_ttdpf_ds128_runtime._omp_fn.664':
&lt;artificial&gt;:(.text.f9_ttdpf_ds128_runtime._omp_fn.664+0xe): undefined reference to `GOMP_loop_runtime_start'
/tmp/ccoDhhhz_offload.o: In function `f11_ttdpf_ds128_runtime._omp_fn.668':
&lt;artificial&gt;:(.text.f11_ttdpf_ds128_runtime._omp_fn.668+0xe): undefined reference to `GOMP_loop_runtime_start'
/tmp/ccoDhhhz_offload.o: In function `f12_ttdpf_ds128_runtime._omp_fn.670':
&lt;artificial&gt;:(.text.f12_ttdpf_ds128_runtime._omp_fn.670+0x1e): undefined reference to `GOMP_loop_runtime_start'
/tmp/ccoDhhhz_offload.o: In function `f5_ttdpfs_runtime._omp_fn.806':
&lt;artificial&gt;:(.text.f5_ttdpfs_runtime._omp_fn.806+0x60): undefined reference to `GOMP_loop_runtime_start'
&lt;artificial&gt;:(.text.f5_ttdpfs_runtime._omp_fn.806+0x13a): undefined reference to `GOMP_loop_runtime_next'
/tmp/ccoDhhhz_offload.o: In function `f11_ttdpfs_runtime._omp_fn.818':
&lt;artificial&gt;:(.text.f11_ttdpfs_runtime._omp_fn.818+0x1a): undefined reference to `GOMP_loop_runtime_start'
&lt;artificial&gt;:(.text.f11_ttdpfs_runtime._omp_fn.818+0x36): undefined reference to `GOMP_loop_runtime_next'
&lt;artificial&gt;:(.text.f11_ttdpfs_runtime._omp_fn.818+0x5e): undefined reference to `GOMP_loop_runtime_next'
/tmp/ccoDhhhz_offload.o: In function `f12_ttdpfs_runtime._omp_fn.820':
&lt;artificial&gt;:(.text.f12_ttdpfs_runtime._omp_fn.820+0x30): undefined reference to `GOMP_loop_runtime_start'
&lt;artificial&gt;:(.text.f12_ttdpfs_runtime._omp_fn.820+0x6a): undefined reference to `GOMP_loop_runtime_next'
/tmp/ccoDhhhz_offload.o: In function `f5_ttdpfs_ds128_runtime._omp_fn.956':
&lt;artificial&gt;:(.text.f5_ttdpfs_ds128_runtime._omp_fn.956+0x60): undefined reference to `GOMP_loop_runtime_start'
&lt;artificial&gt;:(.text.f5_ttdpfs_ds128_runtime._omp_fn.956+0x13a): undefined reference to `GOMP_loop_runtime_next'
/tmp/ccoDhhhz_offload.o: In function `f11_ttdpfs_ds128_runtime._omp_fn.968':
&lt;artificial&gt;:(.text.f11_ttdpfs_ds128_runtime._omp_fn.968+0x1a): undefined reference to `GOMP_loop_runtime_start'
&lt;artificial&gt;:(.text.f11_ttdpfs_ds128_runtime._omp_fn.968+0x36): undefined reference to `GOMP_loop_runtime_next'
&lt;artificial&gt;:(.text.f11_ttdpfs_ds128_runtime._omp_fn.968+0x5e): undefined reference to `GOMP_loop_runtime_next'
/tmp/ccoDhhhz_offload.o: In function `f12_ttdpfs_ds128_runtime._omp_fn.970':
&lt;artificial&gt;:(.text.f12_ttdpfs_ds128_runtime._omp_fn.970+0x30): undefined reference to `GOMP_loop_runtime_start'
&lt;artificial&gt;:(.text.f12_ttdpfs_ds128_runtime._omp_fn.970+0x6a): undefined reference to `GOMP_loop_runtime_next'
/tmp/ccoDhhhz_offload.o: In function `f0_tpf_guided32._omp_fn.90':
&lt;artificial&gt;:(.text.f0_tpf_guided32._omp_fn.90+0x1a): undefined reference to `GOMP_parallel_loop_guided'
/tmp/ccoDhhhz_offload.o: In function `f4_tpf_guided32._omp_fn.98':
&lt;artificial&gt;:(.text.f4_tpf_guided32._omp_fn.98+0x18): undefined reference to `GOMP_parallel_loop_guided'
/tmp/ccoDhhhz_offload.o: In function `f7_tpf_guided32._omp_fn.104':
&lt;artificial&gt;:(.text.f7_tpf_guided32._omp_fn.104+0x1a): undefined reference to `GOMP_parallel_loop_guided'
/tmp/ccoDhhhz_offload.o: In function `f8_tpf_guided32._omp_fn.106':
&lt;artificial&gt;:(.text.f8_tpf_guided32._omp_fn.106+0x18): undefined reference to `GOMP_parallel_loop_guided'
/tmp/ccoDhhhz_offload.o: In function `f0_tpf_runtime._omp_fn.120':
&lt;artificial&gt;:(.text.f0_tpf_runtime._omp_fn.120+0x16): undefined reference to `GOMP_parallel_loop_runtime'
/tmp/ccoDhhhz_offload.o: In function `f4_tpf_runtime._omp_fn.128':
&lt;artificial&gt;:(.text.f4_tpf_runtime._omp_fn.128+0x14): undefined reference to `GOMP_parallel_loop_runtime'
/tmp/ccoDhhhz_offload.o: In function `f7_tpf_runtime._omp_fn.134':
&lt;artificial&gt;:(.text.f7_tpf_runtime._omp_fn.134+0x16): undefined reference to `GOMP_parallel_loop_runtime'
/tmp/ccoDhhhz_offload.o: In function `f8_tpf_runtime._omp_fn.136':
&lt;artificial&gt;:(.text.f8_tpf_runtime._omp_fn.136+0x14): undefined reference to `GOMP_parallel_loop_runtime'
/tmp/ccoDhhhz_offload.o: In function `f0_tpf_simd_guided32._omp_fn.255':
&lt;artificial&gt;:(.text.f0_tpf_simd_guided32._omp_fn.255+0x1e): undefined reference to `GOMP_parallel_loop_guided'
/tmp/ccoDhhhz_offload.o: In function `f4_tpf_simd_guided32._omp_fn.263':
&lt;artificial&gt;:(.text.f4_tpf_simd_guided32._omp_fn.263+0x1c): undefined reference to `GOMP_parallel_loop_guided'
/tmp/ccoDhhhz_offload.o: In function `f7_tpf_simd_guided32._omp_fn.269':
&lt;artificial&gt;:(.text.f7_tpf_simd_guided32._omp_fn.269+0x1e): undefined reference to `GOMP_parallel_loop_guided'
/tmp/ccoDhhhz_offload.o: In function `f8_tpf_simd_guided32._omp_fn.271':
&lt;artificial&gt;:(.text.f8_tpf_simd_guided32._omp_fn.271+0x1c): undefined reference to `GOMP_parallel_loop_guided'
/tmp/ccoDhhhz_offload.o: In function `f9_tpf_simd_guided32._omp_fn.273':
&lt;artificial&gt;:(.text.f9_tpf_simd_guided32._omp_fn.273+0x1c): undefined reference to `GOMP_parallel_loop_guided'
/tmp/ccoDhhhz_offload.o:&lt;artificial&gt;:(.text.f10_tpf_simd_guided32._omp_fn.275+0x1c): more undefined references to `GOMP_parallel_loop_guided' follow
/tmp/ccoDhhhz_offload.o: In function `f0_tpf_simd_runtime._omp_fn.285':
&lt;artificial&gt;:(.text.f0_tpf_simd_runtime._omp_fn.285+0x1a): undefined reference to `GOMP_parallel_loop_runtime'
/tmp/ccoDhhhz_offload.o: In function `f4_tpf_simd_runtime._omp_fn.293':
&lt;artificial&gt;:(.text.f4_tpf_simd_runtime._omp_fn.293+0x18): undefined reference to `GOMP_parallel_loop_runtime'
/tmp/ccoDhhhz_offload.o: In function `f7_tpf_simd_runtime._omp_fn.299':
&lt;artificial&gt;:(.text.f7_tpf_simd_runtime._omp_fn.299+0x1a): undefined reference to `GOMP_parallel_loop_runtime'
/tmp/ccoDhhhz_offload.o: In function `f8_tpf_simd_runtime._omp_fn.301':
&lt;artificial&gt;:(.text.f8_tpf_simd_runtime._omp_fn.301+0x18): undefined reference to `GOMP_parallel_loop_runtime'
/tmp/ccoDhhhz_offload.o: In function `f9_tpf_simd_runtime._omp_fn.303':
&lt;artificial&gt;:(.text.f9_tpf_simd_runtime._omp_fn.303+0x18): undefined reference to `GOMP_parallel_loop_runtime'
/tmp/ccoDhhhz_offload.o:&lt;artificial&gt;:(.text.f10_tpf_simd_runtime._omp_fn.305+0x18): more undefined references to `GOMP_parallel_loop_runtime' follow
/tmp/ccoDhhhz_offload.o: In function `.L7551':
&lt;artificial&gt;:(.text.f0_ttdpf_guided32._omp_fn.465+0x54): undefined reference to `GOMP_parallel_loop_guided'
/tmp/ccoDhhhz_offload.o: In function `.L7606':
&lt;artificial&gt;:(.text.f7_ttdpf_guided32._omp_fn.479+0xcc): undefined reference to `GOMP_parallel_loop_guided'
/tmp/ccoDhhhz_offload.o: In function `.L7642':
&lt;artificial&gt;:(.text.f0_ttdpf_runtime._omp_fn.495+0x50): undefined reference to `GOMP_parallel_loop_runtime'
/tmp/ccoDhhhz_offload.o: In function `.L7697':
&lt;artificial&gt;:(.text.f7_ttdpf_runtime._omp_fn.509+0xc8): undefined reference to `GOMP_parallel_loop_runtime'
/tmp/ccoDhhhz_offload.o: In function `.L8050':
&lt;artificial&gt;:(.text.f0_ttdpf_ds128_guided32._omp_fn.615+0x64): undefined reference to `GOMP_parallel_loop_guided'
/tmp/ccoDhhhz_offload.o: In function `.L8122':
&lt;artificial&gt;:(.text.f7_ttdpf_ds128_guided32._omp_fn.629+0x98): undefined reference to `GOMP_parallel_loop_guided'
/tmp/ccoDhhhz_offload.o: In function `.L8156':
&lt;artificial&gt;:(.text.f0_ttdpf_ds128_runtime._omp_fn.645+0x60): undefined reference to `GOMP_parallel_loop_runtime'
/tmp/ccoDhhhz_offload.o: In function `.L8228':
&lt;artificial&gt;:(.text.f7_ttdpf_ds128_runtime._omp_fn.659+0x94): undefined reference to `GOMP_parallel_loop_runtime'
/tmp/ccoDhhhz_offload.o: In function `.L8536':
&lt;artificial&gt;:(.text.f0_ttdpfs_guided32._omp_fn.765+0x54): undefined reference to `GOMP_parallel_loop_guided'
/tmp/ccoDhhhz_offload.o: In function `.L8591':
&lt;artificial&gt;:(.text.f7_ttdpfs_guided32._omp_fn.779+0xcc): undefined reference to `GOMP_parallel_loop_guided'
/tmp/ccoDhhhz_offload.o: In function `.L8599':
&lt;artificial&gt;:(.text.f9_ttdpfs_guided32._omp_fn.783+0x58): undefined reference to `GOMP_parallel_loop_guided'
/tmp/ccoDhhhz_offload.o: In function `.L8627':
&lt;artificial&gt;:(.text.f0_ttdpfs_runtime._omp_fn.795+0x50): undefined reference to `GOMP_parallel_loop_runtime'
/tmp/ccoDhhhz_offload.o: In function `.L8682':
&lt;artificial&gt;:(.text.f7_ttdpfs_runtime._omp_fn.809+0xc8): undefined reference to `GOMP_parallel_loop_runtime'
/tmp/ccoDhhhz_offload.o: In function `.L8690':
&lt;artificial&gt;:(.text.f9_ttdpfs_runtime._omp_fn.813+0x54): undefined reference to `GOMP_parallel_loop_runtime'
/tmp/ccoDhhhz_offload.o: In function `.L9035':
&lt;artificial&gt;:(.text.f0_ttdpfs_ds128_guided32._omp_fn.915+0x64): undefined reference to `GOMP_parallel_loop_guided'
/tmp/ccoDhhhz_offload.o: In function `.L9107':
&lt;artificial&gt;:(.text.f7_ttdpfs_ds128_guided32._omp_fn.929+0x98): undefined reference to `GOMP_parallel_loop_guided'
/tmp/ccoDhhhz_offload.o: In function `.L9114':
&lt;artificial&gt;:(.text.f9_ttdpfs_ds128_guided32._omp_fn.933+0x6a): undefined reference to `GOMP_parallel_loop_guided'
/tmp/ccoDhhhz_offload.o: In function `.L9141':
&lt;artificial&gt;:(.text.f0_ttdpfs_ds128_runtime._omp_fn.945+0x60): undefined reference to `GOMP_parallel_loop_runtime'
/tmp/ccoDhhhz_offload.o: In function `.L9213':
&lt;artificial&gt;:(.text.f7_ttdpfs_ds128_runtime._omp_fn.959+0x94): undefined reference to `GOMP_parallel_loop_runtime'
/tmp/ccoDhhhz_offload.o: In function `.L9220':
&lt;artificial&gt;:(.text.f9_ttdpfs_ds128_runtime._omp_fn.963+0x66): undefined reference to `GOMP_parallel_loop_runtime'
collect2: error: ld returned 1 exit status
lto-wrapper: fatal error: /home0/alessandro/workspace_PULP/hero/hero-sdk/hero-gcc-toolchain/pkg/hero-gcc-toolchain/libexec/gcc/arm-linux-gnueabihf/7.1.1//accel/riscv32-unknown-elf/mkoffload terminated with signal 11 [Segmentation fault], core dumped
compilation terminated.
/home0/alessandro/workspace_PULP/hero/hero-sdk/hero-gcc-toolchain/pkg/hero-gcc-toolchain/lib/gcc/arm-linux-gnueabihf/7.1.1/../../../../arm-linux-gnueabihf/bin/ld: error: lto-wrapper failed
collect2: error: ld returned 1 exit status
/home0/alessandro/workspace_PULP/hero/hero-sdk/hero-openmp-examples/common/default.mk:36: recipe for target 'libgomp_testsuite' failed
make: *** [libgomp_testsuite] Error 1
Reached EOF with exit status 2
</failure>
  </testcase>
  <testcase classname=":libgomp.c:for-4" name="hero-z-7045@config_file=/home0/alessandro/workspace_PULP/hero/hero-sdk/pulp-sdk/configs/json/hero-z-7045.json" time="1.618255">
    <success/>
  </testcase>
  <testcase classname=":libgomp.c:for-3" name="hero-z-7045@config_file=/home0/alessandro/workspace_PULP/hero/hero-sdk/pulp-sdk/configs/json/hero-z-7045.json" time="11.257170">
    <failure>
Running: libgomp.c:for-3 / hero-z-7045@config_file=/home0/alessandro/workspace_PULP/hero/hero-sdk/pulp-sdk/configs/json/hero-z-7045.json
Using timeout: 30 seconds
Launching test with command: make clean CSRCS=for-3.c
rm -rf *.o *~ libgomp_testsuite for-3.o  offload.bin offload.so
Reached EOF with exit status 0
Using timeout: 30 seconds
Launching test with command: make all CSRCS=for-3.c
arm-linux-gnueabihf-gcc -O3 -g3 -fopenmp -Wall -I. -I../common -I/home0/alessandro/workspace_PULP/hero/hero-sdk/libhero-target/inc    -c -o for-3.o for-3.c
D.26741[0][m[K'In file included from [01m[Kfor-1.h:3:0[m[K,
                 from [01m[Kfor-3.c:64[m[K:
[01m[Kfor-2.h:[m[K In function '[01m[Kf12_dpfs_static._omp_fn.162[m[K':
[01m[Kfor-2.h:175:9:[m[K [01;35m[Kwarning: [m[K may be used uninitialized in this function [[01;35m[K-Wmaybe-uninitialized[m[K]
 #pragma [01;35m[Komp[m[K F S collapse(3)
         [01;35m[K^~~[m[K
D.30897[0][m[K'In file included from [01m[Kfor-1.h:13:0[m[K,
                 from [01m[Kfor-3.c:64[m[K:
[01m[Kfor-2.h:[m[K In function '[01m[Kf12_dpfs_auto._omp_fn.192[m[K':
[01m[Kfor-2.h:175:9:[m[K [01;35m[Kwarning: [m[K may be used uninitialized in this function [[01;35m[K-Wmaybe-uninitialized[m[K]
 #pragma [01;35m[Komp[m[K F S collapse(3)
         [01;35m[K^~~[m[K
D.36737[0][m[K'In file included from [01m[Kfor-1.h:3:0[m[K,
                 from [01m[Kfor-3.c:70[m[K:
[01m[Kfor-2.h:[m[K In function '[01m[Kf12_dpfs_ds128_static._omp_fn.237[m[K':
[01m[Kfor-2.h:175:9:[m[K [01;35m[Kwarning: [m[K may be used uninitialized in this function [[01;35m[K-Wmaybe-uninitialized[m[K]
 #pragma [01;35m[Komp[m[K F S collapse(3)
         [01;35m[K^~~[m[K
D.40963[0][m[K'In file included from [01m[Kfor-1.h:13:0[m[K,
                 from [01m[Kfor-3.c:70[m[K:
[01m[Kfor-2.h:[m[K In function '[01m[Kf12_dpfs_ds128_auto._omp_fn.267[m[K':
[01m[Kfor-2.h:175:9:[m[K [01;35m[Kwarning: [m[K may be used uninitialized in this function [[01;35m[K-Wmaybe-uninitialized[m[K]
 #pragma [01;35m[Komp[m[K F S collapse(3)
         [01;35m[K^~~[m[K
arm-linux-gnueabihf-gcc -O3 -g3 -fopenmp -Wall -I. -I../common -I/home0/alessandro/workspace_PULP/hero/hero-sdk/libhero-target/inc  for-3.o  -L/home0/alessandro/workspace_PULP/hero/hero-sdk/libhero-target/lib -lhero-target -o libgomp_testsuite
D.4722[0]'for-2.h: In function 'f12_dpfs_static._omp_fn.162':
for-2.h:175:9: warning:  may be used uninitialized in this function [-Wmaybe-uninitialized]
 #pragma omp F S collapse(3)
         ^
/tmp/cc0U00Ux_offload.o: In function `f0_dpf_guided32._omp_fn.45':
&lt;artificial&gt;:(.text.f0_dpf_guided32._omp_fn.45+0xa): undefined reference to `GOMP_loop_guided_next'
&lt;artificial&gt;:(.text.f0_dpf_guided32._omp_fn.45+0x4a): undefined reference to `GOMP_loop_guided_next'
/tmp/cc0U00Ux_offload.o: In function `f7_dpf_guided32._omp_fn.52':
&lt;artificial&gt;:(.text.f7_dpf_guided32._omp_fn.52+0x20): undefined reference to `GOMP_loop_guided_next'
&lt;artificial&gt;:(.text.f7_dpf_guided32._omp_fn.52+0x12e): undefined reference to `GOMP_loop_guided_next'
/tmp/cc0U00Ux_offload.o: In function `f0_dpfs_guided32._omp_fn.195':
&lt;artificial&gt;:(.text.f0_dpfs_guided32._omp_fn.195+0x10): undefined reference to `GOMP_loop_guided_next'
/tmp/cc0U00Ux_offload.o:&lt;artificial&gt;:(.text.f0_dpfs_guided32._omp_fn.195+0x4a): more undefined references to `GOMP_loop_guided_next' follow
/tmp/cc0U00Ux_offload.o: In function `f1_dpf_guided32._omp_fn.46':
&lt;artificial&gt;:(.text.f1_dpf_guided32._omp_fn.46+0x2c): undefined reference to `GOMP_loop_ull_guided_start'
&lt;artificial&gt;:(.text.f1_dpf_guided32._omp_fn.46+0x78): undefined reference to `GOMP_loop_ull_guided_next'
/tmp/cc0U00Ux_offload.o: In function `f2_dpf_guided32._omp_fn.47':
&lt;artificial&gt;:(.text.f2_dpf_guided32._omp_fn.47+0x34): undefined reference to `GOMP_loop_ull_guided_start'
&lt;artificial&gt;:(.text.f2_dpf_guided32._omp_fn.47+0x8e): undefined reference to `GOMP_loop_ull_guided_next'
/tmp/cc0U00Ux_offload.o: In function `f3_dpf_guided32._omp_fn.48':
&lt;artificial&gt;:(.text.f3_dpf_guided32._omp_fn.48+0x4e): undefined reference to `GOMP_loop_ull_guided_start'
&lt;artificial&gt;:(.text.f3_dpf_guided32._omp_fn.48+0xa2): undefined reference to `GOMP_loop_ull_guided_next'
/tmp/cc0U00Ux_offload.o: In function `f6_dpf_guided32._omp_fn.51':
&lt;artificial&gt;:(.text.f6_dpf_guided32._omp_fn.51+0x76): undefined reference to `GOMP_loop_ull_guided_start'
&lt;artificial&gt;:(.text.f6_dpf_guided32._omp_fn.51+0x192): undefined reference to `GOMP_loop_ull_guided_next'
/tmp/cc0U00Ux_offload.o: In function `f13_dpf_guided32._omp_fn.58':
&lt;artificial&gt;:(.text.f13_dpf_guided32._omp_fn.58+0x24): undefined reference to `GOMP_loop_ull_guided_start'
&lt;artificial&gt;:(.text.f13_dpf_guided32._omp_fn.58+0x5a): undefined reference to `GOMP_loop_ull_guided_next'
/tmp/cc0U00Ux_offload.o: In function `f14_dpf_guided32._omp_fn.59':
&lt;artificial&gt;:(.text.f14_dpf_guided32._omp_fn.59+0x54): undefined reference to `GOMP_loop_ull_guided_start'
&lt;artificial&gt;:(.text.f14_dpf_guided32._omp_fn.59+0x166): undefined reference to `GOMP_loop_ull_guided_next'
/tmp/cc0U00Ux_offload.o: In function `f1_dpfs_guided32._omp_fn.196':
&lt;artificial&gt;:(.text.f1_dpfs_guided32._omp_fn.196+0x2c): undefined reference to `GOMP_loop_ull_guided_start'
&lt;artificial&gt;:(.text.f1_dpfs_guided32._omp_fn.196+0x78): undefined reference to `GOMP_loop_ull_guided_next'
/tmp/cc0U00Ux_offload.o: In function `f2_dpfs_guided32._omp_fn.197':
&lt;artificial&gt;:(.text.f2_dpfs_guided32._omp_fn.197+0x3e): undefined reference to `GOMP_loop_ull_guided_start'
&lt;artificial&gt;:(.text.f2_dpfs_guided32._omp_fn.197+0xb0): undefined reference to `GOMP_loop_ull_guided_next'
&lt;artificial&gt;:(.text.f2_dpfs_guided32._omp_fn.197+0xf0): undefined reference to `GOMP_loop_ull_guided_next'
/tmp/cc0U00Ux_offload.o: In function `f3_dpfs_guided32._omp_fn.198':
&lt;artificial&gt;:(.text.f3_dpfs_guided32._omp_fn.198+0x4e): undefined reference to `GOMP_loop_ull_guided_start'
&lt;artificial&gt;:(.text.f3_dpfs_guided32._omp_fn.198+0xa8): undefined reference to `GOMP_loop_ull_guided_next'
/tmp/cc0U00Ux_offload.o: In function `f6_dpfs_guided32._omp_fn.201':
&lt;artificial&gt;:(.text.f6_dpfs_guided32._omp_fn.201+0x88): undefined reference to `GOMP_loop_ull_guided_start'
&lt;artificial&gt;:(.text.f6_dpfs_guided32._omp_fn.201+0xe8): undefined reference to `GOMP_loop_ull_guided_next'
&lt;artificial&gt;:(.text.f6_dpfs_guided32._omp_fn.201+0x25a): undefined reference to `GOMP_loop_ull_guided_next'
/tmp/cc0U00Ux_offload.o: In function `f13_dpfs_guided32._omp_fn.208':
&lt;artificial&gt;:(.text.f13_dpfs_guided32._omp_fn.208+0x32): undefined reference to `GOMP_loop_ull_guided_start'
&lt;artificial&gt;:(.text.f13_dpfs_guided32._omp_fn.208+0x78): undefined reference to `GOMP_loop_ull_guided_next'
/tmp/cc0U00Ux_offload.o: In function `f14_dpfs_guided32._omp_fn.209':
&lt;artificial&gt;:(.text.f14_dpfs_guided32._omp_fn.209+0x5c): undefined reference to `GOMP_loop_ull_guided_start'
&lt;artificial&gt;:(.text.f14_dpfs_guided32._omp_fn.209+0x150): undefined reference to `GOMP_loop_ull_guided_next'
&lt;artificial&gt;:(.text.f14_dpfs_guided32._omp_fn.209+0x192): undefined reference to `GOMP_loop_ull_guided_next'
/tmp/cc0U00Ux_offload.o: In function `f6_dpfs_ds128_guided32._omp_fn.276':
&lt;artificial&gt;:(.text.f6_dpfs_ds128_guided32._omp_fn.276+0x88): undefined reference to `GOMP_loop_ull_guided_start'
&lt;artificial&gt;:(.text.f6_dpfs_ds128_guided32._omp_fn.276+0xe8): undefined reference to `GOMP_loop_ull_guided_next'
&lt;artificial&gt;:(.text.f6_dpfs_ds128_guided32._omp_fn.276+0x25a): undefined reference to `GOMP_loop_ull_guided_next'
/tmp/cc0U00Ux_offload.o: In function `f14_dpfs_ds128_guided32._omp_fn.284':
&lt;artificial&gt;:(.text.f14_dpfs_ds128_guided32._omp_fn.284+0x5c): undefined reference to `GOMP_loop_ull_guided_start'
&lt;artificial&gt;:(.text.f14_dpfs_ds128_guided32._omp_fn.284+0x150): undefined reference to `GOMP_loop_ull_guided_next'
&lt;artificial&gt;:(.text.f14_dpfs_ds128_guided32._omp_fn.284+0x192): undefined reference to `GOMP_loop_ull_guided_next'
/tmp/cc0U00Ux_offload.o: In function `f5_dpf_guided32._omp_fn.50':
&lt;artificial&gt;:(.text.f5_dpf_guided32._omp_fn.50+0x64): undefined reference to `GOMP_loop_guided_start'
&lt;artificial&gt;:(.text.f5_dpf_guided32._omp_fn.50+0x108): undefined reference to `GOMP_loop_guided_next'
/tmp/cc0U00Ux_offload.o: In function `f9_dpf_guided32._omp_fn.54':
&lt;artificial&gt;:(.text.f9_dpf_guided32._omp_fn.54+0x12): undefined reference to `GOMP_loop_guided_start'
/tmp/cc0U00Ux_offload.o: In function `f11_dpf_guided32._omp_fn.56':
&lt;artificial&gt;:(.text.f11_dpf_guided32._omp_fn.56+0x12): undefined reference to `GOMP_loop_guided_start'
/tmp/cc0U00Ux_offload.o: In function `f12_dpf_guided32._omp_fn.57':
&lt;artificial&gt;:(.text.f12_dpf_guided32._omp_fn.57+0x26): undefined reference to `GOMP_loop_guided_start'
/tmp/cc0U00Ux_offload.o: In function `f5_dpfs_guided32._omp_fn.200':
&lt;artificial&gt;:(.text.f5_dpfs_guided32._omp_fn.200+0x78): undefined reference to `GOMP_loop_guided_start'
&lt;artificial&gt;:(.text.f5_dpfs_guided32._omp_fn.200+0x152): undefined reference to `GOMP_loop_guided_next'
/tmp/cc0U00Ux_offload.o: In function `f11_dpfs_guided32._omp_fn.206':
&lt;artificial&gt;:(.text.f11_dpfs_guided32._omp_fn.206+0x1e): undefined reference to `GOMP_loop_guided_start'
&lt;artificial&gt;:(.text.f11_dpfs_guided32._omp_fn.206+0x3a): undefined reference to `GOMP_loop_guided_next'
&lt;artificial&gt;:(.text.f11_dpfs_guided32._omp_fn.206+0x62): undefined reference to `GOMP_loop_guided_next'
/tmp/cc0U00Ux_offload.o: In function `f12_dpfs_guided32._omp_fn.207':
&lt;artificial&gt;:(.text.f12_dpfs_guided32._omp_fn.207+0x34): undefined reference to `GOMP_loop_guided_start'
&lt;artificial&gt;:(.text.f12_dpfs_guided32._omp_fn.207+0x6e): undefined reference to `GOMP_loop_guided_next'
/tmp/cc0U00Ux_offload.o: In function `f5_dpfs_ds128_guided32._omp_fn.275':
&lt;artificial&gt;:(.text.f5_dpfs_ds128_guided32._omp_fn.275+0x78): undefined reference to `GOMP_loop_guided_start'
&lt;artificial&gt;:(.text.f5_dpfs_ds128_guided32._omp_fn.275+0x152): undefined reference to `GOMP_loop_guided_next'
/tmp/cc0U00Ux_offload.o: In function `f0_dpf_runtime._omp_fn.60':
&lt;artificial&gt;:(.text.f0_dpf_runtime._omp_fn.60+0xa): undefined reference to `GOMP_loop_runtime_next'
&lt;artificial&gt;:(.text.f0_dpf_runtime._omp_fn.60+0x4a): undefined reference to `GOMP_loop_runtime_next'
/tmp/cc0U00Ux_offload.o: In function `f7_dpf_runtime._omp_fn.67':
&lt;artificial&gt;:(.text.f7_dpf_runtime._omp_fn.67+0x20): undefined reference to `GOMP_loop_runtime_next'
&lt;artificial&gt;:(.text.f7_dpf_runtime._omp_fn.67+0x12e): undefined reference to `GOMP_loop_runtime_next'
/tmp/cc0U00Ux_offload.o: In function `f0_dpfs_runtime._omp_fn.210':
&lt;artificial&gt;:(.text.f0_dpfs_runtime._omp_fn.210+0x10): undefined reference to `GOMP_loop_runtime_next'
/tmp/cc0U00Ux_offload.o:&lt;artificial&gt;:(.text.f0_dpfs_runtime._omp_fn.210+0x4a): more undefined references to `GOMP_loop_runtime_next' follow
/tmp/cc0U00Ux_offload.o: In function `f1_dpf_runtime._omp_fn.61':
&lt;artificial&gt;:(.text.f1_dpf_runtime._omp_fn.61+0x22): undefined reference to `GOMP_loop_ull_runtime_start'
&lt;artificial&gt;:(.text.f1_dpf_runtime._omp_fn.61+0x6e): undefined reference to `GOMP_loop_ull_runtime_next'
/tmp/cc0U00Ux_offload.o: In function `f2_dpf_runtime._omp_fn.62':
&lt;artificial&gt;:(.text.f2_dpf_runtime._omp_fn.62+0x2a): undefined reference to `GOMP_loop_ull_runtime_start'
&lt;artificial&gt;:(.text.f2_dpf_runtime._omp_fn.62+0x84): undefined reference to `GOMP_loop_ull_runtime_next'
/tmp/cc0U00Ux_offload.o: In function `f3_dpf_runtime._omp_fn.63':
&lt;artificial&gt;:(.text.f3_dpf_runtime._omp_fn.63+0x44): undefined reference to `GOMP_loop_ull_runtime_start'
&lt;artificial&gt;:(.text.f3_dpf_runtime._omp_fn.63+0x98): undefined reference to `GOMP_loop_ull_runtime_next'
/tmp/cc0U00Ux_offload.o: In function `f6_dpf_runtime._omp_fn.66':
&lt;artificial&gt;:(.text.f6_dpf_runtime._omp_fn.66+0x70): undefined reference to `GOMP_loop_ull_runtime_start'
&lt;artificial&gt;:(.text.f6_dpf_runtime._omp_fn.66+0x18c): undefined reference to `GOMP_loop_ull_runtime_next'
/tmp/cc0U00Ux_offload.o: In function `f13_dpf_runtime._omp_fn.73':
&lt;artificial&gt;:(.text.f13_dpf_runtime._omp_fn.73+0x1c): undefined reference to `GOMP_loop_ull_runtime_start'
&lt;artificial&gt;:(.text.f13_dpf_runtime._omp_fn.73+0x52): undefined reference to `GOMP_loop_ull_runtime_next'
/tmp/cc0U00Ux_offload.o: In function `f14_dpf_runtime._omp_fn.74':
&lt;artificial&gt;:(.text.f14_dpf_runtime._omp_fn.74+0x4c): undefined reference to `GOMP_loop_ull_runtime_start'
&lt;artificial&gt;:(.text.f14_dpf_runtime._omp_fn.74+0x15e): undefined reference to `GOMP_loop_ull_runtime_next'
/tmp/cc0U00Ux_offload.o: In function `f1_dpfs_runtime._omp_fn.211':
&lt;artificial&gt;:(.text.f1_dpfs_runtime._omp_fn.211+0x22): undefined reference to `GOMP_loop_ull_runtime_start'
&lt;artificial&gt;:(.text.f1_dpfs_runtime._omp_fn.211+0x6e): undefined reference to `GOMP_loop_ull_runtime_next'
/tmp/cc0U00Ux_offload.o: In function `f2_dpfs_runtime._omp_fn.212':
&lt;artificial&gt;:(.text.f2_dpfs_runtime._omp_fn.212+0x36): undefined reference to `GOMP_loop_ull_runtime_start'
&lt;artificial&gt;:(.text.f2_dpfs_runtime._omp_fn.212+0xa8): undefined reference to `GOMP_loop_ull_runtime_next'
&lt;artificial&gt;:(.text.f2_dpfs_runtime._omp_fn.212+0xe8): undefined reference to `GOMP_loop_ull_runtime_next'
/tmp/cc0U00Ux_offload.o: In function `f3_dpfs_runtime._omp_fn.213':
&lt;artificial&gt;:(.text.f3_dpfs_runtime._omp_fn.213+0x44): undefined reference to `GOMP_loop_ull_runtime_start'
&lt;artificial&gt;:(.text.f3_dpfs_runtime._omp_fn.213+0x9e): undefined reference to `GOMP_loop_ull_runtime_next'
/tmp/cc0U00Ux_offload.o: In function `f6_dpfs_runtime._omp_fn.216':
&lt;artificial&gt;:(.text.f6_dpfs_runtime._omp_fn.216+0x84): undefined reference to `GOMP_loop_ull_runtime_start'
&lt;artificial&gt;:(.text.f6_dpfs_runtime._omp_fn.216+0xe4): undefined reference to `GOMP_loop_ull_runtime_next'
&lt;artificial&gt;:(.text.f6_dpfs_runtime._omp_fn.216+0x258): undefined reference to `GOMP_loop_ull_runtime_next'
/tmp/cc0U00Ux_offload.o: In function `f13_dpfs_runtime._omp_fn.223':
&lt;artificial&gt;:(.text.f13_dpfs_runtime._omp_fn.223+0x28): undefined reference to `GOMP_loop_ull_runtime_start'
&lt;artificial&gt;:(.text.f13_dpfs_runtime._omp_fn.223+0x6e): undefined reference to `GOMP_loop_ull_runtime_next'
/tmp/cc0U00Ux_offload.o: In function `f14_dpfs_runtime._omp_fn.224':
&lt;artificial&gt;:(.text.f14_dpfs_runtime._omp_fn.224+0x56): undefined reference to `GOMP_loop_ull_runtime_start'
&lt;artificial&gt;:(.text.f14_dpfs_runtime._omp_fn.224+0x14a): undefined reference to `GOMP_loop_ull_runtime_next'
&lt;artificial&gt;:(.text.f14_dpfs_runtime._omp_fn.224+0x18c): undefined reference to `GOMP_loop_ull_runtime_next'
/tmp/cc0U00Ux_offload.o: In function `f6_dpfs_ds128_runtime._omp_fn.291':
&lt;artificial&gt;:(.text.f6_dpfs_ds128_runtime._omp_fn.291+0x84): undefined reference to `GOMP_loop_ull_runtime_start'
&lt;artificial&gt;:(.text.f6_dpfs_ds128_runtime._omp_fn.291+0xe4): undefined reference to `GOMP_loop_ull_runtime_next'
&lt;artificial&gt;:(.text.f6_dpfs_ds128_runtime._omp_fn.291+0x258): undefined reference to `GOMP_loop_ull_runtime_next'
/tmp/cc0U00Ux_offload.o: In function `f14_dpfs_ds128_runtime._omp_fn.299':
&lt;artificial&gt;:(.text.f14_dpfs_ds128_runtime._omp_fn.299+0x56): undefined reference to `GOMP_loop_ull_runtime_start'
&lt;artificial&gt;:(.text.f14_dpfs_ds128_runtime._omp_fn.299+0x14a): undefined reference to `GOMP_loop_ull_runtime_next'
&lt;artificial&gt;:(.text.f14_dpfs_ds128_runtime._omp_fn.299+0x18c): undefined reference to `GOMP_loop_ull_runtime_next'
/tmp/cc0U00Ux_offload.o: In function `f5_dpf_runtime._omp_fn.65':
&lt;artificial&gt;:(.text.f5_dpf_runtime._omp_fn.65+0x5e): undefined reference to `GOMP_loop_runtime_start'
&lt;artificial&gt;:(.text.f5_dpf_runtime._omp_fn.65+0x102): undefined reference to `GOMP_loop_runtime_next'
/tmp/cc0U00Ux_offload.o: In function `f9_dpf_runtime._omp_fn.69':
&lt;artificial&gt;:(.text.f9_dpf_runtime._omp_fn.69+0xe): undefined reference to `GOMP_loop_runtime_start'
/tmp/cc0U00Ux_offload.o: In function `f11_dpf_runtime._omp_fn.71':
&lt;artificial&gt;:(.text.f11_dpf_runtime._omp_fn.71+0xe): undefined reference to `GOMP_loop_runtime_start'
/tmp/cc0U00Ux_offload.o: In function `f12_dpf_runtime._omp_fn.72':
&lt;artificial&gt;:(.text.f12_dpf_runtime._omp_fn.72+0x1e): undefined reference to `GOMP_loop_runtime_start'
/tmp/cc0U00Ux_offload.o: In function `f5_dpfs_runtime._omp_fn.215':
&lt;artificial&gt;:(.text.f5_dpfs_runtime._omp_fn.215+0x60): undefined reference to `GOMP_loop_runtime_start'
&lt;artificial&gt;:(.text.f5_dpfs_runtime._omp_fn.215+0x13a): undefined reference to `GOMP_loop_runtime_next'
/tmp/cc0U00Ux_offload.o: In function `f11_dpfs_runtime._omp_fn.221':
&lt;artificial&gt;:(.text.f11_dpfs_runtime._omp_fn.221+0x1a): undefined reference to `GOMP_loop_runtime_start'
&lt;artificial&gt;:(.text.f11_dpfs_runtime._omp_fn.221+0x36): undefined reference to `GOMP_loop_runtime_next'
&lt;artificial&gt;:(.text.f11_dpfs_runtime._omp_fn.221+0x5e): undefined reference to `GOMP_loop_runtime_next'
/tmp/cc0U00Ux_offload.o: In function `f12_dpfs_runtime._omp_fn.222':
&lt;artificial&gt;:(.text.f12_dpfs_runtime._omp_fn.222+0x30): undefined reference to `GOMP_loop_runtime_start'
&lt;artificial&gt;:(.text.f12_dpfs_runtime._omp_fn.222+0x6a): undefined reference to `GOMP_loop_runtime_next'
/tmp/cc0U00Ux_offload.o: In function `f5_dpfs_ds128_runtime._omp_fn.290':
&lt;artificial&gt;:(.text.f5_dpfs_ds128_runtime._omp_fn.290+0x60): undefined reference to `GOMP_loop_runtime_start'
&lt;artificial&gt;:(.text.f5_dpfs_ds128_runtime._omp_fn.290+0x13a): undefined reference to `GOMP_loop_runtime_next'
/tmp/cc0U00Ux_offload.o: In function `.L3954':
&lt;artificial&gt;:(.text.f0_dpf_guided32+0x4c): undefined reference to `GOMP_parallel_loop_guided'
/tmp/cc0U00Ux_offload.o: In function `.L4008':
&lt;artificial&gt;:(.text.f7_dpf_guided32+0xc4): undefined reference to `GOMP_parallel_loop_guided'
/tmp/cc0U00Ux_offload.o: In function `.L4118':
&lt;artificial&gt;:(.text.f0_dpf_runtime+0x48): undefined reference to `GOMP_parallel_loop_runtime'
/tmp/cc0U00Ux_offload.o: In function `.L4172':
&lt;artificial&gt;:(.text.f7_dpf_runtime+0xc0): undefined reference to `GOMP_parallel_loop_runtime'
/tmp/cc0U00Ux_offload.o: In function `.L4847':
&lt;artificial&gt;:(.text.f0_dpf_ds128_guided32+0x5c): undefined reference to `GOMP_parallel_loop_guided'
/tmp/cc0U00Ux_offload.o: In function `.L4920':
&lt;artificial&gt;:(.text.f7_dpf_ds128_guided32+0x90): undefined reference to `GOMP_parallel_loop_guided'
/tmp/cc0U00Ux_offload.o: In function `.L5035':
&lt;artificial&gt;:(.text.f0_dpf_ds128_runtime+0x58): undefined reference to `GOMP_parallel_loop_runtime'
/tmp/cc0U00Ux_offload.o: In function `.L5108':
&lt;artificial&gt;:(.text.f7_dpf_ds128_runtime+0x8c): undefined reference to `GOMP_parallel_loop_runtime'
/tmp/cc0U00Ux_offload.o: In function `.L5714':
&lt;artificial&gt;:(.text.f0_dpfs_guided32+0x4c): undefined reference to `GOMP_parallel_loop_guided'
/tmp/cc0U00Ux_offload.o: In function `.L5768':
&lt;artificial&gt;:(.text.f7_dpfs_guided32+0xc4): undefined reference to `GOMP_parallel_loop_guided'
/tmp/cc0U00Ux_offload.o: In function `.L5774':
&lt;artificial&gt;:(.text.f9_dpfs_guided32+0x50): undefined reference to `GOMP_parallel_loop_guided'
/tmp/cc0U00Ux_offload.o: In function `.L5878':
&lt;artificial&gt;:(.text.f0_dpfs_runtime+0x48): undefined reference to `GOMP_parallel_loop_runtime'
/tmp/cc0U00Ux_offload.o: In function `.L5932':
&lt;artificial&gt;:(.text.f7_dpfs_runtime+0xc0): undefined reference to `GOMP_parallel_loop_runtime'
/tmp/cc0U00Ux_offload.o: In function `.L5938':
&lt;artificial&gt;:(.text.f9_dpfs_runtime+0x4c): undefined reference to `GOMP_parallel_loop_runtime'
/tmp/cc0U00Ux_offload.o: In function `.L6607':
&lt;artificial&gt;:(.text.f0_dpfs_ds128_guided32+0x5c): undefined reference to `GOMP_parallel_loop_guided'
/tmp/cc0U00Ux_offload.o: In function `.L6680':
&lt;artificial&gt;:(.text.f7_dpfs_ds128_guided32+0x90): undefined reference to `GOMP_parallel_loop_guided'
/tmp/cc0U00Ux_offload.o: In function `.L6687':
&lt;artificial&gt;:(.text.f9_dpfs_ds128_guided32+0x62): undefined reference to `GOMP_parallel_loop_guided'
/tmp/cc0U00Ux_offload.o: In function `.L6795':
&lt;artificial&gt;:(.text.f0_dpfs_ds128_runtime+0x58): undefined reference to `GOMP_parallel_loop_runtime'
/tmp/cc0U00Ux_offload.o: In function `.L6868':
&lt;artificial&gt;:(.text.f7_dpfs_ds128_runtime+0x8c): undefined reference to `GOMP_parallel_loop_runtime'
/tmp/cc0U00Ux_offload.o: In function `.L6875':
&lt;artificial&gt;:(.text.f9_dpfs_ds128_runtime+0x5e): undefined reference to `GOMP_parallel_loop_runtime'
collect2: error: ld returned 1 exit status
lto-wrapper: fatal error: /home0/alessandro/workspace_PULP/hero/hero-sdk/hero-gcc-toolchain/pkg/hero-gcc-toolchain/libexec/gcc/arm-linux-gnueabihf/7.1.1//accel/riscv32-unknown-elf/mkoffload terminated with signal 11 [Segmentation fault], core dumped
compilation terminated.
/home0/alessandro/workspace_PULP/hero/hero-sdk/hero-gcc-toolchain/pkg/hero-gcc-toolchain/lib/gcc/arm-linux-gnueabihf/7.1.1/../../../../arm-linux-gnueabihf/bin/ld: error: lto-wrapper failed
collect2: error: ld returned 1 exit status
/home0/alessandro/workspace_PULP/hero/hero-sdk/hero-openmp-examples/common/default.mk:36: recipe for target 'libgomp_testsuite' failed
make: *** [libgomp_testsuite] Error 1
Reached EOF with exit status 2
</failure>
  </testcase>
  <testcase classname=":libgomp.c:for-2" name="hero-z-7045@config_file=/home0/alessandro/workspace_PULP/hero/hero-sdk/pulp-sdk/configs/json/hero-z-7045.json" time="0.022343">
    <failure>
Running: libgomp.c:for-2 / hero-z-7045@config_file=/home0/alessandro/workspace_PULP/hero/hero-sdk/pulp-sdk/configs/json/hero-z-7045.json
Using timeout: 30 seconds
Launching test with command: make clean CSRCS=for-2.h
rm -rf *.o *~ libgomp_testsuite for-2.h  offload.bin offload.so
Reached EOF with exit status 0
Using timeout: 30 seconds
Launching test with command: make all CSRCS=for-2.h
make: *** No rule to make target 'for-2.h', needed by 'libgomp_testsuite'.  Stop.
Reached EOF with exit status 2
</failure>
  </testcase>
  <testcase classname=":libgomp.c:for-2" name="hero-z-7045@config_file=/home0/alessandro/workspace_PULP/hero/hero-sdk/pulp-sdk/configs/json/hero-z-7045.json" time="0.030886">
    <failure>
Running: libgomp.c:for-2 / hero-z-7045@config_file=/home0/alessandro/workspace_PULP/hero/hero-sdk/pulp-sdk/configs/json/hero-z-7045.json
Using timeout: 30 seconds
Launching test with command: make clean CSRCS=for-2.c
rm -rf *.o *~ libgomp_testsuite for-2.o  offload.bin offload.so
Reached EOF with exit status 0
Using timeout: 30 seconds
Launching test with command: make all CSRCS=for-2.c
arm-linux-gnueabihf-gcc -O3 -g3 -fopenmp -Wall -I. -I../common -I/home0/alessandro/workspace_PULP/hero/hero-sdk/libhero-target/inc    -c -o for-2.o for-2.c
[01m[Kfor-2.c:12:10:[m[K [01;31m[Kfatal error: [m[Kfor-2.h: No such file or directory
 #include [01;31m[K"for-2.h"[m[K
          [01;31m[K^~~~~~~~~[m[K
compilation terminated.
&lt;builtin&gt;: recipe for target 'for-2.o' failed
make: *** [for-2.o] Error 1
Reached EOF with exit status 2
</failure>
  </testcase>
  <testcase classname=":libgomp.c:for-1" name="hero-z-7045@config_file=/home0/alessandro/workspace_PULP/hero/hero-sdk/pulp-sdk/configs/json/hero-z-7045.json" time="0.022520">
    <failure>
Running: libgomp.c:for-1 / hero-z-7045@config_file=/home0/alessandro/workspace_PULP/hero/hero-sdk/pulp-sdk/configs/json/hero-z-7045.json
Using timeout: 30 seconds
Launching test with command: make clean CSRCS=for-1.h
rm -rf *.o *~ libgomp_testsuite for-1.h  offload.bin offload.so
Reached EOF with exit status 0
Using timeout: 30 seconds
Launching test with command: make all CSRCS=for-1.h
make: *** No rule to make target 'for-1.h', needed by 'libgomp_testsuite'.  Stop.
Reached EOF with exit status 2
</failure>
  </testcase>
  <testcase classname=":libgomp.c:for-1" name="hero-z-7045@config_file=/home0/alessandro/workspace_PULP/hero/hero-sdk/pulp-sdk/configs/json/hero-z-7045.json" time="0.030611">
    <failure>
Running: libgomp.c:for-1 / hero-z-7045@config_file=/home0/alessandro/workspace_PULP/hero/hero-sdk/pulp-sdk/configs/json/hero-z-7045.json
Using timeout: 30 seconds
Launching test with command: make clean CSRCS=for-1.c
rm -rf *.o *~ libgomp_testsuite for-1.o  offload.bin offload.so
Reached EOF with exit status 0
Using timeout: 30 seconds
Launching test with command: make all CSRCS=for-1.c
arm-linux-gnueabihf-gcc -O3 -g3 -fopenmp -Wall -I. -I../common -I/home0/alessandro/workspace_PULP/hero/hero-sdk/libhero-target/inc    -c -o for-1.o for-1.c
[01m[Kfor-1.c:10:10:[m[K [01;31m[Kfatal error: [m[Kfor-1.h: No such file or directory
 #include [01;31m[K"for-1.h"[m[K
          [01;31m[K^~~~~~~~~[m[K
compilation terminated.
&lt;builtin&gt;: recipe for target 'for-1.o' failed
make: *** [for-1.o] Error 1
Reached EOF with exit status 2
</failure>
  </testcase>
  <testcase classname=":libgomp.c:files" name="hero-z-7045@config_file=/home0/alessandro/workspace_PULP/hero/hero-sdk/pulp-sdk/configs/json/hero-z-7045.json" time="0.035595">
    <failure>
Running: libgomp.c:files / hero-z-7045@config_file=/home0/alessandro/workspace_PULP/hero/hero-sdk/pulp-sdk/configs/json/hero-z-7045.json
Using timeout: 30 seconds
Launching test with command: make clean CSRCS=files.c
rm -rf *.o *~ libgomp_testsuite files.o  offload.bin offload.so
Reached EOF with exit status 0
Using timeout: 30 seconds
Launching test with command: make all CSRCS=files.c
arm-linux-gnueabihf-gcc -O3 -g3 -fopenmp -Wall -I. -I../common -I/home0/alessandro/workspace_PULP/hero/hero-sdk/libhero-target/inc    -c -o files.o files.c
[01m[Kfiles.c:1:7:[m[K [01;31m[Kerror: [m[Kexpected '[01m[K=[m[K', '[01m[K,[m[K', '[01m[K;[m[K', '[01m[Kasm[m[K' or '[01m[K__attribute__[m[K' before numeric constant
 total [01;31m[K1336[m[K
       [01;31m[K^~~~[m[K
[01m[Kfiles.c:4:62:[m[K [01;31m[Kerror: [m[Kinvalid suffix "c" on floating constant
 -rw-r--r--  1 alessandro testing 31491 Dec 10 17:23 affinity-[01;31m[K1.c[m[K
                                                              [01;31m[K^~~[m[K
[01m[Kfiles.c:5:62:[m[K [01;31m[Kerror: [m[Kinvalid suffix "c" on floating constant
 -rw-r--r--  1 alessandro testing  1878 Dec 10 17:23 affinity-[01;31m[K2.c[m[K
                                                              [01;31m[K^~~[m[K
[01m[Kfiles.c:7:60:[m[K [01;31m[Kerror: [m[Kinvalid suffix "c" on floating constant
 -rw-r--r--  1 alessandro testing  2177 Dec 10 17:23 atomic-[01;31m[K10.c[m[K
                                                            [01;31m[K^~~~[m[K
[01m[Kfiles.c:8:60:[m[K [01;31m[Kerror: [m[Kinvalid suffix "c" on floating constant
 -rw-r--r--  1 alessandro testing  2635 Dec 10 17:23 atomic-[01;31m[K11.c[m[K
                                                            [01;31m[K^~~~[m[K
[01m[Kfiles.c:9:60:[m[K [01;31m[Kerror: [m[Kinvalid suffix "c" on floating constant
 -rw-r--r--  1 alessandro testing  1530 Dec 10 17:23 atomic-[01;31m[K12.c[m[K
                                                            [01;31m[K^~~~[m[K
[01m[Kfiles.c:10:60:[m[K [01;31m[Kerror: [m[Kinvalid suffix "c" on floating constant
 -rw-r--r--  1 alessandro testing   858 Dec 10 17:23 atomic-[01;31m[K13.c[m[K
                                                            [01;31m[K^~~~[m[K
[01m[Kfiles.c:11:60:[m[K [01;31m[Kerror: [m[Kinvalid suffix "c" on floating constant
 -rw-r--r--  1 alessandro testing  2620 Dec 10 17:23 atomic-[01;31m[K14.c[m[K
                                                            [01;31m[K^~~~[m[K
[01m[Kfiles.c:12:60:[m[K [01;31m[Kerror: [m[Kinvalid suffix "c" on floating constant
 -rw-r--r--  1 alessandro testing  1858 Dec 10 17:23 atomic-[01;31m[K15.c[m[K
                                                            [01;31m[K^~~~[m[K
[01m[Kfiles.c:13:60:[m[K [01;31m[Kerror: [m[Kinvalid suffix "c" on floating constant
 -rw-r--r--  1 alessandro testing  1152 Dec 10 17:23 atomic-[01;31m[K16.c[m[K
                                                            [01;31m[K^~~~[m[K
[01m[Kfiles.c:14:60:[m[K [01;31m[Kerror: [m[Kinvalid suffix "c" on floating constant
 -rw-r--r--  1 alessandro testing  2050 Dec 10 17:23 atomic-[01;31m[K17.c[m[K
                                                            [01;31m[K^~~~[m[K
[01m[Kfiles.c:15:60:[m[K [01;31m[Kerror: [m[Kinvalid suffix "c" on floating constant
 -rw-r--r--  1 alessandro testing   728 Dec 10 17:23 atomic-[01;31m[K18.c[m[K
                                                            [01;31m[K^~~~[m[K
[01m[Kfiles.c:16:60:[m[K [01;31m[Kerror: [m[Kinvalid suffix "c" on floating constant
 -rw-r--r--  1 alessandro testing   829 Dec 10 17:23 atomic-[01;31m[K1.c[m[K
                                                            [01;31m[K^~~[m[K
[01m[Kfiles.c:17:60:[m[K [01;31m[Kerror: [m[Kinvalid suffix "c" on floating constant
 -rw-r--r--  1 alessandro testing   562 Dec 10 17:23 atomic-[01;31m[K2.c[m[K
                                                            [01;31m[K^~~[m[K
[01m[Kfiles.c:18:60:[m[K [01;31m[Kerror: [m[Kinvalid suffix "c" on floating constant
 -rw-r--r--  1 alessandro testing   847 Dec 10 17:23 atomic-[01;31m[K3.c[m[K
                                                            [01;31m[K^~~[m[K
[01m[Kfiles.c:19:60:[m[K [01;31m[Kerror: [m[Kinvalid suffix "c" on floating constant
 -rw-r--r--  1 alessandro testing   258 Dec 10 17:23 atomic-[01;31m[K4.c[m[K
                                                            [01;31m[K^~~[m[K
[01m[Kfiles.c:20:60:[m[K [01;31m[Kerror: [m[Kinvalid suffix "c" on floating constant
 -rw-r--r--  1 alessandro testing   635 Dec 10 17:23 atomic-[01;31m[K5.c[m[K
                                                            [01;31m[K^~~[m[K
[01m[Kfiles.c:21:60:[m[K [01;31m[Kerror: [m[Kinvalid suffix "c" on floating constant
 -rw-r--r--  1 alessandro testing   643 Dec 10 17:23 atomic-[01;31m[K6.c[m[K
                                                            [01;31m[K^~~[m[K
[01m[Kfiles.c:22:61:[m[K [01;31m[Kerror: [m[Kinvalid suffix "c" on floating constant
 -rw-r--r--  1 alessandro testing   681 Dec 10 17:23 autopar-[01;31m[K1.c[m[K
                                                             [01;31m[K^~~[m[K
[01m[Kfiles.c:23:61:[m[K [01;31m[Kerror: [m[Kinvalid suffix "c" on floating constant
 -rw-r--r--  1 alessandro testing   149 Dec 10 17:23 autopar-[01;31m[K2.c[m[K
                                                             [01;31m[K^~~[m[K
[01m[Kfiles.c:24:61:[m[K [01;31m[Kerror: [m[Kinvalid suffix "c" on floating constant
 -rw-r--r--  1 alessandro testing   151 Dec 10 17:23 autopar-[01;31m[K3.c[m[K
                                                             [01;31m[K^~~[m[K
[01m[Kfiles.c:25:61:[m[K [01;31m[Kerror: [m[Kinvalid suffix "c" on floating constant
 -rw-r--r--  1 alessandro testing   183 Dec 10 17:23 autopar-[01;31m[K4.c[m[K
                                                             [01;31m[K^~~[m[K
[01m[Kfiles.c:26:61:[m[K [01;31m[Kerror: [m[Kinvalid suffix "c" on floating constant
 -rw-r--r--  1 alessandro testing   150 Dec 10 17:23 autopar-[01;31m[K5.c[m[K
                                                             [01;31m[K^~~[m[K
[01m[Kfiles.c:27:61:[m[K [01;31m[Kerror: [m[Kinvalid suffix "c" on floating constant
 -rw-r--r--  1 alessandro testing   182 Dec 10 17:23 autopar-[01;31m[K6.c[m[K
                                                             [01;31m[K^~~[m[K
[01m[Kfiles.c:28:61:[m[K [01;31m[Kerror: [m[Kinvalid suffix "c" on floating constant
 -rw-r--r--  1 alessandro testing   148 Dec 10 17:23 autopar-[01;31m[K7.c[m[K
                                                             [01;31m[K^~~[m[K
[01m[Kfiles.c:29:61:[m[K [01;31m[Kerror: [m[Kinvalid suffix "c" on floating constant
 -rw-r--r--  1 alessandro testing   151 Dec 10 17:23 autopar-[01;31m[K8.c[m[K
                                                             [01;31m[K^~~[m[K
[01m[Kfiles.c:30:61:[m[K [01;31m[Kerror: [m[Kinvalid suffix "c" on floating constant
 -rw-r--r--  1 alessandro testing   964 Dec 10 17:23 barrier-[01;31m[K1.c[m[K
                                                             [01;31m[K^~~[m[K
[01m[Kfiles.c:31:64:[m[K [01;31m[Kerror: [m[Kinvalid suffix "c" on floating constant
 -rw-r--r--  1 alessandro testing   336 Dec 10 17:23 cancel-for-[01;31m[K1.c[m[K
                                                                [01;31m[K^~~[m[K
[01m[Kfiles.c:32:64:[m[K [01;31m[Kerror: [m[Kinvalid suffix "c" on floating constant
 -rw-r--r--  1 alessandro testing  2095 Dec 10 17:23 cancel-for-[01;31m[K2.c[m[K
                                                                [01;31m[K^~~[m[K
[01m[Kfiles.c:33:69:[m[K [01;31m[Kerror: [m[Kinvalid suffix "c" on floating constant
 -rw-r--r--  1 alessandro testing   272 Dec 10 17:23 cancel-parallel-[01;31m[K1.c[m[K
                                                                     [01;31m[K^~~[m[K
[01m[Kfiles.c:34:69:[m[K [01;31m[Kerror: [m[Kinvalid suffix "c" on floating constant
 -rw-r--r--  1 alessandro testing   881 Dec 10 17:23 cancel-parallel-[01;31m[K2.c[m[K
                                                                     [01;31m[K^~~[m[K
[01m[Kfiles.c:35:69:[m[K [01;31m[Kerror: [m[Kinvalid suffix "c" on floating constant
 -rw-r--r--  1 alessandro testing   719 Dec 10 17:23 cancel-parallel-[01;31m[K3.c[m[K
                                                                     [01;31m[K^~~[m[K
[01m[Kfiles.c:36:69:[m[K [01;31m[Kerror: [m[Kinvalid suffix "c" on floating constant
 -rw-r--r--  1 alessandro testing   556 Dec 10 17:23 cancel-sections-[01;31m[K1.c[m[K
                                                                     [01;31m[K^~~[m[K
[01m[Kfiles.c:37:70:[m[K [01;31m[Kerror: [m[Kinvalid suffix "c" on floating constant
 -rw-r--r--  1 alessandro testing  1428 Dec 10 17:23 cancel-taskgroup-[01;31m[K1.c[m[K
                                                                      [01;31m[K^~~[m[K
[01m[Kfiles.c:38:70:[m[K [01;31m[Kerror: [m[Kinvalid suffix "c" on floating constant
 -rw-r--r--  1 alessandro testing   623 Dec 10 17:23 cancel-taskgroup-[01;31m[K2.c[m[K
                                                                      [01;31m[K^~~[m[K
[01m[Kfiles.c:40:62:[m[K [01;31m[Kerror: [m[Kinvalid suffix "c" on floating constant
 -rw-r--r--  1 alessandro testing   602 Dec 10 17:23 collapse-[01;31m[K1.c[m[K
                                                              [01;31m[K^~~[m[K
[01m[Kfiles.c:41:62:[m[K [01;31m[Kerror: [m[Kinvalid suffix "c" on floating constant
 -rw-r--r--  1 alessandro testing   559 Dec 10 17:23 collapse-[01;31m[K2.c[m[K
                                                              [01;31m[K^~~[m[K
[01m[Kfiles.c:42:62:[m[K [01;31m[Kerror: [m[Kinvalid suffix "c" on floating constant
 -rw-r--r--  1 alessandro testing   656 Dec 10 17:23 collapse-[01;31m[K3.c[m[K
                                                              [01;31m[K^~~[m[K
[01m[Kfiles.c:43:60:[m[K [01;31m[Kerror: [m[Kinvalid suffix "c" on floating constant
 -rw-r--r--  1 alessandro testing   510 Dec 10 17:23 copyin-[01;31m[K1.c[m[K
                                                            [01;31m[K^~~[m[K
[01m[Kfiles.c:44:60:[m[K [01;31m[Kerror: [m[Kinvalid suffix "c" on floating constant
 -rw-r--r--  1 alessandro testing   554 Dec 10 17:23 copyin-[01;31m[K2.c[m[K
                                                            [01;31m[K^~~[m[K
[01m[Kfiles.c:45:60:[m[K [01;31m[Kerror: [m[Kinvalid suffix "c" on floating constant
 -rw-r--r--  1 alessandro testing   626 Dec 10 17:23 copyin-[01;31m[K3.c[m[K
                                                            [01;31m[K^~~[m[K
[01m[Kfiles.c:46:62:[m[K [01;31m[Kerror: [m[Kinvalid suffix "c" on floating constant
 -rw-r--r--  1 alessandro testing   606 Dec 10 17:23 critical-[01;31m[K1.c[m[K
                                                              [01;31m[K^~~[m[K
[01m[Kfiles.c:47:62:[m[K [01;31m[Kerror: [m[Kinvalid suffix "c" on floating constant
 -rw-r--r--  1 alessandro testing   618 Dec 10 17:23 critical-[01;31m[K2.c[m[K
                                                              [01;31m[K^~~[m[K
[01m[Kfiles.c:48:59:[m[K [01;31m[Kerror: [m[Kinvalid suffix "c" on floating constant
 -rw-r--r--  1 alessandro testing  2482 Dec 10 17:23 debug-[01;31m[K1.c[m[K
                                                           [01;31m[K^~~[m[K
[01m[Kfiles.c:49:60:[m[K [01;31m[Kerror: [m[Kinvalid suffix "c" on floating constant
 -rw-r--r--  1 alessandro testing    75 Dec 10 17:23 depend-[01;31m[K10.c[m[K
                                                            [01;31m[K^~~~[m[K
[01m[Kfiles.c:50:60:[m[K [01;31m[Kerror: [m[Kinvalid suffix "c" on floating constant
 -rw-r--r--  1 alessandro testing  3329 Dec 10 17:23 depend-[01;31m[K1.c[m[K
                                                            [01;31m[K^~~[m[K
[01m[Kfiles.c:51:60:[m[K [01;31m[Kerror: [m[Kinvalid suffix "c" on floating constant
 -rw-r--r--  1 alessandro testing  1609 Dec 10 17:23 depend-[01;31m[K2.c[m[K
                                                            [01;31m[K^~~[m[K
[01m[Kfiles.c:52:60:[m[K [01;31m[Kerror: [m[Kinvalid suffix "c" on floating constant
 -rw-r--r--  1 alessandro testing   756 Dec 10 17:23 depend-[01;31m[K3.c[m[K
                                                            [01;31m[K^~~[m[K
[01m[Kfiles.c:53:60:[m[K [01;31m[Kerror: [m[Kinvalid suffix "c" on floating constant
 -rw-r--r--  1 alessandro testing  1198 Dec 10 17:23 depend-[01;31m[K4.c[m[K
                                                            [01;31m[K^~~[m[K
[01m[Kfiles.c:54:60:[m[K [01;31m[Kerror: [m[Kinvalid suffix "c" on floating constant
 -rw-r--r--  1 alessandro testing  2054 Dec 10 17:23 depend-[01;31m[K5.c[m[K
                                                            [01;31m[K^~~[m[K
[01m[Kfiles.c:55:60:[m[K [01;31m[Kerror: [m[Kinvalid suffix "c" on floating constant
 -rw-r--r--  1 alessandro testing    75 Dec 10 17:23 depend-[01;31m[K6.c[m[K
                                                            [01;31m[K^~~[m[K
[01m[Kfiles.c:56:60:[m[K [01;31m[Kerror: [m[Kinvalid suffix "c" on floating constant
 -rw-r--r--  1 alessandro testing    75 Dec 10 17:23 depend-[01;31m[K7.c[m[K
                                                            [01;31m[K^~~[m[K
[01m[Kfiles.c:57:60:[m[K [01;31m[Kerror: [m[Kinvalid suffix "c" on floating constant
 -rw-r--r--  1 alessandro testing    75 Dec 10 17:23 depend-[01;31m[K8.c[m[K
                                                            [01;31m[K^~~[m[K
[01m[Kfiles.c:58:60:[m[K [01;31m[Kerror: [m[Kinvalid suffix "c" on floating constant
 -rw-r--r--  1 alessandro testing    75 Dec 10 17:23 depend-[01;31m[K9.c[m[K
                                                            [01;31m[K^~~[m[K
[01m[Kfiles.c:59:62:[m[K [01;31m[Kerror: [m[Kinvalid suffix "c" on floating constant
 -rw-r--r--  1 alessandro testing  4544 Dec 10 17:23 doacross-[01;31m[K1.c[m[K
                                                              [01;31m[K^~~[m[K
[01m[Kfiles.c:60:62:[m[K [01;31m[Kerror: [m[Kinvalid suffix "c" on floating constant
 -rw-r--r--  1 alessandro testing  5790 Dec 10 17:23 doacross-[01;31m[K2.c[m[K
                                                              [01;31m[K^~~[m[K
[01m[Kfiles.c:61:62:[m[K [01;31m[Kerror: [m[Kinvalid suffix "c" on floating constant
 -rw-r--r--  1 alessandro testing  5792 Dec 10 17:23 doacross-[01;31m[K3.c[m[K
                                                              [01;31m[K^~~[m[K
[01m[Kfiles.c:64:57:[m[K [01;31m[Kerror: [m[Kinvalid suffix "c" on floating constant
 -rw-r--r--  1 alessandro testing   594 Dec 10 17:23 for-[01;31m[K1.c[m[K
                                                         [01;31m[K^~~[m[K
[01m[Kfiles.c:65:57:[m[K [01;31m[Kerror: [m[Kinvalid suffix "h" on floating constant
 -rw-r--r--  1 alessandro testing   458 Dec 10 17:23 for-[01;31m[K1.h[m[K
                                                         [01;31m[K^~~[m[K
[01m[Kfiles.c:66:57:[m[K [01;31m[Kerror: [m[Kinvalid suffix "c" on floating constant
 -rw-r--r--  1 alessandro testing   856 Dec 10 17:23 for-[01;31m[K2.c[m[K
                                                         [01;31m[K^~~[m[K
[01m[Kfiles.c:67:57:[m[K [01;31m[Kerror: [m[Kinvalid suffix "h" on floating constant
 -rw-r--r--  1 alessandro testing  6425 Dec 10 17:23 for-[01;31m[K2.h[m[K
                                                         [01;31m[K^~~[m[K
[01m[Kfiles.c:68:57:[m[K [01;31m[Kerror: [m[Kinvalid suffix "c" on floating constant
 -rw-r--r--  1 alessandro testing  2217 Dec 10 17:23 for-[01;31m[K3.c[m[K
                                                         [01;31m[K^~~[m[K
[01m[Kfiles.c:69:57:[m[K [01;31m[Kerror: [m[Kinvalid suffix "c" on floating constant
 -rw-r--r--  1 alessandro testing   645 Dec 10 17:23 for-[01;31m[K4.c[m[K
                                                         [01;31m[K^~~[m[K
[01m[Kfiles.c:70:57:[m[K [01;31m[Kerror: [m[Kinvalid suffix "c" on floating constant
 -rw-r--r--  1 alessandro testing  3125 Dec 10 17:23 for-[01;31m[K5.c[m[K
                                                         [01;31m[K^~~[m[K
[01m[Kfiles.c:71:57:[m[K [01;31m[Kerror: [m[Kinvalid suffix "c" on floating constant
 -rw-r--r--  1 alessandro testing  2439 Dec 10 17:23 for-[01;31m[K6.c[m[K
                                                         [01;31m[K^~~[m[K
[01m[Kfiles.c:72:57:[m[K [01;31m[Kerror: [m[Kinvalid suffix "c" on floating constant
 -rw-r--r--  1 alessandro testing   617 Dec 10 17:23 icv-[01;31m[K1.c[m[K
                                                         [01;31m[K^~~[m[K
[01m[Kfiles.c:73:57:[m[K [01;31m[Kerror: [m[Kinvalid suffix "c" on floating constant
 -rw-r--r--  1 alessandro testing   941 Dec 10 17:23 icv-[01;31m[K2.c[m[K
                                                         [01;31m[K^~~[m[K
[01m[Kfiles.c:74:57:[m[K [01;31m[Kerror: [m[Kinvalid suffix "c" on floating constant
 -rw-r--r--  1 alessandro testing  2099 Dec 10 17:23 lib-[01;31m[K1.c[m[K
                                                         [01;31m[K^~~[m[K
[01m[Kfiles.c:75:57:[m[K [01;31m[Kerror: [m[Kinvalid suffix "c" on floating constant
 -rw-r--r--  1 alessandro testing   535 Dec 10 17:23 lib-[01;31m[K2.c[m[K
                                                         [01;31m[K^~~[m[K
[01m[Kfiles.c:76:60:[m[K [01;31m[Kerror: [m[Kinvalid suffix "c" on floating constant
 -rw-r--r--  1 alessandro testing  4895 Dec 10 17:23 linear-[01;31m[K1.c[m[K
                                                            [01;31m[K^~~[m[K
[01m[Kfiles.c:77:58:[m[K [01;31m[Kerror: [m[Kinvalid suffix "c" on floating constant
 -rw-r--r--  1 alessandro testing   731 Dec 10 17:23 lock-[01;31m[K1.c[m[K
                                                          [01;31m[K^~~[m[K
[01m[Kfiles.c:78:58:[m[K [01;31m[Kerror: [m[Kinvalid suffix "c" on floating constant
 -rw-r--r--  1 alessandro testing   636 Dec 10 17:23 lock-[01;31m[K2.c[m[K
                                                          [01;31m[K^~~[m[K
[01m[Kfiles.c:79:58:[m[K [01;31m[Kerror: [m[Kinvalid suffix "c" on floating constant
 -rw-r--r--  1 alessandro testing  1176 Dec 10 17:23 lock-[01;31m[K3.c[m[K
                                                          [01;31m[K^~~[m[K
[01m[Kfiles.c:80:58:[m[K [01;31m[Kerror: [m[Kinvalid suffix "c" on floating constant
 -rw-r--r--  1 alessandro testing   585 Dec 10 17:23 loop-[01;31m[K10.c[m[K
                                                          [01;31m[K^~~~[m[K
[01m[Kfiles.c:81:58:[m[K [01;31m[Kerror: [m[Kinvalid suffix "c" on floating constant
 -rw-r--r--  1 alessandro testing  7957 Dec 10 17:23 loop-[01;31m[K11.c[m[K
                                                          [01;31m[K^~~~[m[K
[01m[Kfiles.c:82:58:[m[K [01;31m[Kerror: [m[Kinvalid suffix "c" on floating constant
 -rw-r--r--  1 alessandro testing  9621 Dec 10 17:23 loop-[01;31m[K12.c[m[K
                                                          [01;31m[K^~~~[m[K
[01m[Kfiles.c:83:58:[m[K [01;31m[Kerror: [m[Kinvalid suffix "c" on floating constant
 -rw-r--r--  1 alessandro testing  6040 Dec 10 17:23 loop-[01;31m[K13.c[m[K
                                                          [01;31m[K^~~~[m[K
[01m[Kfiles.c:84:58:[m[K [01;31m[Kerror: [m[Kinvalid suffix "c" on floating constant
 -rw-r--r--  1 alessandro testing  6680 Dec 10 17:23 loop-[01;31m[K14.c[m[K
                                                          [01;31m[K^~~~[m[K
[01m[Kfiles.c:85:58:[m[K [01;31m[Kerror: [m[Kinvalid suffix "c" on floating constant
 -rw-r--r--  1 alessandro testing  6616 Dec 10 17:23 loop-[01;31m[K15.c[m[K
                                                          [01;31m[K^~~~[m[K
[01m[Kfiles.c:86:58:[m[K [01;31m[Kerror: [m[Kinvalid suffix "c" on floating constant
 -rw-r--r--  1 alessandro testing   324 Dec 10 17:23 loop-[01;31m[K16.c[m[K
                                                          [01;31m[K^~~~[m[K
[01m[Kfiles.c:87:58:[m[K [01;31m[Kerror: [m[Kinvalid suffix "c" on floating constant
 -rw-r--r--  1 alessandro testing  2734 Dec 10 17:23 loop-[01;31m[K1.c[m[K
                                                          [01;31m[K^~~[m[K
[01m[Kfiles.c:88:58:[m[K [01;31m[Kerror: [m[Kinvalid suffix "c" on floating constant
 -rw-r--r--  1 alessandro testing  2056 Dec 10 17:23 loop-[01;31m[K2.c[m[K
                                                          [01;31m[K^~~[m[K
[01m[Kfiles.c:89:58:[m[K [01;31m[Kerror: [m[Kinvalid suffix "c" on floating constant
 -rw-r--r--  1 alessandro testing   302 Dec 10 17:23 loop-[01;31m[K3.c[m[K
                                                          [01;31m[K^~~[m[K
[01m[Kfiles.c:90:58:[m[K [01;31m[Kerror: [m[Kinvalid suffix "c" on floating constant
 -rw-r--r--  1 alessandro testing   639 Dec 10 17:23 loop-[01;31m[K4.c[m[K
                                                          [01;31m[K^~~[m[K
[01m[Kfiles.c:91:58:[m[K [01;31m[Kerror: [m[Kinvalid suffix "c" on floating constant
 -rw-r--r--  1 alessandro testing  7957 Dec 10 17:23 loop-[01;31m[K5.c[m[K
                                                          [01;31m[K^~~[m[K
[01m[Kfiles.c:92:58:[m[K [01;31m[Kerror: [m[Kinvalid suffix "c" on floating constant
 -rw-r--r--  1 alessandro testing  9621 Dec 10 17:23 loop-[01;31m[K6.c[m[K
                                                          [01;31m[K^~~[m[K
[01m[Kfiles.c:93:58:[m[K [01;31m[Kerror: [m[Kinvalid suffix "c" on floating constant
 -rw-r--r--  1 alessandro testing  2336 Dec 10 17:23 loop-[01;31m[K7.c[m[K
                                                          [01;31m[K^~~[m[K
[01m[Kfiles.c:94:58:[m[K [01;31m[Kerror: [m[Kinvalid suffix "c" on floating constant
 -rw-r--r--  1 alessandro testing   433 Dec 10 17:23 loop-[01;31m[K8.c[m[K
                                                          [01;31m[K^~~[m[K
[01m[Kfiles.c:95:58:[m[K [01;31m[Kerror: [m[Kinvalid suffix "c" on floating constant
 -rw-r--r--  1 alessandro testing   400 Dec 10 17:23 loop-[01;31m[K9.c[m[K
                                                          [01;31m[K^~~[m[K
[01m[Kfiles.c:96:63:[m[K [01;31m[Kerror: [m[Kinvalid suffix "c" on floating constant
 -rw-r--r--  1 alessandro testing  5045 Dec 10 17:23 monotonic-[01;31m[K1.c[m[K
                                                               [01;31m[K^~~[m[K
[01m[Kfiles.c:97:63:[m[K [01;31m[Kerror: [m[Kinvalid suffix "c" on floating constant
 -rw-r--r--  1 alessandro testing   204 Dec 10 17:23 monotonic-[01;31m[K2.c[m[K
                                                               [01;31m[K^~~[m[K
[01m[Kfiles.c:98:60:[m[K [01;31m[Kerror: [m[Kinvalid suffix "c" on floating constant
 -rw-r--r--  1 alessandro testing   544 Dec 10 17:23 nested-[01;31m[K1.c[m[K
                                                            [01;31m[K^~~[m[K
[01m[Kfiles.c:99:60:[m[K [01;31m[Kerror: [m[Kinvalid suffix "c" on floating constant
 -rw-r--r--  1 alessandro testing   525 Dec 10 17:23 nested-[01;31m[K2.c[m[K
                                                            [01;31m[K^~~[m[K
[01m[Kfiles.c:100:60:[m[K [01;31m[Kerror: [m[Kinvalid suffix "c" on floating constant
 -rw-r--r--  1 alessandro testing  2659 Dec 10 17:23 nested-[01;31m[K3.c[m[K
                                                            [01;31m[K^~~[m[K
[01m[Kfiles.c:101:62:[m[K [01;31m[Kerror: [m[Kinvalid suffix "c" on floating constant
 -rw-r--r--  1 alessandro testing   844 Dec 10 17:23 nestedfn-[01;31m[K1.c[m[K
                                                              [01;31m[K^~~[m[K
[01m[Kfiles.c:102:62:[m[K [01;31m[Kerror: [m[Kinvalid suffix "c" on floating constant
 -rw-r--r--  1 alessandro testing   196 Dec 10 17:23 nestedfn-[01;31m[K2.c[m[K
                                                              [01;31m[K^~~[m[K
[01m[Kfiles.c:103:62:[m[K [01;31m[Kerror: [m[Kinvalid suffix "c" on floating constant
 -rw-r--r--  1 alessandro testing   717 Dec 10 17:23 nestedfn-[01;31m[K3.c[m[K
                                                              [01;31m[K^~~[m[K
[01m[Kfiles.c:104:62:[m[K [01;31m[Kerror: [m[Kinvalid suffix "c" on floating constant
 -rw-r--r--  1 alessandro testing  1136 Dec 10 17:23 nestedfn-[01;31m[K4.c[m[K
                                                              [01;31m[K^~~[m[K
[01m[Kfiles.c:105:62:[m[K [01;31m[Kerror: [m[Kinvalid suffix "c" on floating constant
 -rw-r--r--  1 alessandro testing   440 Dec 10 17:23 nestedfn-[01;31m[K5.c[m[K
                                                              [01;31m[K^~~[m[K
[01m[Kfiles.c:106:62:[m[K [01;31m[Kerror: [m[Kinvalid suffix "c" on floating constant
 -rw-r--r--  1 alessandro testing   322 Dec 10 17:23 nestedfn-[01;31m[K6.c[m[K
                                                              [01;31m[K^~~[m[K
[01m[Kfiles.c:107:66:[m[K [01;31m[Kerror: [m[Kinvalid suffix "c" on floating constant
 -rw-r--r--  1 alessandro testing  1419 Dec 10 17:23 nonmonotonic-[01;31m[K1.c[m[K
                                                                  [01;31m[K^~~[m[K
[01m[Kfiles.c:108:66:[m[K [01;31m[Kerror: [m[Kinvalid suffix "c" on floating constant
 -rw-r--r--  1 alessandro testing   183 Dec 10 17:23 nonmonotonic-[01;31m[K2.c[m[K
                                                                  [01;31m[K^~~[m[K
[01m[Kfiles.c:109:61:[m[K [01;31m[Kerror: [m[Kinvalid suffix "c" on floating constant
 -rw-r--r--  1 alessandro testing  1366 Dec 10 17:23 nqueens-[01;31m[K1.c[m[K
                                                             [01;31m[K^~~[m[K
[01m[Kfiles.c:115:64:[m[K [01;31m[Kerror: [m[Kinvalid suffix "c" on floating constant
 -rw-r--r--  1 alessandro testing   349 Dec 10 17:23 omp-nested-[01;31m[K1.c[m[K
                                                                [01;31m[K^~~[m[K
[01m[Kfiles.c:116:64:[m[K [01;31m[Kerror: [m[Kinvalid suffix "c" on floating constant
 -rw-r--r--  1 alessandro testing    85 Dec 10 17:23 omp-nested-[01;31m[K2.c[m[K
                                                                [01;31m[K^~~[m[K
[01m[Kfiles.c:117:64:[m[K [01;31m[Kerror: [m[Kinvalid suffix "c" on floating constant
 -rw-r--r--  1 alessandro testing   126 Dec 10 17:23 omp-nested-[01;31m[K3.c[m[K
                                                                [01;31m[K^~~[m[K
[01m[Kfiles.c:122:64:[m[K [01;31m[Kerror: [m[Kinvalid suffix "c" on floating constant
 -rw-r--r--  1 alessandro testing   183 Dec 10 17:23 omp-single-[01;31m[K1.c[m[K
                                                                [01;31m[K^~~[m[K
[01m[Kfiles.c:123:64:[m[K [01;31m[Kerror: [m[Kinvalid suffix "c" on floating constant
 -rw-r--r--  1 alessandro testing   427 Dec 10 17:23 omp-single-[01;31m[K2.c[m[K
                                                                [01;31m[K^~~[m[K
[01m[Kfiles.c:124:64:[m[K [01;31m[Kerror: [m[Kinvalid suffix "c" on floating constant
 -rw-r--r--  1 alessandro testing   238 Dec 10 17:23 omp-single-[01;31m[K3.c[m[K
                                                                [01;31m[K^~~[m[K
[01m[Kfiles.c:129:61:[m[K [01;31m[Kerror: [m[Kinvalid suffix "c" on floating constant
 -rw-r--r--  1 alessandro testing  2267 Dec 10 17:23 ordered-[01;31m[K1.c[m[K
                                                             [01;31m[K^~~[m[K
[01m[Kfiles.c:130:61:[m[K [01;31m[Kerror: [m[Kinvalid suffix "c" on floating constant
 -rw-r--r--  1 alessandro testing  1355 Dec 10 17:23 ordered-[01;31m[K2.c[m[K
                                                             [01;31m[K^~~[m[K
[01m[Kfiles.c:131:61:[m[K [01;31m[Kerror: [m[Kinvalid suffix "c" on floating constant
 -rw-r--r--  1 alessandro testing  1451 Dec 10 17:23 ordered-[01;31m[K3.c[m[K
                                                             [01;31m[K^~~[m[K
[01m[Kfiles.c:132:61:[m[K [01;31m[Kerror: [m[Kinvalid suffix "c" on floating constant
 -rw-r--r--  1 alessandro testing  1206 Dec 10 17:23 ordered-[01;31m[K4.c[m[K
                                                             [01;31m[K^~~[m[K
[01m[Kfiles.c:133:61:[m[K [01;31m[Kerror: [m[Kinvalid suffix "c" on floating constant
 -rw-r--r--  1 alessandro testing   540 Dec 10 17:23 ordered-[01;31m[K5.c[m[K
                                                             [01;31m[K^~~[m[K
[01m[Kfiles.c:134:62:[m[K [01;31m[Kerror: [m[Kinvalid suffix "c" on floating constant
 -rw-r--r--  1 alessandro testing   777 Dec 10 17:23 parallel-[01;31m[K1.c[m[K
                                                              [01;31m[K^~~[m[K
[01m[Kfiles.c:135:82:[m[K [01;31m[Kerror: [m[Kinvalid suffix "c" on floating constant
 -rw-r--r--  1 alessandro testing   757 Dec 10 17:23 parloops-exit-first-loop-alt-[01;31m[K2.c[m[K
                                                                                  [01;31m[K^~~[m[K
[01m[Kfiles.c:136:82:[m[K [01;31m[Kerror: [m[Kinvalid suffix "c" on floating constant
 -rw-r--r--  1 alessandro testing   662 Dec 10 17:23 parloops-exit-first-loop-alt-[01;31m[K3.c[m[K
                                                                                  [01;31m[K^~~[m[K
[01m[Kfiles.c:137:82:[m[K [01;31m[Kerror: [m[Kinvalid suffix "c" on floating constant
 -rw-r--r--  1 alessandro testing   490 Dec 10 17:23 parloops-exit-first-loop-alt-[01;31m[K4.c[m[K
                                                                                  [01;31m[K^~~[m[K
[01m[Kfiles.c:138:82:[m[K [01;31m[Kerror: [m[Kinvalid suffix "c" on floating constant
 -rw-r--r--  1 alessandro testing  1277 Dec 10 17:23 parloops-exit-first-loop-alt-[01;31m[K5.c[m[K
                                                                                  [01;31m[K^~~[m[K
[01m[Kfiles.c:139:82:[m[K [01;31m[Kerror: [m[Kinvalid suffix "c" on floating constant
 -rw-r--r--  1 alessandro testing  1266 Dec 10 17:23 parloops-exit-first-loop-alt-[01;31m[K6.c[m[K
                                                                                  [01;31m[K^~~[m[K
[01m[Kfiles.c:140:82:[m[K [01;31m[Kerror: [m[Kinvalid suffix "c" on floating constant
 -rw-r--r--  1 alessandro testing  1255 Dec 10 17:23 parloops-exit-first-loop-alt-[01;31m[K7.c[m[K
                                                                                  [01;31m[K^~~[m[K
[01m[Kfiles.c:142:61:[m[K [01;31m[Kerror: [m[Kinvalid suffix "c" on floating constant
 -rw-r--r--  1 alessandro testing   118 Dec 10 17:23 pr24455-[01;31m[K1.c[m[K
                                                             [01;31m[K^~~[m[K
[01m[Kfiles.c:145:61:[m[K [01;31m[Kerror: [m[Kinvalid suffix "c" on floating constant
 -rw-r--r--  1 alessandro testing   413 Dec 10 17:23 pr26943-[01;31m[K1.c[m[K
                                                             [01;31m[K^~~[m[K
[01m[Kfiles.c:146:61:[m[K [01;31m[Kerror: [m[Kinvalid suffix "c" on floating constant
 -rw-r--r--  1 alessandro testing  1115 Dec 10 17:23 pr26943-[01;31m[K2.c[m[K
                                                             [01;31m[K^~~[m[K
[01m[Kfiles.c:147:61:[m[K [01;31m[Kerror: [m[Kinvalid suffix "c" on floating constant
 -rw-r--r--  1 alessandro testing  1321 Dec 10 17:23 pr26943-[01;31m[K3.c[m[K
                                                             [01;31m[K^~~[m[K
[01m[Kfiles.c:148:61:[m[K [01;31m[Kerror: [m[Kinvalid suffix "c" on floating constant
 -rw-r--r--  1 alessandro testing  1510 Dec 10 17:23 pr26943-[01;31m[K4.c[m[K
                                                             [01;31m[K^~~[m[K
[01m[Kfiles.c:149:61:[m[K [01;31m[Kerror: [m[Kinvalid suffix "c" on floating constant
 -rw-r--r--  1 alessandro testing  5863 Dec 10 17:23 pr29947-[01;31m[K1.c[m[K
                                                             [01;31m[K^~~[m[K
[01m[Kfiles.c:150:61:[m[K [01;31m[Kerror: [m[Kinvalid suffix "c" on floating constant
 -rw-r--r--  1 alessandro testing  5879 Dec 10 17:23 pr29947-[01;31m[K2.c[m[K
                                                             [01;31m[K^~~[m[K
[01m[Kfiles.c:152:61:[m[K [01;31m[Kerror: [m[Kinvalid suffix "c" on floating constant
 -rw-r--r--  1 alessandro testing   607 Dec 10 17:23 pr32362-[01;31m[K1.c[m[K
                                                             [01;31m[K^~~[m[K
[01m[Kfiles.c:153:61:[m[K [01;31m[Kerror: [m[Kinvalid suffix "c" on floating constant
 -rw-r--r--  1 alessandro testing   599 Dec 10 17:23 pr32362-[01;31m[K2.c[m[K
                                                             [01;31m[K^~~[m[K
[01m[Kfiles.c:154:61:[m[K [01;31m[Kerror: [m[Kinvalid suffix "c" on floating constant
 -rw-r--r--  1 alessandro testing   605 Dec 10 17:23 pr32362-[01;31m[K3.c[m[K
                                                             [01;31m[K^~~[m[K
[01m[Kfiles.c:162:61:[m[K [01;31m[Kerror: [m[Kinvalid suffix "c" on floating constant
 -rw-r--r--  1 alessandro testing   380 Dec 10 17:23 pr36802-[01;31m[K1.c[m[K
                                                             [01;31m[K^~~[m[K
[01m[Kfiles.c:163:61:[m[K [01;31m[Kerror: [m[Kinvalid suffix "c" on floating constant
 -rw-r--r--  1 alessandro testing   779 Dec 10 17:23 pr36802-[01;31m[K2.c[m[K
                                                             [01;31m[K^~~[m[K
[01m[Kfiles.c:164:61:[m[K [01;31m[Kerror: [m[Kinvalid suffix "c" on floating constant
 -rw-r--r--  1 alessandro testing   780 Dec 10 17:23 pr36802-[01;31m[K3.c[m[K
                                                             [01;31m[K^~~[m[K
[01m[Kfiles.c:167:61:[m[K [01;31m[Kerror: [m[Kinvalid suffix "c" on floating constant
 -rw-r--r--  1 alessandro testing   516 Dec 10 17:23 pr39591-[01;31m[K1.c[m[K
                                                             [01;31m[K^~~[m[K
[01m[Kfiles.c:168:61:[m[K [01;31m[Kerror: [m[Kinvalid suffix "c" on floating constant
 -rw-r--r--  1 alessandro testing   572 Dec 10 17:23 pr39591-[01;31m[K2.c[m[K
                                                             [01;31m[K^~~[m[K
[01m[Kfiles.c:169:61:[m[K [01;31m[Kerror: [m[Kinvalid suffix "c" on floating constant
 -rw-r--r--  1 alessandro testing   550 Dec 10 17:23 pr39591-[01;31m[K3.c[m[K
                                                             [01;31m[K^~~[m[K
[01m[Kfiles.c:173:61:[m[K [01;31m[Kerror: [m[Kinvalid suffix "c" on floating constant
 -rw-r--r--  1 alessandro testing   146 Dec 10 17:23 pr46032-[01;31m[K2.c[m[K
                                                             [01;31m[K^~~[m[K
[01m[Kfiles.c:178:61:[m[K [01;31m[Kerror: [m[Kinvalid suffix "c" on floating constant
 -rw-r--r--  1 alessandro testing   515 Dec 10 17:23 pr49897-[01;31m[K1.c[m[K
                                                             [01;31m[K^~~[m[K
[01m[Kfiles.c:179:61:[m[K [01;31m[Kerror: [m[Kinvalid suffix "c" on floating constant
 -rw-r--r--  1 alessandro testing   463 Dec 10 17:23 pr49897-[01;31m[K2.c[m[K
                                                             [01;31m[K^~~[m[K
[01m[Kfiles.c:180:61:[m[K [01;31m[Kerror: [m[Kinvalid suffix "c" on floating constant
 -rw-r--r--  1 alessandro testing   374 Dec 10 17:23 pr49898-[01;31m[K1.c[m[K
                                                             [01;31m[K^~~[m[K
[01m[Kfiles.c:181:61:[m[K [01;31m[Kerror: [m[Kinvalid suffix "c" on floating constant
 -rw-r--r--  1 alessandro testing   315 Dec 10 17:23 pr49898-[01;31m[K2.c[m[K
                                                             [01;31m[K^~~[m[K
[01m[Kfiles.c:190:61:[m[K [01;31m[Kerror: [m[Kinvalid suffix "c" on floating constant
 -rw-r--r--  1 alessandro testing  1526 Dec 10 17:23 pr66199-[01;31m[K1.c[m[K
                                                             [01;31m[K^~~[m[K
[01m[Kfiles.c:191:61:[m[K [01;31m[Kerror: [m[Kinvalid suffix "c" on floating constant
 -rw-r--r--  1 alessandro testing  1501 Dec 10 17:23 pr66199-[01;31m[K2.c[m[K
                                                             [01;31m[K^~~[m[K
[01m[Kfiles.c:192:61:[m[K [01;31m[Kerror: [m[Kinvalid suffix "c" on floating constant
 -rw-r--r--  1 alessandro testing  1191 Dec 10 17:23 pr66199-[01;31m[K3.c[m[K
                                                             [01;31m[K^~~[m[K
[01m[Kfiles.c:193:61:[m[K [01;31m[Kerror: [m[Kinvalid suffix "c" on floating constant
 -rw-r--r--  1 alessandro testing  1510 Dec 10 17:23 pr66199-[01;31m[K4.c[m[K
                                                             [01;31m[K^~~[m[K
[01m[Kfiles.c:194:61:[m[K [01;31m[Kerror: [m[Kinvalid suffix "c" on floating constant
 -rw-r--r--  1 alessandro testing  1778 Dec 10 17:23 pr66199-[01;31m[K5.c[m[K
                                                             [01;31m[K^~~[m[K
[01m[Kfiles.c:195:61:[m[K [01;31m[Kerror: [m[Kinvalid suffix "c" on floating constant
 -rw-r--r--  1 alessandro testing  1063 Dec 10 17:23 pr66199-[01;31m[K6.c[m[K
                                                             [01;31m[K^~~[m[K
[01m[Kfiles.c:196:61:[m[K [01;31m[Kerror: [m[Kinvalid suffix "c" on floating constant
 -rw-r--r--  1 alessandro testing  1726 Dec 10 17:23 pr66199-[01;31m[K7.c[m[K
                                                             [01;31m[K^~~[m[K
[01m[Kfiles.c:197:61:[m[K [01;31m[Kerror: [m[Kinvalid suffix "c" on floating constant
 -rw-r--r--  1 alessandro testing  1829 Dec 10 17:23 pr66199-[01;31m[K8.c[m[K
                                                             [01;31m[K^~~[m[K
[01m[Kfiles.c:198:61:[m[K [01;31m[Kerror: [m[Kinvalid suffix "c" on floating constant
 -rw-r--r--  1 alessandro testing  1059 Dec 10 17:23 pr66199-[01;31m[K9.c[m[K
                                                             [01;31m[K^~~[m[K
[01m[Kfiles.c:203:61:[m[K [01;31m[Kerror: [m[Kinvalid suffix "c" on floating constant
 -rw-r--r--  1 alessandro testing   931 Dec 10 17:23 pr70680-[01;31m[K1.c[m[K
                                                             [01;31m[K^~~[m[K
[01m[Kfiles.c:204:61:[m[K [01;31m[Kerror: [m[Kinvalid suffix "c" on floating constant
 -rw-r--r--  1 alessandro testing  1165 Dec 10 17:23 pr70680-[01;31m[K2.c[m[K
                                                             [01;31m[K^~~[m[K
[01m[Kfiles.c:208:61:[m[K [01;31m[Kerror: [m[Kinvalid suffix "c" on floating constant
 -rw-r--r--  1 alessandro testing   934 Dec 10 17:23 private-[01;31m[K1.c[m[K
                                                             [01;31m[K^~~[m[K
[01m[Kfiles.c:209:63:[m[K [01;31m[Kerror: [m[Kinvalid suffix "c" on floating constant
 -rw-r--r--  1 alessandro testing  2955 Dec 10 17:23 reduction-[01;31m[K10.c[m[K
                                                               [01;31m[K^~~~[m[K
[01m[Kfiles.c:210:63:[m[K [01;31m[Kerror: [m[Kinvalid suffix "c" on floating constant
 -rw-r--r--  1 alessandro testing  1733 Dec 10 17:23 reduction-[01;31m[K11.c[m[K
                                                               [01;31m[K^~~~[m[K
[01m[Kfiles.c:211:63:[m[K [01;31m[Kerror: [m[Kinvalid suffix "c" on floating constant
 -rw-r--r--  1 alessandro testing  2767 Dec 10 17:23 reduction-[01;31m[K12.c[m[K
                                                               [01;31m[K^~~~[m[K
[01m[Kfiles.c:212:63:[m[K [01;31m[Kerror: [m[Kinvalid suffix "c" on floating constant
 -rw-r--r--  1 alessandro testing  1900 Dec 10 17:23 reduction-[01;31m[K13.c[m[K
                                                               [01;31m[K^~~~[m[K
[01m[Kfiles.c:213:63:[m[K [01;31m[Kerror: [m[Kinvalid suffix "c" on floating constant
 -rw-r--r--  1 alessandro testing  2936 Dec 10 17:23 reduction-[01;31m[K14.c[m[K
                                                               [01;31m[K^~~~[m[K
[01m[Kfiles.c:214:63:[m[K [01;31m[Kerror: [m[Kinvalid suffix "c" on floating constant
 -rw-r--r--  1 alessandro testing  1263 Dec 10 17:23 reduction-[01;31m[K15.c[m[K
                                                               [01;31m[K^~~~[m[K
[01m[Kfiles.c:215:63:[m[K [01;31m[Kerror: [m[Kinvalid suffix "c" on floating constant
 -rw-r--r--  1 alessandro testing   615 Dec 10 17:23 reduction-[01;31m[K1.c[m[K
                                                               [01;31m[K^~~[m[K
[01m[Kfiles.c:216:63:[m[K [01;31m[Kerror: [m[Kinvalid suffix "c" on floating constant
 -rw-r--r--  1 alessandro testing   849 Dec 10 17:23 reduction-[01;31m[K2.c[m[K
                                                               [01;31m[K^~~[m[K
[01m[Kfiles.c:217:63:[m[K [01;31m[Kerror: [m[Kinvalid suffix "c" on floating constant
 -rw-r--r--  1 alessandro testing   876 Dec 10 17:23 reduction-[01;31m[K3.c[m[K
                                                               [01;31m[K^~~[m[K
[01m[Kfiles.c:218:63:[m[K [01;31m[Kerror: [m[Kinvalid suffix "c" on floating constant
 -rw-r--r--  1 alessandro testing   593 Dec 10 17:23 reduction-[01;31m[K4.c[m[K
                                                               [01;31m[K^~~[m[K
[01m[Kfiles.c:219:63:[m[K [01;31m[Kerror: [m[Kinvalid suffix "c" on floating constant
 -rw-r--r--  1 alessandro testing  1218 Dec 10 17:23 reduction-[01;31m[K5.c[m[K
                                                               [01;31m[K^~~[m[K
[01m[Kfiles.c:220:63:[m[K [01;31m[Kerror: [m[Kinvalid suffix "c" on floating constant
 -rw-r--r--  1 alessandro testing   446 Dec 10 17:23 reduction-[01;31m[K6.c[m[K
                                                               [01;31m[K^~~[m[K
[01m[Kfiles.c:221:63:[m[K [01;31m[Kerror: [m[Kinvalid suffix "c" on floating constant
 -rw-r--r--  1 alessandro testing  1733 Dec 10 17:23 reduction-[01;31m[K7.c[m[K
                                                               [01;31m[K^~~[m[K
[01m[Kfiles.c:222:63:[m[K [01;31m[Kerror: [m[Kinvalid suffix "c" on floating constant
 -rw-r--r--  1 alessandro testing  2767 Dec 10 17:23 reduction-[01;31m[K8.c[m[K
                                                               [01;31m[K^~~[m[K
[01m[Kfiles.c:223:63:[m[K [01;31m[Kerror: [m[Kinvalid suffix "c" on floating constant
 -rw-r--r--  1 alessandro testing  1919 Dec 10 17:23 reduction-[01;31m[K9.c[m[K
                                                               [01;31m[K^~~[m[K
[01m[Kfiles.c:224:62:[m[K [01;31m[Kerror: [m[Kinvalid suffix "c" on floating constant
 -rw-r--r--  1 alessandro testing  1333 Dec 10 17:23 sections-[01;31m[K1.c[m[K
                                                              [01;31m[K^~~[m[K
[01m[Kfiles.c:225:62:[m[K [01;31m[Kerror: [m[Kinvalid suffix "c" on floating constant
 -rw-r--r--  1 alessandro testing   349 Dec 10 17:23 sections-[01;31m[K2.c[m[K
                                                              [01;31m[K^~~[m[K
[01m[Kfiles.c:226:60:[m[K [01;31m[Kerror: [m[Kinvalid suffix "c" on floating constant
 -rw-r--r--  1 alessandro testing   843 Dec 10 17:23 shared-[01;31m[K1.c[m[K
                                                            [01;31m[K^~~[m[K
[01m[Kfiles.c:227:60:[m[K [01;31m[Kerror: [m[Kinvalid suffix "c" on floating constant
 -rw-r--r--  1 alessandro testing   695 Dec 10 17:23 shared-[01;31m[K2.c[m[K
                                                            [01;31m[K^~~[m[K
[01m[Kfiles.c:228:60:[m[K [01;31m[Kerror: [m[Kinvalid suffix "c" on floating constant
 -rw-r--r--  1 alessandro testing   172 Dec 10 17:23 shared-[01;31m[K3.c[m[K
                                                            [01;31m[K^~~[m[K
[01m[Kfiles.c:229:58:[m[K [01;31m[Kerror: [m[Kinvalid suffix "c" on floating constant
 -rw-r--r--  1 alessandro testing   424 Dec 10 17:23 simd-[01;31m[K10.c[m[K
                                                          [01;31m[K^~~~[m[K
[01m[Kfiles.c:230:58:[m[K [01;31m[Kerror: [m[Kinvalid suffix "c" on floating constant
 -rw-r--r--  1 alessandro testing   474 Dec 10 17:23 simd-[01;31m[K11.c[m[K
                                                          [01;31m[K^~~~[m[K
[01m[Kfiles.c:231:58:[m[K [01;31m[Kerror: [m[Kinvalid suffix "c" on floating constant
 -rw-r--r--  1 alessandro testing   422 Dec 10 17:23 simd-[01;31m[K12.c[m[K
                                                          [01;31m[K^~~~[m[K
[01m[Kfiles.c:232:58:[m[K [01;31m[Kerror: [m[Kinvalid suffix "c" on floating constant
 -rw-r--r--  1 alessandro testing   408 Dec 10 17:23 simd-[01;31m[K13.c[m[K
                                                          [01;31m[K^~~~[m[K
[01m[Kfiles.c:233:58:[m[K [01;31m[Kerror: [m[Kinvalid suffix "c" on floating constant
 -rw-r--r--  1 alessandro testing  3373 Dec 10 17:23 simd-[01;31m[K14.c[m[K
                                                          [01;31m[K^~~~[m[K
[01m[Kfiles.c:234:58:[m[K [01;31m[Kerror: [m[Kinvalid suffix "c" on floating constant
 -rw-r--r--  1 alessandro testing  3592 Dec 10 17:23 simd-[01;31m[K15.c[m[K
                                                          [01;31m[K^~~~[m[K
[01m[Kfiles.c:235:58:[m[K [01;31m[Kerror: [m[Kinvalid suffix "c" on floating constant
 -rw-r--r--  1 alessandro testing  1646 Dec 10 17:23 simd-[01;31m[K16.c[m[K
                                                          [01;31m[K^~~~[m[K
[01m[Kfiles.c:236:58:[m[K [01;31m[Kerror: [m[Kinvalid suffix "c" on floating constant
 -rw-r--r--  1 alessandro testing  1805 Dec 10 17:23 simd-[01;31m[K17.c[m[K
                                                          [01;31m[K^~~~[m[K
[01m[Kfiles.c:237:58:[m[K [01;31m[Kerror: [m[Kinvalid suffix "c" on floating constant
 -rw-r--r--  1 alessandro testing  1119 Dec 10 17:23 simd-[01;31m[K1.c[m[K
                                                          [01;31m[K^~~[m[K
[01m[Kfiles.c:238:58:[m[K [01;31m[Kerror: [m[Kinvalid suffix "c" on floating constant
 -rw-r--r--  1 alessandro testing   658 Dec 10 17:23 simd-[01;31m[K2.c[m[K
                                                          [01;31m[K^~~[m[K
[01m[Kfiles.c:239:58:[m[K [01;31m[Kerror: [m[Kinvalid suffix "c" on floating constant
 -rw-r--r--  1 alessandro testing  3070 Dec 10 17:23 simd-[01;31m[K3.c[m[K
                                                          [01;31m[K^~~[m[K
[01m[Kfiles.c:240:58:[m[K [01;31m[Kerror: [m[Kinvalid suffix "c" on floating constant
 -rw-r--r--  1 alessandro testing   926 Dec 10 17:23 simd-[01;31m[K4.c[m[K
                                                          [01;31m[K^~~[m[K
[01m[Kfiles.c:241:58:[m[K [01;31m[Kerror: [m[Kinvalid suffix "c" on floating constant
 -rw-r--r--  1 alessandro testing   980 Dec 10 17:23 simd-[01;31m[K5.c[m[K
                                                          [01;31m[K^~~[m[K
[01m[Kfiles.c:242:58:[m[K [01;31m[Kerror: [m[Kinvalid suffix "c" on floating constant
 -rw-r--r--  1 alessandro testing   968 Dec 10 17:23 simd-[01;31m[K6.c[m[K
                                                          [01;31m[K^~~[m[K
[01m[Kfiles.c:243:58:[m[K [01;31m[Kerror: [m[Kinvalid suffix "c" on floating constant
 -rw-r--r--  1 alessandro testing  1914 Dec 10 17:23 simd-[01;31m[K7.c[m[K
                                                          [01;31m[K^~~[m[K
[01m[Kfiles.c:244:58:[m[K [01;31m[Kerror: [m[Kinvalid suffix "c" on floating constant
 -rw-r--r--  1 alessandro testing   987 Dec 10 17:23 simd-[01;31m[K8.c[m[K
                                                          [01;31m[K^~~[m[K
[01m[Kfiles.c:245:58:[m[K [01;31m[Kerror: [m[Kinvalid suffix "c" on floating constant
 -rw-r--r--  1 alessandro testing  1509 Dec 10 17:23 simd-[01;31m[K9.c[m[K
                                                          [01;31m[K^~~[m[K
[01m[Kfiles.c:246:60:[m[K [01;31m[Kerror: [m[Kinvalid suffix "c" on floating constant
 -rw-r--r--  1 alessandro testing   947 Dec 10 17:23 single-[01;31m[K1.c[m[K
                                                            [01;31m[K^~~[m[K
[01m[Kfiles.c:247:60:[m[K [01;31m[Kerror: [m[Kinvalid suffix "c" on floating constant
 -rw-r--r--  1 alessandro testing   153 Dec 10 17:23 single-[01;31m[K2.c[m[K
                                                            [01;31m[K^~~[m[K
[01m[Kfiles.c:248:58:[m[K [01;31m[Kerror: [m[Kinvalid suffix "c" on floating constant
 -rw-r--r--  1 alessandro testing  7813 Dec 10 17:23 sort-[01;31m[K1.c[m[K
                                                          [01;31m[K^~~[m[K
[01m[Kfiles.c:250:60:[m[K [01;31m[Kerror: [m[Kinvalid suffix "c" on floating constant
 -rw-r--r--  1 alessandro testing   164 Dec 10 17:23 target-[01;31m[K10.c[m[K
                                                            [01;31m[K^~~~[m[K
[01m[Kfiles.c:251:60:[m[K [01;31m[Kerror: [m[Kinvalid suffix "c" on floating constant
 -rw-r--r--  1 alessandro testing  1799 Dec 10 17:23 target-[01;31m[K11.c[m[K
                                                            [01;31m[K^~~~[m[K
[01m[Kfiles.c:252:60:[m[K [01;31m[Kerror: [m[Kinvalid suffix "c" on floating constant
 -rw-r--r--  1 alessandro testing  3122 Dec 10 17:23 target-[01;31m[K12.c[m[K
                                                            [01;31m[K^~~~[m[K
[01m[Kfiles.c:253:60:[m[K [01;31m[Kerror: [m[Kinvalid suffix "c" on floating constant
 -rw-r--r--  1 alessandro testing   810 Dec 10 17:23 target-[01;31m[K13.c[m[K
                                                            [01;31m[K^~~~[m[K
[01m[Kfiles.c:254:60:[m[K [01;31m[Kerror: [m[Kinvalid suffix "c" on floating constant
 -rw-r--r--  1 alessandro testing   709 Dec 10 17:23 target-[01;31m[K14.c[m[K
                                                            [01;31m[K^~~~[m[K
[01m[Kfiles.c:255:60:[m[K [01;31m[Kerror: [m[Kinvalid suffix "c" on floating constant
 -rw-r--r--  1 alessandro testing  1310 Dec 10 17:23 target-[01;31m[K15.c[m[K
                                                            [01;31m[K^~~~[m[K
[01m[Kfiles.c:256:60:[m[K [01;31m[Kerror: [m[Kinvalid suffix "c" on floating constant
 -rw-r--r--  1 alessandro testing   658 Dec 10 17:23 target-[01;31m[K16.c[m[K
                                                            [01;31m[K^~~~[m[K
[01m[Kfiles.c:257:60:[m[K [01;31m[Kerror: [m[Kinvalid suffix "c" on floating constant
 -rw-r--r--  1 alessandro testing   726 Dec 10 17:23 target-[01;31m[K17.c[m[K
                                                            [01;31m[K^~~~[m[K
[01m[Kfiles.c:258:60:[m[K [01;31m[Kerror: [m[Kinvalid suffix "c" on floating constant
 -rw-r--r--  1 alessandro testing  1037 Dec 10 17:23 target-[01;31m[K18.c[m[K
                                                            [01;31m[K^~~~[m[K
[01m[Kfiles.c:259:60:[m[K [01;31m[Kerror: [m[Kinvalid suffix "c" on floating constant
 -rw-r--r--  1 alessandro testing  3788 Dec 10 17:23 target-[01;31m[K19.c[m[K
                                                            [01;31m[K^~~~[m[K
[01m[Kfiles.c:260:60:[m[K [01;31m[Kerror: [m[Kinvalid suffix "c" on floating constant
 -rw-r--r--  1 alessandro testing  1769 Dec 10 17:23 target-[01;31m[K1.c[m[K
                                                            [01;31m[K^~~[m[K
[01m[Kfiles.c:261:60:[m[K [01;31m[Kerror: [m[Kinvalid suffix "c" on floating constant
 -rw-r--r--  1 alessandro testing  2199 Dec 10 17:23 target-[01;31m[K20.c[m[K
                                                            [01;31m[K^~~~[m[K
[01m[Kfiles.c:262:60:[m[K [01;31m[Kerror: [m[Kinvalid suffix "c" on floating constant
 -rw-r--r--  1 alessandro testing  1862 Dec 10 17:23 target-[01;31m[K21.c[m[K
                                                            [01;31m[K^~~~[m[K
[01m[Kfiles.c:263:60:[m[K [01;31m[Kerror: [m[Kinvalid suffix "c" on floating constant
 -rw-r--r--  1 alessandro testing  1016 Dec 10 17:23 target-[01;31m[K22.c[m[K
                                                            [01;31m[K^~~~[m[K
[01m[Kfiles.c:264:60:[m[K [01;31m[Kerror: [m[Kinvalid suffix "c" on floating constant
 -rw-r--r--  1 alessandro testing  1462 Dec 10 17:23 target-[01;31m[K23.c[m[K
                                                            [01;31m[K^~~~[m[K
[01m[Kfiles.c:265:60:[m[K [01;31m[Kerror: [m[Kinvalid suffix "c" on floating constant
 -rw-r--r--  1 alessandro testing  1212 Dec 10 17:23 target-[01;31m[K24.c[m[K
                                                            [01;31m[K^~~~[m[K
[01m[Kfiles.c:266:60:[m[K [01;31m[Kerror: [m[Kinvalid suffix "c" on floating constant
 -rw-r--r--  1 alessandro testing  1708 Dec 10 17:23 target-[01;31m[K25.c[m[K
                                                            [01;31m[K^~~~[m[K
[01m[Kfiles.c:267:60:[m[K [01;31m[Kerror: [m[Kinvalid suffix "c" on floating constant
 -rw-r--r--  1 alessandro testing   864 Dec 10 17:23 target-[01;31m[K26.c[m[K
                                                            [01;31m[K^~~~[m[K
[01m[Kfiles.c:268:60:[m[K [01;31m[Kerror: [m[Kinvalid suffix "c" on floating constant
 -rw-r--r--  1 alessandro testing  1527 Dec 10 17:23 target-[01;31m[K27.c[m[K
                                                            [01;31m[K^~~~[m[K
[01m[Kfiles.c:269:60:[m[K [01;31m[Kerror: [m[Kinvalid suffix "c" on floating constant
 -rw-r--r--  1 alessandro testing   482 Dec 10 17:23 target-[01;31m[K28.c[m[K
                                                            [01;31m[K^~~~[m[K
[01m[Kfiles.c:270:60:[m[K [01;31m[Kerror: [m[Kinvalid suffix "c" on floating constant
 -rw-r--r--  1 alessandro testing  4150 Dec 10 17:23 target-[01;31m[K29.c[m[K
                                                            [01;31m[K^~~~[m[K
[01m[Kfiles.c:271:60:[m[K [01;31m[Kerror: [m[Kinvalid suffix "c" on floating constant
 -rw-r--r--  1 alessandro testing  1662 Dec 10 17:23 target-[01;31m[K2.c[m[K
                                                            [01;31m[K^~~[m[K
[01m[Kfiles.c:272:60:[m[K [01;31m[Kerror: [m[Kinvalid suffix "c" on floating constant
 -rw-r--r--  1 alessandro testing   445 Dec 10 17:23 target-[01;31m[K30.c[m[K
                                                            [01;31m[K^~~~[m[K
[01m[Kfiles.c:273:60:[m[K [01;31m[Kerror: [m[Kinvalid suffix "c" on floating constant
 -rw-r--r--  1 alessandro testing  4725 Dec 10 17:23 target-[01;31m[K31.c[m[K
                                                            [01;31m[K^~~~[m[K
[01m[Kfiles.c:274:60:[m[K [01;31m[Kerror: [m[Kinvalid suffix "c" on floating constant
 -rw-r--r--  1 alessandro testing  1170 Dec 10 17:23 target-[01;31m[K32.c[m[K
                                                            [01;31m[K^~~~[m[K
[01m[Kfiles.c:275:60:[m[K [01;31m[Kerror: [m[Kinvalid suffix "c" on floating constant
 -rw-r--r--  1 alessandro testing  2072 Dec 10 17:23 target-[01;31m[K33.c[m[K
                                                            [01;31m[K^~~~[m[K
[01m[Kfiles.c:276:60:[m[K [01;31m[Kerror: [m[Kinvalid suffix "c" on floating constant
 -rw-r--r--  1 alessandro testing  2518 Dec 10 17:23 target-[01;31m[K34.c[m[K
                                                            [01;31m[K^~~~[m[K
[01m[Kfiles.c:277:60:[m[K [01;31m[Kerror: [m[Kinvalid suffix "c" on floating constant
 -rw-r--r--  1 alessandro testing  2476 Dec 10 17:23 target-[01;31m[K35.c[m[K
                                                            [01;31m[K^~~~[m[K
[01m[Kfiles.c:278:60:[m[K [01;31m[Kerror: [m[Kinvalid suffix "c" on floating constant
 -rw-r--r--  1 alessandro testing   295 Dec 10 17:23 target-[01;31m[K36.c[m[K
                                                            [01;31m[K^~~~[m[K
[01m[Kfiles.c:279:60:[m[K [01;31m[Kerror: [m[Kinvalid suffix "c" on floating constant
 -rw-r--r--  1 alessandro testing   256 Dec 10 17:23 target-[01;31m[K3.c[m[K
                                                            [01;31m[K^~~[m[K
[01m[Kfiles.c:280:60:[m[K [01;31m[Kerror: [m[Kinvalid suffix "c" on floating constant
 -rw-r--r--  1 alessandro testing   226 Dec 10 17:23 target-[01;31m[K4.c[m[K
                                                            [01;31m[K^~~[m[K
[01m[Kfiles.c:281:60:[m[K [01;31m[Kerror: [m[Kinvalid suffix "c" on floating constant
 -rw-r--r--  1 alessandro testing  1893 Dec 10 17:23 target-[01;31m[K5.c[m[K
                                                            [01;31m[K^~~[m[K
[01m[Kfiles.c:282:60:[m[K [01;31m[Kerror: [m[Kinvalid suffix "c" on floating constant
 -rw-r--r--  1 alessandro testing  1693 Dec 10 17:23 target-[01;31m[K6.c[m[K
                                                            [01;31m[K^~~[m[K
[01m[Kfiles.c:283:60:[m[K [01;31m[Kerror: [m[Kinvalid suffix "c" on floating constant
 -rw-r--r--  1 alessandro testing  3340 Dec 10 17:23 target-[01;31m[K7.c[m[K
                                                            [01;31m[K^~~[m[K
[01m[Kfiles.c:284:60:[m[K [01;31m[Kerror: [m[Kinvalid suffix "c" on floating constant
 -rw-r--r--  1 alessandro testing   381 Dec 10 17:23 target-[01;31m[K8.c[m[K
                                                            [01;31m[K^~~[m[K
[01m[Kfiles.c:285:60:[m[K [01;31m[Kerror: [m[Kinvalid suffix "c" on floating constant
 -rw-r--r--  1 alessandro testing   485 Dec 10 17:23 target-[01;31m[K9.c[m[K
                                                            [01;31m[K^~~[m[K
[01m[Kfiles.c:286:69:[m[K [01;31m[Kerror: [m[Kinvalid suffix "c" on floating constant
 -rw-r--r--  1 alessandro testing  1079 Dec 10 17:23 target-critical-[01;31m[K1.c[m[K
                                                                     [01;31m[K^~~[m[K
[01m[Kfiles.c:287:65:[m[K [01;31m[Kerror: [m[Kinvalid suffix "c" on floating constant
 -rw-r--r--  1 alessandro testing  1172 Dec 10 17:23 target-link-[01;31m[K1.c[m[K
                                                                 [01;31m[K^~~[m[K
[01m[Kfiles.c:288:66:[m[K [01;31m[Kerror: [m[Kinvalid suffix "c" on floating constant
 -rw-r--r--  1 alessandro testing  4947 Dec 10 17:23 target-teams-[01;31m[K1.c[m[K
                                                                  [01;31m[K^~~[m[K
[01m[Kfiles.c:289:58:[m[K [01;31m[Kerror: [m[Kinvalid suffix "c" on floating constant
 -rw-r--r--  1 alessandro testing  1410 Dec 10 17:23 task-[01;31m[K1.c[m[K
                                                          [01;31m[K^~~[m[K
[01m[Kfiles.c:290:58:[m[K [01;31m[Kerror: [m[Kinvalid suffix "c" on floating constant
 -rw-r--r--  1 alessandro testing   628 Dec 10 17:23 task-[01;31m[K2.c[m[K
                                                          [01;31m[K^~~[m[K
[01m[Kfiles.c:291:58:[m[K [01;31m[Kerror: [m[Kinvalid suffix "c" on floating constant
 -rw-r--r--  1 alessandro testing  1002 Dec 10 17:23 task-[01;31m[K3.c[m[K
                                                          [01;31m[K^~~[m[K
[01m[Kfiles.c:292:58:[m[K [01;31m[Kerror: [m[Kinvalid suffix "c" on floating constant
 -rw-r--r--  1 alessandro testing   660 Dec 10 17:23 task-[01;31m[K4.c[m[K
                                                          [01;31m[K^~~[m[K
[01m[Kfiles.c:293:58:[m[K [01;31m[Kerror: [m[Kinvalid suffix "c" on floating constant
 -rw-r--r--  1 alessandro testing   772 Dec 10 17:23 task-[01;31m[K5.c[m[K
                                                          [01;31m[K^~~[m[K
[01m[Kfiles.c:294:63:[m[K [01;31m[Kerror: [m[Kinvalid suffix "c" on floating constant
 -rw-r--r--  1 alessandro testing  1432 Dec 10 17:23 taskgroup-[01;31m[K1.c[m[K
                                                               [01;31m[K^~~[m[K
[01m[Kfiles.c:295:62:[m[K [01;31m[Kerror: [m[Kinvalid suffix "c" on floating constant
 -rw-r--r--  1 alessandro testing   737 Dec 10 17:23 taskloop-[01;31m[K1.c[m[K
                                                              [01;31m[K^~~[m[K
[01m[Kfiles.c:296:62:[m[K [01;31m[Kerror: [m[Kinvalid suffix "c" on floating constant
 -rw-r--r--  1 alessandro testing  2987 Dec 10 17:23 taskloop-[01;31m[K2.c[m[K
                                                              [01;31m[K^~~[m[K
[01m[Kfiles.c:297:62:[m[K [01;31m[Kerror: [m[Kinvalid suffix "c" on floating constant
 -rw-r--r--  1 alessandro testing  1624 Dec 10 17:23 taskloop-[01;31m[K3.c[m[K
                                                              [01;31m[K^~~[m[K
[01m[Kfiles.c:298:62:[m[K [01;31m[Kerror: [m[Kinvalid suffix "c" on floating constant
 -rw-r--r--  1 alessandro testing  2270 Dec 10 17:23 taskloop-[01;31m[K4.c[m[K
                                                              [01;31m[K^~~[m[K
[01m[Kfiles.c:299:66:[m[K [01;31m[Kerror: [m[Kinvalid suffix "c" on floating constant
 -rw-r--r--  1 alessandro testing   888 Dec 10 17:23 thread-limit-[01;31m[K1.c[m[K
                                                                  [01;31m[K^~~[m[K
[01m[Kfiles.c:300:66:[m[K [01;31m[Kerror: [m[Kinvalid suffix "c" on floating constant
 -rw-r--r--  1 alessandro testing  1239 Dec 10 17:23 thread-limit-[01;31m[K2.c[m[K
                                                                  [01;31m[K^~~[m[K
[01m[Kfiles.c:301:66:[m[K [01;31m[Kerror: [m[Kinvalid suffix "c" on floating constant
 -rw-r--r--  1 alessandro testing   181 Dec 10 17:23 thread-limit-[01;31m[K3.c[m[K
                                                                  [01;31m[K^~~[m[K
[01m[Kfiles.c:302:57:[m[K [01;31m[Kerror: [m[Kinvalid suffix "c" on floating constant
 -rw-r--r--  1 alessandro testing  1729 Dec 10 17:23 udr-[01;31m[K1.c[m[K
                                                         [01;31m[K^~~[m[K
[01m[Kfiles.c:303:57:[m[K [01;31m[Kerror: [m[Kinvalid suffix "c" on floating constant
 -rw-r--r--  1 alessandro testing   577 Dec 10 17:23 udr-[01;31m[K2.c[m[K
                                                         [01;31m[K^~~[m[K
[01m[Kfiles.c:304:57:[m[K [01;31m[Kerror: [m[Kinvalid suffix "c" on floating constant
 -rw-r--r--  1 alessandro testing   443 Dec 10 17:23 udr-[01;31m[K3.c[m[K
                                                         [01;31m[K^~~[m[K
[01m[Kfiles.c:305:63:[m[K [01;31m[Kerror: [m[Kinvalid suffix "c" on floating constant
 -rw-r--r--  1 alessandro testing   520 Dec 10 17:23 uns-outer-[01;31m[K4.c[m[K
                                                               [01;31m[K^~~[m[K
[01m[Kfiles.c:306:57:[m[K [01;31m[Kerror: [m[Kinvalid suffix "c" on floating constant
 -rw-r--r--  1 alessandro testing  1239 Dec 10 17:23 vla-[01;31m[K1.c[m[K
                                                         [01;31m[K^~~[m[K
&lt;builtin&gt;: recipe for target 'files.o' failed
make: *** [files.o] Error 1
Reached EOF with exit status 2
</failure>
  </testcase>
  <testcase classname=":libgomp.c:doacross-3" name="hero-z-7045@config_file=/home0/alessandro/workspace_PULP/hero/hero-sdk/pulp-sdk/configs/json/hero-z-7045.json" time="1.478318">
    <success/>
  </testcase>
  <testcase classname=":libgomp.c:doacross-2" name="hero-z-7045@config_file=/home0/alessandro/workspace_PULP/hero/hero-sdk/pulp-sdk/configs/json/hero-z-7045.json" time="1.567575">
    <success/>
  </testcase>
  <testcase classname=":libgomp.c:doacross-1" name="hero-z-7045@config_file=/home0/alessandro/workspace_PULP/hero/hero-sdk/pulp-sdk/configs/json/hero-z-7045.json" time="1.435612">
    <success/>
  </testcase>
  <testcase classname=":libgomp.c:depend-9" name="hero-z-7045@config_file=/home0/alessandro/workspace_PULP/hero/hero-sdk/pulp-sdk/configs/json/hero-z-7045.json" time="1.305211">
    <success/>
  </testcase>
  <testcase classname=":libgomp.c:depend-8" name="hero-z-7045@config_file=/home0/alessandro/workspace_PULP/hero/hero-sdk/pulp-sdk/configs/json/hero-z-7045.json" time="1.294835">
    <success/>
  </testcase>
  <testcase classname=":libgomp.c:depend-7" name="hero-z-7045@config_file=/home0/alessandro/workspace_PULP/hero/hero-sdk/pulp-sdk/configs/json/hero-z-7045.json" time="2.348074">
    <success/>
  </testcase>
  <testcase classname=":libgomp.c:depend-6" name="hero-z-7045@config_file=/home0/alessandro/workspace_PULP/hero/hero-sdk/pulp-sdk/configs/json/hero-z-7045.json" time="1.386270">
    <success/>
  </testcase>
  <testcase classname=":libgomp.c:depend-5" name="hero-z-7045@config_file=/home0/alessandro/workspace_PULP/hero/hero-sdk/pulp-sdk/configs/json/hero-z-7045.json" time="1.307562">
    <success/>
  </testcase>
  <testcase classname=":libgomp.c:depend-4" name="hero-z-7045@config_file=/home0/alessandro/workspace_PULP/hero/hero-sdk/pulp-sdk/configs/json/hero-z-7045.json" time="1.293741">
    <success/>
  </testcase>
  <testcase classname=":libgomp.c:depend-3" name="hero-z-7045@config_file=/home0/alessandro/workspace_PULP/hero/hero-sdk/pulp-sdk/configs/json/hero-z-7045.json" time="1.302957">
    <success/>
  </testcase>
  <testcase classname=":libgomp.c:depend-2" name="hero-z-7045@config_file=/home0/alessandro/workspace_PULP/hero/hero-sdk/pulp-sdk/configs/json/hero-z-7045.json" time="2.359683">
    <success/>
  </testcase>
  <testcase classname=":libgomp.c:depend-1" name="hero-z-7045@config_file=/home0/alessandro/workspace_PULP/hero/hero-sdk/pulp-sdk/configs/json/hero-z-7045.json" time="1.342587">
    <success/>
  </testcase>
  <testcase classname=":libgomp.c:depend-10" name="hero-z-7045@config_file=/home0/alessandro/workspace_PULP/hero/hero-sdk/pulp-sdk/configs/json/hero-z-7045.json" time="1.315726">
    <success/>
  </testcase>
  <testcase classname=":libgomp.c:debug-1" name="hero-z-7045@config_file=/home0/alessandro/workspace_PULP/hero/hero-sdk/pulp-sdk/configs/json/hero-z-7045.json" time="1.331929">
    <success/>
  </testcase>
  <testcase classname=":libgomp.c:critical-2" name="hero-z-7045@config_file=/home0/alessandro/workspace_PULP/hero/hero-sdk/pulp-sdk/configs/json/hero-z-7045.json" time="1.335415">
    <success/>
  </testcase>
  <testcase classname=":libgomp.c:critical-1" name="hero-z-7045@config_file=/home0/alessandro/workspace_PULP/hero/hero-sdk/pulp-sdk/configs/json/hero-z-7045.json" time="0.036469">
    <failure>
Running: libgomp.c:critical-1 / hero-z-7045@config_file=/home0/alessandro/workspace_PULP/hero/hero-sdk/pulp-sdk/configs/json/hero-z-7045.json
Using timeout: 30 seconds
Launching test with command: make clean CSRCS=critical-1.c
rm -rf *.o *~ libgomp_testsuite critical-1.o  offload.bin offload.so
Reached EOF with exit status 0
Using timeout: 30 seconds
Launching test with command: make all CSRCS=critical-1.c
arm-linux-gnueabihf-gcc -O3 -g3 -fopenmp -Wall -I. -I../common -I/home0/alessandro/workspace_PULP/hero/hero-sdk/libhero-target/inc    -c -o critical-1.o critical-1.c
[01m[Kcritical-1.c:9:10:[m[K [01;31m[Kfatal error: [m[Klibgomp_g.h: No such file or directory
 #include [01;31m[K"libgomp_g.h"[m[K
          [01;31m[K^~~~~~~~~~~~~[m[K
compilation terminated.
&lt;builtin&gt;: recipe for target 'critical-1.o' failed
make: *** [critical-1.o] Error 1
Reached EOF with exit status 2
</failure>
  </testcase>
  <testcase classname=":libgomp.c:copyin-3" name="hero-z-7045@config_file=/home0/alessandro/workspace_PULP/hero/hero-sdk/pulp-sdk/configs/json/hero-z-7045.json" time="1.315790">
    <success/>
  </testcase>
  <testcase classname=":libgomp.c:copyin-2" name="hero-z-7045@config_file=/home0/alessandro/workspace_PULP/hero/hero-sdk/pulp-sdk/configs/json/hero-z-7045.json" time="1.271748">
    <success/>
  </testcase>
  <testcase classname=":libgomp.c:copyin-1" name="hero-z-7045@config_file=/home0/alessandro/workspace_PULP/hero/hero-sdk/pulp-sdk/configs/json/hero-z-7045.json" time="1.267951">
    <success/>
  </testcase>
  <testcase classname=":libgomp.c:collapse-3" name="hero-z-7045@config_file=/home0/alessandro/workspace_PULP/hero/hero-sdk/pulp-sdk/configs/json/hero-z-7045.json" time="1.343120">
    <success/>
  </testcase>
  <testcase classname=":libgomp.c:collapse-2" name="hero-z-7045@config_file=/home0/alessandro/workspace_PULP/hero/hero-sdk/pulp-sdk/configs/json/hero-z-7045.json" time="1.360423">
    <success/>
  </testcase>
  <testcase classname=":libgomp.c:collapse-1" name="hero-z-7045@config_file=/home0/alessandro/workspace_PULP/hero/hero-sdk/pulp-sdk/configs/json/hero-z-7045.json" time="1.295147">
    <success/>
  </testcase>
  <testcase classname=":libgomp.c:cancel-taskgroup-2" name="hero-z-7045@config_file=/home0/alessandro/workspace_PULP/hero/hero-sdk/pulp-sdk/configs/json/hero-z-7045.json" time="1.338618">
    <success/>
  </testcase>
  <testcase classname=":libgomp.c:cancel-taskgroup-1" name="hero-z-7045@config_file=/home0/alessandro/workspace_PULP/hero/hero-sdk/pulp-sdk/configs/json/hero-z-7045.json" time="7.673951">
    <success/>
  </testcase>
  <testcase classname=":libgomp.c:cancel-sections-1" name="hero-z-7045@config_file=/home0/alessandro/workspace_PULP/hero/hero-sdk/pulp-sdk/configs/json/hero-z-7045.json" time="1.278675">
    <success/>
  </testcase>
  <testcase classname=":libgomp.c:cancel-parallel-3" name="hero-z-7045@config_file=/home0/alessandro/workspace_PULP/hero/hero-sdk/pulp-sdk/configs/json/hero-z-7045.json" time="3.265621">
    <success/>
  </testcase>
  <testcase classname=":libgomp.c:cancel-parallel-2" name="hero-z-7045@config_file=/home0/alessandro/workspace_PULP/hero/hero-sdk/pulp-sdk/configs/json/hero-z-7045.json" time="1.365971">
    <success/>
  </testcase>
  <testcase classname=":libgomp.c:cancel-parallel-1" name="hero-z-7045@config_file=/home0/alessandro/workspace_PULP/hero/hero-sdk/pulp-sdk/configs/json/hero-z-7045.json" time="1.215273">
    <success/>
  </testcase>
  <testcase classname=":libgomp.c:cancel-for-2" name="hero-z-7045@config_file=/home0/alessandro/workspace_PULP/hero/hero-sdk/pulp-sdk/configs/json/hero-z-7045.json" time="1.303896">
    <success/>
  </testcase>
  <testcase classname=":libgomp.c:cancel-for-1" name="hero-z-7045@config_file=/home0/alessandro/workspace_PULP/hero/hero-sdk/pulp-sdk/configs/json/hero-z-7045.json" time="1.315715">
    <success/>
  </testcase>
  <testcase classname=":libgomp.c:barrier-1" name="hero-z-7045@config_file=/home0/alessandro/workspace_PULP/hero/hero-sdk/pulp-sdk/configs/json/hero-z-7045.json" time="0.036587">
    <failure>
Running: libgomp.c:barrier-1 / hero-z-7045@config_file=/home0/alessandro/workspace_PULP/hero/hero-sdk/pulp-sdk/configs/json/hero-z-7045.json
Using timeout: 30 seconds
Launching test with command: make clean CSRCS=barrier-1.c
rm -rf *.o *~ libgomp_testsuite barrier-1.o  offload.bin offload.so
Reached EOF with exit status 0
Using timeout: 30 seconds
Launching test with command: make all CSRCS=barrier-1.c
arm-linux-gnueabihf-gcc -O3 -g3 -fopenmp -Wall -I. -I../common -I/home0/alessandro/workspace_PULP/hero/hero-sdk/libhero-target/inc    -c -o barrier-1.o barrier-1.c
[01m[Kbarrier-1.c:7:10:[m[K [01;31m[Kfatal error: [m[Klibgomp_g.h: No such file or directory
 #include [01;31m[K"libgomp_g.h"[m[K
          [01;31m[K^~~~~~~~~~~~~[m[K
compilation terminated.
&lt;builtin&gt;: recipe for target 'barrier-1.o' failed
make: *** [barrier-1.o] Error 1
Reached EOF with exit status 2
</failure>
  </testcase>
  <testcase classname=":libgomp.c:autopar-8" name="hero-z-7045@config_file=/home0/alessandro/workspace_PULP/hero/hero-sdk/pulp-sdk/configs/json/hero-z-7045.json" time="1.287489">
    <success/>
  </testcase>
  <testcase classname=":libgomp.c:autopar-7" name="hero-z-7045@config_file=/home0/alessandro/workspace_PULP/hero/hero-sdk/pulp-sdk/configs/json/hero-z-7045.json" time="1.251816">
    <success/>
  </testcase>
  <testcase classname=":libgomp.c:autopar-6" name="hero-z-7045@config_file=/home0/alessandro/workspace_PULP/hero/hero-sdk/pulp-sdk/configs/json/hero-z-7045.json" time="1.319487">
    <success/>
  </testcase>
  <testcase classname=":libgomp.c:autopar-5" name="hero-z-7045@config_file=/home0/alessandro/workspace_PULP/hero/hero-sdk/pulp-sdk/configs/json/hero-z-7045.json" time="1.308063">
    <success/>
  </testcase>
  <testcase classname=":libgomp.c:autopar-4" name="hero-z-7045@config_file=/home0/alessandro/workspace_PULP/hero/hero-sdk/pulp-sdk/configs/json/hero-z-7045.json" time="1.239522">
    <success/>
  </testcase>
  <testcase classname=":libgomp.c:autopar-3" name="hero-z-7045@config_file=/home0/alessandro/workspace_PULP/hero/hero-sdk/pulp-sdk/configs/json/hero-z-7045.json" time="1.248107">
    <success/>
  </testcase>
  <testcase classname=":libgomp.c:autopar-2" name="hero-z-7045@config_file=/home0/alessandro/workspace_PULP/hero/hero-sdk/pulp-sdk/configs/json/hero-z-7045.json" time="1.267722">
    <success/>
  </testcase>
  <testcase classname=":libgomp.c:autopar-1" name="hero-z-7045@config_file=/home0/alessandro/workspace_PULP/hero/hero-sdk/pulp-sdk/configs/json/hero-z-7045.json" time="1.243702">
    <success/>
  </testcase>
  <testcase classname=":libgomp.c:atomic-6" name="hero-z-7045@config_file=/home0/alessandro/workspace_PULP/hero/hero-sdk/pulp-sdk/configs/json/hero-z-7045.json" time="1.239601">
    <success/>
  </testcase>
  <testcase classname=":libgomp.c:atomic-5" name="hero-z-7045@config_file=/home0/alessandro/workspace_PULP/hero/hero-sdk/pulp-sdk/configs/json/hero-z-7045.json" time="1.232038">
    <success/>
  </testcase>
  <testcase classname=":libgomp.c:atomic-4" name="hero-z-7045@config_file=/home0/alessandro/workspace_PULP/hero/hero-sdk/pulp-sdk/configs/json/hero-z-7045.json" time="1.259897">
    <success/>
  </testcase>
  <testcase classname=":libgomp.c:atomic-3" name="hero-z-7045@config_file=/home0/alessandro/workspace_PULP/hero/hero-sdk/pulp-sdk/configs/json/hero-z-7045.json" time="1.337637">
    <success/>
  </testcase>
  <testcase classname=":libgomp.c:atomic-2" name="hero-z-7045@config_file=/home0/alessandro/workspace_PULP/hero/hero-sdk/pulp-sdk/configs/json/hero-z-7045.json" time="1.249502">
    <success/>
  </testcase>
  <testcase classname=":libgomp.c:atomic-1" name="hero-z-7045@config_file=/home0/alessandro/workspace_PULP/hero/hero-sdk/pulp-sdk/configs/json/hero-z-7045.json" time="1.231735">
    <success/>
  </testcase>
  <testcase classname=":libgomp.c:atomic-18" name="hero-z-7045@config_file=/home0/alessandro/workspace_PULP/hero/hero-sdk/pulp-sdk/configs/json/hero-z-7045.json" time="1.263958">
    <success/>
  </testcase>
  <testcase classname=":libgomp.c:atomic-17" name="hero-z-7045@config_file=/home0/alessandro/workspace_PULP/hero/hero-sdk/pulp-sdk/configs/json/hero-z-7045.json" time="1.267684">
    <success/>
  </testcase>
  <testcase classname=":libgomp.c:atomic-16" name="hero-z-7045@config_file=/home0/alessandro/workspace_PULP/hero/hero-sdk/pulp-sdk/configs/json/hero-z-7045.json" time="1.263733">
    <success/>
  </testcase>
  <testcase classname=":libgomp.c:atomic-15" name="hero-z-7045@config_file=/home0/alessandro/workspace_PULP/hero/hero-sdk/pulp-sdk/configs/json/hero-z-7045.json" time="1.255719">
    <success/>
  </testcase>
  <testcase classname=":libgomp.c:atomic-14" name="hero-z-7045@config_file=/home0/alessandro/workspace_PULP/hero/hero-sdk/pulp-sdk/configs/json/hero-z-7045.json" time="1.283714">
    <success/>
  </testcase>
  <testcase classname=":libgomp.c:atomic-13" name="hero-z-7045@config_file=/home0/alessandro/workspace_PULP/hero/hero-sdk/pulp-sdk/configs/json/hero-z-7045.json" time="1.263754">
    <success/>
  </testcase>
  <testcase classname=":libgomp.c:atomic-12" name="hero-z-7045@config_file=/home0/alessandro/workspace_PULP/hero/hero-sdk/pulp-sdk/configs/json/hero-z-7045.json" time="1.279788">
    <success/>
  </testcase>
  <testcase classname=":libgomp.c:atomic-11" name="hero-z-7045@config_file=/home0/alessandro/workspace_PULP/hero/hero-sdk/pulp-sdk/configs/json/hero-z-7045.json" time="1.247848">
    <success/>
  </testcase>
  <testcase classname=":libgomp.c:atomic-10" name="hero-z-7045@config_file=/home0/alessandro/workspace_PULP/hero/hero-sdk/pulp-sdk/configs/json/hero-z-7045.json" time="1.284015">
    <success/>
  </testcase>
  <testcase classname=":libgomp.c:affinity-2" name="hero-z-7045@config_file=/home0/alessandro/workspace_PULP/hero/hero-sdk/pulp-sdk/configs/json/hero-z-7045.json" time="1.308106">
    <success/>
  </testcase>
</testsuite>
